INFO:root:Namespace(m='resnetii10', d='cifar10', s=2, R=20000, K=5, M=1000, P=10, partition='exdir', alpha=[1, 100.0], optim='sgd', lr=0.1, lr_decay=1.0, momentum=0.0, weight_decay=0.0, global_lr=1.0, batch_size=20, seed=0, clip=10, log='info+log', eval_every=100, device=2, start_round=0, save_model=0)
INFO:root:record_name: BalancingFedAvgII1.0_M1000_P10_K5_R20000,100_resnetii10_cifar10_exdir1,100.0_sgd0.1,1.0,0.0,0.0_b20_seed0_clip10
INFO:root:ResNet(
  (conv1): Conv2d(3, 64, kernel_size=(3, 3), stride=(1, 1), padding=(1, 1), bias=False)
  (relu): ReLU()
  (layer1): Sequential(
    (0): BasicBlock(
      (conv1): Conv2d(64, 64, kernel_size=(3, 3), stride=(1, 1), padding=(1, 1), bias=False)
      (conv2): Conv2d(64, 64, kernel_size=(3, 3), stride=(1, 1), padding=(1, 1), bias=False)
      (shortcut): Sequential()
    )
  )
  (layer2): Sequential(
    (0): BasicBlock(
      (conv1): Conv2d(64, 128, kernel_size=(3, 3), stride=(2, 2), padding=(1, 1), bias=False)
      (conv2): Conv2d(128, 128, kernel_size=(3, 3), stride=(1, 1), padding=(1, 1), bias=False)
      (shortcut): Sequential(
        (0): Conv2d(64, 128, kernel_size=(1, 1), stride=(2, 2), bias=False)
      )
    )
  )
  (layer3): Sequential(
    (0): BasicBlock(
      (conv1): Conv2d(128, 256, kernel_size=(3, 3), stride=(2, 2), padding=(1, 1), bias=False)
      (conv2): Conv2d(256, 256, kernel_size=(3, 3), stride=(1, 1), padding=(1, 1), bias=False)
      (shortcut): Sequential(
        (0): Conv2d(128, 256, kernel_size=(1, 1), stride=(2, 2), bias=False)
      )
    )
  )
  (layer4): Sequential(
    (0): BasicBlock(
      (conv1): Conv2d(256, 512, kernel_size=(3, 3), stride=(2, 2), padding=(1, 1), bias=False)
      (conv2): Conv2d(512, 512, kernel_size=(3, 3), stride=(1, 1), padding=(1, 1), bias=False)
      (shortcut): Sequential(
        (0): Conv2d(256, 512, kernel_size=(1, 1), stride=(2, 2), bias=False)
      )
    )
  )
  (avgpool): AdaptiveAvgPool2d(output_size=(1, 1))
  (flatten): Flatten(start_dim=1, end_dim=-1)
  (fc): Linear(in_features=512, out_features=10, bias=True)
)
INFO:root:Round 100's server train  acc:  10.20%, train loss: 2.6481
INFO:root:Round 100's server test   acc:  10.24%, test  loss: 2.6521
INFO:root:Round 200's server train  acc:  16.83%, train loss: 2.2414
INFO:root:Round 200's server test   acc:  16.78%, test  loss: 2.2358
INFO:root:Round 300's server train  acc:  18.56%, train loss: 2.1375
INFO:root:Round 300's server test   acc:  19.13%, test  loss: 2.1372
INFO:root:Round 400's server train  acc:  24.58%, train loss: 2.0461
INFO:root:Round 400's server test   acc:  24.83%, test  loss: 2.0420
INFO:root:Round 500's server train  acc:  18.84%, train loss: 2.1355
INFO:root:Round 500's server test   acc:  18.83%, test  loss: 2.1328
INFO:root:Round 600's server train  acc:  28.90%, train loss: 1.8861
INFO:root:Round 600's server test   acc:  29.26%, test  loss: 1.8792
INFO:root:Round 700's server train  acc:  33.94%, train loss: 1.8180
INFO:root:Round 700's server test   acc:  34.32%, test  loss: 1.8098
INFO:root:Round 800's server train  acc:  27.21%, train loss: 1.9090
INFO:root:Round 800's server test   acc:  28.05%, test  loss: 1.9038
INFO:root:Round 900's server train  acc:  34.48%, train loss: 1.7655
INFO:root:Round 900's server test   acc:  34.71%, test  loss: 1.7589
INFO:root:Round 1000's server train  acc:  38.13%, train loss: 1.6610
INFO:root:Round 1000's server test   acc:  38.58%, test  loss: 1.6519
INFO:root:Round 1100's server train  acc:  39.79%, train loss: 1.6576
INFO:root:Round 1100's server test   acc:  40.43%, test  loss: 1.6459
INFO:root:Round 1200's server train  acc:  39.67%, train loss: 1.6427
INFO:root:Round 1200's server test   acc:  39.80%, test  loss: 1.6332
INFO:root:Round 1300's server train  acc:  41.36%, train loss: 1.6078
INFO:root:Round 1300's server test   acc:  41.57%, test  loss: 1.6026
INFO:root:Round 1400's server train  acc:  41.80%, train loss: 1.5836
INFO:root:Round 1400's server test   acc:  42.34%, test  loss: 1.5724
INFO:root:Round 1500's server train  acc:  43.36%, train loss: 1.5504
INFO:root:Round 1500's server test   acc:  44.08%, test  loss: 1.5382
INFO:root:Round 1600's server train  acc:  43.44%, train loss: 1.5201
INFO:root:Round 1600's server test   acc:  44.14%, test  loss: 1.5087
INFO:root:Round 1700's server train  acc:  44.48%, train loss: 1.5747
INFO:root:Round 1700's server test   acc:  45.16%, test  loss: 1.5668
INFO:root:Round 1800's server train  acc:  44.94%, train loss: 1.4987
INFO:root:Round 1800's server test   acc:  45.23%, test  loss: 1.4889
INFO:root:Round 1900's server train  acc:  43.85%, train loss: 1.5526
INFO:root:Round 1900's server test   acc:  43.75%, test  loss: 1.5464
INFO:root:Round 2000's server train  acc:  41.78%, train loss: 1.5993
INFO:root:Round 2000's server test   acc:  41.75%, test  loss: 1.5899
INFO:root:Round 2100's server train  acc:  43.47%, train loss: 1.5534
INFO:root:Round 2100's server test   acc:  43.62%, test  loss: 1.5505
INFO:root:Round 2200's server train  acc:  50.73%, train loss: 1.3618
INFO:root:Round 2200's server test   acc:  50.81%, test  loss: 1.3564
INFO:root:Round 2300's server train  acc:  49.29%, train loss: 1.4434
INFO:root:Round 2300's server test   acc:  49.19%, test  loss: 1.4443
INFO:root:Round 2400's server train  acc:  51.06%, train loss: 1.3377
INFO:root:Round 2400's server test   acc:  51.17%, test  loss: 1.3352
INFO:root:Round 2500's server train  acc:  48.80%, train loss: 1.4397
INFO:root:Round 2500's server test   acc:  48.83%, test  loss: 1.4384
INFO:root:Round 2600's server train  acc:  52.58%, train loss: 1.3440
INFO:root:Round 2600's server test   acc:  52.52%, test  loss: 1.3485
INFO:root:Round 2700's server train  acc:  55.04%, train loss: 1.2797
INFO:root:Round 2700's server test   acc:  55.13%, test  loss: 1.2840
INFO:root:Round 2800's server train  acc:  53.96%, train loss: 1.2980
INFO:root:Round 2800's server test   acc:  53.02%, test  loss: 1.3067
INFO:root:Round 2900's server train  acc:  54.17%, train loss: 1.2606
INFO:root:Round 2900's server test   acc:  54.23%, test  loss: 1.2648
INFO:root:Round 3000's server train  acc:  56.57%, train loss: 1.2276
INFO:root:Round 3000's server test   acc:  56.19%, test  loss: 1.2375
INFO:root:Round 3100's server train  acc:  56.34%, train loss: 1.2264
INFO:root:Round 3100's server test   acc:  56.03%, test  loss: 1.2372
INFO:root:Round 3200's server train  acc:  54.88%, train loss: 1.2468
INFO:root:Round 3200's server test   acc:  54.27%, test  loss: 1.2585
INFO:root:Round 3300's server train  acc:  57.82%, train loss: 1.1865
INFO:root:Round 3300's server test   acc:  57.18%, test  loss: 1.1972
INFO:root:Round 3400's server train  acc:  57.69%, train loss: 1.1949
INFO:root:Round 3400's server test   acc:  57.15%, test  loss: 1.2115
INFO:root:Round 3500's server train  acc:  59.95%, train loss: 1.1344
INFO:root:Round 3500's server test   acc:  60.08%, test  loss: 1.1522
INFO:root:Round 3600's server train  acc:  60.79%, train loss: 1.1449
INFO:root:Round 3600's server test   acc:  60.33%, test  loss: 1.1649
INFO:root:Round 3700's server train  acc:  58.15%, train loss: 1.1697
INFO:root:Round 3700's server test   acc:  57.31%, test  loss: 1.1892
INFO:root:Round 3800's server train  acc:  62.58%, train loss: 1.0630
INFO:root:Round 3800's server test   acc:  61.74%, test  loss: 1.0884
INFO:root:Round 3900's server train  acc:  60.08%, train loss: 1.1394
INFO:root:Round 3900's server test   acc:  58.93%, test  loss: 1.1613
INFO:root:Round 4000's server train  acc:  64.73%, train loss: 1.0216
INFO:root:Round 4000's server test   acc:  63.73%, test  loss: 1.0467
INFO:root:Round 4100's server train  acc:  64.39%, train loss: 1.0088
INFO:root:Round 4100's server test   acc:  63.03%, test  loss: 1.0339
INFO:root:Round 4200's server train  acc:  59.84%, train loss: 1.1392
INFO:root:Round 4200's server test   acc:  59.35%, test  loss: 1.1711
INFO:root:Round 4300's server train  acc:  66.64%, train loss: 0.9693
INFO:root:Round 4300's server test   acc:  65.88%, test  loss: 0.9978
INFO:root:Round 4400's server train  acc:  63.55%, train loss: 1.0451
INFO:root:Round 4400's server test   acc:  62.48%, test  loss: 1.0827
INFO:root:Round 4500's server train  acc:  66.80%, train loss: 0.9725
INFO:root:Round 4500's server test   acc:  65.45%, test  loss: 1.0102
INFO:root:Round 4600's server train  acc:  66.73%, train loss: 0.9523
INFO:root:Round 4600's server test   acc:  65.31%, test  loss: 0.9923
INFO:root:Round 4700's server train  acc:  64.60%, train loss: 1.0270
INFO:root:Round 4700's server test   acc:  63.38%, test  loss: 1.0686
INFO:root:Round 4800's server train  acc:  66.11%, train loss: 0.9766
INFO:root:Round 4800's server test   acc:  64.76%, test  loss: 1.0117
INFO:root:Round 4900's server train  acc:  68.00%, train loss: 0.9093
INFO:root:Round 4900's server test   acc:  66.78%, test  loss: 0.9525
INFO:root:Round 5000's server train  acc:  69.06%, train loss: 0.8865
INFO:root:Round 5000's server test   acc:  67.66%, test  loss: 0.9327
INFO:root:Round 5100's server train  acc:  69.35%, train loss: 0.8889
INFO:root:Round 5100's server test   acc:  67.98%, test  loss: 0.9354
INFO:root:Round 5200's server train  acc:  68.68%, train loss: 0.9254
INFO:root:Round 5200's server test   acc:  66.94%, test  loss: 0.9710
INFO:root:Round 5300's server train  acc:  70.41%, train loss: 0.8365
INFO:root:Round 5300's server test   acc:  69.22%, test  loss: 0.8890
INFO:root:Round 5400's server train  acc:  72.32%, train loss: 0.8053
INFO:root:Round 5400's server test   acc:  70.54%, test  loss: 0.8543
INFO:root:Round 5500's server train  acc:  72.65%, train loss: 0.8029
INFO:root:Round 5500's server test   acc:  70.64%, test  loss: 0.8576
INFO:root:Round 5600's server train  acc:  72.32%, train loss: 0.8152
INFO:root:Round 5600's server test   acc:  70.57%, test  loss: 0.8744
INFO:root:Round 5700's server train  acc:  69.98%, train loss: 0.8653
INFO:root:Round 5700's server test   acc:  68.17%, test  loss: 0.9182
INFO:root:Round 5800's server train  acc:  73.94%, train loss: 0.7581
INFO:root:Round 5800's server test   acc:  72.08%, test  loss: 0.8195
INFO:root:Round 5900's server train  acc:  71.94%, train loss: 0.8182
INFO:root:Round 5900's server test   acc:  70.05%, test  loss: 0.8811
INFO:root:Round 6000's server train  acc:  72.34%, train loss: 0.8002
INFO:root:Round 6000's server test   acc:  70.63%, test  loss: 0.8560
INFO:root:Round 6100's server train  acc:  72.85%, train loss: 0.8019
INFO:root:Round 6100's server test   acc:  71.12%, test  loss: 0.8692
INFO:root:Round 6200's server train  acc:  72.22%, train loss: 0.8038
INFO:root:Round 6200's server test   acc:  70.24%, test  loss: 0.8611
INFO:root:Round 6300's server train  acc:  73.16%, train loss: 0.7989
INFO:root:Round 6300's server test   acc:  70.96%, test  loss: 0.8712
INFO:root:Round 6400's server train  acc:  74.83%, train loss: 0.7198
INFO:root:Round 6400's server test   acc:  72.90%, test  loss: 0.7945
INFO:root:Round 6500's server train  acc:  72.45%, train loss: 0.7944
INFO:root:Round 6500's server test   acc:  70.27%, test  loss: 0.8626
INFO:root:Round 6600's server train  acc:  75.82%, train loss: 0.6930
INFO:root:Round 6600's server test   acc:  73.69%, test  loss: 0.7669
INFO:root:Round 6700's server train  acc:  74.37%, train loss: 0.7285
INFO:root:Round 6700's server test   acc:  72.07%, test  loss: 0.8076
INFO:root:Round 6800's server train  acc:  76.47%, train loss: 0.6917
INFO:root:Round 6800's server test   acc:  73.76%, test  loss: 0.7650
INFO:root:Round 6900's server train  acc:  74.75%, train loss: 0.7315
INFO:root:Round 6900's server test   acc:  72.69%, test  loss: 0.8116
INFO:root:Round 7000's server train  acc:  77.72%, train loss: 0.6431
INFO:root:Round 7000's server test   acc:  75.14%, test  loss: 0.7281
INFO:root:Round 7100's server train  acc:  75.84%, train loss: 0.6954
INFO:root:Round 7100's server test   acc:  73.30%, test  loss: 0.7805
INFO:root:Round 7200's server train  acc:  77.98%, train loss: 0.6388
INFO:root:Round 7200's server test   acc:  75.09%, test  loss: 0.7281
INFO:root:Round 7300's server train  acc:  77.89%, train loss: 0.6379
INFO:root:Round 7300's server test   acc:  75.09%, test  loss: 0.7325
INFO:root:Round 7400's server train  acc:  76.53%, train loss: 0.6769
INFO:root:Round 7400's server test   acc:  73.84%, test  loss: 0.7650
INFO:root:Round 7500's server train  acc:  78.62%, train loss: 0.6228
INFO:root:Round 7500's server test   acc:  75.71%, test  loss: 0.7110
INFO:root:Round 7600's server train  acc:  78.60%, train loss: 0.6286
INFO:root:Round 7600's server test   acc:  75.40%, test  loss: 0.7249
INFO:root:Round 7700's server train  acc:  77.58%, train loss: 0.6473
INFO:root:Round 7700's server test   acc:  75.01%, test  loss: 0.7469
INFO:root:Round 7800's server train  acc:  78.28%, train loss: 0.6191
INFO:root:Round 7800's server test   acc:  75.38%, test  loss: 0.7225
INFO:root:Round 7900's server train  acc:  78.37%, train loss: 0.6386
INFO:root:Round 7900's server test   acc:  75.51%, test  loss: 0.7362
INFO:root:Round 8000's server train  acc:  78.68%, train loss: 0.6061
INFO:root:Round 8000's server test   acc:  75.82%, test  loss: 0.7119
INFO:root:Round 8100's server train  acc:  76.14%, train loss: 0.6866
INFO:root:Round 8100's server test   acc:  72.58%, test  loss: 0.7838
INFO:root:Round 8200's server train  acc:  80.98%, train loss: 0.5472
INFO:root:Round 8200's server test   acc:  77.93%, test  loss: 0.6519
INFO:root:Round 8300's server train  acc:  78.43%, train loss: 0.6331
INFO:root:Round 8300's server test   acc:  74.90%, test  loss: 0.7446
INFO:root:Round 8400's server train  acc:  80.86%, train loss: 0.5518
INFO:root:Round 8400's server test   acc:  77.76%, test  loss: 0.6568
INFO:root:Round 8500's server train  acc:  81.53%, train loss: 0.5329
INFO:root:Round 8500's server test   acc:  78.36%, test  loss: 0.6470
INFO:root:Round 8600's server train  acc:  81.59%, train loss: 0.5343
INFO:root:Round 8600's server test   acc:  78.38%, test  loss: 0.6404
INFO:root:Round 8700's server train  acc:  81.90%, train loss: 0.5235
INFO:root:Round 8700's server test   acc:  78.26%, test  loss: 0.6321
INFO:root:Round 8800's server train  acc:  81.80%, train loss: 0.5249
INFO:root:Round 8800's server test   acc:  78.16%, test  loss: 0.6469
INFO:root:Round 8900's server train  acc:  81.23%, train loss: 0.5572
INFO:root:Round 8900's server test   acc:  77.35%, test  loss: 0.6803
INFO:root:Round 9000's server train  acc:  82.40%, train loss: 0.5119
INFO:root:Round 9000's server test   acc:  78.64%, test  loss: 0.6348
INFO:root:Round 9100's server train  acc:  81.77%, train loss: 0.5245
INFO:root:Round 9100's server test   acc:  78.20%, test  loss: 0.6539
INFO:root:Round 9200's server train  acc:  81.87%, train loss: 0.5235
INFO:root:Round 9200's server test   acc:  77.85%, test  loss: 0.6469
INFO:root:Round 9300's server train  acc:  82.22%, train loss: 0.5192
INFO:root:Round 9300's server test   acc:  78.64%, test  loss: 0.6399
INFO:root:Round 9400's server train  acc:  81.97%, train loss: 0.5235
INFO:root:Round 9400's server test   acc:  78.06%, test  loss: 0.6553
INFO:root:Round 9500's server train  acc:  83.97%, train loss: 0.4657
INFO:root:Round 9500's server test   acc:  80.21%, test  loss: 0.5984
INFO:root:Round 9600's server train  acc:  82.36%, train loss: 0.5043
INFO:root:Round 9600's server test   acc:  78.24%, test  loss: 0.6394
INFO:root:Round 9700's server train  acc:  81.94%, train loss: 0.5133
INFO:root:Round 9700's server test   acc:  77.78%, test  loss: 0.6593
INFO:root:Round 9800's server train  acc:  82.13%, train loss: 0.5068
INFO:root:Round 9800's server test   acc:  78.10%, test  loss: 0.6479
INFO:root:Round 9900's server train  acc:  84.56%, train loss: 0.4440
INFO:root:Round 9900's server test   acc:  80.08%, test  loss: 0.5920
INFO:root:Round 10000's server train  acc:  81.94%, train loss: 0.5207
INFO:root:Round 10000's server test   acc:  78.18%, test  loss: 0.6726
INFO:root:Round 10100's server train  acc:  84.65%, train loss: 0.4479
INFO:root:Round 10100's server test   acc:  80.08%, test  loss: 0.5935
INFO:root:Round 10200's server train  acc:  84.39%, train loss: 0.4435
INFO:root:Round 10200's server test   acc:  80.28%, test  loss: 0.5890
INFO:root:Round 10300's server train  acc:  84.82%, train loss: 0.4259
INFO:root:Round 10300's server test   acc:  80.10%, test  loss: 0.5893
INFO:root:Round 10400's server train  acc:  86.07%, train loss: 0.3980
INFO:root:Round 10400's server test   acc:  81.29%, test  loss: 0.5588
INFO:root:Round 10500's server train  acc:  85.65%, train loss: 0.4109
INFO:root:Round 10500's server test   acc:  80.78%, test  loss: 0.5729
INFO:root:Round 10600's server train  acc:  85.87%, train loss: 0.4059
INFO:root:Round 10600's server test   acc:  81.01%, test  loss: 0.5661
INFO:root:Round 10700's server train  acc:  84.47%, train loss: 0.4501
INFO:root:Round 10700's server test   acc:  79.85%, test  loss: 0.6179
INFO:root:Round 10800's server train  acc:  84.63%, train loss: 0.4391
INFO:root:Round 10800's server test   acc:  79.99%, test  loss: 0.6115
INFO:root:Round 10900's server train  acc:  85.45%, train loss: 0.4050
INFO:root:Round 10900's server test   acc:  80.65%, test  loss: 0.5757
INFO:root:Round 11000's server train  acc:  86.11%, train loss: 0.4007
INFO:root:Round 11000's server test   acc:  81.22%, test  loss: 0.5838
INFO:root:Round 11100's server train  acc:  86.38%, train loss: 0.3913
INFO:root:Round 11100's server test   acc:  80.88%, test  loss: 0.5780
INFO:root:Round 11200's server train  acc:  86.74%, train loss: 0.3817
INFO:root:Round 11200's server test   acc:  81.82%, test  loss: 0.5689
INFO:root:Round 11300's server train  acc:  86.00%, train loss: 0.3980
INFO:root:Round 11300's server test   acc:  80.93%, test  loss: 0.5819
INFO:root:Round 11400's server train  acc:  85.71%, train loss: 0.4077
INFO:root:Round 11400's server test   acc:  79.72%, test  loss: 0.6090
INFO:root:Round 11500's server train  acc:  84.48%, train loss: 0.4489
INFO:root:Round 11500's server test   acc:  78.77%, test  loss: 0.6566
INFO:root:Round 11600's server train  acc:  85.96%, train loss: 0.3972
INFO:root:Round 11600's server test   acc:  80.41%, test  loss: 0.5988
INFO:root:Round 11700's server train  acc:  87.48%, train loss: 0.3621
INFO:root:Round 11700's server test   acc:  82.08%, test  loss: 0.5455
INFO:root:Round 11800's server train  acc:  85.99%, train loss: 0.4107
INFO:root:Round 11800's server test   acc:  80.35%, test  loss: 0.6325
INFO:root:Round 11900's server train  acc:  86.79%, train loss: 0.3736
INFO:root:Round 11900's server test   acc:  81.02%, test  loss: 0.5835
INFO:root:Round 12000's server train  acc:  87.55%, train loss: 0.3533
INFO:root:Round 12000's server test   acc:  81.15%, test  loss: 0.5652
INFO:root:Round 12100's server train  acc:  88.42%, train loss: 0.3278
INFO:root:Round 12100's server test   acc:  82.46%, test  loss: 0.5328
INFO:root:Round 12200's server train  acc:  87.49%, train loss: 0.3560
INFO:root:Round 12200's server test   acc:  81.20%, test  loss: 0.5788
INFO:root:Round 12300's server train  acc:  88.52%, train loss: 0.3238
INFO:root:Round 12300's server test   acc:  82.93%, test  loss: 0.5438
INFO:root:Round 12400's server train  acc:  88.96%, train loss: 0.3164
INFO:root:Round 12400's server test   acc:  82.70%, test  loss: 0.5404
INFO:root:Round 12500's server train  acc:  88.57%, train loss: 0.3285
INFO:root:Round 12500's server test   acc:  82.36%, test  loss: 0.5596
INFO:root:Round 12600's server train  acc:  86.39%, train loss: 0.3927
INFO:root:Round 12600's server test   acc:  80.81%, test  loss: 0.6442
INFO:root:Round 12700's server train  acc:  88.76%, train loss: 0.3160
INFO:root:Round 12700's server test   acc:  82.37%, test  loss: 0.5594
INFO:root:Round 12800's server train  acc:  89.17%, train loss: 0.3071
INFO:root:Round 12800's server test   acc:  82.56%, test  loss: 0.5414
INFO:root:Round 12900's server train  acc:  88.90%, train loss: 0.3162
INFO:root:Round 12900's server test   acc:  82.01%, test  loss: 0.5717
INFO:root:Round 13000's server train  acc:  90.20%, train loss: 0.2780
INFO:root:Round 13000's server test   acc:  83.48%, test  loss: 0.5275
INFO:root:Round 13100's server train  acc:  88.35%, train loss: 0.3229
INFO:root:Round 13100's server test   acc:  82.22%, test  loss: 0.5719
INFO:root:Round 13200's server train  acc:  90.12%, train loss: 0.2823
INFO:root:Round 13200's server test   acc:  83.00%, test  loss: 0.5431
INFO:root:Round 13300's server train  acc:  89.56%, train loss: 0.2980
INFO:root:Round 13300's server test   acc:  82.77%, test  loss: 0.5607
INFO:root:Round 13400's server train  acc:  88.56%, train loss: 0.3221
INFO:root:Round 13400's server test   acc:  82.00%, test  loss: 0.5926
INFO:root:Round 13500's server train  acc:  89.59%, train loss: 0.2910
INFO:root:Round 13500's server test   acc:  82.27%, test  loss: 0.5398
INFO:root:Round 13600's server train  acc:  89.79%, train loss: 0.2869
INFO:root:Round 13600's server test   acc:  82.38%, test  loss: 0.5715
INFO:root:Round 13700's server train  acc:  89.73%, train loss: 0.2857
INFO:root:Round 13700's server test   acc:  82.20%, test  loss: 0.5548
INFO:root:Round 13800's server train  acc:  90.81%, train loss: 0.2604
INFO:root:Round 13800's server test   acc:  83.45%, test  loss: 0.5406
INFO:root:Round 13900's server train  acc:  91.15%, train loss: 0.2509
INFO:root:Round 13900's server test   acc:  83.41%, test  loss: 0.5271
INFO:root:Round 14000's server train  acc:  88.86%, train loss: 0.3116
INFO:root:Round 14000's server test   acc:  81.63%, test  loss: 0.6215
INFO:root:Round 14100's server train  acc:  88.67%, train loss: 0.3291
INFO:root:Round 14100's server test   acc:  81.25%, test  loss: 0.6571
INFO:root:Round 14200's server train  acc:  90.24%, train loss: 0.2744
INFO:root:Round 14200's server test   acc:  82.77%, test  loss: 0.5847
INFO:root:Round 14300's server train  acc:  89.90%, train loss: 0.2811
INFO:root:Round 14300's server test   acc:  82.21%, test  loss: 0.5883
INFO:root:Round 14400's server train  acc:  88.38%, train loss: 0.3334
INFO:root:Round 14400's server test   acc:  80.76%, test  loss: 0.6547
INFO:root:Round 14500's server train  acc:  89.41%, train loss: 0.3038
INFO:root:Round 14500's server test   acc:  82.03%, test  loss: 0.6279
INFO:root:Round 14600's server train  acc:  91.64%, train loss: 0.2380
INFO:root:Round 14600's server test   acc:  83.45%, test  loss: 0.5689
INFO:root:Round 14700's server train  acc:  92.02%, train loss: 0.2237
INFO:root:Round 14700's server test   acc:  83.60%, test  loss: 0.5462
INFO:root:Round 14800's server train  acc:  91.70%, train loss: 0.2361
INFO:root:Round 14800's server test   acc:  82.90%, test  loss: 0.5796
INFO:root:Round 14900's server train  acc:  90.20%, train loss: 0.2794
INFO:root:Round 14900's server test   acc:  82.48%, test  loss: 0.6263
INFO:root:Round 15000's server train  acc:  91.49%, train loss: 0.2327
INFO:root:Round 15000's server test   acc:  83.11%, test  loss: 0.5757
INFO:root:Round 15100's server train  acc:  91.48%, train loss: 0.2363
INFO:root:Round 15100's server test   acc:  83.02%, test  loss: 0.5796
INFO:root:Round 15200's server train  acc:  92.74%, train loss: 0.2041
INFO:root:Round 15200's server test   acc:  84.14%, test  loss: 0.5520
INFO:root:Round 15300's server train  acc:  92.66%, train loss: 0.2064
INFO:root:Round 15300's server test   acc:  84.08%, test  loss: 0.5650
INFO:root:Round 15400's server train  acc:  92.43%, train loss: 0.2133
INFO:root:Round 15400's server test   acc:  83.43%, test  loss: 0.5840
INFO:root:Round 15500's server train  acc:  92.81%, train loss: 0.2030
INFO:root:Round 15500's server test   acc:  83.88%, test  loss: 0.5498
INFO:root:Round 15600's server train  acc:  90.97%, train loss: 0.2586
INFO:root:Round 15600's server test   acc:  82.19%, test  loss: 0.6386
INFO:root:Round 15700's server train  acc:  92.63%, train loss: 0.2070
INFO:root:Round 15700's server test   acc:  83.63%, test  loss: 0.5848
INFO:root:Round 15800's server train  acc:  92.94%, train loss: 0.1992
INFO:root:Round 15800's server test   acc:  83.38%, test  loss: 0.5814
INFO:root:Round 15900's server train  acc:  93.29%, train loss: 0.1867
INFO:root:Round 15900's server test   acc:  84.00%, test  loss: 0.5784
INFO:root:Round 16000's server train  acc:  93.54%, train loss: 0.1838
INFO:root:Round 16000's server test   acc:  84.58%, test  loss: 0.5751
INFO:root:Round 16100's server train  acc:  92.63%, train loss: 0.2090
INFO:root:Round 16100's server test   acc:  83.40%, test  loss: 0.6085
INFO:root:Round 16200's server train  acc:  93.47%, train loss: 0.1835
INFO:root:Round 16200's server test   acc:  84.27%, test  loss: 0.5813
INFO:root:Round 16300's server train  acc:  93.33%, train loss: 0.1833
INFO:root:Round 16300's server test   acc:  83.55%, test  loss: 0.5739
INFO:root:Round 16400's server train  acc:  90.40%, train loss: 0.2769
INFO:root:Round 16400's server test   acc:  81.97%, test  loss: 0.7222
INFO:root:Round 16500's server train  acc:  92.44%, train loss: 0.2110
INFO:root:Round 16500's server test   acc:  83.21%, test  loss: 0.6213
INFO:root:Round 16600's server train  acc:  91.76%, train loss: 0.2398
INFO:root:Round 16600's server test   acc:  82.58%, test  loss: 0.7046
INFO:root:Round 16700's server train  acc:  93.01%, train loss: 0.1902
INFO:root:Round 16700's server test   acc:  83.53%, test  loss: 0.5972
INFO:root:Round 16800's server train  acc:  93.86%, train loss: 0.1701
INFO:root:Round 16800's server test   acc:  84.40%, test  loss: 0.5795
INFO:root:Round 16900's server train  acc:  92.65%, train loss: 0.2072
INFO:root:Round 16900's server test   acc:  83.25%, test  loss: 0.6511
INFO:root:Round 17000's server train  acc:  93.06%, train loss: 0.2035
INFO:root:Round 17000's server test   acc:  83.19%, test  loss: 0.6627
INFO:root:Round 17100's server train  acc:  93.82%, train loss: 0.1694
INFO:root:Round 17100's server test   acc:  83.82%, test  loss: 0.5997
INFO:root:Round 17200's server train  acc:  94.13%, train loss: 0.1608
INFO:root:Round 17200's server test   acc:  84.21%, test  loss: 0.6336
INFO:root:Round 17300's server train  acc:  92.56%, train loss: 0.2053
INFO:root:Round 17300's server test   acc:  82.97%, test  loss: 0.6900
INFO:root:Round 17400's server train  acc:  92.34%, train loss: 0.2179
INFO:root:Round 17400's server test   acc:  82.56%, test  loss: 0.7083
INFO:root:Round 17500's server train  acc:  93.33%, train loss: 0.1894
INFO:root:Round 17500's server test   acc:  83.43%, test  loss: 0.6727
INFO:root:Round 17600's server train  acc:  94.11%, train loss: 0.1683
INFO:root:Round 17600's server test   acc:  83.51%, test  loss: 0.6639
INFO:root:Round 17700's server train  acc:  93.12%, train loss: 0.1955
INFO:root:Round 17700's server test   acc:  83.34%, test  loss: 0.7007
INFO:root:Round 17800's server train  acc:  93.26%, train loss: 0.1909
INFO:root:Round 17800's server test   acc:  83.71%, test  loss: 0.7006
INFO:root:Round 17900's server train  acc:  94.05%, train loss: 0.1652
INFO:root:Round 17900's server test   acc:  83.85%, test  loss: 0.6405
INFO:root:Round 18000's server train  acc:  94.20%, train loss: 0.1667
INFO:root:Round 18000's server test   acc:  83.79%, test  loss: 0.6849
INFO:root:Round 18100's server train  acc:  92.76%, train loss: 0.2103
INFO:root:Round 18100's server test   acc:  82.82%, test  loss: 0.7370
INFO:root:Round 18200's server train  acc:  95.14%, train loss: 0.1326
INFO:root:Round 18200's server test   acc:  84.54%, test  loss: 0.6225
INFO:root:Round 18300's server train  acc:  95.38%, train loss: 0.1276
INFO:root:Round 18300's server test   acc:  84.62%, test  loss: 0.6335
INFO:root:Round 18400's server train  acc:  95.45%, train loss: 0.1312
INFO:root:Round 18400's server test   acc:  84.71%, test  loss: 0.6497
INFO:root:Round 18500's server train  acc:  94.67%, train loss: 0.1481
INFO:root:Round 18500's server test   acc:  84.02%, test  loss: 0.6730
INFO:root:Round 18600's server train  acc:  95.19%, train loss: 0.1314
INFO:root:Round 18600's server test   acc:  84.49%, test  loss: 0.6595
INFO:root:Round 18700's server train  acc:  93.72%, train loss: 0.1767
INFO:root:Round 18700's server test   acc:  83.73%, test  loss: 0.6912
INFO:root:Round 18800's server train  acc:  94.48%, train loss: 0.1541
INFO:root:Round 18800's server test   acc:  84.19%, test  loss: 0.6970
INFO:root:Round 18900's server train  acc:  94.98%, train loss: 0.1420
INFO:root:Round 18900's server test   acc:  84.68%, test  loss: 0.6912
INFO:root:Round 19000's server train  acc:  95.58%, train loss: 0.1263
INFO:root:Round 19000's server test   acc:  84.27%, test  loss: 0.6581
INFO:root:Round 19100's server train  acc:  95.27%, train loss: 0.1278
INFO:root:Round 19100's server test   acc:  84.62%, test  loss: 0.6576
INFO:root:Round 19200's server train  acc:  94.99%, train loss: 0.1417
INFO:root:Round 19200's server test   acc:  84.26%, test  loss: 0.7142
INFO:root:Round 19300's server train  acc:  95.68%, train loss: 0.1222
INFO:root:Round 19300's server test   acc:  84.73%, test  loss: 0.7054
INFO:root:Round 19400's server train  acc:  95.58%, train loss: 0.1238
INFO:root:Round 19400's server test   acc:  84.83%, test  loss: 0.6872
INFO:root:Round 19500's server train  acc:  95.58%, train loss: 0.1254
INFO:root:Round 19500's server test   acc:  84.73%, test  loss: 0.6905
INFO:root:Round 19600's server train  acc:  96.30%, train loss: 0.1027
INFO:root:Round 19600's server test   acc:  85.24%, test  loss: 0.6493
INFO:root:Round 19700's server train  acc:  95.53%, train loss: 0.1246
INFO:root:Round 19700's server test   acc:  84.44%, test  loss: 0.7295
INFO:root:Round 19800's server train  acc:  96.21%, train loss: 0.1044
INFO:root:Round 19800's server test   acc:  85.05%, test  loss: 0.6689
INFO:root:Round 19900's server train  acc:  96.44%, train loss: 0.1007
INFO:root:Round 19900's server test   acc:  85.02%, test  loss: 0.6952
INFO:root:Round 20000's server train  acc:  95.33%, train loss: 0.1325
INFO:root:Round 20000's server test   acc:  84.07%, test  loss: 0.7266
INFO:root:TrainingTime: 13631.396754980087 sec
