INFO:root:Namespace(m='logistic', d='mnist', s=2, R=10000, K=5, M=1000, P=10, partition='exdir', alpha=[1, 100.0], optim='sgd', lr=0.01, lr_decay=1.0, momentum=0.0, weight_decay=0.0, global_lr=1.0, batch_size=20, seed=0, clip=10, log='info+log', eval_every=100, device=0, start_round=0, save_model=0)
INFO:root:record_name: BalancingFedAvgII1.0_M1000_P10_K5_R10000,100_logistic_mnist_exdir1,100.0_sgd0.01,1.0,0.0,0.0_b20_seed0_clip10
INFO:root:Logistic(
  (flatten): Flatten(start_dim=1, end_dim=-1)
  (layer): Linear(in_features=784, out_features=10, bias=True)
)
INFO:root:Round 100's server train  acc:  87.52%, train loss: 0.4879
INFO:root:Round 100's server test   acc:  88.28%, test  loss: 0.4693
INFO:root:Round 200's server train  acc:  89.21%, train loss: 0.4019
INFO:root:Round 200's server test   acc:  89.84%, test  loss: 0.3862
INFO:root:Round 300's server train  acc:  90.08%, train loss: 0.3642
INFO:root:Round 300's server test   acc:  90.44%, test  loss: 0.3518
INFO:root:Round 400's server train  acc:  90.61%, train loss: 0.3451
INFO:root:Round 400's server test   acc:  90.87%, test  loss: 0.3338
INFO:root:Round 500's server train  acc:  90.83%, train loss: 0.3326
INFO:root:Round 500's server test   acc:  91.04%, test  loss: 0.3228
INFO:root:Round 600's server train  acc:  91.09%, train loss: 0.3232
INFO:root:Round 600's server test   acc:  91.27%, test  loss: 0.3149
INFO:root:Round 700's server train  acc:  91.27%, train loss: 0.3158
INFO:root:Round 700's server test   acc:  91.40%, test  loss: 0.3089
INFO:root:Round 800's server train  acc:  91.41%, train loss: 0.3114
INFO:root:Round 800's server test   acc:  91.42%, test  loss: 0.3053
INFO:root:Round 900's server train  acc:  91.43%, train loss: 0.3069
INFO:root:Round 900's server test   acc:  91.58%, test  loss: 0.3016
INFO:root:Round 1000's server train  acc:  91.56%, train loss: 0.3030
INFO:root:Round 1000's server test   acc:  91.62%, test  loss: 0.2987
INFO:root:Round 1100's server train  acc:  91.67%, train loss: 0.3000
INFO:root:Round 1100's server test   acc:  91.71%, test  loss: 0.2966
INFO:root:Round 1200's server train  acc:  91.73%, train loss: 0.2971
INFO:root:Round 1200's server test   acc:  91.74%, test  loss: 0.2948
INFO:root:Round 1300's server train  acc:  91.80%, train loss: 0.2942
INFO:root:Round 1300's server test   acc:  91.89%, test  loss: 0.2919
INFO:root:Round 1400's server train  acc:  91.86%, train loss: 0.2934
INFO:root:Round 1400's server test   acc:  91.76%, test  loss: 0.2924
INFO:root:Round 1500's server train  acc:  91.92%, train loss: 0.2898
INFO:root:Round 1500's server test   acc:  91.89%, test  loss: 0.2901
INFO:root:Round 1600's server train  acc:  92.03%, train loss: 0.2884
INFO:root:Round 1600's server test   acc:  91.90%, test  loss: 0.2881
INFO:root:Round 1700's server train  acc:  92.00%, train loss: 0.2875
INFO:root:Round 1700's server test   acc:  91.87%, test  loss: 0.2898
INFO:root:Round 1800's server train  acc:  92.09%, train loss: 0.2852
INFO:root:Round 1800's server test   acc:  91.85%, test  loss: 0.2860
INFO:root:Round 1900's server train  acc:  92.12%, train loss: 0.2839
INFO:root:Round 1900's server test   acc:  91.86%, test  loss: 0.2861
INFO:root:Round 2000's server train  acc:  92.13%, train loss: 0.2826
INFO:root:Round 2000's server test   acc:  91.98%, test  loss: 0.2856
INFO:root:Round 2100's server train  acc:  92.13%, train loss: 0.2819
INFO:root:Round 2100's server test   acc:  91.79%, test  loss: 0.2848
INFO:root:Round 2200's server train  acc:  92.22%, train loss: 0.2804
INFO:root:Round 2200's server test   acc:  91.86%, test  loss: 0.2836
INFO:root:Round 2300's server train  acc:  92.17%, train loss: 0.2796
INFO:root:Round 2300's server test   acc:  91.87%, test  loss: 0.2828
INFO:root:Round 2400's server train  acc:  92.23%, train loss: 0.2783
INFO:root:Round 2400's server test   acc:  91.92%, test  loss: 0.2824
INFO:root:Round 2500's server train  acc:  92.28%, train loss: 0.2778
INFO:root:Round 2500's server test   acc:  91.96%, test  loss: 0.2828
INFO:root:Round 2600's server train  acc:  92.35%, train loss: 0.2762
INFO:root:Round 2600's server test   acc:  91.88%, test  loss: 0.2813
INFO:root:Round 2700's server train  acc:  92.34%, train loss: 0.2761
INFO:root:Round 2700's server test   acc:  91.93%, test  loss: 0.2810
INFO:root:Round 2800's server train  acc:  92.37%, train loss: 0.2741
INFO:root:Round 2800's server test   acc:  91.96%, test  loss: 0.2794
INFO:root:Round 2900's server train  acc:  92.43%, train loss: 0.2739
INFO:root:Round 2900's server test   acc:  92.01%, test  loss: 0.2803
INFO:root:Round 3000's server train  acc:  92.41%, train loss: 0.2731
INFO:root:Round 3000's server test   acc:  91.96%, test  loss: 0.2798
INFO:root:Round 3100's server train  acc:  92.44%, train loss: 0.2729
INFO:root:Round 3100's server test   acc:  91.97%, test  loss: 0.2793
INFO:root:Round 3200's server train  acc:  92.47%, train loss: 0.2714
INFO:root:Round 3200's server test   acc:  91.95%, test  loss: 0.2787
INFO:root:Round 3300's server train  acc:  92.44%, train loss: 0.2710
INFO:root:Round 3300's server test   acc:  91.94%, test  loss: 0.2789
INFO:root:Round 3400's server train  acc:  92.47%, train loss: 0.2704
INFO:root:Round 3400's server test   acc:  91.93%, test  loss: 0.2779
INFO:root:Round 3500's server train  acc:  92.50%, train loss: 0.2694
INFO:root:Round 3500's server test   acc:  92.02%, test  loss: 0.2772
INFO:root:Round 3600's server train  acc:  92.52%, train loss: 0.2687
INFO:root:Round 3600's server test   acc:  91.98%, test  loss: 0.2772
INFO:root:Round 3700's server train  acc:  92.51%, train loss: 0.2686
INFO:root:Round 3700's server test   acc:  91.96%, test  loss: 0.2771
INFO:root:Round 3800's server train  acc:  92.52%, train loss: 0.2682
INFO:root:Round 3800's server test   acc:  92.00%, test  loss: 0.2773
INFO:root:Round 3900's server train  acc:  92.52%, train loss: 0.2678
INFO:root:Round 3900's server test   acc:  91.97%, test  loss: 0.2766
INFO:root:Round 4000's server train  acc:  92.55%, train loss: 0.2667
INFO:root:Round 4000's server test   acc:  91.97%, test  loss: 0.2761
INFO:root:Round 4100's server train  acc:  92.60%, train loss: 0.2662
INFO:root:Round 4100's server test   acc:  92.07%, test  loss: 0.2759
INFO:root:Round 4200's server train  acc:  92.58%, train loss: 0.2658
INFO:root:Round 4200's server test   acc:  92.02%, test  loss: 0.2760
INFO:root:Round 4300's server train  acc:  92.57%, train loss: 0.2656
INFO:root:Round 4300's server test   acc:  92.05%, test  loss: 0.2764
INFO:root:Round 4400's server train  acc:  92.62%, train loss: 0.2651
INFO:root:Round 4400's server test   acc:  92.03%, test  loss: 0.2754
INFO:root:Round 4500's server train  acc:  92.66%, train loss: 0.2643
INFO:root:Round 4500's server test   acc:  92.14%, test  loss: 0.2747
INFO:root:Round 4600's server train  acc:  92.65%, train loss: 0.2644
INFO:root:Round 4600's server test   acc:  92.14%, test  loss: 0.2750
INFO:root:Round 4700's server train  acc:  92.65%, train loss: 0.2640
INFO:root:Round 4700's server test   acc:  92.15%, test  loss: 0.2752
INFO:root:Round 4800's server train  acc:  92.63%, train loss: 0.2639
INFO:root:Round 4800's server test   acc:  92.20%, test  loss: 0.2746
INFO:root:Round 4900's server train  acc:  92.68%, train loss: 0.2634
INFO:root:Round 4900's server test   acc:  92.05%, test  loss: 0.2756
INFO:root:Round 5000's server train  acc:  92.70%, train loss: 0.2629
INFO:root:Round 5000's server test   acc:  92.11%, test  loss: 0.2748
INFO:root:Round 5100's server train  acc:  92.70%, train loss: 0.2623
INFO:root:Round 5100's server test   acc:  92.10%, test  loss: 0.2740
INFO:root:Round 5200's server train  acc:  92.73%, train loss: 0.2619
INFO:root:Round 5200's server test   acc:  92.22%, test  loss: 0.2736
INFO:root:Round 5300's server train  acc:  92.72%, train loss: 0.2615
INFO:root:Round 5300's server test   acc:  92.21%, test  loss: 0.2743
INFO:root:Round 5400's server train  acc:  92.72%, train loss: 0.2614
INFO:root:Round 5400's server test   acc:  92.11%, test  loss: 0.2732
INFO:root:Round 5500's server train  acc:  92.73%, train loss: 0.2609
INFO:root:Round 5500's server test   acc:  92.19%, test  loss: 0.2739
INFO:root:Round 5600's server train  acc:  92.73%, train loss: 0.2613
INFO:root:Round 5600's server test   acc:  92.09%, test  loss: 0.2757
INFO:root:Round 5700's server train  acc:  92.79%, train loss: 0.2605
INFO:root:Round 5700's server test   acc:  92.09%, test  loss: 0.2742
INFO:root:Round 5800's server train  acc:  92.71%, train loss: 0.2609
INFO:root:Round 5800's server test   acc:  92.07%, test  loss: 0.2745
INFO:root:Round 5900's server train  acc:  92.79%, train loss: 0.2601
INFO:root:Round 5900's server test   acc:  92.18%, test  loss: 0.2732
INFO:root:Round 6000's server train  acc:  92.79%, train loss: 0.2595
INFO:root:Round 6000's server test   acc:  92.16%, test  loss: 0.2728
INFO:root:Round 6100's server train  acc:  92.78%, train loss: 0.2601
INFO:root:Round 6100's server test   acc:  92.10%, test  loss: 0.2745
INFO:root:Round 6200's server train  acc:  92.80%, train loss: 0.2589
INFO:root:Round 6200's server test   acc:  92.23%, test  loss: 0.2726
INFO:root:Round 6300's server train  acc:  92.79%, train loss: 0.2590
INFO:root:Round 6300's server test   acc:  92.22%, test  loss: 0.2728
INFO:root:Round 6400's server train  acc:  92.81%, train loss: 0.2586
INFO:root:Round 6400's server test   acc:  92.21%, test  loss: 0.2722
INFO:root:Round 6500's server train  acc:  92.80%, train loss: 0.2582
INFO:root:Round 6500's server test   acc:  92.22%, test  loss: 0.2727
INFO:root:Round 6600's server train  acc:  92.83%, train loss: 0.2578
INFO:root:Round 6600's server test   acc:  92.29%, test  loss: 0.2722
INFO:root:Round 6700's server train  acc:  92.79%, train loss: 0.2584
INFO:root:Round 6700's server test   acc:  92.06%, test  loss: 0.2735
INFO:root:Round 6800's server train  acc:  92.86%, train loss: 0.2575
INFO:root:Round 6800's server test   acc:  92.30%, test  loss: 0.2729
INFO:root:Round 6900's server train  acc:  92.83%, train loss: 0.2574
INFO:root:Round 6900's server test   acc:  92.11%, test  loss: 0.2729
INFO:root:Round 7000's server train  acc:  92.83%, train loss: 0.2570
INFO:root:Round 7000's server test   acc:  92.29%, test  loss: 0.2730
INFO:root:Round 7100's server train  acc:  92.89%, train loss: 0.2568
INFO:root:Round 7100's server test   acc:  92.27%, test  loss: 0.2725
INFO:root:Round 7200's server train  acc:  92.90%, train loss: 0.2564
INFO:root:Round 7200's server test   acc:  92.14%, test  loss: 0.2724
INFO:root:Round 7300's server train  acc:  92.89%, train loss: 0.2564
INFO:root:Round 7300's server test   acc:  92.17%, test  loss: 0.2731
INFO:root:Round 7400's server train  acc:  92.87%, train loss: 0.2564
INFO:root:Round 7400's server test   acc:  92.20%, test  loss: 0.2727
INFO:root:Round 7500's server train  acc:  92.86%, train loss: 0.2560
INFO:root:Round 7500's server test   acc:  92.26%, test  loss: 0.2729
INFO:root:Round 7600's server train  acc:  92.92%, train loss: 0.2559
INFO:root:Round 7600's server test   acc:  92.24%, test  loss: 0.2716
INFO:root:Round 7700's server train  acc:  92.87%, train loss: 0.2555
INFO:root:Round 7700's server test   acc:  92.33%, test  loss: 0.2719
INFO:root:Round 7800's server train  acc:  92.89%, train loss: 0.2555
INFO:root:Round 7800's server test   acc:  92.14%, test  loss: 0.2725
INFO:root:Round 7900's server train  acc:  92.87%, train loss: 0.2556
INFO:root:Round 7900's server test   acc:  92.26%, test  loss: 0.2717
INFO:root:Round 8000's server train  acc:  92.93%, train loss: 0.2546
INFO:root:Round 8000's server test   acc:  92.27%, test  loss: 0.2715
INFO:root:Round 8100's server train  acc:  92.86%, train loss: 0.2550
INFO:root:Round 8100's server test   acc:  92.32%, test  loss: 0.2715
INFO:root:Round 8200's server train  acc:  92.95%, train loss: 0.2541
INFO:root:Round 8200's server test   acc:  92.34%, test  loss: 0.2720
INFO:root:Round 8300's server train  acc:  92.89%, train loss: 0.2544
INFO:root:Round 8300's server test   acc:  92.22%, test  loss: 0.2722
INFO:root:Round 8400's server train  acc:  92.90%, train loss: 0.2544
INFO:root:Round 8400's server test   acc:  92.25%, test  loss: 0.2721
INFO:root:Round 8500's server train  acc:  92.90%, train loss: 0.2539
INFO:root:Round 8500's server test   acc:  92.18%, test  loss: 0.2719
INFO:root:Round 8600's server train  acc:  92.96%, train loss: 0.2533
INFO:root:Round 8600's server test   acc:  92.23%, test  loss: 0.2717
INFO:root:Round 8700's server train  acc:  92.92%, train loss: 0.2535
INFO:root:Round 8700's server test   acc:  92.24%, test  loss: 0.2716
INFO:root:Round 8800's server train  acc:  92.95%, train loss: 0.2535
INFO:root:Round 8800's server test   acc:  92.24%, test  loss: 0.2723
INFO:root:Round 8900's server train  acc:  92.97%, train loss: 0.2533
INFO:root:Round 8900's server test   acc:  92.23%, test  loss: 0.2717
INFO:root:Round 9000's server train  acc:  92.97%, train loss: 0.2532
INFO:root:Round 9000's server test   acc:  92.32%, test  loss: 0.2719
INFO:root:Round 9100's server train  acc:  92.96%, train loss: 0.2530
INFO:root:Round 9100's server test   acc:  92.27%, test  loss: 0.2726
INFO:root:Round 9200's server train  acc:  92.87%, train loss: 0.2537
INFO:root:Round 9200's server test   acc:  92.32%, test  loss: 0.2720
INFO:root:Round 9300's server train  acc:  92.95%, train loss: 0.2528
INFO:root:Round 9300's server test   acc:  92.28%, test  loss: 0.2721
INFO:root:Round 9400's server train  acc:  92.91%, train loss: 0.2524
INFO:root:Round 9400's server test   acc:  92.31%, test  loss: 0.2707
INFO:root:Round 9500's server train  acc:  93.05%, train loss: 0.2516
INFO:root:Round 9500's server test   acc:  92.31%, test  loss: 0.2705
INFO:root:Round 9600's server train  acc:  92.97%, train loss: 0.2529
INFO:root:Round 9600's server test   acc:  92.19%, test  loss: 0.2722
INFO:root:Round 9700's server train  acc:  92.96%, train loss: 0.2518
INFO:root:Round 9700's server test   acc:  92.30%, test  loss: 0.2707
INFO:root:Round 9800's server train  acc:  93.01%, train loss: 0.2512
INFO:root:Round 9800's server test   acc:  92.33%, test  loss: 0.2706
INFO:root:Round 9900's server train  acc:  92.97%, train loss: 0.2518
INFO:root:Round 9900's server test   acc:  92.20%, test  loss: 0.2721
INFO:root:Round 10000's server train  acc:  92.99%, train loss: 0.2513
INFO:root:Round 10000's server test   acc:  92.33%, test  loss: 0.2714
INFO:root:TrainingTime: 796.6089298725128 sec
