INFO:root:Namespace(m='resnetii10', d='cifar100', s=2, R=20000, K=5, M=1000, P=10, partition='exdir', alpha=[1, 100.0], optim='sgd', lr=0.1, lr_decay=1.0, momentum=0.0, weight_decay=0.0, global_lr=1.0, batch_size=20, seed=0, clip=10, log='info+log', eval_every=100, device=3, start_round=0, save_model=0)
INFO:root:record_name: BalancingFedAvgII1.0_M1000_P10_K5_R20000,100_resnetii10_cifar100_exdir1,100.0_sgd0.1,1.0,0.0,0.0_b20_seed0_clip10
INFO:root:ResNet(
  (conv1): Conv2d(3, 64, kernel_size=(3, 3), stride=(1, 1), padding=(1, 1), bias=False)
  (relu): ReLU()
  (layer1): Sequential(
    (0): BasicBlock(
      (conv1): Conv2d(64, 64, kernel_size=(3, 3), stride=(1, 1), padding=(1, 1), bias=False)
      (conv2): Conv2d(64, 64, kernel_size=(3, 3), stride=(1, 1), padding=(1, 1), bias=False)
      (shortcut): Sequential()
    )
  )
  (layer2): Sequential(
    (0): BasicBlock(
      (conv1): Conv2d(64, 128, kernel_size=(3, 3), stride=(2, 2), padding=(1, 1), bias=False)
      (conv2): Conv2d(128, 128, kernel_size=(3, 3), stride=(1, 1), padding=(1, 1), bias=False)
      (shortcut): Sequential(
        (0): Conv2d(64, 128, kernel_size=(1, 1), stride=(2, 2), bias=False)
      )
    )
  )
  (layer3): Sequential(
    (0): BasicBlock(
      (conv1): Conv2d(128, 256, kernel_size=(3, 3), stride=(2, 2), padding=(1, 1), bias=False)
      (conv2): Conv2d(256, 256, kernel_size=(3, 3), stride=(1, 1), padding=(1, 1), bias=False)
      (shortcut): Sequential(
        (0): Conv2d(128, 256, kernel_size=(1, 1), stride=(2, 2), bias=False)
      )
    )
  )
  (layer4): Sequential(
    (0): BasicBlock(
      (conv1): Conv2d(256, 512, kernel_size=(3, 3), stride=(2, 2), padding=(1, 1), bias=False)
      (conv2): Conv2d(512, 512, kernel_size=(3, 3), stride=(1, 1), padding=(1, 1), bias=False)
      (shortcut): Sequential(
        (0): Conv2d(256, 512, kernel_size=(1, 1), stride=(2, 2), bias=False)
      )
    )
  )
  (avgpool): AdaptiveAvgPool2d(output_size=(1, 1))
  (flatten): Flatten(start_dim=1, end_dim=-1)
  (fc): Linear(in_features=512, out_features=100, bias=True)
)
INFO:root:Round 100's server train  acc:   1.02%, train loss: 4.8165
INFO:root:Round 100's server test   acc:   1.01%, test  loss: 4.8190
INFO:root:Round 200's server train  acc:   1.00%, train loss: 4.7406
INFO:root:Round 200's server test   acc:   1.00%, test  loss: 4.7429
INFO:root:Round 300's server train  acc:   1.00%, train loss: 4.6694
INFO:root:Round 300's server test   acc:   1.00%, test  loss: 4.6706
INFO:root:Round 400's server train  acc:   1.00%, train loss: 4.6471
INFO:root:Round 400's server test   acc:   1.00%, test  loss: 4.6480
INFO:root:Round 500's server train  acc:   1.20%, train loss: 4.5986
INFO:root:Round 500's server test   acc:   1.13%, test  loss: 4.5979
INFO:root:Round 600's server train  acc:   2.86%, train loss: 4.4169
INFO:root:Round 600's server test   acc:   2.66%, test  loss: 4.4182
INFO:root:Round 700's server train  acc:   2.69%, train loss: 4.4767
INFO:root:Round 700's server test   acc:   2.43%, test  loss: 4.4817
INFO:root:Round 800's server train  acc:   2.64%, train loss: 4.3631
INFO:root:Round 800's server test   acc:   2.43%, test  loss: 4.3697
INFO:root:Round 900's server train  acc:   3.09%, train loss: 4.3146
INFO:root:Round 900's server test   acc:   3.20%, test  loss: 4.3230
INFO:root:Round 1000's server train  acc:   5.02%, train loss: 4.2320
INFO:root:Round 1000's server test   acc:   5.08%, test  loss: 4.2412
INFO:root:Round 1100's server train  acc:   4.84%, train loss: 4.2130
INFO:root:Round 1100's server test   acc:   4.64%, test  loss: 4.2213
INFO:root:Round 1200's server train  acc:   6.34%, train loss: 4.1161
INFO:root:Round 1200's server test   acc:   6.13%, test  loss: 4.1249
INFO:root:Round 1300's server train  acc:   5.63%, train loss: 4.1086
INFO:root:Round 1300's server test   acc:   5.55%, test  loss: 4.1182
INFO:root:Round 1400's server train  acc:   7.33%, train loss: 4.0333
INFO:root:Round 1400's server test   acc:   7.31%, test  loss: 4.0394
INFO:root:Round 1500's server train  acc:   5.62%, train loss: 4.1745
INFO:root:Round 1500's server test   acc:   5.28%, test  loss: 4.1875
INFO:root:Round 1600's server train  acc:   7.68%, train loss: 3.9994
INFO:root:Round 1600's server test   acc:   7.84%, test  loss: 4.0103
INFO:root:Round 1700's server train  acc:   7.98%, train loss: 4.0004
INFO:root:Round 1700's server test   acc:   7.67%, test  loss: 4.0111
INFO:root:Round 1800's server train  acc:   8.62%, train loss: 3.9297
INFO:root:Round 1800's server test   acc:   8.36%, test  loss: 3.9378
INFO:root:Round 1900's server train  acc:   9.83%, train loss: 3.8802
INFO:root:Round 1900's server test   acc:   9.67%, test  loss: 3.8875
INFO:root:Round 2000's server train  acc:   8.45%, train loss: 3.9034
INFO:root:Round 2000's server test   acc:   8.36%, test  loss: 3.9158
INFO:root:Round 2100's server train  acc:  11.47%, train loss: 3.8159
INFO:root:Round 2100's server test   acc:  11.30%, test  loss: 3.8251
INFO:root:Round 2200's server train  acc:  11.16%, train loss: 3.8138
INFO:root:Round 2200's server test   acc:  11.07%, test  loss: 3.8233
INFO:root:Round 2300's server train  acc:  11.52%, train loss: 3.7771
INFO:root:Round 2300's server test   acc:  11.69%, test  loss: 3.7865
INFO:root:Round 2400's server train  acc:  12.79%, train loss: 3.7147
INFO:root:Round 2400's server test   acc:  12.26%, test  loss: 3.7319
INFO:root:Round 2500's server train  acc:  12.50%, train loss: 3.7445
INFO:root:Round 2500's server test   acc:  12.18%, test  loss: 3.7596
INFO:root:Round 2600's server train  acc:  14.34%, train loss: 3.6341
INFO:root:Round 2600's server test   acc:  14.49%, test  loss: 3.6536
INFO:root:Round 2700's server train  acc:  14.02%, train loss: 3.6393
INFO:root:Round 2700's server test   acc:  13.34%, test  loss: 3.6637
INFO:root:Round 2800's server train  acc:  13.03%, train loss: 3.6463
INFO:root:Round 2800's server test   acc:  12.06%, test  loss: 3.6772
INFO:root:Round 2900's server train  acc:  14.75%, train loss: 3.5838
INFO:root:Round 2900's server test   acc:  14.93%, test  loss: 3.6037
INFO:root:Round 3000's server train  acc:  16.12%, train loss: 3.5007
INFO:root:Round 3000's server test   acc:  15.92%, test  loss: 3.5334
INFO:root:Round 3100's server train  acc:  16.08%, train loss: 3.5228
INFO:root:Round 3100's server test   acc:  15.29%, test  loss: 3.5590
INFO:root:Round 3200's server train  acc:  17.42%, train loss: 3.4769
INFO:root:Round 3200's server test   acc:  16.63%, test  loss: 3.5147
INFO:root:Round 3300's server train  acc:  17.63%, train loss: 3.4715
INFO:root:Round 3300's server test   acc:  17.17%, test  loss: 3.5109
INFO:root:Round 3400's server train  acc:  18.27%, train loss: 3.3960
INFO:root:Round 3400's server test   acc:  17.76%, test  loss: 3.4393
INFO:root:Round 3500's server train  acc:  17.84%, train loss: 3.4002
INFO:root:Round 3500's server test   acc:  17.29%, test  loss: 3.4417
INFO:root:Round 3600's server train  acc:  19.48%, train loss: 3.3607
INFO:root:Round 3600's server test   acc:  18.66%, test  loss: 3.4056
INFO:root:Round 3700's server train  acc:  19.54%, train loss: 3.3379
INFO:root:Round 3700's server test   acc:  19.01%, test  loss: 3.3806
INFO:root:Round 3800's server train  acc:  19.64%, train loss: 3.3153
INFO:root:Round 3800's server test   acc:  19.30%, test  loss: 3.3629
INFO:root:Round 3900's server train  acc:  20.66%, train loss: 3.3025
INFO:root:Round 3900's server test   acc:  19.80%, test  loss: 3.3487
INFO:root:Round 4000's server train  acc:  18.99%, train loss: 3.3391
INFO:root:Round 4000's server test   acc:  18.62%, test  loss: 3.3993
INFO:root:Round 4100's server train  acc:  19.31%, train loss: 3.3836
INFO:root:Round 4100's server test   acc:  18.63%, test  loss: 3.4486
INFO:root:Round 4200's server train  acc:  22.33%, train loss: 3.1718
INFO:root:Round 4200's server test   acc:  21.71%, test  loss: 3.2259
INFO:root:Round 4300's server train  acc:  23.46%, train loss: 3.1612
INFO:root:Round 4300's server test   acc:  22.92%, test  loss: 3.2161
INFO:root:Round 4400's server train  acc:  23.87%, train loss: 3.1255
INFO:root:Round 4400's server test   acc:  23.00%, test  loss: 3.1874
INFO:root:Round 4500's server train  acc:  23.13%, train loss: 3.1730
INFO:root:Round 4500's server test   acc:  22.53%, test  loss: 3.2303
INFO:root:Round 4600's server train  acc:  24.04%, train loss: 3.1192
INFO:root:Round 4600's server test   acc:  22.92%, test  loss: 3.1809
INFO:root:Round 4700's server train  acc:  23.85%, train loss: 3.1148
INFO:root:Round 4700's server test   acc:  22.78%, test  loss: 3.1851
INFO:root:Round 4800's server train  acc:  24.00%, train loss: 3.0978
INFO:root:Round 4800's server test   acc:  23.33%, test  loss: 3.1680
INFO:root:Round 4900's server train  acc:  25.77%, train loss: 3.0325
INFO:root:Round 4900's server test   acc:  24.71%, test  loss: 3.1069
INFO:root:Round 5000's server train  acc:  25.33%, train loss: 3.0643
INFO:root:Round 5000's server test   acc:  24.58%, test  loss: 3.1305
INFO:root:Round 5100's server train  acc:  22.97%, train loss: 3.1469
INFO:root:Round 5100's server test   acc:  22.07%, test  loss: 3.2294
INFO:root:Round 5200's server train  acc:  26.38%, train loss: 2.9821
INFO:root:Round 5200's server test   acc:  25.31%, test  loss: 3.0613
INFO:root:Round 5300's server train  acc:  26.28%, train loss: 2.9957
INFO:root:Round 5300's server test   acc:  25.18%, test  loss: 3.0748
INFO:root:Round 5400's server train  acc:  27.27%, train loss: 2.9544
INFO:root:Round 5400's server test   acc:  26.18%, test  loss: 3.0370
INFO:root:Round 5500's server train  acc:  26.65%, train loss: 2.9603
INFO:root:Round 5500's server test   acc:  25.24%, test  loss: 3.0506
INFO:root:Round 5600's server train  acc:  26.99%, train loss: 2.9338
INFO:root:Round 5600's server test   acc:  25.76%, test  loss: 3.0219
INFO:root:Round 5700's server train  acc:  28.33%, train loss: 2.9064
INFO:root:Round 5700's server test   acc:  27.41%, test  loss: 2.9974
INFO:root:Round 5800's server train  acc:  26.58%, train loss: 2.9726
INFO:root:Round 5800's server test   acc:  25.53%, test  loss: 3.0588
INFO:root:Round 5900's server train  acc:  28.97%, train loss: 2.8555
INFO:root:Round 5900's server test   acc:  27.49%, test  loss: 2.9524
INFO:root:Round 6000's server train  acc:  27.98%, train loss: 2.8842
INFO:root:Round 6000's server test   acc:  26.70%, test  loss: 2.9848
INFO:root:Round 6100's server train  acc:  30.25%, train loss: 2.8010
INFO:root:Round 6100's server test   acc:  29.02%, test  loss: 2.9050
INFO:root:Round 6200's server train  acc:  30.37%, train loss: 2.7843
INFO:root:Round 6200's server test   acc:  28.80%, test  loss: 2.8852
INFO:root:Round 6300's server train  acc:  30.49%, train loss: 2.7529
INFO:root:Round 6300's server test   acc:  28.95%, test  loss: 2.8646
INFO:root:Round 6400's server train  acc:  29.74%, train loss: 2.7905
INFO:root:Round 6400's server test   acc:  28.05%, test  loss: 2.9046
INFO:root:Round 6500's server train  acc:  30.20%, train loss: 2.7918
INFO:root:Round 6500's server test   acc:  29.12%, test  loss: 2.8940
INFO:root:Round 6600's server train  acc:  31.93%, train loss: 2.7260
INFO:root:Round 6600's server test   acc:  30.37%, test  loss: 2.8392
INFO:root:Round 6700's server train  acc:  31.27%, train loss: 2.7219
INFO:root:Round 6700's server test   acc:  29.50%, test  loss: 2.8397
INFO:root:Round 6800's server train  acc:  32.75%, train loss: 2.6722
INFO:root:Round 6800's server test   acc:  30.77%, test  loss: 2.7883
INFO:root:Round 6900's server train  acc:  31.72%, train loss: 2.7304
INFO:root:Round 6900's server test   acc:  29.67%, test  loss: 2.8597
INFO:root:Round 7000's server train  acc:  33.75%, train loss: 2.6165
INFO:root:Round 7000's server test   acc:  31.79%, test  loss: 2.7473
INFO:root:Round 7100's server train  acc:  33.65%, train loss: 2.6182
INFO:root:Round 7100's server test   acc:  31.73%, test  loss: 2.7518
INFO:root:Round 7200's server train  acc:  32.40%, train loss: 2.6748
INFO:root:Round 7200's server test   acc:  30.78%, test  loss: 2.8008
INFO:root:Round 7300's server train  acc:  34.25%, train loss: 2.6042
INFO:root:Round 7300's server test   acc:  32.13%, test  loss: 2.7327
INFO:root:Round 7400's server train  acc:  34.71%, train loss: 2.5727
INFO:root:Round 7400's server test   acc:  32.94%, test  loss: 2.7162
INFO:root:Round 7500's server train  acc:  34.06%, train loss: 2.6034
INFO:root:Round 7500's server test   acc:  31.98%, test  loss: 2.7407
INFO:root:Round 7600's server train  acc:  36.55%, train loss: 2.5032
INFO:root:Round 7600's server test   acc:  34.03%, test  loss: 2.6442
INFO:root:Round 7700's server train  acc:  34.96%, train loss: 2.5459
INFO:root:Round 7700's server test   acc:  32.90%, test  loss: 2.6864
INFO:root:Round 7800's server train  acc:  37.23%, train loss: 2.4721
INFO:root:Round 7800's server test   acc:  34.70%, test  loss: 2.6165
INFO:root:Round 7900's server train  acc:  37.80%, train loss: 2.4436
INFO:root:Round 7900's server test   acc:  35.37%, test  loss: 2.5981
INFO:root:Round 8000's server train  acc:  37.37%, train loss: 2.4544
INFO:root:Round 8000's server test   acc:  34.75%, test  loss: 2.6156
INFO:root:Round 8100's server train  acc:  38.34%, train loss: 2.4092
INFO:root:Round 8100's server test   acc:  35.02%, test  loss: 2.5843
INFO:root:Round 8200's server train  acc:  37.83%, train loss: 2.4342
INFO:root:Round 8200's server test   acc:  35.13%, test  loss: 2.5976
INFO:root:Round 8300's server train  acc:  39.51%, train loss: 2.3498
INFO:root:Round 8300's server test   acc:  36.03%, test  loss: 2.5253
INFO:root:Round 8400's server train  acc:  39.38%, train loss: 2.3619
INFO:root:Round 8400's server test   acc:  36.30%, test  loss: 2.5422
INFO:root:Round 8500's server train  acc:  36.25%, train loss: 2.5028
INFO:root:Round 8500's server test   acc:  33.14%, test  loss: 2.6863
INFO:root:Round 8600's server train  acc:  39.79%, train loss: 2.3330
INFO:root:Round 8600's server test   acc:  36.43%, test  loss: 2.5165
INFO:root:Round 8700's server train  acc:  40.02%, train loss: 2.3229
INFO:root:Round 8700's server test   acc:  37.11%, test  loss: 2.5021
INFO:root:Round 8800's server train  acc:  35.38%, train loss: 2.5258
INFO:root:Round 8800's server test   acc:  32.85%, test  loss: 2.6981
INFO:root:Round 8900's server train  acc:  40.59%, train loss: 2.2969
INFO:root:Round 8900's server test   acc:  37.03%, test  loss: 2.4927
INFO:root:Round 9000's server train  acc:  41.70%, train loss: 2.2627
INFO:root:Round 9000's server test   acc:  37.90%, test  loss: 2.4618
INFO:root:Round 9100's server train  acc:  42.95%, train loss: 2.2047
INFO:root:Round 9100's server test   acc:  38.90%, test  loss: 2.4189
INFO:root:Round 9200's server train  acc:  41.20%, train loss: 2.2736
INFO:root:Round 9200's server test   acc:  37.53%, test  loss: 2.4788
INFO:root:Round 9300's server train  acc:  42.39%, train loss: 2.2094
INFO:root:Round 9300's server test   acc:  38.52%, test  loss: 2.4302
INFO:root:Round 9400's server train  acc:  42.99%, train loss: 2.1964
INFO:root:Round 9400's server test   acc:  38.68%, test  loss: 2.4207
INFO:root:Round 9500's server train  acc:  42.38%, train loss: 2.2139
INFO:root:Round 9500's server test   acc:  38.34%, test  loss: 2.4267
INFO:root:Round 9600's server train  acc:  43.66%, train loss: 2.1736
INFO:root:Round 9600's server test   acc:  39.20%, test  loss: 2.3936
INFO:root:Round 9700's server train  acc:  44.11%, train loss: 2.1445
INFO:root:Round 9700's server test   acc:  39.46%, test  loss: 2.3850
INFO:root:Round 9800's server train  acc:  44.91%, train loss: 2.1059
INFO:root:Round 9800's server test   acc:  40.03%, test  loss: 2.3475
INFO:root:Round 9900's server train  acc:  43.92%, train loss: 2.1550
INFO:root:Round 9900's server test   acc:  39.36%, test  loss: 2.3845
INFO:root:Round 10000's server train  acc:  46.03%, train loss: 2.0652
INFO:root:Round 10000's server test   acc:  41.25%, test  loss: 2.3104
INFO:root:Round 10100's server train  acc:  45.63%, train loss: 2.0750
INFO:root:Round 10100's server test   acc:  40.73%, test  loss: 2.3265
INFO:root:Round 10200's server train  acc:  45.93%, train loss: 2.0616
INFO:root:Round 10200's server test   acc:  41.32%, test  loss: 2.3230
INFO:root:Round 10300's server train  acc:  44.07%, train loss: 2.1358
INFO:root:Round 10300's server test   acc:  39.80%, test  loss: 2.3988
INFO:root:Round 10400's server train  acc:  46.80%, train loss: 2.0239
INFO:root:Round 10400's server test   acc:  41.37%, test  loss: 2.2881
INFO:root:Round 10500's server train  acc:  47.06%, train loss: 2.0139
INFO:root:Round 10500's server test   acc:  41.02%, test  loss: 2.2979
INFO:root:Round 10600's server train  acc:  46.84%, train loss: 2.0228
INFO:root:Round 10600's server test   acc:  41.50%, test  loss: 2.3022
INFO:root:Round 10700's server train  acc:  47.32%, train loss: 1.9992
INFO:root:Round 10700's server test   acc:  41.91%, test  loss: 2.2705
INFO:root:Round 10800's server train  acc:  48.63%, train loss: 1.9316
INFO:root:Round 10800's server test   acc:  42.41%, test  loss: 2.2296
INFO:root:Round 10900's server train  acc:  48.58%, train loss: 1.9465
INFO:root:Round 10900's server test   acc:  42.82%, test  loss: 2.2390
INFO:root:Round 11000's server train  acc:  47.96%, train loss: 1.9784
INFO:root:Round 11000's server test   acc:  41.69%, test  loss: 2.2837
INFO:root:Round 11100's server train  acc:  48.74%, train loss: 1.9391
INFO:root:Round 11100's server test   acc:  42.59%, test  loss: 2.2513
INFO:root:Round 11200's server train  acc:  47.79%, train loss: 1.9688
INFO:root:Round 11200's server test   acc:  42.02%, test  loss: 2.2768
INFO:root:Round 11300's server train  acc:  47.78%, train loss: 1.9742
INFO:root:Round 11300's server test   acc:  41.70%, test  loss: 2.2917
INFO:root:Round 11400's server train  acc:  51.18%, train loss: 1.8548
INFO:root:Round 11400's server test   acc:  44.40%, test  loss: 2.1690
INFO:root:Round 11500's server train  acc:  49.77%, train loss: 1.8994
INFO:root:Round 11500's server test   acc:  43.44%, test  loss: 2.2297
INFO:root:Round 11600's server train  acc:  50.71%, train loss: 1.8577
INFO:root:Round 11600's server test   acc:  43.63%, test  loss: 2.1971
INFO:root:Round 11700's server train  acc:  51.62%, train loss: 1.8231
INFO:root:Round 11700's server test   acc:  44.78%, test  loss: 2.1688
INFO:root:Round 11800's server train  acc:  51.73%, train loss: 1.8186
INFO:root:Round 11800's server test   acc:  44.39%, test  loss: 2.1745
INFO:root:Round 11900's server train  acc:  52.02%, train loss: 1.7920
INFO:root:Round 11900's server test   acc:  44.52%, test  loss: 2.1510
INFO:root:Round 12000's server train  acc:  52.43%, train loss: 1.7705
INFO:root:Round 12000's server test   acc:  44.43%, test  loss: 2.1496
INFO:root:Round 12100's server train  acc:  50.61%, train loss: 1.8433
INFO:root:Round 12100's server test   acc:  43.40%, test  loss: 2.2327
INFO:root:Round 12200's server train  acc:  52.04%, train loss: 1.7868
INFO:root:Round 12200's server test   acc:  44.17%, test  loss: 2.1757
INFO:root:Round 12300's server train  acc:  53.21%, train loss: 1.7377
INFO:root:Round 12300's server test   acc:  45.45%, test  loss: 2.1412
INFO:root:Round 12400's server train  acc:  52.99%, train loss: 1.7581
INFO:root:Round 12400's server test   acc:  45.34%, test  loss: 2.1556
INFO:root:Round 12500's server train  acc:  53.75%, train loss: 1.7130
INFO:root:Round 12500's server test   acc:  45.12%, test  loss: 2.1348
INFO:root:Round 12600's server train  acc:  54.18%, train loss: 1.7010
INFO:root:Round 12600's server test   acc:  45.54%, test  loss: 2.1173
INFO:root:Round 12700's server train  acc:  53.60%, train loss: 1.7215
INFO:root:Round 12700's server test   acc:  45.04%, test  loss: 2.1514
INFO:root:Round 12800's server train  acc:  48.92%, train loss: 1.9405
INFO:root:Round 12800's server test   acc:  41.94%, test  loss: 2.3336
INFO:root:Round 12900's server train  acc:  54.54%, train loss: 1.6759
INFO:root:Round 12900's server test   acc:  46.01%, test  loss: 2.1120
INFO:root:Round 13000's server train  acc:  55.21%, train loss: 1.6706
INFO:root:Round 13000's server test   acc:  45.97%, test  loss: 2.1053
INFO:root:Round 13100's server train  acc:  53.95%, train loss: 1.7055
INFO:root:Round 13100's server test   acc:  45.49%, test  loss: 2.1341
INFO:root:Round 13200's server train  acc:  55.64%, train loss: 1.6311
INFO:root:Round 13200's server test   acc:  46.46%, test  loss: 2.0958
INFO:root:Round 13300's server train  acc:  55.25%, train loss: 1.6528
INFO:root:Round 13300's server test   acc:  46.10%, test  loss: 2.1270
INFO:root:Round 13400's server train  acc:  57.22%, train loss: 1.5758
INFO:root:Round 13400's server test   acc:  47.62%, test  loss: 2.0485
INFO:root:Round 13500's server train  acc:  56.71%, train loss: 1.5941
INFO:root:Round 13500's server test   acc:  46.85%, test  loss: 2.0877
INFO:root:Round 13600's server train  acc:  55.63%, train loss: 1.6264
INFO:root:Round 13600's server test   acc:  46.13%, test  loss: 2.1222
INFO:root:Round 13700's server train  acc:  55.62%, train loss: 1.6252
INFO:root:Round 13700's server test   acc:  46.20%, test  loss: 2.1376
INFO:root:Round 13800's server train  acc:  57.27%, train loss: 1.5671
INFO:root:Round 13800's server test   acc:  47.34%, test  loss: 2.0725
INFO:root:Round 13900's server train  acc:  57.64%, train loss: 1.5441
INFO:root:Round 13900's server test   acc:  47.40%, test  loss: 2.0621
INFO:root:Round 14000's server train  acc:  55.24%, train loss: 1.6533
INFO:root:Round 14000's server test   acc:  46.16%, test  loss: 2.1736
INFO:root:Round 14100's server train  acc:  56.05%, train loss: 1.6065
INFO:root:Round 14100's server test   acc:  46.57%, test  loss: 2.1422
INFO:root:Round 14200's server train  acc:  57.72%, train loss: 1.5513
INFO:root:Round 14200's server test   acc:  47.37%, test  loss: 2.1094
INFO:root:Round 14300's server train  acc:  58.24%, train loss: 1.5370
INFO:root:Round 14300's server test   acc:  47.29%, test  loss: 2.0658
INFO:root:Round 14400's server train  acc:  59.57%, train loss: 1.4672
INFO:root:Round 14400's server test   acc:  48.49%, test  loss: 2.0628
INFO:root:Round 14500's server train  acc:  54.32%, train loss: 1.6886
INFO:root:Round 14500's server test   acc:  44.63%, test  loss: 2.2484
INFO:root:Round 14600's server train  acc:  58.96%, train loss: 1.4886
INFO:root:Round 14600's server test   acc:  47.79%, test  loss: 2.0951
INFO:root:Round 14700's server train  acc:  59.24%, train loss: 1.4919
INFO:root:Round 14700's server test   acc:  47.70%, test  loss: 2.0548
INFO:root:Round 14800's server train  acc:  61.84%, train loss: 1.3906
INFO:root:Round 14800's server test   acc:  49.66%, test  loss: 1.9900
INFO:root:Round 14900's server train  acc:  61.30%, train loss: 1.4189
INFO:root:Round 14900's server test   acc:  49.02%, test  loss: 2.0028
INFO:root:Round 15000's server train  acc:  61.21%, train loss: 1.4084
INFO:root:Round 15000's server test   acc:  49.16%, test  loss: 2.0093
INFO:root:Round 15100's server train  acc:  61.93%, train loss: 1.3770
INFO:root:Round 15100's server test   acc:  49.42%, test  loss: 2.0350
INFO:root:Round 15200's server train  acc:  61.07%, train loss: 1.4002
INFO:root:Round 15200's server test   acc:  48.43%, test  loss: 2.0668
INFO:root:Round 15300's server train  acc:  61.93%, train loss: 1.3739
INFO:root:Round 15300's server test   acc:  48.93%, test  loss: 2.0376
INFO:root:Round 15400's server train  acc:  61.68%, train loss: 1.3920
INFO:root:Round 15400's server test   acc:  48.63%, test  loss: 2.0593
INFO:root:Round 15500's server train  acc:  60.82%, train loss: 1.4120
INFO:root:Round 15500's server test   acc:  48.61%, test  loss: 2.0880
INFO:root:Round 15600's server train  acc:  62.78%, train loss: 1.3323
INFO:root:Round 15600's server test   acc:  50.01%, test  loss: 2.0061
INFO:root:Round 15700's server train  acc:  62.57%, train loss: 1.3506
INFO:root:Round 15700's server test   acc:  49.59%, test  loss: 2.0523
INFO:root:Round 15800's server train  acc:  62.98%, train loss: 1.3232
INFO:root:Round 15800's server test   acc:  49.76%, test  loss: 2.0323
INFO:root:Round 15900's server train  acc:  63.67%, train loss: 1.2993
INFO:root:Round 15900's server test   acc:  49.83%, test  loss: 2.0132
INFO:root:Round 16000's server train  acc:  64.17%, train loss: 1.2918
INFO:root:Round 16000's server test   acc:  49.68%, test  loss: 2.0152
INFO:root:Round 16100's server train  acc:  64.71%, train loss: 1.2565
INFO:root:Round 16100's server test   acc:  50.40%, test  loss: 1.9874
INFO:root:Round 16200's server train  acc:  64.70%, train loss: 1.2543
INFO:root:Round 16200's server test   acc:  50.06%, test  loss: 2.0160
INFO:root:Round 16300's server train  acc:  65.15%, train loss: 1.2431
INFO:root:Round 16300's server test   acc:  50.25%, test  loss: 2.0140
INFO:root:Round 16400's server train  acc:  64.41%, train loss: 1.2689
INFO:root:Round 16400's server test   acc:  49.48%, test  loss: 2.0414
INFO:root:Round 16500's server train  acc:  65.36%, train loss: 1.2401
INFO:root:Round 16500's server test   acc:  50.27%, test  loss: 2.0053
INFO:root:Round 16600's server train  acc:  65.56%, train loss: 1.2262
INFO:root:Round 16600's server test   acc:  50.22%, test  loss: 2.0229
INFO:root:Round 16700's server train  acc:  65.86%, train loss: 1.2131
INFO:root:Round 16700's server test   acc:  50.13%, test  loss: 2.0340
INFO:root:Round 16800's server train  acc:  64.69%, train loss: 1.2576
INFO:root:Round 16800's server test   acc:  48.81%, test  loss: 2.0976
INFO:root:Round 16900's server train  acc:  66.48%, train loss: 1.1831
INFO:root:Round 16900's server test   acc:  50.36%, test  loss: 2.0098
INFO:root:Round 17000's server train  acc:  67.44%, train loss: 1.1641
INFO:root:Round 17000's server test   acc:  50.77%, test  loss: 2.0284
INFO:root:Round 17100's server train  acc:  67.30%, train loss: 1.1576
INFO:root:Round 17100's server test   acc:  51.05%, test  loss: 2.0106
INFO:root:Round 17200's server train  acc:  67.82%, train loss: 1.1353
INFO:root:Round 17200's server test   acc:  50.87%, test  loss: 2.0043
INFO:root:Round 17300's server train  acc:  67.19%, train loss: 1.1620
INFO:root:Round 17300's server test   acc:  50.82%, test  loss: 2.1041
INFO:root:Round 17400's server train  acc:  66.74%, train loss: 1.1633
INFO:root:Round 17400's server test   acc:  49.86%, test  loss: 2.0999
INFO:root:Round 17500's server train  acc:  63.67%, train loss: 1.2981
INFO:root:Round 17500's server test   acc:  48.23%, test  loss: 2.2034
INFO:root:Round 17600's server train  acc:  68.10%, train loss: 1.1158
INFO:root:Round 17600's server test   acc:  50.84%, test  loss: 2.0338
INFO:root:Round 17700's server train  acc:  68.54%, train loss: 1.1001
INFO:root:Round 17700's server test   acc:  51.24%, test  loss: 2.0341
INFO:root:Round 17800's server train  acc:  68.16%, train loss: 1.1207
INFO:root:Round 17800's server test   acc:  51.02%, test  loss: 2.0922
INFO:root:Round 17900's server train  acc:  68.18%, train loss: 1.1045
INFO:root:Round 17900's server test   acc:  50.46%, test  loss: 2.1206
INFO:root:Round 18000's server train  acc:  69.02%, train loss: 1.0900
INFO:root:Round 18000's server test   acc:  51.03%, test  loss: 2.0347
INFO:root:Round 18100's server train  acc:  69.13%, train loss: 1.0768
INFO:root:Round 18100's server test   acc:  51.21%, test  loss: 2.0882
INFO:root:Round 18200's server train  acc:  70.06%, train loss: 1.0425
INFO:root:Round 18200's server test   acc:  51.10%, test  loss: 2.0196
INFO:root:Round 18300's server train  acc:  69.41%, train loss: 1.0668
INFO:root:Round 18300's server test   acc:  51.36%, test  loss: 2.0780
INFO:root:Round 18400's server train  acc:  69.67%, train loss: 1.0615
INFO:root:Round 18400's server test   acc:  51.56%, test  loss: 2.0739
INFO:root:Round 18500's server train  acc:  70.72%, train loss: 1.0205
INFO:root:Round 18500's server test   acc:  51.59%, test  loss: 2.0441
INFO:root:Round 18600's server train  acc:  70.82%, train loss: 1.0120
INFO:root:Round 18600's server test   acc:  51.25%, test  loss: 2.0641
INFO:root:Round 18700's server train  acc:  70.60%, train loss: 1.0194
INFO:root:Round 18700's server test   acc:  51.31%, test  loss: 2.0814
INFO:root:Round 18800's server train  acc:  72.33%, train loss: 0.9654
INFO:root:Round 18800's server test   acc:  52.07%, test  loss: 2.0842
INFO:root:Round 18900's server train  acc:  71.22%, train loss: 0.9942
INFO:root:Round 18900's server test   acc:  51.34%, test  loss: 2.1144
INFO:root:Round 19000's server train  acc:  71.08%, train loss: 1.0035
INFO:root:Round 19000's server test   acc:  50.87%, test  loss: 2.0880
INFO:root:Round 19100's server train  acc:  73.14%, train loss: 0.9354
INFO:root:Round 19100's server test   acc:  51.80%, test  loss: 2.0247
INFO:root:Round 19200's server train  acc:  71.16%, train loss: 0.9954
INFO:root:Round 19200's server test   acc:  51.46%, test  loss: 2.1795
INFO:root:Round 19300's server train  acc:  72.26%, train loss: 0.9603
INFO:root:Round 19300's server test   acc:  51.54%, test  loss: 2.1181
INFO:root:Round 19400's server train  acc:  73.00%, train loss: 0.9289
INFO:root:Round 19400's server test   acc:  52.13%, test  loss: 2.0900
INFO:root:Round 19500's server train  acc:  74.24%, train loss: 0.8838
INFO:root:Round 19500's server test   acc:  52.93%, test  loss: 2.0777
INFO:root:Round 19600's server train  acc:  73.55%, train loss: 0.9077
INFO:root:Round 19600's server test   acc:  52.10%, test  loss: 2.1110
INFO:root:Round 19700's server train  acc:  72.18%, train loss: 0.9580
INFO:root:Round 19700's server test   acc:  50.93%, test  loss: 2.1975
INFO:root:Round 19800's server train  acc:  73.86%, train loss: 0.8867
INFO:root:Round 19800's server test   acc:  51.92%, test  loss: 2.1481
INFO:root:Round 19900's server train  acc:  72.89%, train loss: 0.9360
INFO:root:Round 19900's server test   acc:  51.40%, test  loss: 2.2113
INFO:root:Round 20000's server train  acc:  73.13%, train loss: 0.9234
INFO:root:Round 20000's server test   acc:  51.18%, test  loss: 2.2027
INFO:root:TrainingTime: 13669.45670080185 sec
