INFO:root:Namespace(m='wvgg9k4', d='cinic10', s=2, R=20000, K=5, M=1000, P=10, partition='exdir', alpha=[1, 100.0], optim='sgd', lr=0.1, lr_decay=1.0, momentum=0.0, weight_decay=0.0, global_lr=1.0, batch_size=20, seed=0, clip=10, log='info+log', eval_every=100, device=1, start_round=0, save_model=0)
INFO:root:record_name: BalancingFedAvgII1.0_M1000_P10_K5_R20000,100_wvgg9k4_cinic10_exdir1,100.0_sgd0.1,1.0,0.0,0.0_b20_seed0_clip10
INFO:root:VGG(
  (features): Sequential(
    (0): Conv2d(3, 32, kernel_size=(3, 3), stride=(1, 1), padding=(1, 1))
    (1): ReLU(inplace=True)
    (2): MaxPool2d(kernel_size=2, stride=2, padding=0, dilation=1, ceil_mode=False)
    (3): Conv2d(32, 64, kernel_size=(3, 3), stride=(1, 1), padding=(1, 1))
    (4): ReLU(inplace=True)
    (5): MaxPool2d(kernel_size=2, stride=2, padding=0, dilation=1, ceil_mode=False)
    (6): Conv2d(64, 128, kernel_size=(3, 3), stride=(1, 1), padding=(1, 1))
    (7): ReLU(inplace=True)
    (8): Conv2d(128, 128, kernel_size=(3, 3), stride=(1, 1), padding=(1, 1))
    (9): ReLU(inplace=True)
    (10): MaxPool2d(kernel_size=2, stride=2, padding=0, dilation=1, ceil_mode=False)
    (11): Conv2d(128, 256, kernel_size=(3, 3), stride=(1, 1), padding=(1, 1))
    (12): ReLU(inplace=True)
    (13): Conv2d(256, 256, kernel_size=(3, 3), stride=(1, 1), padding=(1, 1))
    (14): ReLU(inplace=True)
    (15): MaxPool2d(kernel_size=2, stride=2, padding=0, dilation=1, ceil_mode=False)
    (16): Conv2d(256, 256, kernel_size=(3, 3), stride=(1, 1), padding=(1, 1))
    (17): ReLU(inplace=True)
    (18): Conv2d(256, 256, kernel_size=(3, 3), stride=(1, 1), padding=(1, 1))
    (19): ReLU(inplace=True)
    (20): MaxPool2d(kernel_size=2, stride=2, padding=0, dilation=1, ceil_mode=False)
  )
  (avgpool): AdaptiveAvgPool2d(output_size=(1, 1))
  (flatten): Flatten(start_dim=1, end_dim=-1)
  (classifier): Linear(in_features=256, out_features=10, bias=True)
)
INFO:root:Round 100's server train  acc:  10.00%, train loss: 2.4630
INFO:root:Round 100's server test   acc:  10.00%, test  loss: 2.4636
INFO:root:Round 200's server train  acc:  13.15%, train loss: 2.5312
INFO:root:Round 200's server test   acc:  13.06%, test  loss: 2.5346
INFO:root:Round 300's server train  acc:  17.32%, train loss: 2.0940
INFO:root:Round 300's server test   acc:  17.12%, test  loss: 2.0988
INFO:root:Round 400's server train  acc:  20.72%, train loss: 1.9943
INFO:root:Round 400's server test   acc:  20.68%, test  loss: 2.0006
INFO:root:Round 500's server train  acc:  25.51%, train loss: 1.9222
INFO:root:Round 500's server test   acc:  25.42%, test  loss: 1.9294
INFO:root:Round 600's server train  acc:  27.08%, train loss: 1.9210
INFO:root:Round 600's server test   acc:  26.95%, test  loss: 1.9284
INFO:root:Round 700's server train  acc:  24.28%, train loss: 1.9072
INFO:root:Round 700's server test   acc:  24.20%, test  loss: 1.9139
INFO:root:Round 800's server train  acc:  34.31%, train loss: 1.7214
INFO:root:Round 800's server test   acc:  33.85%, test  loss: 1.7301
INFO:root:Round 900's server train  acc:  33.49%, train loss: 1.7478
INFO:root:Round 900's server test   acc:  33.39%, test  loss: 1.7544
INFO:root:Round 1000's server train  acc:  33.72%, train loss: 1.7285
INFO:root:Round 1000's server test   acc:  33.75%, test  loss: 1.7339
INFO:root:Round 1100's server train  acc:  34.49%, train loss: 1.7458
INFO:root:Round 1100's server test   acc:  34.44%, test  loss: 1.7549
INFO:root:Round 1200's server train  acc:  34.29%, train loss: 1.7244
INFO:root:Round 1200's server test   acc:  34.12%, test  loss: 1.7339
INFO:root:Round 1300's server train  acc:  41.33%, train loss: 1.5400
INFO:root:Round 1300's server test   acc:  40.94%, test  loss: 1.5521
INFO:root:Round 1400's server train  acc:  40.39%, train loss: 1.6334
INFO:root:Round 1400's server test   acc:  39.51%, test  loss: 1.6460
INFO:root:Round 1500's server train  acc:  43.69%, train loss: 1.5210
INFO:root:Round 1500's server test   acc:  43.09%, test  loss: 1.5339
INFO:root:Round 1600's server train  acc:  41.90%, train loss: 1.5745
INFO:root:Round 1600's server test   acc:  41.39%, test  loss: 1.5879
INFO:root:Round 1700's server train  acc:  45.63%, train loss: 1.4656
INFO:root:Round 1700's server test   acc:  45.03%, test  loss: 1.4802
INFO:root:Round 1800's server train  acc:  44.34%, train loss: 1.4981
INFO:root:Round 1800's server test   acc:  43.72%, test  loss: 1.5135
INFO:root:Round 1900's server train  acc:  41.21%, train loss: 1.5822
INFO:root:Round 1900's server test   acc:  40.82%, test  loss: 1.5966
INFO:root:Round 2000's server train  acc:  41.80%, train loss: 1.5434
INFO:root:Round 2000's server test   acc:  41.17%, test  loss: 1.5573
INFO:root:Round 2100's server train  acc:  45.31%, train loss: 1.4528
INFO:root:Round 2100's server test   acc:  44.81%, test  loss: 1.4695
INFO:root:Round 2200's server train  acc:  40.59%, train loss: 1.6109
INFO:root:Round 2200's server test   acc:  40.38%, test  loss: 1.6284
INFO:root:Round 2300's server train  acc:  48.24%, train loss: 1.3825
INFO:root:Round 2300's server test   acc:  47.41%, test  loss: 1.4017
INFO:root:Round 2400's server train  acc:  49.27%, train loss: 1.3801
INFO:root:Round 2400's server test   acc:  48.47%, test  loss: 1.4023
INFO:root:Round 2500's server train  acc:  49.49%, train loss: 1.3811
INFO:root:Round 2500's server test   acc:  48.45%, test  loss: 1.4024
INFO:root:Round 2600's server train  acc:  48.51%, train loss: 1.3945
INFO:root:Round 2600's server test   acc:  47.64%, test  loss: 1.4208
INFO:root:Round 2700's server train  acc:  52.69%, train loss: 1.2676
INFO:root:Round 2700's server test   acc:  51.89%, test  loss: 1.2921
INFO:root:Round 2800's server train  acc:  53.12%, train loss: 1.2819
INFO:root:Round 2800's server test   acc:  52.10%, test  loss: 1.3043
INFO:root:Round 2900's server train  acc:  53.00%, train loss: 1.3081
INFO:root:Round 2900's server test   acc:  51.87%, test  loss: 1.3350
INFO:root:Round 3000's server train  acc:  54.42%, train loss: 1.2419
INFO:root:Round 3000's server test   acc:  53.42%, test  loss: 1.2705
INFO:root:Round 3100's server train  acc:  53.89%, train loss: 1.2645
INFO:root:Round 3100's server test   acc:  52.91%, test  loss: 1.2905
INFO:root:Round 3200's server train  acc:  51.80%, train loss: 1.2944
INFO:root:Round 3200's server test   acc:  50.97%, test  loss: 1.3193
INFO:root:Round 3300's server train  acc:  52.35%, train loss: 1.3138
INFO:root:Round 3300's server test   acc:  51.35%, test  loss: 1.3419
INFO:root:Round 3400's server train  acc:  49.76%, train loss: 1.3608
INFO:root:Round 3400's server test   acc:  49.01%, test  loss: 1.3882
INFO:root:Round 3500's server train  acc:  55.67%, train loss: 1.2040
INFO:root:Round 3500's server test   acc:  54.49%, test  loss: 1.2404
INFO:root:Round 3600's server train  acc:  56.72%, train loss: 1.1945
INFO:root:Round 3600's server test   acc:  55.55%, test  loss: 1.2258
INFO:root:Round 3700's server train  acc:  55.21%, train loss: 1.2133
INFO:root:Round 3700's server test   acc:  54.08%, test  loss: 1.2449
INFO:root:Round 3800's server train  acc:  57.47%, train loss: 1.1796
INFO:root:Round 3800's server test   acc:  56.10%, test  loss: 1.2138
INFO:root:Round 3900's server train  acc:  58.69%, train loss: 1.1278
INFO:root:Round 3900's server test   acc:  57.42%, test  loss: 1.1642
INFO:root:Round 4000's server train  acc:  56.50%, train loss: 1.2016
INFO:root:Round 4000's server test   acc:  55.27%, test  loss: 1.2380
INFO:root:Round 4100's server train  acc:  58.07%, train loss: 1.1599
INFO:root:Round 4100's server test   acc:  56.52%, test  loss: 1.1969
INFO:root:Round 4200's server train  acc:  58.25%, train loss: 1.1550
INFO:root:Round 4200's server test   acc:  56.98%, test  loss: 1.1915
INFO:root:Round 4300's server train  acc:  57.84%, train loss: 1.1623
INFO:root:Round 4300's server test   acc:  56.55%, test  loss: 1.2019
INFO:root:Round 4400's server train  acc:  56.20%, train loss: 1.2199
INFO:root:Round 4400's server test   acc:  54.96%, test  loss: 1.2626
INFO:root:Round 4500's server train  acc:  55.79%, train loss: 1.2066
INFO:root:Round 4500's server test   acc:  54.80%, test  loss: 1.2454
INFO:root:Round 4600's server train  acc:  59.49%, train loss: 1.1121
INFO:root:Round 4600's server test   acc:  58.02%, test  loss: 1.1553
INFO:root:Round 4700's server train  acc:  59.25%, train loss: 1.1143
INFO:root:Round 4700's server test   acc:  57.79%, test  loss: 1.1615
INFO:root:Round 4800's server train  acc:  59.84%, train loss: 1.0995
INFO:root:Round 4800's server test   acc:  58.52%, test  loss: 1.1427
INFO:root:Round 4900's server train  acc:  60.32%, train loss: 1.1065
INFO:root:Round 4900's server test   acc:  58.69%, test  loss: 1.1553
INFO:root:Round 5000's server train  acc:  61.60%, train loss: 1.0692
INFO:root:Round 5000's server test   acc:  59.96%, test  loss: 1.1133
INFO:root:Round 5100's server train  acc:  60.51%, train loss: 1.1003
INFO:root:Round 5100's server test   acc:  58.64%, test  loss: 1.1473
INFO:root:Round 5200's server train  acc:  61.35%, train loss: 1.0605
INFO:root:Round 5200's server test   acc:  59.58%, test  loss: 1.1098
INFO:root:Round 5300's server train  acc:  61.35%, train loss: 1.0775
INFO:root:Round 5300's server test   acc:  59.70%, test  loss: 1.1259
INFO:root:Round 5400's server train  acc:  62.83%, train loss: 1.0205
INFO:root:Round 5400's server test   acc:  61.15%, test  loss: 1.0709
INFO:root:Round 5500's server train  acc:  61.56%, train loss: 1.0645
INFO:root:Round 5500's server test   acc:  59.79%, test  loss: 1.1194
INFO:root:Round 5600's server train  acc:  61.21%, train loss: 1.0564
INFO:root:Round 5600's server test   acc:  59.30%, test  loss: 1.1125
INFO:root:Round 5700's server train  acc:  63.23%, train loss: 1.0199
INFO:root:Round 5700's server test   acc:  61.19%, test  loss: 1.0780
INFO:root:Round 5800's server train  acc:  63.21%, train loss: 1.0115
INFO:root:Round 5800's server test   acc:  61.15%, test  loss: 1.0725
INFO:root:Round 5900's server train  acc:  62.94%, train loss: 1.0300
INFO:root:Round 5900's server test   acc:  60.96%, test  loss: 1.0867
INFO:root:Round 6000's server train  acc:  62.95%, train loss: 1.0329
INFO:root:Round 6000's server test   acc:  60.77%, test  loss: 1.0925
INFO:root:Round 6100's server train  acc:  64.77%, train loss: 0.9754
INFO:root:Round 6100's server test   acc:  62.76%, test  loss: 1.0346
INFO:root:Round 6200's server train  acc:  63.13%, train loss: 1.0262
INFO:root:Round 6200's server test   acc:  61.21%, test  loss: 1.0857
INFO:root:Round 6300's server train  acc:  64.65%, train loss: 0.9818
INFO:root:Round 6300's server test   acc:  62.51%, test  loss: 1.0426
INFO:root:Round 6400's server train  acc:  64.02%, train loss: 0.9831
INFO:root:Round 6400's server test   acc:  61.65%, test  loss: 1.0512
INFO:root:Round 6500's server train  acc:  63.74%, train loss: 1.0097
INFO:root:Round 6500's server test   acc:  61.60%, test  loss: 1.0739
INFO:root:Round 6600's server train  acc:  63.71%, train loss: 1.0134
INFO:root:Round 6600's server test   acc:  61.19%, test  loss: 1.0824
INFO:root:Round 6700's server train  acc:  66.08%, train loss: 0.9439
INFO:root:Round 6700's server test   acc:  63.58%, test  loss: 1.0093
INFO:root:Round 6800's server train  acc:  66.09%, train loss: 0.9393
INFO:root:Round 6800's server test   acc:  63.45%, test  loss: 1.0072
INFO:root:Round 6900's server train  acc:  64.09%, train loss: 0.9819
INFO:root:Round 6900's server test   acc:  61.88%, test  loss: 1.0497
INFO:root:Round 7000's server train  acc:  66.84%, train loss: 0.9200
INFO:root:Round 7000's server test   acc:  64.13%, test  loss: 0.9929
INFO:root:Round 7100's server train  acc:  66.93%, train loss: 0.9224
INFO:root:Round 7100's server test   acc:  64.35%, test  loss: 0.9922
INFO:root:Round 7200's server train  acc:  65.92%, train loss: 0.9293
INFO:root:Round 7200's server test   acc:  63.32%, test  loss: 1.0054
INFO:root:Round 7300's server train  acc:  66.13%, train loss: 0.9355
INFO:root:Round 7300's server test   acc:  63.54%, test  loss: 1.0126
INFO:root:Round 7400's server train  acc:  65.93%, train loss: 0.9458
INFO:root:Round 7400's server test   acc:  63.52%, test  loss: 1.0233
INFO:root:Round 7500's server train  acc:  66.95%, train loss: 0.9186
INFO:root:Round 7500's server test   acc:  64.22%, test  loss: 0.9945
INFO:root:Round 7600's server train  acc:  66.51%, train loss: 0.9308
INFO:root:Round 7600's server test   acc:  63.92%, test  loss: 1.0081
INFO:root:Round 7700's server train  acc:  67.13%, train loss: 0.9106
INFO:root:Round 7700's server test   acc:  64.34%, test  loss: 0.9934
INFO:root:Round 7800's server train  acc:  68.42%, train loss: 0.8774
INFO:root:Round 7800's server test   acc:  65.43%, test  loss: 0.9618
INFO:root:Round 7900's server train  acc:  68.06%, train loss: 0.8786
INFO:root:Round 7900's server test   acc:  65.17%, test  loss: 0.9666
INFO:root:Round 8000's server train  acc:  67.30%, train loss: 0.9085
INFO:root:Round 8000's server test   acc:  64.38%, test  loss: 0.9937
INFO:root:Round 8100's server train  acc:  68.13%, train loss: 0.8838
INFO:root:Round 8100's server test   acc:  65.05%, test  loss: 0.9696
INFO:root:Round 8200's server train  acc:  66.66%, train loss: 0.9189
INFO:root:Round 8200's server test   acc:  63.94%, test  loss: 1.0050
INFO:root:Round 8300's server train  acc:  68.72%, train loss: 0.8744
INFO:root:Round 8300's server test   acc:  65.45%, test  loss: 0.9604
INFO:root:Round 8400's server train  acc:  68.26%, train loss: 0.8893
INFO:root:Round 8400's server test   acc:  65.17%, test  loss: 0.9749
INFO:root:Round 8500's server train  acc:  67.80%, train loss: 0.8874
INFO:root:Round 8500's server test   acc:  64.81%, test  loss: 0.9837
INFO:root:Round 8600's server train  acc:  66.25%, train loss: 0.9317
INFO:root:Round 8600's server test   acc:  63.30%, test  loss: 1.0189
INFO:root:Round 8700's server train  acc:  66.13%, train loss: 0.9365
INFO:root:Round 8700's server test   acc:  63.37%, test  loss: 1.0299
INFO:root:Round 8800's server train  acc:  68.16%, train loss: 0.8855
INFO:root:Round 8800's server test   acc:  65.05%, test  loss: 0.9870
INFO:root:Round 8900's server train  acc:  67.30%, train loss: 0.8889
INFO:root:Round 8900's server test   acc:  63.97%, test  loss: 0.9858
INFO:root:Round 9000's server train  acc:  68.90%, train loss: 0.8556
INFO:root:Round 9000's server test   acc:  65.48%, test  loss: 0.9542
INFO:root:Round 9100's server train  acc:  68.77%, train loss: 0.8694
INFO:root:Round 9100's server test   acc:  65.35%, test  loss: 0.9727
INFO:root:Round 9200's server train  acc:  69.35%, train loss: 0.8627
INFO:root:Round 9200's server test   acc:  66.02%, test  loss: 0.9648
INFO:root:Round 9300's server train  acc:  70.26%, train loss: 0.8299
INFO:root:Round 9300's server test   acc:  66.67%, test  loss: 0.9337
INFO:root:Round 9400's server train  acc:  69.13%, train loss: 0.8504
INFO:root:Round 9400's server test   acc:  65.50%, test  loss: 0.9536
INFO:root:Round 9500's server train  acc:  70.35%, train loss: 0.8236
INFO:root:Round 9500's server test   acc:  66.70%, test  loss: 0.9314
INFO:root:Round 9600's server train  acc:  67.46%, train loss: 0.9133
INFO:root:Round 9600's server test   acc:  64.13%, test  loss: 1.0264
INFO:root:Round 9700's server train  acc:  70.83%, train loss: 0.8154
INFO:root:Round 9700's server test   acc:  66.97%, test  loss: 0.9184
INFO:root:Round 9800's server train  acc:  68.11%, train loss: 0.8934
INFO:root:Round 9800's server test   acc:  64.66%, test  loss: 1.0042
INFO:root:Round 9900's server train  acc:  68.71%, train loss: 0.8666
INFO:root:Round 9900's server test   acc:  65.36%, test  loss: 0.9752
INFO:root:Round 10000's server train  acc:  67.26%, train loss: 0.9206
INFO:root:Round 10000's server test   acc:  63.48%, test  loss: 1.0422
INFO:root:Round 10100's server train  acc:  69.70%, train loss: 0.8421
INFO:root:Round 10100's server test   acc:  65.94%, test  loss: 0.9584
INFO:root:Round 10200's server train  acc:  70.41%, train loss: 0.8252
INFO:root:Round 10200's server test   acc:  66.40%, test  loss: 0.9420
INFO:root:Round 10300's server train  acc:  70.98%, train loss: 0.8050
INFO:root:Round 10300's server test   acc:  67.01%, test  loss: 0.9194
INFO:root:Round 10400's server train  acc:  70.85%, train loss: 0.8071
INFO:root:Round 10400's server test   acc:  66.81%, test  loss: 0.9249
INFO:root:Round 10500's server train  acc:  70.31%, train loss: 0.8123
INFO:root:Round 10500's server test   acc:  66.48%, test  loss: 0.9301
INFO:root:Round 10600's server train  acc:  71.25%, train loss: 0.8036
INFO:root:Round 10600's server test   acc:  67.05%, test  loss: 0.9236
INFO:root:Round 10700's server train  acc:  71.68%, train loss: 0.7853
INFO:root:Round 10700's server test   acc:  67.73%, test  loss: 0.9067
INFO:root:Round 10800's server train  acc:  71.02%, train loss: 0.8079
INFO:root:Round 10800's server test   acc:  66.93%, test  loss: 0.9359
INFO:root:Round 10900's server train  acc:  72.32%, train loss: 0.7662
INFO:root:Round 10900's server test   acc:  68.14%, test  loss: 0.8915
INFO:root:Round 11000's server train  acc:  69.27%, train loss: 0.8403
INFO:root:Round 11000's server test   acc:  65.52%, test  loss: 0.9645
INFO:root:Round 11100's server train  acc:  69.60%, train loss: 0.8354
INFO:root:Round 11100's server test   acc:  65.73%, test  loss: 0.9589
INFO:root:Round 11200's server train  acc:  71.60%, train loss: 0.7840
INFO:root:Round 11200's server test   acc:  67.24%, test  loss: 0.9189
INFO:root:Round 11300's server train  acc:  72.05%, train loss: 0.7752
INFO:root:Round 11300's server test   acc:  67.72%, test  loss: 0.9078
INFO:root:Round 11400's server train  acc:  68.28%, train loss: 0.8714
INFO:root:Round 11400's server test   acc:  64.57%, test  loss: 0.9930
INFO:root:Round 11500's server train  acc:  71.90%, train loss: 0.7762
INFO:root:Round 11500's server test   acc:  67.36%, test  loss: 0.9108
INFO:root:Round 11600's server train  acc:  71.37%, train loss: 0.7920
INFO:root:Round 11600's server test   acc:  67.19%, test  loss: 0.9235
INFO:root:Round 11700's server train  acc:  71.66%, train loss: 0.7814
INFO:root:Round 11700's server test   acc:  67.27%, test  loss: 0.9195
INFO:root:Round 11800's server train  acc:  72.91%, train loss: 0.7537
INFO:root:Round 11800's server test   acc:  68.18%, test  loss: 0.8898
INFO:root:Round 11900's server train  acc:  70.75%, train loss: 0.8126
INFO:root:Round 11900's server test   acc:  66.34%, test  loss: 0.9573
INFO:root:Round 12000's server train  acc:  72.53%, train loss: 0.7641
INFO:root:Round 12000's server test   acc:  67.97%, test  loss: 0.9038
INFO:root:Round 12100's server train  acc:  73.04%, train loss: 0.7474
INFO:root:Round 12100's server test   acc:  68.26%, test  loss: 0.8986
INFO:root:Round 12200's server train  acc:  72.05%, train loss: 0.7807
INFO:root:Round 12200's server test   acc:  67.52%, test  loss: 0.9232
INFO:root:Round 12300's server train  acc:  74.14%, train loss: 0.7133
INFO:root:Round 12300's server test   acc:  69.30%, test  loss: 0.8696
INFO:root:Round 12400's server train  acc:  73.32%, train loss: 0.7346
INFO:root:Round 12400's server test   acc:  68.50%, test  loss: 0.8912
INFO:root:Round 12500's server train  acc:  73.25%, train loss: 0.7393
INFO:root:Round 12500's server test   acc:  68.31%, test  loss: 0.8997
INFO:root:Round 12600's server train  acc:  71.49%, train loss: 0.7993
INFO:root:Round 12600's server test   acc:  66.81%, test  loss: 0.9550
INFO:root:Round 12700's server train  acc:  72.14%, train loss: 0.7649
INFO:root:Round 12700's server test   acc:  67.61%, test  loss: 0.9135
INFO:root:Round 12800's server train  acc:  71.35%, train loss: 0.7919
INFO:root:Round 12800's server test   acc:  66.66%, test  loss: 0.9516
INFO:root:Round 12900's server train  acc:  71.05%, train loss: 0.7925
INFO:root:Round 12900's server test   acc:  66.33%, test  loss: 0.9530
INFO:root:Round 13000's server train  acc:  69.94%, train loss: 0.8551
INFO:root:Round 13000's server test   acc:  65.38%, test  loss: 1.0087
INFO:root:Round 13100's server train  acc:  70.37%, train loss: 0.8194
INFO:root:Round 13100's server test   acc:  65.59%, test  loss: 0.9760
INFO:root:Round 13200's server train  acc:  73.36%, train loss: 0.7353
INFO:root:Round 13200's server test   acc:  68.12%, test  loss: 0.8946
INFO:root:Round 13300's server train  acc:  73.22%, train loss: 0.7303
INFO:root:Round 13300's server test   acc:  68.08%, test  loss: 0.8915
INFO:root:Round 13400's server train  acc:  72.13%, train loss: 0.7709
INFO:root:Round 13400's server test   acc:  67.36%, test  loss: 0.9368
INFO:root:Round 13500's server train  acc:  74.44%, train loss: 0.7069
INFO:root:Round 13500's server test   acc:  68.97%, test  loss: 0.8676
INFO:root:Round 13600's server train  acc:  71.38%, train loss: 0.8052
INFO:root:Round 13600's server test   acc:  66.58%, test  loss: 0.9755
INFO:root:Round 13700's server train  acc:  71.29%, train loss: 0.7974
INFO:root:Round 13700's server test   acc:  66.31%, test  loss: 0.9698
INFO:root:Round 13800's server train  acc:  71.87%, train loss: 0.7777
INFO:root:Round 13800's server test   acc:  67.10%, test  loss: 0.9541
INFO:root:Round 13900's server train  acc:  74.49%, train loss: 0.7043
INFO:root:Round 13900's server test   acc:  69.00%, test  loss: 0.8656
INFO:root:Round 14000's server train  acc:  74.55%, train loss: 0.6979
INFO:root:Round 14000's server test   acc:  69.07%, test  loss: 0.8766
INFO:root:Round 14100's server train  acc:  74.54%, train loss: 0.6999
INFO:root:Round 14100's server test   acc:  69.08%, test  loss: 0.8905
INFO:root:Round 14200's server train  acc:  74.99%, train loss: 0.6868
INFO:root:Round 14200's server test   acc:  69.34%, test  loss: 0.8653
INFO:root:Round 14300's server train  acc:  72.97%, train loss: 0.7398
INFO:root:Round 14300's server test   acc:  67.51%, test  loss: 0.9192
INFO:root:Round 14400's server train  acc:  74.29%, train loss: 0.7031
INFO:root:Round 14400's server test   acc:  68.84%, test  loss: 0.8786
INFO:root:Round 14500's server train  acc:  73.72%, train loss: 0.7302
INFO:root:Round 14500's server test   acc:  68.38%, test  loss: 0.9079
INFO:root:Round 14600's server train  acc:  75.62%, train loss: 0.6713
INFO:root:Round 14600's server test   acc:  69.89%, test  loss: 0.8514
INFO:root:Round 14700's server train  acc:  73.60%, train loss: 0.7212
INFO:root:Round 14700's server test   acc:  67.87%, test  loss: 0.9175
INFO:root:Round 14800's server train  acc:  74.51%, train loss: 0.7020
INFO:root:Round 14800's server test   acc:  68.74%, test  loss: 0.8972
INFO:root:Round 14900's server train  acc:  75.74%, train loss: 0.6659
INFO:root:Round 14900's server test   acc:  69.69%, test  loss: 0.8571
INFO:root:Round 15000's server train  acc:  74.03%, train loss: 0.7116
INFO:root:Round 15000's server test   acc:  68.26%, test  loss: 0.8986
INFO:root:Round 15100's server train  acc:  75.51%, train loss: 0.6781
INFO:root:Round 15100's server test   acc:  69.71%, test  loss: 0.8615
INFO:root:Round 15200's server train  acc:  73.38%, train loss: 0.7400
INFO:root:Round 15200's server test   acc:  67.76%, test  loss: 0.9379
INFO:root:Round 15300's server train  acc:  75.95%, train loss: 0.6619
INFO:root:Round 15300's server test   acc:  69.89%, test  loss: 0.8506
INFO:root:Round 15400's server train  acc:  73.92%, train loss: 0.7217
INFO:root:Round 15400's server test   acc:  68.32%, test  loss: 0.9205
INFO:root:Round 15500's server train  acc:  74.13%, train loss: 0.7003
INFO:root:Round 15500's server test   acc:  68.32%, test  loss: 0.9058
INFO:root:Round 15600's server train  acc:  76.23%, train loss: 0.6562
INFO:root:Round 15600's server test   acc:  69.87%, test  loss: 0.8629
INFO:root:Round 15700's server train  acc:  76.56%, train loss: 0.6447
INFO:root:Round 15700's server test   acc:  70.30%, test  loss: 0.8505
INFO:root:Round 15800's server train  acc:  75.24%, train loss: 0.6752
INFO:root:Round 15800's server test   acc:  69.43%, test  loss: 0.8752
INFO:root:Round 15900's server train  acc:  76.09%, train loss: 0.6546
INFO:root:Round 15900's server test   acc:  69.70%, test  loss: 0.8635
INFO:root:Round 16000's server train  acc:  76.72%, train loss: 0.6411
INFO:root:Round 16000's server test   acc:  70.29%, test  loss: 0.8476
INFO:root:Round 16100's server train  acc:  76.59%, train loss: 0.6467
INFO:root:Round 16100's server test   acc:  70.18%, test  loss: 0.8552
INFO:root:Round 16200's server train  acc:  75.70%, train loss: 0.6651
INFO:root:Round 16200's server test   acc:  69.27%, test  loss: 0.8720
INFO:root:Round 16300's server train  acc:  75.12%, train loss: 0.6809
INFO:root:Round 16300's server test   acc:  69.16%, test  loss: 0.8962
INFO:root:Round 16400's server train  acc:  75.39%, train loss: 0.6713
INFO:root:Round 16400's server test   acc:  69.18%, test  loss: 0.8829
INFO:root:Round 16500's server train  acc:  75.94%, train loss: 0.6588
INFO:root:Round 16500's server test   acc:  69.59%, test  loss: 0.8672
INFO:root:Round 16600's server train  acc:  76.59%, train loss: 0.6482
INFO:root:Round 16600's server test   acc:  70.03%, test  loss: 0.8604
INFO:root:Round 16700's server train  acc:  77.48%, train loss: 0.6202
INFO:root:Round 16700's server test   acc:  70.55%, test  loss: 0.8350
INFO:root:Round 16800's server train  acc:  75.22%, train loss: 0.6822
INFO:root:Round 16800's server test   acc:  69.12%, test  loss: 0.9202
INFO:root:Round 16900's server train  acc:  76.91%, train loss: 0.6368
INFO:root:Round 16900's server test   acc:  69.94%, test  loss: 0.8681
INFO:root:Round 17000's server train  acc:  77.46%, train loss: 0.6209
INFO:root:Round 17000's server test   acc:  70.66%, test  loss: 0.8657
INFO:root:Round 17100's server train  acc:  76.47%, train loss: 0.6490
INFO:root:Round 17100's server test   acc:  69.68%, test  loss: 0.8822
INFO:root:Round 17200's server train  acc:  76.13%, train loss: 0.6613
INFO:root:Round 17200's server test   acc:  69.39%, test  loss: 0.8926
INFO:root:Round 17300's server train  acc:  76.67%, train loss: 0.6364
INFO:root:Round 17300's server test   acc:  69.71%, test  loss: 0.8690
INFO:root:Round 17400's server train  acc:  76.33%, train loss: 0.6456
INFO:root:Round 17400's server test   acc:  69.70%, test  loss: 0.8745
INFO:root:Round 17500's server train  acc:  77.34%, train loss: 0.6369
INFO:root:Round 17500's server test   acc:  70.13%, test  loss: 0.8559
INFO:root:Round 17600's server train  acc:  76.41%, train loss: 0.6563
INFO:root:Round 17600's server test   acc:  69.36%, test  loss: 0.8886
INFO:root:Round 17700's server train  acc:  74.60%, train loss: 0.7140
INFO:root:Round 17700's server test   acc:  68.20%, test  loss: 0.9416
INFO:root:Round 17800's server train  acc:  74.82%, train loss: 0.7056
INFO:root:Round 17800's server test   acc:  68.01%, test  loss: 0.9648
INFO:root:Round 17900's server train  acc:  75.76%, train loss: 0.6642
INFO:root:Round 17900's server test   acc:  68.88%, test  loss: 0.9061
INFO:root:Round 18000's server train  acc:  78.34%, train loss: 0.5914
INFO:root:Round 18000's server test   acc:  70.74%, test  loss: 0.8400
INFO:root:Round 18100's server train  acc:  77.89%, train loss: 0.6038
INFO:root:Round 18100's server test   acc:  70.26%, test  loss: 0.8471
INFO:root:Round 18200's server train  acc:  76.84%, train loss: 0.6311
INFO:root:Round 18200's server test   acc:  69.52%, test  loss: 0.8783
INFO:root:Round 18300's server train  acc:  78.45%, train loss: 0.5930
INFO:root:Round 18300's server test   acc:  70.78%, test  loss: 0.8414
INFO:root:Round 18400's server train  acc:  77.85%, train loss: 0.6046
INFO:root:Round 18400's server test   acc:  70.21%, test  loss: 0.8574
INFO:root:Round 18500's server train  acc:  76.28%, train loss: 0.6450
INFO:root:Round 18500's server test   acc:  69.19%, test  loss: 0.8997
INFO:root:Round 18600's server train  acc:  76.84%, train loss: 0.6344
INFO:root:Round 18600's server test   acc:  69.41%, test  loss: 0.8936
INFO:root:Round 18700's server train  acc:  78.45%, train loss: 0.5931
INFO:root:Round 18700's server test   acc:  70.62%, test  loss: 0.8490
INFO:root:Round 18800's server train  acc:  77.39%, train loss: 0.6127
INFO:root:Round 18800's server test   acc:  69.67%, test  loss: 0.8704
INFO:root:Round 18900's server train  acc:  77.45%, train loss: 0.6215
INFO:root:Round 18900's server test   acc:  69.68%, test  loss: 0.8756
INFO:root:Round 19000's server train  acc:  77.60%, train loss: 0.6101
INFO:root:Round 19000's server test   acc:  69.76%, test  loss: 0.8816
INFO:root:Round 19100's server train  acc:  78.35%, train loss: 0.5955
INFO:root:Round 19100's server test   acc:  70.32%, test  loss: 0.8564
INFO:root:Round 19200's server train  acc:  76.61%, train loss: 0.6411
INFO:root:Round 19200's server test   acc:  68.92%, test  loss: 0.9074
INFO:root:Round 19300's server train  acc:  78.67%, train loss: 0.5870
INFO:root:Round 19300's server test   acc:  70.44%, test  loss: 0.8500
INFO:root:Round 19400's server train  acc:  77.68%, train loss: 0.6116
INFO:root:Round 19400's server test   acc:  69.65%, test  loss: 0.8773
INFO:root:Round 19500's server train  acc:  78.72%, train loss: 0.5867
INFO:root:Round 19500's server test   acc:  70.46%, test  loss: 0.8666
INFO:root:Round 19600's server train  acc:  77.91%, train loss: 0.6068
INFO:root:Round 19600's server test   acc:  70.08%, test  loss: 0.8950
INFO:root:Round 19700's server train  acc:  77.17%, train loss: 0.6281
INFO:root:Round 19700's server test   acc:  69.22%, test  loss: 0.9015
INFO:root:Round 19800's server train  acc:  78.71%, train loss: 0.5881
INFO:root:Round 19800's server test   acc:  70.66%, test  loss: 0.8662
INFO:root:Round 19900's server train  acc:  77.58%, train loss: 0.6125
INFO:root:Round 19900's server test   acc:  69.88%, test  loss: 0.9125
INFO:root:Round 20000's server train  acc:  76.36%, train loss: 0.6300
INFO:root:Round 20000's server test   acc:  68.56%, test  loss: 0.9033
INFO:root:TrainingTime: 16586.31921005249 sec
