INFO:root:Namespace(m='wvgg9k4', d='cifar100', s=2, R=20000, K=5, M=1000, P=10, partition='exdir', alpha=[1, 100.0], optim='sgd', lr=0.1, lr_decay=1.0, momentum=0.0, weight_decay=0.0, global_lr=1.0, batch_size=20, seed=0, clip=10, log='info+log', eval_every=100, device=1, start_round=0, save_model=0)
INFO:root:record_name: BalancingFedAvgII1.0_M1000_P10_K5_R20000,100_wvgg9k4_cifar100_exdir1,100.0_sgd0.1,1.0,0.0,0.0_b20_seed0_clip10
INFO:root:VGG(
  (features): Sequential(
    (0): Conv2d(3, 32, kernel_size=(3, 3), stride=(1, 1), padding=(1, 1))
    (1): ReLU(inplace=True)
    (2): MaxPool2d(kernel_size=2, stride=2, padding=0, dilation=1, ceil_mode=False)
    (3): Conv2d(32, 64, kernel_size=(3, 3), stride=(1, 1), padding=(1, 1))
    (4): ReLU(inplace=True)
    (5): MaxPool2d(kernel_size=2, stride=2, padding=0, dilation=1, ceil_mode=False)
    (6): Conv2d(64, 128, kernel_size=(3, 3), stride=(1, 1), padding=(1, 1))
    (7): ReLU(inplace=True)
    (8): Conv2d(128, 128, kernel_size=(3, 3), stride=(1, 1), padding=(1, 1))
    (9): ReLU(inplace=True)
    (10): MaxPool2d(kernel_size=2, stride=2, padding=0, dilation=1, ceil_mode=False)
    (11): Conv2d(128, 256, kernel_size=(3, 3), stride=(1, 1), padding=(1, 1))
    (12): ReLU(inplace=True)
    (13): Conv2d(256, 256, kernel_size=(3, 3), stride=(1, 1), padding=(1, 1))
    (14): ReLU(inplace=True)
    (15): MaxPool2d(kernel_size=2, stride=2, padding=0, dilation=1, ceil_mode=False)
    (16): Conv2d(256, 256, kernel_size=(3, 3), stride=(1, 1), padding=(1, 1))
    (17): ReLU(inplace=True)
    (18): Conv2d(256, 256, kernel_size=(3, 3), stride=(1, 1), padding=(1, 1))
    (19): ReLU(inplace=True)
    (20): MaxPool2d(kernel_size=2, stride=2, padding=0, dilation=1, ceil_mode=False)
  )
  (avgpool): AdaptiveAvgPool2d(output_size=(1, 1))
  (flatten): Flatten(start_dim=1, end_dim=-1)
  (classifier): Linear(in_features=256, out_features=100, bias=True)
)
INFO:root:Round 100's server train  acc:   1.00%, train loss: 4.7845
INFO:root:Round 100's server test   acc:   1.00%, test  loss: 4.7848
INFO:root:Round 200's server train  acc:   1.00%, train loss: 4.7155
INFO:root:Round 200's server test   acc:   1.00%, test  loss: 4.7157
INFO:root:Round 300's server train  acc:   1.00%, train loss: 4.6656
INFO:root:Round 300's server test   acc:   1.00%, test  loss: 4.6658
INFO:root:Round 400's server train  acc:   1.00%, train loss: 4.6539
INFO:root:Round 400's server test   acc:   1.00%, test  loss: 4.6540
INFO:root:Round 500's server train  acc:   1.00%, train loss: 4.6652
INFO:root:Round 500's server test   acc:   1.00%, test  loss: 4.6653
INFO:root:Round 600's server train  acc:   1.14%, train loss: 4.6049
INFO:root:Round 600's server test   acc:   1.15%, test  loss: 4.6052
INFO:root:Round 700's server train  acc:   2.30%, train loss: 4.5183
INFO:root:Round 700's server test   acc:   2.34%, test  loss: 4.5162
INFO:root:Round 800's server train  acc:   2.78%, train loss: 4.3694
INFO:root:Round 800's server test   acc:   2.88%, test  loss: 4.3695
INFO:root:Round 900's server train  acc:   1.88%, train loss: 4.3617
INFO:root:Round 900's server test   acc:   1.88%, test  loss: 4.3636
INFO:root:Round 1000's server train  acc:   2.46%, train loss: 4.3204
INFO:root:Round 1000's server test   acc:   2.56%, test  loss: 4.3283
INFO:root:Round 1100's server train  acc:   3.92%, train loss: 4.2241
INFO:root:Round 1100's server test   acc:   3.74%, test  loss: 4.2308
INFO:root:Round 1200's server train  acc:   4.31%, train loss: 4.1712
INFO:root:Round 1200's server test   acc:   4.40%, test  loss: 4.1773
INFO:root:Round 1300's server train  acc:   4.47%, train loss: 4.1224
INFO:root:Round 1300's server test   acc:   4.52%, test  loss: 4.1313
INFO:root:Round 1400's server train  acc:   5.19%, train loss: 4.0585
INFO:root:Round 1400's server test   acc:   4.96%, test  loss: 4.0695
INFO:root:Round 1500's server train  acc:   4.58%, train loss: 4.0590
INFO:root:Round 1500's server test   acc:   4.34%, test  loss: 4.0740
INFO:root:Round 1600's server train  acc:   6.60%, train loss: 3.9610
INFO:root:Round 1600's server test   acc:   6.50%, test  loss: 3.9705
INFO:root:Round 1700's server train  acc:   7.41%, train loss: 3.9556
INFO:root:Round 1700's server test   acc:   7.28%, test  loss: 3.9607
INFO:root:Round 1800's server train  acc:   7.55%, train loss: 3.8915
INFO:root:Round 1800's server test   acc:   7.50%, test  loss: 3.9010
INFO:root:Round 1900's server train  acc:   7.02%, train loss: 3.8853
INFO:root:Round 1900's server test   acc:   6.64%, test  loss: 3.9005
INFO:root:Round 2000's server train  acc:   9.36%, train loss: 3.8653
INFO:root:Round 2000's server test   acc:   9.17%, test  loss: 3.8788
INFO:root:Round 2100's server train  acc:   9.74%, train loss: 3.7995
INFO:root:Round 2100's server test   acc:   9.54%, test  loss: 3.8157
INFO:root:Round 2200's server train  acc:  10.60%, train loss: 3.7343
INFO:root:Round 2200's server test   acc:  10.25%, test  loss: 3.7528
INFO:root:Round 2300's server train  acc:   7.40%, train loss: 3.9880
INFO:root:Round 2300's server test   acc:   7.39%, test  loss: 4.0024
INFO:root:Round 2400's server train  acc:  12.03%, train loss: 3.6635
INFO:root:Round 2400's server test   acc:  11.78%, test  loss: 3.6838
INFO:root:Round 2500's server train  acc:  11.81%, train loss: 3.7119
INFO:root:Round 2500's server test   acc:  11.42%, test  loss: 3.7335
INFO:root:Round 2600's server train  acc:  11.92%, train loss: 3.7224
INFO:root:Round 2600's server test   acc:  11.93%, test  loss: 3.7396
INFO:root:Round 2700's server train  acc:  15.66%, train loss: 3.4762
INFO:root:Round 2700's server test   acc:  15.71%, test  loss: 3.5082
INFO:root:Round 2800's server train  acc:  15.09%, train loss: 3.4812
INFO:root:Round 2800's server test   acc:  14.83%, test  loss: 3.5091
INFO:root:Round 2900's server train  acc:  15.93%, train loss: 3.4544
INFO:root:Round 2900's server test   acc:  15.62%, test  loss: 3.4882
INFO:root:Round 3000's server train  acc:  15.75%, train loss: 3.4423
INFO:root:Round 3000's server test   acc:  15.67%, test  loss: 3.4737
INFO:root:Round 3100's server train  acc:  17.59%, train loss: 3.4046
INFO:root:Round 3100's server test   acc:  17.35%, test  loss: 3.4380
INFO:root:Round 3200's server train  acc:  16.83%, train loss: 3.4607
INFO:root:Round 3200's server test   acc:  16.49%, test  loss: 3.5076
INFO:root:Round 3300's server train  acc:  19.90%, train loss: 3.2809
INFO:root:Round 3300's server test   acc:  19.19%, test  loss: 3.3242
INFO:root:Round 3400's server train  acc:  18.71%, train loss: 3.2594
INFO:root:Round 3400's server test   acc:  17.94%, test  loss: 3.3091
INFO:root:Round 3500's server train  acc:  22.50%, train loss: 3.1236
INFO:root:Round 3500's server test   acc:  22.13%, test  loss: 3.1720
INFO:root:Round 3600's server train  acc:  21.31%, train loss: 3.1573
INFO:root:Round 3600's server test   acc:  20.65%, test  loss: 3.2103
INFO:root:Round 3700's server train  acc:  23.56%, train loss: 3.0914
INFO:root:Round 3700's server test   acc:  22.79%, test  loss: 3.1474
INFO:root:Round 3800's server train  acc:  23.38%, train loss: 3.0782
INFO:root:Round 3800's server test   acc:  22.61%, test  loss: 3.1381
INFO:root:Round 3900's server train  acc:  25.47%, train loss: 2.9857
INFO:root:Round 3900's server test   acc:  24.52%, test  loss: 3.0456
INFO:root:Round 4000's server train  acc:  22.58%, train loss: 3.0868
INFO:root:Round 4000's server test   acc:  21.77%, test  loss: 3.1529
INFO:root:Round 4100's server train  acc:  25.75%, train loss: 2.9354
INFO:root:Round 4100's server test   acc:  24.76%, test  loss: 3.0025
INFO:root:Round 4200's server train  acc:  27.07%, train loss: 2.9044
INFO:root:Round 4200's server test   acc:  26.15%, test  loss: 2.9754
INFO:root:Round 4300's server train  acc:  28.08%, train loss: 2.8214
INFO:root:Round 4300's server test   acc:  27.09%, test  loss: 2.9050
INFO:root:Round 4400's server train  acc:  27.64%, train loss: 2.8484
INFO:root:Round 4400's server test   acc:  26.14%, test  loss: 2.9328
INFO:root:Round 4500's server train  acc:  29.30%, train loss: 2.7476
INFO:root:Round 4500's server test   acc:  28.02%, test  loss: 2.8346
INFO:root:Round 4600's server train  acc:  30.38%, train loss: 2.7352
INFO:root:Round 4600's server test   acc:  28.57%, test  loss: 2.8324
INFO:root:Round 4700's server train  acc:  31.11%, train loss: 2.7149
INFO:root:Round 4700's server test   acc:  29.31%, test  loss: 2.8072
INFO:root:Round 4800's server train  acc:  30.80%, train loss: 2.7033
INFO:root:Round 4800's server test   acc:  29.17%, test  loss: 2.8023
INFO:root:Round 4900's server train  acc:  32.53%, train loss: 2.6252
INFO:root:Round 4900's server test   acc:  30.56%, test  loss: 2.7311
INFO:root:Round 5000's server train  acc:  29.83%, train loss: 2.6983
INFO:root:Round 5000's server test   acc:  28.21%, test  loss: 2.8149
INFO:root:Round 5100's server train  acc:  33.16%, train loss: 2.5845
INFO:root:Round 5100's server test   acc:  31.17%, test  loss: 2.6956
INFO:root:Round 5200's server train  acc:  33.99%, train loss: 2.5931
INFO:root:Round 5200's server test   acc:  31.54%, test  loss: 2.6990
INFO:root:Round 5300's server train  acc:  33.79%, train loss: 2.5481
INFO:root:Round 5300's server test   acc:  31.23%, test  loss: 2.6797
INFO:root:Round 5400's server train  acc:  33.84%, train loss: 2.5656
INFO:root:Round 5400's server test   acc:  31.11%, test  loss: 2.6881
INFO:root:Round 5500's server train  acc:  35.08%, train loss: 2.4931
INFO:root:Round 5500's server test   acc:  32.11%, test  loss: 2.6259
INFO:root:Round 5600's server train  acc:  35.44%, train loss: 2.4462
INFO:root:Round 5600's server test   acc:  32.72%, test  loss: 2.5951
INFO:root:Round 5700's server train  acc:  33.22%, train loss: 2.5757
INFO:root:Round 5700's server test   acc:  31.26%, test  loss: 2.7041
INFO:root:Round 5800's server train  acc:  36.20%, train loss: 2.4366
INFO:root:Round 5800's server test   acc:  33.38%, test  loss: 2.5846
INFO:root:Round 5900's server train  acc:  37.34%, train loss: 2.3779
INFO:root:Round 5900's server test   acc:  34.31%, test  loss: 2.5386
INFO:root:Round 6000's server train  acc:  34.66%, train loss: 2.5073
INFO:root:Round 6000's server test   acc:  31.28%, test  loss: 2.6756
INFO:root:Round 6100's server train  acc:  37.23%, train loss: 2.3837
INFO:root:Round 6100's server test   acc:  34.11%, test  loss: 2.5467
INFO:root:Round 6200's server train  acc:  37.81%, train loss: 2.3727
INFO:root:Round 6200's server test   acc:  34.59%, test  loss: 2.5287
INFO:root:Round 6300's server train  acc:  35.85%, train loss: 2.4534
INFO:root:Round 6300's server test   acc:  33.04%, test  loss: 2.6240
INFO:root:Round 6400's server train  acc:  39.69%, train loss: 2.2770
INFO:root:Round 6400's server test   acc:  36.31%, test  loss: 2.4560
INFO:root:Round 6500's server train  acc:  39.46%, train loss: 2.2683
INFO:root:Round 6500's server test   acc:  35.78%, test  loss: 2.4541
INFO:root:Round 6600's server train  acc:  39.97%, train loss: 2.2560
INFO:root:Round 6600's server test   acc:  36.32%, test  loss: 2.4439
INFO:root:Round 6700's server train  acc:  41.42%, train loss: 2.1945
INFO:root:Round 6700's server test   acc:  37.02%, test  loss: 2.3908
INFO:root:Round 6800's server train  acc:  41.79%, train loss: 2.1731
INFO:root:Round 6800's server test   acc:  37.27%, test  loss: 2.3906
INFO:root:Round 6900's server train  acc:  41.43%, train loss: 2.1684
INFO:root:Round 6900's server test   acc:  37.32%, test  loss: 2.3919
INFO:root:Round 7000's server train  acc:  42.37%, train loss: 2.1555
INFO:root:Round 7000's server test   acc:  37.53%, test  loss: 2.3865
INFO:root:Round 7100's server train  acc:  37.82%, train loss: 2.3633
INFO:root:Round 7100's server test   acc:  34.79%, test  loss: 2.5690
INFO:root:Round 7200's server train  acc:  42.77%, train loss: 2.1209
INFO:root:Round 7200's server test   acc:  38.36%, test  loss: 2.3557
INFO:root:Round 7300's server train  acc:  43.80%, train loss: 2.0923
INFO:root:Round 7300's server test   acc:  39.02%, test  loss: 2.3237
INFO:root:Round 7400's server train  acc:  42.35%, train loss: 2.1536
INFO:root:Round 7400's server test   acc:  37.82%, test  loss: 2.4051
INFO:root:Round 7500's server train  acc:  44.35%, train loss: 2.0608
INFO:root:Round 7500's server test   acc:  38.66%, test  loss: 2.3181
INFO:root:Round 7600's server train  acc:  43.83%, train loss: 2.0944
INFO:root:Round 7600's server test   acc:  38.59%, test  loss: 2.3432
INFO:root:Round 7700's server train  acc:  45.48%, train loss: 2.0080
INFO:root:Round 7700's server test   acc:  40.22%, test  loss: 2.2741
INFO:root:Round 7800's server train  acc:  44.57%, train loss: 2.0572
INFO:root:Round 7800's server test   acc:  39.12%, test  loss: 2.3490
INFO:root:Round 7900's server train  acc:  44.66%, train loss: 2.0634
INFO:root:Round 7900's server test   acc:  39.32%, test  loss: 2.3374
INFO:root:Round 8000's server train  acc:  46.09%, train loss: 2.0013
INFO:root:Round 8000's server test   acc:  40.36%, test  loss: 2.2917
INFO:root:Round 8100's server train  acc:  42.12%, train loss: 2.1588
INFO:root:Round 8100's server test   acc:  37.83%, test  loss: 2.4316
INFO:root:Round 8200's server train  acc:  46.83%, train loss: 1.9619
INFO:root:Round 8200's server test   acc:  40.47%, test  loss: 2.2990
INFO:root:Round 8300's server train  acc:  47.11%, train loss: 1.9451
INFO:root:Round 8300's server test   acc:  41.18%, test  loss: 2.2680
INFO:root:Round 8400's server train  acc:  48.93%, train loss: 1.8618
INFO:root:Round 8400's server test   acc:  41.93%, test  loss: 2.1938
INFO:root:Round 8500's server train  acc:  47.26%, train loss: 1.9499
INFO:root:Round 8500's server test   acc:  40.77%, test  loss: 2.2924
INFO:root:Round 8600's server train  acc:  50.30%, train loss: 1.8047
INFO:root:Round 8600's server test   acc:  43.05%, test  loss: 2.1530
INFO:root:Round 8700's server train  acc:  47.74%, train loss: 1.9254
INFO:root:Round 8700's server test   acc:  40.93%, test  loss: 2.2738
INFO:root:Round 8800's server train  acc:  51.26%, train loss: 1.7909
INFO:root:Round 8800's server test   acc:  43.43%, test  loss: 2.1478
INFO:root:Round 8900's server train  acc:  50.12%, train loss: 1.8157
INFO:root:Round 8900's server test   acc:  42.31%, test  loss: 2.1867
INFO:root:Round 9000's server train  acc:  51.35%, train loss: 1.7697
INFO:root:Round 9000's server test   acc:  43.46%, test  loss: 2.1465
INFO:root:Round 9100's server train  acc:  49.90%, train loss: 1.8118
INFO:root:Round 9100's server test   acc:  42.51%, test  loss: 2.2090
INFO:root:Round 9200's server train  acc:  51.44%, train loss: 1.7729
INFO:root:Round 9200's server test   acc:  43.24%, test  loss: 2.1558
INFO:root:Round 9300's server train  acc:  53.27%, train loss: 1.6828
INFO:root:Round 9300's server test   acc:  44.89%, test  loss: 2.1022
INFO:root:Round 9400's server train  acc:  46.30%, train loss: 2.0046
INFO:root:Round 9400's server test   acc:  39.42%, test  loss: 2.4065
INFO:root:Round 9500's server train  acc:  52.22%, train loss: 1.7032
INFO:root:Round 9500's server test   acc:  43.66%, test  loss: 2.1478
INFO:root:Round 9600's server train  acc:  51.53%, train loss: 1.7578
INFO:root:Round 9600's server test   acc:  43.02%, test  loss: 2.1976
INFO:root:Round 9700's server train  acc:  51.61%, train loss: 1.7363
INFO:root:Round 9700's server test   acc:  43.34%, test  loss: 2.1792
INFO:root:Round 9800's server train  acc:  53.28%, train loss: 1.6834
INFO:root:Round 9800's server test   acc:  43.65%, test  loss: 2.1327
INFO:root:Round 9900's server train  acc:  51.97%, train loss: 1.7366
INFO:root:Round 9900's server test   acc:  43.44%, test  loss: 2.1900
INFO:root:Round 10000's server train  acc:  52.09%, train loss: 1.7238
INFO:root:Round 10000's server test   acc:  43.37%, test  loss: 2.1948
INFO:root:Round 10100's server train  acc:  55.37%, train loss: 1.5847
INFO:root:Round 10100's server test   acc:  45.40%, test  loss: 2.1042
INFO:root:Round 10200's server train  acc:  55.81%, train loss: 1.5892
INFO:root:Round 10200's server test   acc:  45.89%, test  loss: 2.0843
INFO:root:Round 10300's server train  acc:  55.83%, train loss: 1.5846
INFO:root:Round 10300's server test   acc:  45.29%, test  loss: 2.0924
INFO:root:Round 10400's server train  acc:  54.58%, train loss: 1.6273
INFO:root:Round 10400's server test   acc:  44.37%, test  loss: 2.1501
INFO:root:Round 10500's server train  acc:  54.85%, train loss: 1.6101
INFO:root:Round 10500's server test   acc:  44.30%, test  loss: 2.1394
INFO:root:Round 10600's server train  acc:  57.74%, train loss: 1.5122
INFO:root:Round 10600's server test   acc:  46.59%, test  loss: 2.0467
INFO:root:Round 10700's server train  acc:  55.88%, train loss: 1.5734
INFO:root:Round 10700's server test   acc:  44.99%, test  loss: 2.1288
INFO:root:Round 10800's server train  acc:  56.96%, train loss: 1.5253
INFO:root:Round 10800's server test   acc:  45.58%, test  loss: 2.0877
INFO:root:Round 10900's server train  acc:  57.31%, train loss: 1.5211
INFO:root:Round 10900's server test   acc:  45.30%, test  loss: 2.0923
INFO:root:Round 11000's server train  acc:  56.26%, train loss: 1.5722
INFO:root:Round 11000's server test   acc:  44.97%, test  loss: 2.1235
INFO:root:Round 11100's server train  acc:  58.81%, train loss: 1.4594
INFO:root:Round 11100's server test   acc:  46.13%, test  loss: 2.0592
INFO:root:Round 11200's server train  acc:  58.12%, train loss: 1.4923
INFO:root:Round 11200's server test   acc:  45.72%, test  loss: 2.0929
INFO:root:Round 11300's server train  acc:  59.03%, train loss: 1.4492
INFO:root:Round 11300's server test   acc:  46.32%, test  loss: 2.0825
INFO:root:Round 11400's server train  acc:  61.17%, train loss: 1.3602
INFO:root:Round 11400's server test   acc:  47.74%, test  loss: 2.0304
INFO:root:Round 11500's server train  acc:  60.42%, train loss: 1.4141
INFO:root:Round 11500's server test   acc:  46.53%, test  loss: 2.0507
INFO:root:Round 11600's server train  acc:  60.21%, train loss: 1.3920
INFO:root:Round 11600's server test   acc:  47.17%, test  loss: 2.0635
INFO:root:Round 11700's server train  acc:  60.84%, train loss: 1.3612
INFO:root:Round 11700's server test   acc:  46.73%, test  loss: 2.0659
INFO:root:Round 11800's server train  acc:  59.93%, train loss: 1.4017
INFO:root:Round 11800's server test   acc:  46.50%, test  loss: 2.0944
INFO:root:Round 11900's server train  acc:  61.71%, train loss: 1.3579
INFO:root:Round 11900's server test   acc:  46.53%, test  loss: 2.0743
INFO:root:Round 12000's server train  acc:  61.61%, train loss: 1.3451
INFO:root:Round 12000's server test   acc:  47.02%, test  loss: 2.0757
INFO:root:Round 12100's server train  acc:  60.53%, train loss: 1.3899
INFO:root:Round 12100's server test   acc:  46.50%, test  loss: 2.1236
INFO:root:Round 12200's server train  acc:  60.28%, train loss: 1.3968
INFO:root:Round 12200's server test   acc:  45.43%, test  loss: 2.1385
INFO:root:Round 12300's server train  acc:  61.30%, train loss: 1.3609
INFO:root:Round 12300's server test   acc:  45.89%, test  loss: 2.1484
INFO:root:Round 12400's server train  acc:  61.09%, train loss: 1.3647
INFO:root:Round 12400's server test   acc:  46.05%, test  loss: 2.1454
INFO:root:Round 12500's server train  acc:  64.44%, train loss: 1.2299
INFO:root:Round 12500's server test   acc:  47.87%, test  loss: 2.0546
INFO:root:Round 12600's server train  acc:  63.85%, train loss: 1.2545
INFO:root:Round 12600's server test   acc:  47.62%, test  loss: 2.0606
INFO:root:Round 12700's server train  acc:  62.32%, train loss: 1.3036
INFO:root:Round 12700's server test   acc:  46.81%, test  loss: 2.1113
INFO:root:Round 12800's server train  acc:  64.44%, train loss: 1.2264
INFO:root:Round 12800's server test   acc:  47.29%, test  loss: 2.0747
INFO:root:Round 12900's server train  acc:  64.43%, train loss: 1.2332
INFO:root:Round 12900's server test   acc:  47.51%, test  loss: 2.0918
INFO:root:Round 13000's server train  acc:  65.80%, train loss: 1.1619
INFO:root:Round 13000's server test   acc:  48.22%, test  loss: 2.0746
INFO:root:Round 13100's server train  acc:  65.48%, train loss: 1.1721
INFO:root:Round 13100's server test   acc:  47.56%, test  loss: 2.0873
INFO:root:Round 13200's server train  acc:  64.22%, train loss: 1.2253
INFO:root:Round 13200's server test   acc:  46.68%, test  loss: 2.1351
INFO:root:Round 13300's server train  acc:  65.43%, train loss: 1.1901
INFO:root:Round 13300's server test   acc:  47.40%, test  loss: 2.1007
INFO:root:Round 13400's server train  acc:  66.61%, train loss: 1.1410
INFO:root:Round 13400's server test   acc:  48.14%, test  loss: 2.0883
INFO:root:Round 13500's server train  acc:  65.35%, train loss: 1.1913
INFO:root:Round 13500's server test   acc:  47.02%, test  loss: 2.1381
INFO:root:Round 13600's server train  acc:  67.43%, train loss: 1.1183
INFO:root:Round 13600's server test   acc:  47.89%, test  loss: 2.1046
INFO:root:Round 13700's server train  acc:  66.72%, train loss: 1.1326
INFO:root:Round 13700's server test   acc:  47.70%, test  loss: 2.1433
INFO:root:Round 13800's server train  acc:  67.37%, train loss: 1.1140
INFO:root:Round 13800's server test   acc:  47.24%, test  loss: 2.1170
INFO:root:Round 13900's server train  acc:  68.70%, train loss: 1.0740
INFO:root:Round 13900's server test   acc:  48.26%, test  loss: 2.0850
INFO:root:Round 14000's server train  acc:  67.65%, train loss: 1.1007
INFO:root:Round 14000's server test   acc:  48.00%, test  loss: 2.1312
INFO:root:Round 14100's server train  acc:  69.33%, train loss: 1.0384
INFO:root:Round 14100's server test   acc:  47.96%, test  loss: 2.1406
INFO:root:Round 14200's server train  acc:  67.64%, train loss: 1.1110
INFO:root:Round 14200's server test   acc:  46.94%, test  loss: 2.1478
INFO:root:Round 14300's server train  acc:  69.79%, train loss: 1.0212
INFO:root:Round 14300's server test   acc:  48.47%, test  loss: 2.1210
INFO:root:Round 14400's server train  acc:  70.39%, train loss: 0.9920
INFO:root:Round 14400's server test   acc:  48.54%, test  loss: 2.1147
INFO:root:Round 14500's server train  acc:  69.97%, train loss: 1.0211
INFO:root:Round 14500's server test   acc:  47.73%, test  loss: 2.1480
INFO:root:Round 14600's server train  acc:  71.48%, train loss: 0.9688
INFO:root:Round 14600's server test   acc:  48.16%, test  loss: 2.1264
INFO:root:Round 14700's server train  acc:  71.25%, train loss: 0.9655
INFO:root:Round 14700's server test   acc:  47.74%, test  loss: 2.1531
INFO:root:Round 14800's server train  acc:  69.41%, train loss: 1.0409
INFO:root:Round 14800's server test   acc:  47.23%, test  loss: 2.2057
INFO:root:Round 14900's server train  acc:  66.42%, train loss: 1.1501
INFO:root:Round 14900's server test   acc:  45.57%, test  loss: 2.3639
INFO:root:Round 15000's server train  acc:  73.14%, train loss: 0.8967
INFO:root:Round 15000's server test   acc:  48.97%, test  loss: 2.1469
INFO:root:Round 15100's server train  acc:  70.48%, train loss: 0.9949
INFO:root:Round 15100's server test   acc:  47.36%, test  loss: 2.2928
INFO:root:Round 15200's server train  acc:  70.46%, train loss: 1.0030
INFO:root:Round 15200's server test   acc:  47.52%, test  loss: 2.3133
INFO:root:Round 15300's server train  acc:  72.81%, train loss: 0.9094
INFO:root:Round 15300's server test   acc:  48.61%, test  loss: 2.1803
INFO:root:Round 15400's server train  acc:  73.34%, train loss: 0.8945
INFO:root:Round 15400's server test   acc:  48.05%, test  loss: 2.1839
INFO:root:Round 15500's server train  acc:  72.12%, train loss: 0.9394
INFO:root:Round 15500's server test   acc:  48.47%, test  loss: 2.2685
INFO:root:Round 15600's server train  acc:  73.88%, train loss: 0.8748
INFO:root:Round 15600's server test   acc:  48.75%, test  loss: 2.2130
INFO:root:Round 15700's server train  acc:  72.23%, train loss: 0.9338
INFO:root:Round 15700's server test   acc:  47.62%, test  loss: 2.2891
INFO:root:Round 15800's server train  acc:  73.30%, train loss: 0.8921
INFO:root:Round 15800's server test   acc:  47.92%, test  loss: 2.2805
INFO:root:Round 15900's server train  acc:  74.61%, train loss: 0.8455
INFO:root:Round 15900's server test   acc:  48.39%, test  loss: 2.2455
INFO:root:Round 16000's server train  acc:  75.16%, train loss: 0.8295
INFO:root:Round 16000's server test   acc:  48.86%, test  loss: 2.2735
INFO:root:Round 16100's server train  acc:  75.73%, train loss: 0.8083
INFO:root:Round 16100's server test   acc:  49.41%, test  loss: 2.2567
INFO:root:Round 16200's server train  acc:  74.73%, train loss: 0.8438
INFO:root:Round 16200's server test   acc:  47.93%, test  loss: 2.2755
INFO:root:Round 16300's server train  acc:  74.54%, train loss: 0.8423
INFO:root:Round 16300's server test   acc:  47.96%, test  loss: 2.3377
INFO:root:Round 16400's server train  acc:  76.27%, train loss: 0.7761
INFO:root:Round 16400's server test   acc:  48.88%, test  loss: 2.3192
INFO:root:Round 16500's server train  acc:  76.08%, train loss: 0.7877
INFO:root:Round 16500's server test   acc:  48.42%, test  loss: 2.3003
INFO:root:Round 16600's server train  acc:  77.23%, train loss: 0.7479
INFO:root:Round 16600's server test   acc:  48.96%, test  loss: 2.2975
INFO:root:Round 16700's server train  acc:  75.56%, train loss: 0.8230
INFO:root:Round 16700's server test   acc:  47.92%, test  loss: 2.4103
INFO:root:Round 16800's server train  acc:  76.92%, train loss: 0.7706
INFO:root:Round 16800's server test   acc:  48.39%, test  loss: 2.3256
INFO:root:Round 16900's server train  acc:  77.78%, train loss: 0.7347
INFO:root:Round 16900's server test   acc:  49.17%, test  loss: 2.3997
INFO:root:Round 17000's server train  acc:  77.55%, train loss: 0.7395
INFO:root:Round 17000's server test   acc:  48.25%, test  loss: 2.3434
INFO:root:Round 17100's server train  acc:  76.49%, train loss: 0.7812
INFO:root:Round 17100's server test   acc:  47.56%, test  loss: 2.3722
INFO:root:Round 17200's server train  acc:  79.75%, train loss: 0.6578
INFO:root:Round 17200's server test   acc:  48.38%, test  loss: 2.3568
INFO:root:Round 17300's server train  acc:  78.14%, train loss: 0.7225
INFO:root:Round 17300's server test   acc:  48.35%, test  loss: 2.3997
INFO:root:Round 17400's server train  acc:  78.46%, train loss: 0.7077
INFO:root:Round 17400's server test   acc:  48.25%, test  loss: 2.4235
INFO:root:Round 17500's server train  acc:  76.47%, train loss: 0.7801
INFO:root:Round 17500's server test   acc:  47.37%, test  loss: 2.5607
INFO:root:Round 17600's server train  acc:  78.78%, train loss: 0.7006
INFO:root:Round 17600's server test   acc:  48.93%, test  loss: 2.4626
INFO:root:Round 17700's server train  acc:  80.34%, train loss: 0.6466
INFO:root:Round 17700's server test   acc:  49.22%, test  loss: 2.3975
INFO:root:Round 17800's server train  acc:  80.40%, train loss: 0.6387
INFO:root:Round 17800's server test   acc:  48.50%, test  loss: 2.4729
INFO:root:Round 17900's server train  acc:  79.56%, train loss: 0.6592
INFO:root:Round 17900's server test   acc:  48.29%, test  loss: 2.5255
INFO:root:Round 18000's server train  acc:  81.24%, train loss: 0.6100
INFO:root:Round 18000's server test   acc:  48.61%, test  loss: 2.4101
INFO:root:Round 18100's server train  acc:  81.46%, train loss: 0.6007
INFO:root:Round 18100's server test   acc:  48.87%, test  loss: 2.4973
INFO:root:Round 18200's server train  acc:  80.87%, train loss: 0.6111
INFO:root:Round 18200's server test   acc:  48.49%, test  loss: 2.5182
INFO:root:Round 18300's server train  acc:  80.68%, train loss: 0.6187
INFO:root:Round 18300's server test   acc:  48.43%, test  loss: 2.5712
INFO:root:Round 18400's server train  acc:  81.43%, train loss: 0.6072
INFO:root:Round 18400's server test   acc:  48.06%, test  loss: 2.5046
INFO:root:Round 18500's server train  acc:  80.08%, train loss: 0.6452
INFO:root:Round 18500's server test   acc:  47.76%, test  loss: 2.6168
INFO:root:Round 18600's server train  acc:  80.38%, train loss: 0.6370
INFO:root:Round 18600's server test   acc:  47.56%, test  loss: 2.6283
INFO:root:Round 18700's server train  acc:  82.05%, train loss: 0.5751
INFO:root:Round 18700's server test   acc:  49.13%, test  loss: 2.5281
INFO:root:Round 18800's server train  acc:  80.93%, train loss: 0.6085
INFO:root:Round 18800's server test   acc:  48.25%, test  loss: 2.6423
INFO:root:Round 18900's server train  acc:  80.15%, train loss: 0.6436
INFO:root:Round 18900's server test   acc:  47.84%, test  loss: 2.6579
INFO:root:Round 19000's server train  acc:  82.74%, train loss: 0.5603
INFO:root:Round 19000's server test   acc:  48.45%, test  loss: 2.5885
INFO:root:Round 19100's server train  acc:  82.53%, train loss: 0.5648
INFO:root:Round 19100's server test   acc:  48.50%, test  loss: 2.6535
INFO:root:Round 19200's server train  acc:  81.67%, train loss: 0.5949
INFO:root:Round 19200's server test   acc:  47.39%, test  loss: 2.6288
INFO:root:Round 19300's server train  acc:  81.82%, train loss: 0.5830
INFO:root:Round 19300's server test   acc:  48.64%, test  loss: 2.6644
INFO:root:Round 19400's server train  acc:  83.20%, train loss: 0.5328
INFO:root:Round 19400's server test   acc:  48.97%, test  loss: 2.6485
INFO:root:Round 19500's server train  acc:  84.26%, train loss: 0.5048
INFO:root:Round 19500's server test   acc:  49.24%, test  loss: 2.6253
INFO:root:Round 19600's server train  acc:  82.35%, train loss: 0.5651
INFO:root:Round 19600's server test   acc:  48.24%, test  loss: 2.6999
INFO:root:Round 19700's server train  acc:  84.70%, train loss: 0.4910
INFO:root:Round 19700's server test   acc:  48.36%, test  loss: 2.6584
INFO:root:Round 19800's server train  acc:  83.66%, train loss: 0.5238
INFO:root:Round 19800's server test   acc:  48.33%, test  loss: 2.6574
INFO:root:Round 19900's server train  acc:  84.65%, train loss: 0.4903
INFO:root:Round 19900's server test   acc:  48.76%, test  loss: 2.7048
INFO:root:Round 20000's server train  acc:  84.71%, train loss: 0.4899
INFO:root:Round 20000's server test   acc:  48.01%, test  loss: 2.7585
INFO:root:TrainingTime: 12254.324595928192 sec
