INFO:root:Namespace(m='resnetii10', d='cinic10', s=2, R=20000, K=5, M=1000, P=10, partition='exdir', alpha=[1, 100.0], optim='sgd', lr=0.1, lr_decay=1.0, momentum=0.0, weight_decay=0.0, global_lr=1.0, batch_size=20, seed=0, clip=10, log='info+log', eval_every=100, device=2, start_round=0, save_model=0)
INFO:root:record_name: BalancingFedAvgII1.0_M1000_P10_K5_R20000,100_resnetii10_cinic10_exdir1,100.0_sgd0.1,1.0,0.0,0.0_b20_seed0_clip10
INFO:root:ResNet(
  (conv1): Conv2d(3, 64, kernel_size=(3, 3), stride=(1, 1), padding=(1, 1), bias=False)
  (relu): ReLU()
  (layer1): Sequential(
    (0): BasicBlock(
      (conv1): Conv2d(64, 64, kernel_size=(3, 3), stride=(1, 1), padding=(1, 1), bias=False)
      (conv2): Conv2d(64, 64, kernel_size=(3, 3), stride=(1, 1), padding=(1, 1), bias=False)
      (shortcut): Sequential()
    )
  )
  (layer2): Sequential(
    (0): BasicBlock(
      (conv1): Conv2d(64, 128, kernel_size=(3, 3), stride=(2, 2), padding=(1, 1), bias=False)
      (conv2): Conv2d(128, 128, kernel_size=(3, 3), stride=(1, 1), padding=(1, 1), bias=False)
      (shortcut): Sequential(
        (0): Conv2d(64, 128, kernel_size=(1, 1), stride=(2, 2), bias=False)
      )
    )
  )
  (layer3): Sequential(
    (0): BasicBlock(
      (conv1): Conv2d(128, 256, kernel_size=(3, 3), stride=(2, 2), padding=(1, 1), bias=False)
      (conv2): Conv2d(256, 256, kernel_size=(3, 3), stride=(1, 1), padding=(1, 1), bias=False)
      (shortcut): Sequential(
        (0): Conv2d(128, 256, kernel_size=(1, 1), stride=(2, 2), bias=False)
      )
    )
  )
  (layer4): Sequential(
    (0): BasicBlock(
      (conv1): Conv2d(256, 512, kernel_size=(3, 3), stride=(2, 2), padding=(1, 1), bias=False)
      (conv2): Conv2d(512, 512, kernel_size=(3, 3), stride=(1, 1), padding=(1, 1), bias=False)
      (shortcut): Sequential(
        (0): Conv2d(256, 512, kernel_size=(1, 1), stride=(2, 2), bias=False)
      )
    )
  )
  (avgpool): AdaptiveAvgPool2d(output_size=(1, 1))
  (flatten): Flatten(start_dim=1, end_dim=-1)
  (fc): Linear(in_features=512, out_features=10, bias=True)
)
INFO:root:Round 100's server train  acc:  14.12%, train loss: 2.3828
INFO:root:Round 100's server test   acc:  14.19%, test  loss: 2.3857
INFO:root:Round 200's server train  acc:  15.81%, train loss: 2.3171
INFO:root:Round 200's server test   acc:  15.59%, test  loss: 2.3203
INFO:root:Round 300's server train  acc:  14.90%, train loss: 2.1980
INFO:root:Round 300's server test   acc:  14.67%, test  loss: 2.2020
INFO:root:Round 400's server train  acc:  13.76%, train loss: 2.3329
INFO:root:Round 400's server test   acc:  13.76%, test  loss: 2.3358
INFO:root:Round 500's server train  acc:  24.15%, train loss: 2.0202
INFO:root:Round 500's server test   acc:  23.95%, test  loss: 2.0246
INFO:root:Round 600's server train  acc:  26.38%, train loss: 1.9539
INFO:root:Round 600's server test   acc:  26.37%, test  loss: 1.9580
INFO:root:Round 700's server train  acc:  28.99%, train loss: 1.9090
INFO:root:Round 700's server test   acc:  28.93%, test  loss: 1.9132
INFO:root:Round 800's server train  acc:  30.20%, train loss: 1.8628
INFO:root:Round 800's server test   acc:  30.20%, test  loss: 1.8684
INFO:root:Round 900's server train  acc:  29.68%, train loss: 1.8533
INFO:root:Round 900's server test   acc:  29.65%, test  loss: 1.8593
INFO:root:Round 1000's server train  acc:  28.57%, train loss: 1.8867
INFO:root:Round 1000's server test   acc:  28.71%, test  loss: 1.8914
INFO:root:Round 1100's server train  acc:  30.05%, train loss: 1.8826
INFO:root:Round 1100's server test   acc:  29.88%, test  loss: 1.8870
INFO:root:Round 1200's server train  acc:  30.78%, train loss: 1.8307
INFO:root:Round 1200's server test   acc:  30.63%, test  loss: 1.8375
INFO:root:Round 1300's server train  acc:  31.43%, train loss: 1.8420
INFO:root:Round 1300's server test   acc:  31.26%, test  loss: 1.8470
INFO:root:Round 1400's server train  acc:  33.05%, train loss: 1.7968
INFO:root:Round 1400's server test   acc:  32.88%, test  loss: 1.8031
INFO:root:Round 1500's server train  acc:  34.94%, train loss: 1.7531
INFO:root:Round 1500's server test   acc:  34.81%, test  loss: 1.7598
INFO:root:Round 1600's server train  acc:  34.69%, train loss: 1.7647
INFO:root:Round 1600's server test   acc:  34.40%, test  loss: 1.7713
INFO:root:Round 1700's server train  acc:  36.73%, train loss: 1.7037
INFO:root:Round 1700's server test   acc:  36.36%, test  loss: 1.7121
INFO:root:Round 1800's server train  acc:  34.98%, train loss: 1.7249
INFO:root:Round 1800's server test   acc:  34.69%, test  loss: 1.7329
INFO:root:Round 1900's server train  acc:  35.68%, train loss: 1.7075
INFO:root:Round 1900's server test   acc:  35.63%, test  loss: 1.7157
INFO:root:Round 2000's server train  acc:  36.42%, train loss: 1.6737
INFO:root:Round 2000's server test   acc:  36.20%, test  loss: 1.6823
INFO:root:Round 2100's server train  acc:  37.14%, train loss: 1.6660
INFO:root:Round 2100's server test   acc:  36.82%, test  loss: 1.6757
INFO:root:Round 2200's server train  acc:  38.12%, train loss: 1.6939
INFO:root:Round 2200's server test   acc:  37.80%, test  loss: 1.7026
INFO:root:Round 2300's server train  acc:  38.64%, train loss: 1.6428
INFO:root:Round 2300's server test   acc:  38.54%, test  loss: 1.6518
INFO:root:Round 2400's server train  acc:  38.59%, train loss: 1.6493
INFO:root:Round 2400's server test   acc:  38.40%, test  loss: 1.6587
INFO:root:Round 2500's server train  acc:  40.67%, train loss: 1.5863
INFO:root:Round 2500's server test   acc:  40.35%, test  loss: 1.5958
INFO:root:Round 2600's server train  acc:  39.43%, train loss: 1.6504
INFO:root:Round 2600's server test   acc:  39.07%, test  loss: 1.6594
INFO:root:Round 2700's server train  acc:  42.72%, train loss: 1.5659
INFO:root:Round 2700's server test   acc:  41.99%, test  loss: 1.5783
INFO:root:Round 2800's server train  acc:  42.85%, train loss: 1.5653
INFO:root:Round 2800's server test   acc:  42.46%, test  loss: 1.5767
INFO:root:Round 2900's server train  acc:  40.99%, train loss: 1.6063
INFO:root:Round 2900's server test   acc:  40.37%, test  loss: 1.6172
INFO:root:Round 3000's server train  acc:  40.33%, train loss: 1.6160
INFO:root:Round 3000's server test   acc:  40.05%, test  loss: 1.6276
INFO:root:Round 3100's server train  acc:  40.73%, train loss: 1.6559
INFO:root:Round 3100's server test   acc:  40.43%, test  loss: 1.6686
INFO:root:Round 3200's server train  acc:  43.96%, train loss: 1.5440
INFO:root:Round 3200's server test   acc:  43.25%, test  loss: 1.5580
INFO:root:Round 3300's server train  acc:  43.62%, train loss: 1.5087
INFO:root:Round 3300's server test   acc:  43.19%, test  loss: 1.5239
INFO:root:Round 3400's server train  acc:  43.87%, train loss: 1.5664
INFO:root:Round 3400's server test   acc:  43.17%, test  loss: 1.5805
INFO:root:Round 3500's server train  acc:  39.55%, train loss: 1.6838
INFO:root:Round 3500's server test   acc:  39.09%, test  loss: 1.6976
INFO:root:Round 3600's server train  acc:  45.97%, train loss: 1.4748
INFO:root:Round 3600's server test   acc:  45.67%, test  loss: 1.4891
INFO:root:Round 3700's server train  acc:  43.38%, train loss: 1.5290
INFO:root:Round 3700's server test   acc:  42.79%, test  loss: 1.5464
INFO:root:Round 3800's server train  acc:  46.59%, train loss: 1.4643
INFO:root:Round 3800's server test   acc:  45.87%, test  loss: 1.4803
INFO:root:Round 3900's server train  acc:  47.45%, train loss: 1.4420
INFO:root:Round 3900's server test   acc:  46.59%, test  loss: 1.4600
INFO:root:Round 4000's server train  acc:  48.26%, train loss: 1.4278
INFO:root:Round 4000's server test   acc:  47.24%, test  loss: 1.4444
INFO:root:Round 4100's server train  acc:  48.27%, train loss: 1.4404
INFO:root:Round 4100's server test   acc:  47.58%, test  loss: 1.4586
INFO:root:Round 4200's server train  acc:  46.66%, train loss: 1.4547
INFO:root:Round 4200's server test   acc:  46.14%, test  loss: 1.4758
INFO:root:Round 4300's server train  acc:  49.50%, train loss: 1.4138
INFO:root:Round 4300's server test   acc:  48.49%, test  loss: 1.4307
INFO:root:Round 4400's server train  acc:  50.49%, train loss: 1.3572
INFO:root:Round 4400's server test   acc:  49.61%, test  loss: 1.3761
INFO:root:Round 4500's server train  acc:  48.72%, train loss: 1.4504
INFO:root:Round 4500's server test   acc:  47.81%, test  loss: 1.4693
INFO:root:Round 4600's server train  acc:  50.11%, train loss: 1.3680
INFO:root:Round 4600's server test   acc:  49.33%, test  loss: 1.3856
INFO:root:Round 4700's server train  acc:  49.87%, train loss: 1.3697
INFO:root:Round 4700's server test   acc:  48.97%, test  loss: 1.3913
INFO:root:Round 4800's server train  acc:  50.18%, train loss: 1.4013
INFO:root:Round 4800's server test   acc:  49.39%, test  loss: 1.4210
INFO:root:Round 4900's server train  acc:  49.15%, train loss: 1.4234
INFO:root:Round 4900's server test   acc:  48.37%, test  loss: 1.4425
INFO:root:Round 5000's server train  acc:  51.03%, train loss: 1.3470
INFO:root:Round 5000's server test   acc:  50.19%, test  loss: 1.3724
INFO:root:Round 5100's server train  acc:  51.44%, train loss: 1.3546
INFO:root:Round 5100's server test   acc:  50.54%, test  loss: 1.3757
INFO:root:Round 5200's server train  acc:  53.87%, train loss: 1.2858
INFO:root:Round 5200's server test   acc:  53.20%, test  loss: 1.3103
INFO:root:Round 5300's server train  acc:  54.29%, train loss: 1.2698
INFO:root:Round 5300's server test   acc:  53.21%, test  loss: 1.2945
INFO:root:Round 5400's server train  acc:  55.73%, train loss: 1.2298
INFO:root:Round 5400's server test   acc:  54.65%, test  loss: 1.2541
INFO:root:Round 5500's server train  acc:  47.85%, train loss: 1.4380
INFO:root:Round 5500's server test   acc:  46.74%, test  loss: 1.4641
INFO:root:Round 5600's server train  acc:  54.98%, train loss: 1.2519
INFO:root:Round 5600's server test   acc:  54.08%, test  loss: 1.2778
INFO:root:Round 5700's server train  acc:  54.09%, train loss: 1.2859
INFO:root:Round 5700's server test   acc:  53.27%, test  loss: 1.3116
INFO:root:Round 5800's server train  acc:  55.60%, train loss: 1.2270
INFO:root:Round 5800's server test   acc:  54.47%, test  loss: 1.2553
INFO:root:Round 5900's server train  acc:  55.87%, train loss: 1.2229
INFO:root:Round 5900's server test   acc:  55.05%, test  loss: 1.2488
INFO:root:Round 6000's server train  acc:  51.89%, train loss: 1.3628
INFO:root:Round 6000's server test   acc:  51.03%, test  loss: 1.3908
INFO:root:Round 6100's server train  acc:  54.23%, train loss: 1.2544
INFO:root:Round 6100's server test   acc:  53.19%, test  loss: 1.2847
INFO:root:Round 6200's server train  acc:  57.91%, train loss: 1.1837
INFO:root:Round 6200's server test   acc:  56.80%, test  loss: 1.2126
INFO:root:Round 6300's server train  acc:  56.85%, train loss: 1.1917
INFO:root:Round 6300's server test   acc:  55.93%, test  loss: 1.2213
INFO:root:Round 6400's server train  acc:  54.58%, train loss: 1.2617
INFO:root:Round 6400's server test   acc:  53.52%, test  loss: 1.2956
INFO:root:Round 6500's server train  acc:  56.80%, train loss: 1.2117
INFO:root:Round 6500's server test   acc:  55.98%, test  loss: 1.2418
INFO:root:Round 6600's server train  acc:  58.64%, train loss: 1.1488
INFO:root:Round 6600's server test   acc:  57.55%, test  loss: 1.1843
INFO:root:Round 6700's server train  acc:  56.83%, train loss: 1.2237
INFO:root:Round 6700's server test   acc:  55.71%, test  loss: 1.2577
INFO:root:Round 6800's server train  acc:  53.88%, train loss: 1.2587
INFO:root:Round 6800's server test   acc:  52.61%, test  loss: 1.2944
INFO:root:Round 6900's server train  acc:  58.30%, train loss: 1.1433
INFO:root:Round 6900's server test   acc:  56.91%, test  loss: 1.1792
INFO:root:Round 7000's server train  acc:  58.58%, train loss: 1.1544
INFO:root:Round 7000's server test   acc:  57.29%, test  loss: 1.1867
INFO:root:Round 7100's server train  acc:  58.40%, train loss: 1.1513
INFO:root:Round 7100's server test   acc:  57.36%, test  loss: 1.1856
INFO:root:Round 7200's server train  acc:  58.60%, train loss: 1.1415
INFO:root:Round 7200's server test   acc:  57.13%, test  loss: 1.1805
INFO:root:Round 7300's server train  acc:  53.59%, train loss: 1.2667
INFO:root:Round 7300's server test   acc:  52.59%, test  loss: 1.3007
INFO:root:Round 7400's server train  acc:  60.40%, train loss: 1.1168
INFO:root:Round 7400's server test   acc:  58.93%, test  loss: 1.1544
INFO:root:Round 7500's server train  acc:  60.58%, train loss: 1.0961
INFO:root:Round 7500's server test   acc:  59.29%, test  loss: 1.1352
INFO:root:Round 7600's server train  acc:  58.89%, train loss: 1.1617
INFO:root:Round 7600's server test   acc:  57.52%, test  loss: 1.1996
INFO:root:Round 7700's server train  acc:  59.04%, train loss: 1.1368
INFO:root:Round 7700's server test   acc:  57.43%, test  loss: 1.1784
INFO:root:Round 7800's server train  acc:  54.38%, train loss: 1.2629
INFO:root:Round 7800's server test   acc:  53.03%, test  loss: 1.3043
INFO:root:Round 7900's server train  acc:  60.21%, train loss: 1.0929
INFO:root:Round 7900's server test   acc:  58.55%, test  loss: 1.1372
INFO:root:Round 8000's server train  acc:  61.11%, train loss: 1.0653
INFO:root:Round 8000's server test   acc:  59.51%, test  loss: 1.1099
INFO:root:Round 8100's server train  acc:  61.10%, train loss: 1.0830
INFO:root:Round 8100's server test   acc:  59.39%, test  loss: 1.1286
INFO:root:Round 8200's server train  acc:  58.65%, train loss: 1.1340
INFO:root:Round 8200's server test   acc:  57.19%, test  loss: 1.1748
INFO:root:Round 8300's server train  acc:  61.76%, train loss: 1.0598
INFO:root:Round 8300's server test   acc:  59.98%, test  loss: 1.1061
INFO:root:Round 8400's server train  acc:  62.88%, train loss: 1.0312
INFO:root:Round 8400's server test   acc:  61.20%, test  loss: 1.0812
INFO:root:Round 8500's server train  acc:  59.63%, train loss: 1.1132
INFO:root:Round 8500's server test   acc:  57.91%, test  loss: 1.1601
INFO:root:Round 8600's server train  acc:  62.88%, train loss: 1.0441
INFO:root:Round 8600's server test   acc:  60.91%, test  loss: 1.0927
INFO:root:Round 8700's server train  acc:  60.27%, train loss: 1.0978
INFO:root:Round 8700's server test   acc:  58.67%, test  loss: 1.1465
INFO:root:Round 8800's server train  acc:  63.54%, train loss: 1.0193
INFO:root:Round 8800's server test   acc:  61.75%, test  loss: 1.0715
INFO:root:Round 8900's server train  acc:  63.49%, train loss: 1.0153
INFO:root:Round 8900's server test   acc:  61.46%, test  loss: 1.0674
INFO:root:Round 9000's server train  acc:  64.49%, train loss: 1.0068
INFO:root:Round 9000's server test   acc:  62.35%, test  loss: 1.0623
INFO:root:Round 9100's server train  acc:  62.83%, train loss: 1.0497
INFO:root:Round 9100's server test   acc:  61.01%, test  loss: 1.1009
INFO:root:Round 9200's server train  acc:  63.43%, train loss: 1.0275
INFO:root:Round 9200's server test   acc:  61.49%, test  loss: 1.0817
INFO:root:Round 9300's server train  acc:  62.62%, train loss: 1.0341
INFO:root:Round 9300's server test   acc:  60.74%, test  loss: 1.0898
INFO:root:Round 9400's server train  acc:  63.85%, train loss: 1.0201
INFO:root:Round 9400's server test   acc:  61.77%, test  loss: 1.0753
INFO:root:Round 9500's server train  acc:  64.61%, train loss: 0.9886
INFO:root:Round 9500's server test   acc:  62.34%, test  loss: 1.0451
INFO:root:Round 9600's server train  acc:  64.77%, train loss: 0.9785
INFO:root:Round 9600's server test   acc:  62.74%, test  loss: 1.0362
INFO:root:Round 9700's server train  acc:  62.71%, train loss: 1.0405
INFO:root:Round 9700's server test   acc:  60.67%, test  loss: 1.0979
INFO:root:Round 9800's server train  acc:  63.57%, train loss: 1.0133
INFO:root:Round 9800's server test   acc:  61.56%, test  loss: 1.0744
INFO:root:Round 9900's server train  acc:  62.10%, train loss: 1.0775
INFO:root:Round 9900's server test   acc:  60.16%, test  loss: 1.1442
INFO:root:Round 10000's server train  acc:  65.36%, train loss: 0.9668
INFO:root:Round 10000's server test   acc:  63.14%, test  loss: 1.0322
INFO:root:Round 10100's server train  acc:  63.38%, train loss: 1.0250
INFO:root:Round 10100's server test   acc:  61.34%, test  loss: 1.0846
INFO:root:Round 10200's server train  acc:  66.02%, train loss: 0.9455
INFO:root:Round 10200's server test   acc:  63.53%, test  loss: 1.0142
INFO:root:Round 10300's server train  acc:  64.79%, train loss: 0.9923
INFO:root:Round 10300's server test   acc:  62.44%, test  loss: 1.0608
INFO:root:Round 10400's server train  acc:  66.83%, train loss: 0.9348
INFO:root:Round 10400's server test   acc:  64.45%, test  loss: 0.9989
INFO:root:Round 10500's server train  acc:  64.40%, train loss: 1.0068
INFO:root:Round 10500's server test   acc:  62.32%, test  loss: 1.0750
INFO:root:Round 10600's server train  acc:  65.56%, train loss: 0.9542
INFO:root:Round 10600's server test   acc:  63.23%, test  loss: 1.0175
INFO:root:Round 10700's server train  acc:  66.60%, train loss: 0.9390
INFO:root:Round 10700's server test   acc:  64.26%, test  loss: 1.0058
INFO:root:Round 10800's server train  acc:  65.68%, train loss: 0.9644
INFO:root:Round 10800's server test   acc:  63.23%, test  loss: 1.0328
INFO:root:Round 10900's server train  acc:  67.21%, train loss: 0.9172
INFO:root:Round 10900's server test   acc:  64.76%, test  loss: 0.9912
INFO:root:Round 11000's server train  acc:  62.72%, train loss: 1.0458
INFO:root:Round 11000's server test   acc:  60.67%, test  loss: 1.1171
INFO:root:Round 11100's server train  acc:  66.82%, train loss: 0.9327
INFO:root:Round 11100's server test   acc:  64.27%, test  loss: 1.0044
INFO:root:Round 11200's server train  acc:  66.38%, train loss: 0.9440
INFO:root:Round 11200's server test   acc:  63.68%, test  loss: 1.0189
INFO:root:Round 11300's server train  acc:  64.51%, train loss: 1.0049
INFO:root:Round 11300's server test   acc:  62.04%, test  loss: 1.0862
INFO:root:Round 11400's server train  acc:  65.97%, train loss: 0.9560
INFO:root:Round 11400's server test   acc:  63.47%, test  loss: 1.0339
INFO:root:Round 11500's server train  acc:  67.11%, train loss: 0.9200
INFO:root:Round 11500's server test   acc:  64.27%, test  loss: 1.0025
INFO:root:Round 11600's server train  acc:  66.75%, train loss: 0.9141
INFO:root:Round 11600's server test   acc:  64.03%, test  loss: 0.9953
INFO:root:Round 11700's server train  acc:  68.05%, train loss: 0.8931
INFO:root:Round 11700's server test   acc:  65.29%, test  loss: 0.9746
INFO:root:Round 11800's server train  acc:  65.39%, train loss: 0.9562
INFO:root:Round 11800's server test   acc:  62.95%, test  loss: 1.0433
INFO:root:Round 11900's server train  acc:  68.69%, train loss: 0.8778
INFO:root:Round 11900's server test   acc:  65.89%, test  loss: 0.9565
INFO:root:Round 12000's server train  acc:  68.96%, train loss: 0.8660
INFO:root:Round 12000's server test   acc:  66.01%, test  loss: 0.9548
INFO:root:Round 12100's server train  acc:  68.11%, train loss: 0.8910
INFO:root:Round 12100's server test   acc:  64.95%, test  loss: 0.9789
INFO:root:Round 12200's server train  acc:  69.56%, train loss: 0.8605
INFO:root:Round 12200's server test   acc:  66.42%, test  loss: 0.9477
INFO:root:Round 12300's server train  acc:  69.98%, train loss: 0.8450
INFO:root:Round 12300's server test   acc:  66.68%, test  loss: 0.9349
INFO:root:Round 12400's server train  acc:  68.08%, train loss: 0.8925
INFO:root:Round 12400's server test   acc:  65.09%, test  loss: 0.9811
INFO:root:Round 12500's server train  acc:  69.42%, train loss: 0.8716
INFO:root:Round 12500's server test   acc:  66.20%, test  loss: 0.9657
INFO:root:Round 12600's server train  acc:  69.10%, train loss: 0.8699
INFO:root:Round 12600's server test   acc:  65.95%, test  loss: 0.9656
INFO:root:Round 12700's server train  acc:  69.54%, train loss: 0.8620
INFO:root:Round 12700's server test   acc:  66.11%, test  loss: 0.9567
INFO:root:Round 12800's server train  acc:  70.42%, train loss: 0.8284
INFO:root:Round 12800's server test   acc:  67.01%, test  loss: 0.9240
INFO:root:Round 12900's server train  acc:  71.02%, train loss: 0.8187
INFO:root:Round 12900's server test   acc:  67.46%, test  loss: 0.9229
INFO:root:Round 13000's server train  acc:  69.77%, train loss: 0.8506
INFO:root:Round 13000's server test   acc:  66.55%, test  loss: 0.9467
INFO:root:Round 13100's server train  acc:  68.07%, train loss: 0.9074
INFO:root:Round 13100's server test   acc:  64.91%, test  loss: 1.0121
INFO:root:Round 13200's server train  acc:  71.67%, train loss: 0.8015
INFO:root:Round 13200's server test   acc:  68.10%, test  loss: 0.9051
INFO:root:Round 13300's server train  acc:  70.14%, train loss: 0.8334
INFO:root:Round 13300's server test   acc:  66.90%, test  loss: 0.9285
INFO:root:Round 13400's server train  acc:  70.16%, train loss: 0.8344
INFO:root:Round 13400's server test   acc:  66.64%, test  loss: 0.9334
INFO:root:Round 13500's server train  acc:  69.65%, train loss: 0.8524
INFO:root:Round 13500's server test   acc:  66.25%, test  loss: 0.9659
INFO:root:Round 13600's server train  acc:  69.13%, train loss: 0.8625
INFO:root:Round 13600's server test   acc:  65.56%, test  loss: 0.9746
INFO:root:Round 13700's server train  acc:  71.57%, train loss: 0.8061
INFO:root:Round 13700's server test   acc:  67.82%, test  loss: 0.9141
INFO:root:Round 13800's server train  acc:  71.36%, train loss: 0.8075
INFO:root:Round 13800's server test   acc:  67.76%, test  loss: 0.9145
INFO:root:Round 13900's server train  acc:  69.07%, train loss: 0.8686
INFO:root:Round 13900's server test   acc:  65.66%, test  loss: 0.9845
INFO:root:Round 14000's server train  acc:  70.00%, train loss: 0.8453
INFO:root:Round 14000's server test   acc:  66.47%, test  loss: 0.9585
INFO:root:Round 14100's server train  acc:  71.87%, train loss: 0.7944
INFO:root:Round 14100's server test   acc:  68.08%, test  loss: 0.9103
INFO:root:Round 14200's server train  acc:  72.09%, train loss: 0.7955
INFO:root:Round 14200's server test   acc:  68.06%, test  loss: 0.9134
INFO:root:Round 14300's server train  acc:  70.72%, train loss: 0.8397
INFO:root:Round 14300's server test   acc:  66.96%, test  loss: 0.9581
INFO:root:Round 14400's server train  acc:  69.08%, train loss: 0.8541
INFO:root:Round 14400's server test   acc:  65.71%, test  loss: 0.9681
INFO:root:Round 14500's server train  acc:  71.65%, train loss: 0.7984
INFO:root:Round 14500's server test   acc:  67.53%, test  loss: 0.9181
INFO:root:Round 14600's server train  acc:  70.46%, train loss: 0.8242
INFO:root:Round 14600's server test   acc:  66.54%, test  loss: 0.9523
INFO:root:Round 14700's server train  acc:  71.70%, train loss: 0.8086
INFO:root:Round 14700's server test   acc:  67.67%, test  loss: 0.9256
INFO:root:Round 14800's server train  acc:  73.41%, train loss: 0.7432
INFO:root:Round 14800's server test   acc:  69.17%, test  loss: 0.8726
INFO:root:Round 14900's server train  acc:  73.23%, train loss: 0.7506
INFO:root:Round 14900's server test   acc:  68.92%, test  loss: 0.8765
INFO:root:Round 15000's server train  acc:  73.20%, train loss: 0.7561
INFO:root:Round 15000's server test   acc:  68.73%, test  loss: 0.8837
INFO:root:Round 15100's server train  acc:  71.42%, train loss: 0.8143
INFO:root:Round 15100's server test   acc:  67.28%, test  loss: 0.9547
INFO:root:Round 15200's server train  acc:  66.97%, train loss: 0.9297
INFO:root:Round 15200's server test   acc:  63.56%, test  loss: 1.0540
INFO:root:Round 15300's server train  acc:  73.84%, train loss: 0.7415
INFO:root:Round 15300's server test   acc:  69.38%, test  loss: 0.8732
INFO:root:Round 15400's server train  acc:  73.15%, train loss: 0.7493
INFO:root:Round 15400's server test   acc:  68.82%, test  loss: 0.8810
INFO:root:Round 15500's server train  acc:  73.53%, train loss: 0.7438
INFO:root:Round 15500's server test   acc:  69.09%, test  loss: 0.8772
INFO:root:Round 15600's server train  acc:  72.04%, train loss: 0.7768
INFO:root:Round 15600's server test   acc:  67.74%, test  loss: 0.9179
INFO:root:Round 15700's server train  acc:  73.27%, train loss: 0.7494
INFO:root:Round 15700's server test   acc:  68.69%, test  loss: 0.8962
INFO:root:Round 15800's server train  acc:  73.74%, train loss: 0.7364
INFO:root:Round 15800's server test   acc:  68.91%, test  loss: 0.8782
INFO:root:Round 15900's server train  acc:  72.08%, train loss: 0.7800
INFO:root:Round 15900's server test   acc:  67.39%, test  loss: 0.9270
INFO:root:Round 16000's server train  acc:  74.17%, train loss: 0.7235
INFO:root:Round 16000's server test   acc:  69.48%, test  loss: 0.8692
INFO:root:Round 16100's server train  acc:  73.90%, train loss: 0.7373
INFO:root:Round 16100's server test   acc:  68.96%, test  loss: 0.8961
INFO:root:Round 16200's server train  acc:  73.49%, train loss: 0.7374
INFO:root:Round 16200's server test   acc:  68.69%, test  loss: 0.8812
INFO:root:Round 16300's server train  acc:  73.19%, train loss: 0.7470
INFO:root:Round 16300's server test   acc:  68.49%, test  loss: 0.9061
INFO:root:Round 16400's server train  acc:  75.33%, train loss: 0.6918
INFO:root:Round 16400's server test   acc:  70.21%, test  loss: 0.8544
INFO:root:Round 16500's server train  acc:  74.50%, train loss: 0.7098
INFO:root:Round 16500's server test   acc:  69.61%, test  loss: 0.8680
INFO:root:Round 16600's server train  acc:  72.43%, train loss: 0.7660
INFO:root:Round 16600's server test   acc:  67.78%, test  loss: 0.9275
INFO:root:Round 16700's server train  acc:  74.57%, train loss: 0.7198
INFO:root:Round 16700's server test   acc:  69.24%, test  loss: 0.8744
INFO:root:Round 16800's server train  acc:  74.71%, train loss: 0.7058
INFO:root:Round 16800's server test   acc:  69.32%, test  loss: 0.8669
INFO:root:Round 16900's server train  acc:  74.93%, train loss: 0.7021
INFO:root:Round 16900's server test   acc:  69.72%, test  loss: 0.8693
INFO:root:Round 17000's server train  acc:  75.48%, train loss: 0.6913
INFO:root:Round 17000's server test   acc:  69.72%, test  loss: 0.8676
INFO:root:Round 17100's server train  acc:  75.15%, train loss: 0.6939
INFO:root:Round 17100's server test   acc:  69.92%, test  loss: 0.8624
INFO:root:Round 17200's server train  acc:  75.68%, train loss: 0.6824
INFO:root:Round 17200's server test   acc:  70.06%, test  loss: 0.8504
INFO:root:Round 17300's server train  acc:  74.49%, train loss: 0.7165
INFO:root:Round 17300's server test   acc:  69.23%, test  loss: 0.8977
INFO:root:Round 17400's server train  acc:  75.33%, train loss: 0.6994
INFO:root:Round 17400's server test   acc:  69.70%, test  loss: 0.8817
INFO:root:Round 17500's server train  acc:  76.24%, train loss: 0.6623
INFO:root:Round 17500's server test   acc:  70.51%, test  loss: 0.8388
INFO:root:Round 17600's server train  acc:  74.50%, train loss: 0.7181
INFO:root:Round 17600's server test   acc:  69.19%, test  loss: 0.9008
INFO:root:Round 17700's server train  acc:  73.73%, train loss: 0.7249
INFO:root:Round 17700's server test   acc:  68.15%, test  loss: 0.9175
INFO:root:Round 17800's server train  acc:  74.46%, train loss: 0.7072
INFO:root:Round 17800's server test   acc:  68.99%, test  loss: 0.8832
INFO:root:Round 17900's server train  acc:  74.53%, train loss: 0.7200
INFO:root:Round 17900's server test   acc:  69.03%, test  loss: 0.9110
INFO:root:Round 18000's server train  acc:  76.34%, train loss: 0.6656
INFO:root:Round 18000's server test   acc:  70.23%, test  loss: 0.8539
INFO:root:Round 18100's server train  acc:  75.33%, train loss: 0.6864
INFO:root:Round 18100's server test   acc:  69.62%, test  loss: 0.8835
INFO:root:Round 18200's server train  acc:  76.26%, train loss: 0.6605
INFO:root:Round 18200's server test   acc:  70.41%, test  loss: 0.8420
INFO:root:Round 18300's server train  acc:  73.06%, train loss: 0.7505
INFO:root:Round 18300's server test   acc:  68.00%, test  loss: 0.9395
INFO:root:Round 18400's server train  acc:  75.07%, train loss: 0.7023
INFO:root:Round 18400's server test   acc:  69.11%, test  loss: 0.9124
INFO:root:Round 18500's server train  acc:  77.45%, train loss: 0.6348
INFO:root:Round 18500's server test   acc:  71.30%, test  loss: 0.8257
INFO:root:Round 18600's server train  acc:  77.47%, train loss: 0.6344
INFO:root:Round 18600's server test   acc:  71.28%, test  loss: 0.8303
INFO:root:Round 18700's server train  acc:  76.57%, train loss: 0.6548
INFO:root:Round 18700's server test   acc:  70.66%, test  loss: 0.8570
INFO:root:Round 18800's server train  acc:  77.11%, train loss: 0.6389
INFO:root:Round 18800's server test   acc:  70.90%, test  loss: 0.8462
INFO:root:Round 18900's server train  acc:  77.44%, train loss: 0.6234
INFO:root:Round 18900's server test   acc:  71.26%, test  loss: 0.8259
INFO:root:Round 19000's server train  acc:  75.94%, train loss: 0.6622
INFO:root:Round 19000's server test   acc:  70.00%, test  loss: 0.8690
INFO:root:Round 19100's server train  acc:  73.84%, train loss: 0.7562
INFO:root:Round 19100's server test   acc:  68.01%, test  loss: 0.9662
INFO:root:Round 19200's server train  acc:  77.16%, train loss: 0.6390
INFO:root:Round 19200's server test   acc:  70.60%, test  loss: 0.8574
INFO:root:Round 19300's server train  acc:  77.61%, train loss: 0.6294
INFO:root:Round 19300's server test   acc:  70.76%, test  loss: 0.8454
INFO:root:Round 19400's server train  acc:  76.34%, train loss: 0.6671
INFO:root:Round 19400's server test   acc:  69.75%, test  loss: 0.8884
INFO:root:Round 19500's server train  acc:  76.12%, train loss: 0.6786
INFO:root:Round 19500's server test   acc:  69.94%, test  loss: 0.8983
INFO:root:Round 19600's server train  acc:  78.07%, train loss: 0.6117
INFO:root:Round 19600's server test   acc:  71.29%, test  loss: 0.8358
INFO:root:Round 19700's server train  acc:  77.66%, train loss: 0.6201
INFO:root:Round 19700's server test   acc:  70.95%, test  loss: 0.8473
INFO:root:Round 19800's server train  acc:  78.37%, train loss: 0.6040
INFO:root:Round 19800's server test   acc:  71.42%, test  loss: 0.8426
INFO:root:Round 19900's server train  acc:  76.26%, train loss: 0.6620
INFO:root:Round 19900's server test   acc:  69.72%, test  loss: 0.8936
INFO:root:Round 20000's server train  acc:  78.02%, train loss: 0.6118
INFO:root:Round 20000's server test   acc:  70.94%, test  loss: 0.8436
INFO:root:TrainingTime: 18209.620725393295 sec
