INFO:root:Namespace(m='resnetii10', d='cifar10', s=2, R=20000, K=5, M=1000, P=10, partition='exdirb', alpha=[1, 100.0], optim='sgd', lr=0.001, lr_scheduler='exp', lr_decay=1.0, momentum=0.0, weight_decay=0.0, global_lr=1.0, batch_size=16, seed=0, clip=10, log='info+log', eval_every=100, device=0, start_round=0, save_model=0)
INFO:root:record_name: ShufflingFedAvg1.0_M1000,10_K5_R20000,100_resnetii10_cifar10_exdirb1,100.0_sgd0.001,0.0,0.0_exp1.0_b16_seed0_clip10
INFO:root:ResNet(
  (conv1): Conv2d(3, 64, kernel_size=(3, 3), stride=(1, 1), padding=(1, 1), bias=False)
  (relu): ReLU()
  (layer1): Sequential(
    (0): BasicBlock(
      (conv1): Conv2d(64, 64, kernel_size=(3, 3), stride=(1, 1), padding=(1, 1), bias=False)
      (conv2): Conv2d(64, 64, kernel_size=(3, 3), stride=(1, 1), padding=(1, 1), bias=False)
      (shortcut): Sequential()
    )
  )
  (layer2): Sequential(
    (0): BasicBlock(
      (conv1): Conv2d(64, 128, kernel_size=(3, 3), stride=(2, 2), padding=(1, 1), bias=False)
      (conv2): Conv2d(128, 128, kernel_size=(3, 3), stride=(1, 1), padding=(1, 1), bias=False)
      (shortcut): Sequential(
        (0): Conv2d(64, 128, kernel_size=(1, 1), stride=(2, 2), bias=False)
      )
    )
  )
  (layer3): Sequential(
    (0): BasicBlock(
      (conv1): Conv2d(128, 256, kernel_size=(3, 3), stride=(2, 2), padding=(1, 1), bias=False)
      (conv2): Conv2d(256, 256, kernel_size=(3, 3), stride=(1, 1), padding=(1, 1), bias=False)
      (shortcut): Sequential(
        (0): Conv2d(128, 256, kernel_size=(1, 1), stride=(2, 2), bias=False)
      )
    )
  )
  (layer4): Sequential(
    (0): BasicBlock(
      (conv1): Conv2d(256, 512, kernel_size=(3, 3), stride=(2, 2), padding=(1, 1), bias=False)
      (conv2): Conv2d(512, 512, kernel_size=(3, 3), stride=(1, 1), padding=(1, 1), bias=False)
      (shortcut): Sequential(
        (0): Conv2d(256, 512, kernel_size=(1, 1), stride=(2, 2), bias=False)
      )
    )
  )
  (avgpool): AdaptiveAvgPool2d(output_size=(1, 1))
  (flatten): Flatten(start_dim=1, end_dim=-1)
  (fc): Linear(in_features=512, out_features=10, bias=True)
)
INFO:root:Round 100's server train  acc:  10.30%, train loss: 2.3020
INFO:root:Round 100's server test   acc:  10.38%, test  loss: 2.3021
INFO:root:Round 200's server train  acc:  12.19%, train loss: 2.3012
INFO:root:Round 200's server test   acc:  12.11%, test  loss: 2.3012
INFO:root:Round 300's server train  acc:  12.79%, train loss: 2.3003
INFO:root:Round 300's server test   acc:  12.69%, test  loss: 2.3003
INFO:root:Round 400's server train  acc:  12.52%, train loss: 2.2994
INFO:root:Round 400's server test   acc:  12.36%, test  loss: 2.2994
INFO:root:Round 500's server train  acc:  11.77%, train loss: 2.2983
INFO:root:Round 500's server test   acc:  11.68%, test  loss: 2.2982
INFO:root:Round 600's server train  acc:  10.97%, train loss: 2.2970
INFO:root:Round 600's server test   acc:  10.91%, test  loss: 2.2969
INFO:root:Round 700's server train  acc:  10.69%, train loss: 2.2954
INFO:root:Round 700's server test   acc:  10.83%, test  loss: 2.2953
INFO:root:Round 800's server train  acc:  10.67%, train loss: 2.2934
INFO:root:Round 800's server test   acc:  10.77%, test  loss: 2.2933
INFO:root:Round 900's server train  acc:  10.87%, train loss: 2.2908
INFO:root:Round 900's server test   acc:  11.00%, test  loss: 2.2905
INFO:root:Round 1000's server train  acc:  10.91%, train loss: 2.2873
INFO:root:Round 1000's server test   acc:  11.06%, test  loss: 2.2869
INFO:root:Round 1100's server train  acc:  10.88%, train loss: 2.2822
INFO:root:Round 1100's server test   acc:  11.05%, test  loss: 2.2816
INFO:root:Round 1200's server train  acc:  11.00%, train loss: 2.2748
INFO:root:Round 1200's server test   acc:  11.17%, test  loss: 2.2740
INFO:root:Round 1300's server train  acc:  11.44%, train loss: 2.2646
INFO:root:Round 1300's server test   acc:  11.69%, test  loss: 2.2634
INFO:root:Round 1400's server train  acc:  12.21%, train loss: 2.2512
INFO:root:Round 1400's server test   acc:  12.39%, test  loss: 2.2496
INFO:root:Round 1500's server train  acc:  15.19%, train loss: 2.2322
INFO:root:Round 1500's server test   acc:  15.25%, test  loss: 2.2297
INFO:root:Round 1600's server train  acc:  16.89%, train loss: 2.2109
INFO:root:Round 1600's server test   acc:  17.03%, test  loss: 2.2084
INFO:root:Round 1700's server train  acc:  19.87%, train loss: 2.1571
INFO:root:Round 1700's server test   acc:  19.89%, test  loss: 2.1519
INFO:root:Round 1800's server train  acc:  18.14%, train loss: 2.1855
INFO:root:Round 1800's server test   acc:  18.41%, test  loss: 2.1809
INFO:root:Round 1900's server train  acc:  17.53%, train loss: 2.1470
INFO:root:Round 1900's server test   acc:  17.55%, test  loss: 2.1393
INFO:root:Round 2000's server train  acc:  17.23%, train loss: 2.2945
INFO:root:Round 2000's server test   acc:  18.04%, test  loss: 2.2957
INFO:root:Round 2100's server train  acc:  17.42%, train loss: 2.3093
INFO:root:Round 2100's server test   acc:  17.66%, test  loss: 2.3018
INFO:root:Round 2200's server train  acc:  15.62%, train loss: 2.2461
INFO:root:Round 2200's server test   acc:  16.15%, test  loss: 2.2355
INFO:root:Round 2300's server train  acc:  14.09%, train loss: 2.3888
INFO:root:Round 2300's server test   acc:  13.94%, test  loss: 2.3814
INFO:root:Round 2400's server train  acc:  15.75%, train loss: 2.5325
INFO:root:Round 2400's server test   acc:  16.09%, test  loss: 2.5325
INFO:root:Round 2500's server train  acc:  14.60%, train loss: 2.5956
INFO:root:Round 2500's server test   acc:  14.42%, test  loss: 2.5889
INFO:root:Round 2600's server train  acc:  17.67%, train loss: 2.4143
INFO:root:Round 2600's server test   acc:  17.47%, test  loss: 2.4035
INFO:root:Round 2700's server train  acc:  10.63%, train loss: 3.1550
INFO:root:Round 2700's server test   acc:  10.65%, test  loss: 3.1587
INFO:root:Round 2800's server train  acc:  16.84%, train loss: 2.4574
INFO:root:Round 2800's server test   acc:  16.89%, test  loss: 2.4464
INFO:root:Round 2900's server train  acc:  15.62%, train loss: 2.3757
INFO:root:Round 2900's server test   acc:  15.54%, test  loss: 2.3663
INFO:root:Round 3000's server train  acc:  12.63%, train loss: 2.6889
INFO:root:Round 3000's server test   acc:  12.78%, test  loss: 2.6741
INFO:root:Round 3100's server train  acc:  19.03%, train loss: 2.2070
INFO:root:Round 3100's server test   acc:  19.35%, test  loss: 2.2013
INFO:root:Round 3200's server train  acc:  14.58%, train loss: 2.3641
INFO:root:Round 3200's server test   acc:  14.86%, test  loss: 2.3512
INFO:root:Round 3300's server train  acc:  13.74%, train loss: 2.6966
INFO:root:Round 3300's server test   acc:  13.76%, test  loss: 2.7012
INFO:root:Round 3400's server train  acc:  15.29%, train loss: 2.2558
INFO:root:Round 3400's server test   acc:  15.05%, test  loss: 2.2408
INFO:root:Round 3500's server train  acc:  16.59%, train loss: 2.2860
INFO:root:Round 3500's server test   acc:  16.63%, test  loss: 2.2720
INFO:root:Round 3600's server train  acc:  20.65%, train loss: 2.2241
INFO:root:Round 3600's server test   acc:  20.90%, test  loss: 2.2173
INFO:root:Round 3700's server train  acc:  20.69%, train loss: 2.1632
INFO:root:Round 3700's server test   acc:  21.01%, test  loss: 2.1514
INFO:root:Round 3800's server train  acc:  14.21%, train loss: 2.6139
INFO:root:Round 3800's server test   acc:  13.97%, test  loss: 2.6027
INFO:root:Round 3900's server train  acc:  16.69%, train loss: 2.3637
INFO:root:Round 3900's server test   acc:  16.49%, test  loss: 2.3544
INFO:root:Round 4000's server train  acc:  21.10%, train loss: 2.1273
INFO:root:Round 4000's server test   acc:  21.41%, test  loss: 2.1160
INFO:root:Round 4100's server train  acc:  20.07%, train loss: 2.1521
INFO:root:Round 4100's server test   acc:  20.25%, test  loss: 2.1422
INFO:root:Round 4200's server train  acc:  15.77%, train loss: 2.6360
INFO:root:Round 4200's server test   acc:  15.66%, test  loss: 2.6418
INFO:root:Round 4300's server train  acc:  17.36%, train loss: 2.3896
INFO:root:Round 4300's server test   acc:  17.55%, test  loss: 2.3820
INFO:root:Round 4400's server train  acc:  20.10%, train loss: 2.2745
INFO:root:Round 4400's server test   acc:  20.56%, test  loss: 2.2657
INFO:root:Round 4500's server train  acc:  19.76%, train loss: 2.3520
INFO:root:Round 4500's server test   acc:  19.63%, test  loss: 2.3477
INFO:root:Round 4600's server train  acc:  16.74%, train loss: 2.4555
INFO:root:Round 4600's server test   acc:  16.68%, test  loss: 2.4537
INFO:root:Round 4700's server train  acc:  14.79%, train loss: 2.4588
INFO:root:Round 4700's server test   acc:  15.26%, test  loss: 2.4433
INFO:root:Round 4800's server train  acc:  16.11%, train loss: 2.3768
INFO:root:Round 4800's server test   acc:  16.13%, test  loss: 2.3636
INFO:root:Round 4900's server train  acc:  16.37%, train loss: 2.6435
INFO:root:Round 4900's server test   acc:  16.28%, test  loss: 2.6474
INFO:root:Round 5000's server train  acc:  16.44%, train loss: 2.3792
INFO:root:Round 5000's server test   acc:  16.89%, test  loss: 2.3735
INFO:root:Round 5100's server train  acc:  21.33%, train loss: 2.2029
INFO:root:Round 5100's server test   acc:  22.42%, test  loss: 2.1854
INFO:root:Round 5200's server train  acc:  18.36%, train loss: 2.2684
INFO:root:Round 5200's server test   acc:  18.02%, test  loss: 2.2585
INFO:root:Round 5300's server train  acc:  18.01%, train loss: 2.2506
INFO:root:Round 5300's server test   acc:  18.27%, test  loss: 2.2452
INFO:root:Round 5400's server train  acc:  16.78%, train loss: 2.4745
INFO:root:Round 5400's server test   acc:  16.63%, test  loss: 2.4673
INFO:root:Round 5500's server train  acc:  16.80%, train loss: 2.3671
INFO:root:Round 5500's server test   acc:  17.08%, test  loss: 2.3584
INFO:root:Round 5600's server train  acc:  17.32%, train loss: 2.2699
INFO:root:Round 5600's server test   acc:  18.12%, test  loss: 2.2570
INFO:root:Round 5700's server train  acc:  16.92%, train loss: 2.3518
INFO:root:Round 5700's server test   acc:  16.32%, test  loss: 2.3518
INFO:root:Round 5800's server train  acc:  19.61%, train loss: 2.2110
INFO:root:Round 5800's server test   acc:  19.88%, test  loss: 2.2013
INFO:root:Round 5900's server train  acc:  18.24%, train loss: 2.3575
INFO:root:Round 5900's server test   acc:  18.63%, test  loss: 2.3373
INFO:root:Round 6000's server train  acc:  15.64%, train loss: 2.5362
INFO:root:Round 6000's server test   acc:  15.67%, test  loss: 2.5286
INFO:root:Round 6100's server train  acc:  14.28%, train loss: 2.6101
INFO:root:Round 6100's server test   acc:  14.27%, test  loss: 2.6133
INFO:root:Round 6200's server train  acc:  13.06%, train loss: 2.4838
INFO:root:Round 6200's server test   acc:  12.72%, test  loss: 2.4693
INFO:root:Round 6300's server train  acc:  12.77%, train loss: 2.9700
INFO:root:Round 6300's server test   acc:  12.99%, test  loss: 2.9540
INFO:root:Round 6400's server train  acc:  17.13%, train loss: 2.2244
INFO:root:Round 6400's server test   acc:  17.14%, test  loss: 2.2109
INFO:root:Round 6500's server train  acc:  17.15%, train loss: 2.3119
INFO:root:Round 6500's server test   acc:  17.33%, test  loss: 2.2990
INFO:root:Round 6600's server train  acc:  15.86%, train loss: 2.3621
INFO:root:Round 6600's server test   acc:  16.18%, test  loss: 2.3599
INFO:root:Round 6700's server train  acc:  20.73%, train loss: 2.2353
INFO:root:Round 6700's server test   acc:  20.70%, test  loss: 2.2287
INFO:root:Round 6800's server train  acc:  19.27%, train loss: 2.2400
INFO:root:Round 6800's server test   acc:  19.86%, test  loss: 2.2316
INFO:root:Round 6900's server train  acc:  17.94%, train loss: 2.2993
INFO:root:Round 6900's server test   acc:  18.45%, test  loss: 2.2922
INFO:root:Round 7000's server train  acc:  16.10%, train loss: 2.5347
INFO:root:Round 7000's server test   acc:  15.97%, test  loss: 2.5342
INFO:root:Round 7100's server train  acc:  18.19%, train loss: 2.3149
INFO:root:Round 7100's server test   acc:  18.30%, test  loss: 2.3116
INFO:root:Round 7200's server train  acc:  18.66%, train loss: 2.3586
INFO:root:Round 7200's server test   acc:  18.41%, test  loss: 2.3536
INFO:root:Round 7300's server train  acc:  20.31%, train loss: 2.2470
INFO:root:Round 7300's server test   acc:  20.56%, test  loss: 2.2409
INFO:root:Round 7400's server train  acc:  18.61%, train loss: 2.2168
INFO:root:Round 7400's server test   acc:  18.64%, test  loss: 2.2074
INFO:root:Round 7500's server train  acc:  15.30%, train loss: 2.4455
INFO:root:Round 7500's server test   acc:  15.44%, test  loss: 2.4330
INFO:root:Round 7600's server train  acc:  15.42%, train loss: 2.4976
INFO:root:Round 7600's server test   acc:  15.64%, test  loss: 2.4878
INFO:root:Round 7700's server train  acc:  18.74%, train loss: 2.4262
INFO:root:Round 7700's server test   acc:  18.70%, test  loss: 2.4161
INFO:root:Round 7800's server train  acc:  22.04%, train loss: 2.2271
INFO:root:Round 7800's server test   acc:  22.22%, test  loss: 2.2168
INFO:root:Round 7900's server train  acc:  21.19%, train loss: 2.1498
INFO:root:Round 7900's server test   acc:  21.76%, test  loss: 2.1379
INFO:root:Round 8000's server train  acc:  17.78%, train loss: 2.5771
INFO:root:Round 8000's server test   acc:  17.51%, test  loss: 2.5777
INFO:root:Round 8100's server train  acc:  17.67%, train loss: 2.5119
INFO:root:Round 8100's server test   acc:  17.64%, test  loss: 2.5048
INFO:root:Round 8200's server train  acc:  17.39%, train loss: 2.2470
INFO:root:Round 8200's server test   acc:  17.19%, test  loss: 2.2375
INFO:root:Round 8300's server train  acc:  22.75%, train loss: 2.1788
INFO:root:Round 8300's server test   acc:  22.99%, test  loss: 2.1660
INFO:root:Round 8400's server train  acc:  17.25%, train loss: 2.3408
INFO:root:Round 8400's server test   acc:  17.23%, test  loss: 2.3357
INFO:root:Round 8500's server train  acc:  15.33%, train loss: 2.2952
INFO:root:Round 8500's server test   acc:  15.63%, test  loss: 2.2819
INFO:root:Round 8600's server train  acc:  21.46%, train loss: 2.2780
INFO:root:Round 8600's server test   acc:  21.64%, test  loss: 2.2667
INFO:root:Round 8700's server train  acc:  15.64%, train loss: 2.3323
INFO:root:Round 8700's server test   acc:  15.47%, test  loss: 2.3216
INFO:root:Round 8800's server train  acc:  17.14%, train loss: 2.2689
INFO:root:Round 8800's server test   acc:  17.08%, test  loss: 2.2576
INFO:root:Round 8900's server train  acc:  14.83%, train loss: 2.3969
INFO:root:Round 8900's server test   acc:  14.77%, test  loss: 2.3835
INFO:root:Round 9000's server train  acc:  19.65%, train loss: 2.5035
INFO:root:Round 9000's server test   acc:  19.76%, test  loss: 2.4966
INFO:root:Round 9100's server train  acc:  18.70%, train loss: 2.3095
INFO:root:Round 9100's server test   acc:  18.74%, test  loss: 2.2987
INFO:root:Round 9200's server train  acc:  17.71%, train loss: 2.1774
INFO:root:Round 9200's server test   acc:  17.36%, test  loss: 2.1680
INFO:root:Round 9300's server train  acc:  22.55%, train loss: 2.0883
INFO:root:Round 9300's server test   acc:  23.36%, test  loss: 2.0780
INFO:root:Round 9400's server train  acc:  18.15%, train loss: 2.3727
INFO:root:Round 9400's server test   acc:  17.80%, test  loss: 2.3644
INFO:root:Round 9500's server train  acc:  21.29%, train loss: 2.1874
INFO:root:Round 9500's server test   acc:  21.35%, test  loss: 2.1786
INFO:root:Round 9600's server train  acc:  15.34%, train loss: 2.6423
INFO:root:Round 9600's server test   acc:  15.45%, test  loss: 2.6353
INFO:root:Round 9700's server train  acc:  19.68%, train loss: 2.1727
INFO:root:Round 9700's server test   acc:  19.94%, test  loss: 2.1622
INFO:root:Round 9800's server train  acc:  21.41%, train loss: 2.2470
INFO:root:Round 9800's server test   acc:  21.13%, test  loss: 2.2384
INFO:root:Round 9900's server train  acc:  19.41%, train loss: 2.2938
INFO:root:Round 9900's server test   acc:  20.03%, test  loss: 2.2859
INFO:root:Round 10000's server train  acc:  18.82%, train loss: 2.2577
INFO:root:Round 10000's server test   acc:  19.14%, test  loss: 2.2455
INFO:root:Round 10100's server train  acc:  22.02%, train loss: 2.2200
INFO:root:Round 10100's server test   acc:  22.39%, test  loss: 2.2138
INFO:root:Round 10200's server train  acc:  19.58%, train loss: 2.1747
INFO:root:Round 10200's server test   acc:  19.81%, test  loss: 2.1679
INFO:root:Round 10300's server train  acc:  16.26%, train loss: 2.2965
INFO:root:Round 10300's server test   acc:  16.12%, test  loss: 2.2881
INFO:root:Round 10400's server train  acc:  17.46%, train loss: 2.2166
INFO:root:Round 10400's server test   acc:  17.40%, test  loss: 2.2090
INFO:root:Round 10500's server train  acc:  20.80%, train loss: 2.1962
INFO:root:Round 10500's server test   acc:  20.55%, test  loss: 2.1921
INFO:root:Round 10600's server train  acc:  20.61%, train loss: 2.1131
INFO:root:Round 10600's server test   acc:  20.42%, test  loss: 2.1063
INFO:root:Round 10700's server train  acc:  17.65%, train loss: 2.2513
INFO:root:Round 10700's server test   acc:  17.47%, test  loss: 2.2470
INFO:root:Round 10800's server train  acc:  14.92%, train loss: 2.5428
INFO:root:Round 10800's server test   acc:  14.66%, test  loss: 2.5288
INFO:root:Round 10900's server train  acc:  15.98%, train loss: 2.3983
INFO:root:Round 10900's server test   acc:  16.38%, test  loss: 2.3893
INFO:root:Round 11000's server train  acc:  16.47%, train loss: 2.3403
INFO:root:Round 11000's server test   acc:  16.87%, test  loss: 2.3347
INFO:root:Round 11100's server train  acc:  20.79%, train loss: 2.2057
INFO:root:Round 11100's server test   acc:  20.64%, test  loss: 2.2003
INFO:root:Round 11200's server train  acc:  18.39%, train loss: 2.4639
INFO:root:Round 11200's server test   acc:  17.93%, test  loss: 2.4592
INFO:root:Round 11300's server train  acc:  19.80%, train loss: 2.2418
INFO:root:Round 11300's server test   acc:  19.89%, test  loss: 2.2329
INFO:root:Round 11400's server train  acc:  21.88%, train loss: 2.3231
INFO:root:Round 11400's server test   acc:  21.91%, test  loss: 2.3160
INFO:root:Round 11500's server train  acc:  23.41%, train loss: 2.1392
INFO:root:Round 11500's server test   acc:  23.58%, test  loss: 2.1346
INFO:root:Round 11600's server train  acc:  23.33%, train loss: 2.1870
INFO:root:Round 11600's server test   acc:  23.37%, test  loss: 2.1801
INFO:root:Round 11700's server train  acc:  18.34%, train loss: 2.2503
INFO:root:Round 11700's server test   acc:  18.22%, test  loss: 2.2462
INFO:root:Round 11800's server train  acc:  24.75%, train loss: 2.3208
INFO:root:Round 11800's server test   acc:  25.05%, test  loss: 2.3088
INFO:root:Round 11900's server train  acc:  18.05%, train loss: 2.2860
INFO:root:Round 11900's server test   acc:  18.43%, test  loss: 2.2801
INFO:root:Round 12000's server train  acc:  18.74%, train loss: 2.2390
INFO:root:Round 12000's server test   acc:  18.80%, test  loss: 2.2301
INFO:root:Round 12100's server train  acc:  24.77%, train loss: 2.0691
INFO:root:Round 12100's server test   acc:  25.21%, test  loss: 2.0575
INFO:root:Round 12200's server train  acc:  16.34%, train loss: 2.3498
INFO:root:Round 12200's server test   acc:  16.12%, test  loss: 2.3392
INFO:root:Round 12300's server train  acc:  14.59%, train loss: 2.5553
INFO:root:Round 12300's server test   acc:  14.68%, test  loss: 2.5433
INFO:root:Round 12400's server train  acc:  16.17%, train loss: 2.3117
INFO:root:Round 12400's server test   acc:  16.34%, test  loss: 2.3043
INFO:root:Round 12500's server train  acc:  17.41%, train loss: 2.4028
INFO:root:Round 12500's server test   acc:  17.55%, test  loss: 2.3968
INFO:root:Round 12600's server train  acc:  22.10%, train loss: 2.1195
INFO:root:Round 12600's server test   acc:  21.68%, test  loss: 2.1142
INFO:root:Round 12700's server train  acc:  23.42%, train loss: 2.1661
INFO:root:Round 12700's server test   acc:  23.17%, test  loss: 2.1625
INFO:root:Round 12800's server train  acc:  20.53%, train loss: 2.2400
INFO:root:Round 12800's server test   acc:  20.39%, test  loss: 2.2311
INFO:root:Round 12900's server train  acc:  24.34%, train loss: 2.0909
INFO:root:Round 12900's server test   acc:  24.48%, test  loss: 2.0833
INFO:root:Round 13000's server train  acc:  20.32%, train loss: 2.0992
INFO:root:Round 13000's server test   acc:  21.02%, test  loss: 2.0896
INFO:root:Round 13100's server train  acc:  18.88%, train loss: 2.4429
INFO:root:Round 13100's server test   acc:  19.23%, test  loss: 2.4250
INFO:root:Round 13200's server train  acc:  18.41%, train loss: 2.3477
INFO:root:Round 13200's server test   acc:  18.47%, test  loss: 2.3399
INFO:root:Round 13300's server train  acc:  19.12%, train loss: 2.2594
INFO:root:Round 13300's server test   acc:  19.23%, test  loss: 2.2503
INFO:root:Round 13400's server train  acc:  21.03%, train loss: 2.1998
INFO:root:Round 13400's server test   acc:  21.71%, test  loss: 2.1936
INFO:root:Round 13500's server train  acc:  16.84%, train loss: 2.3722
INFO:root:Round 13500's server test   acc:  17.43%, test  loss: 2.3582
INFO:root:Round 13600's server train  acc:  19.83%, train loss: 2.3176
INFO:root:Round 13600's server test   acc:  20.19%, test  loss: 2.3104
INFO:root:Round 13700's server train  acc:  16.76%, train loss: 2.3877
INFO:root:Round 13700's server test   acc:  16.68%, test  loss: 2.3728
INFO:root:Round 13800's server train  acc:  21.73%, train loss: 2.2353
INFO:root:Round 13800's server test   acc:  21.85%, test  loss: 2.2269
INFO:root:Round 13900's server train  acc:  21.88%, train loss: 2.0885
INFO:root:Round 13900's server test   acc:  21.70%, test  loss: 2.0814
INFO:root:Round 14000's server train  acc:  19.91%, train loss: 2.4247
INFO:root:Round 14000's server test   acc:  19.83%, test  loss: 2.4199
INFO:root:Round 14100's server train  acc:  22.77%, train loss: 2.1636
INFO:root:Round 14100's server test   acc:  22.81%, test  loss: 2.1562
INFO:root:Round 14200's server train  acc:  19.71%, train loss: 2.2938
INFO:root:Round 14200's server test   acc:  19.96%, test  loss: 2.2908
INFO:root:Round 14300's server train  acc:  23.66%, train loss: 2.1416
INFO:root:Round 14300's server test   acc:  24.26%, test  loss: 2.1319
INFO:root:Round 14400's server train  acc:  15.29%, train loss: 2.8365
INFO:root:Round 14400's server test   acc:  15.34%, test  loss: 2.8241
INFO:root:Round 14500's server train  acc:  17.20%, train loss: 2.6571
INFO:root:Round 14500's server test   acc:  17.67%, test  loss: 2.6437
INFO:root:Round 14600's server train  acc:  21.91%, train loss: 2.2209
INFO:root:Round 14600's server test   acc:  21.39%, test  loss: 2.2155
INFO:root:Round 14700's server train  acc:  17.64%, train loss: 2.6680
INFO:root:Round 14700's server test   acc:  17.27%, test  loss: 2.6715
INFO:root:Round 14800's server train  acc:  19.66%, train loss: 2.2013
INFO:root:Round 14800's server test   acc:  20.19%, test  loss: 2.1936
INFO:root:Round 14900's server train  acc:  21.39%, train loss: 2.1931
INFO:root:Round 14900's server test   acc:  21.66%, test  loss: 2.1825
INFO:root:Round 15000's server train  acc:  23.26%, train loss: 2.2088
INFO:root:Round 15000's server test   acc:  23.07%, test  loss: 2.2044
INFO:root:Round 15100's server train  acc:  18.20%, train loss: 2.2964
INFO:root:Round 15100's server test   acc:  18.11%, test  loss: 2.2815
INFO:root:Round 15200's server train  acc:  17.77%, train loss: 2.4132
INFO:root:Round 15200's server test   acc:  17.93%, test  loss: 2.4064
INFO:root:Round 15300's server train  acc:  19.01%, train loss: 2.4963
INFO:root:Round 15300's server test   acc:  19.09%, test  loss: 2.4883
INFO:root:Round 15400's server train  acc:  19.19%, train loss: 2.2635
INFO:root:Round 15400's server test   acc:  18.92%, test  loss: 2.2576
INFO:root:Round 15500's server train  acc:  17.74%, train loss: 2.2669
INFO:root:Round 15500's server test   acc:  17.88%, test  loss: 2.2634
INFO:root:Round 15600's server train  acc:  14.97%, train loss: 2.4011
INFO:root:Round 15600's server test   acc:  15.24%, test  loss: 2.3878
INFO:root:Round 15700's server train  acc:  20.58%, train loss: 2.1462
INFO:root:Round 15700's server test   acc:  20.57%, test  loss: 2.1414
INFO:root:Round 15800's server train  acc:  20.35%, train loss: 2.3061
INFO:root:Round 15800's server test   acc:  20.20%, test  loss: 2.3045
INFO:root:Round 15900's server train  acc:  18.78%, train loss: 2.3174
INFO:root:Round 15900's server test   acc:  19.28%, test  loss: 2.3156
INFO:root:Round 16000's server train  acc:  19.24%, train loss: 2.3737
INFO:root:Round 16000's server test   acc:  18.50%, test  loss: 2.3745
INFO:root:Round 16100's server train  acc:  16.22%, train loss: 2.4373
INFO:root:Round 16100's server test   acc:  16.22%, test  loss: 2.4287
INFO:root:Round 16200's server train  acc:  15.94%, train loss: 2.4070
INFO:root:Round 16200's server test   acc:  16.26%, test  loss: 2.3998
INFO:root:Round 16300's server train  acc:  19.12%, train loss: 2.2995
INFO:root:Round 16300's server test   acc:  18.71%, test  loss: 2.2994
INFO:root:Round 16400's server train  acc:  21.50%, train loss: 2.4383
INFO:root:Round 16400's server test   acc:  21.36%, test  loss: 2.4303
INFO:root:Round 16500's server train  acc:  22.95%, train loss: 2.2538
INFO:root:Round 16500's server test   acc:  23.28%, test  loss: 2.2498
INFO:root:Round 16600's server train  acc:  19.02%, train loss: 2.3190
INFO:root:Round 16600's server test   acc:  19.15%, test  loss: 2.3105
INFO:root:Round 16700's server train  acc:  20.84%, train loss: 2.2339
INFO:root:Round 16700's server test   acc:  20.88%, test  loss: 2.2251
INFO:root:Round 16800's server train  acc:  23.20%, train loss: 2.1931
INFO:root:Round 16800's server test   acc:  22.92%, test  loss: 2.1923
INFO:root:Round 16900's server train  acc:  25.30%, train loss: 2.0433
INFO:root:Round 16900's server test   acc:  25.71%, test  loss: 2.0388
INFO:root:Round 17000's server train  acc:  22.24%, train loss: 2.1860
INFO:root:Round 17000's server test   acc:  21.80%, test  loss: 2.1801
INFO:root:Round 17100's server train  acc:  22.44%, train loss: 2.2211
INFO:root:Round 17100's server test   acc:  22.46%, test  loss: 2.2202
INFO:root:Round 17200's server train  acc:  18.41%, train loss: 2.2677
INFO:root:Round 17200's server test   acc:  18.15%, test  loss: 2.2667
INFO:root:Round 17300's server train  acc:  17.30%, train loss: 2.2991
INFO:root:Round 17300's server test   acc:  17.52%, test  loss: 2.2994
INFO:root:Round 17400's server train  acc:  21.82%, train loss: 2.1496
INFO:root:Round 17400's server test   acc:  21.83%, test  loss: 2.1487
INFO:root:Round 17500's server train  acc:  20.39%, train loss: 2.1772
INFO:root:Round 17500's server test   acc:  19.94%, test  loss: 2.1765
INFO:root:Round 17600's server train  acc:  19.20%, train loss: 2.1366
INFO:root:Round 17600's server test   acc:  19.15%, test  loss: 2.1283
INFO:root:Round 17700's server train  acc:  17.36%, train loss: 2.2517
INFO:root:Round 17700's server test   acc:  17.73%, test  loss: 2.2424
INFO:root:Round 17800's server train  acc:  21.29%, train loss: 2.1100
INFO:root:Round 17800's server test   acc:  21.77%, test  loss: 2.1016
INFO:root:Round 17900's server train  acc:  19.19%, train loss: 2.3366
INFO:root:Round 17900's server test   acc:  19.00%, test  loss: 2.3286
INFO:root:Round 18000's server train  acc:  23.20%, train loss: 2.2024
INFO:root:Round 18000's server test   acc:  23.66%, test  loss: 2.1924
INFO:root:Round 18100's server train  acc:  19.77%, train loss: 2.2938
INFO:root:Round 18100's server test   acc:  19.62%, test  loss: 2.2898
INFO:root:Round 18200's server train  acc:  22.37%, train loss: 2.1074
INFO:root:Round 18200's server test   acc:  22.77%, test  loss: 2.1030
INFO:root:Round 18300's server train  acc:  25.64%, train loss: 2.0411
INFO:root:Round 18300's server test   acc:  25.40%, test  loss: 2.0343
INFO:root:Round 18400's server train  acc:  20.43%, train loss: 2.3626
INFO:root:Round 18400's server test   acc:  20.45%, test  loss: 2.3506
INFO:root:Round 18500's server train  acc:  16.95%, train loss: 2.6127
INFO:root:Round 18500's server test   acc:  17.32%, test  loss: 2.6116
INFO:root:Round 18600's server train  acc:  20.34%, train loss: 2.2298
INFO:root:Round 18600's server test   acc:  19.91%, test  loss: 2.2289
INFO:root:Round 18700's server train  acc:  22.08%, train loss: 2.2242
INFO:root:Round 18700's server test   acc:  22.30%, test  loss: 2.2158
INFO:root:Round 18800's server train  acc:  23.88%, train loss: 2.3022
INFO:root:Round 18800's server test   acc:  23.70%, test  loss: 2.2976
INFO:root:Round 18900's server train  acc:  25.41%, train loss: 2.1173
INFO:root:Round 18900's server test   acc:  25.31%, test  loss: 2.1128
INFO:root:Round 19000's server train  acc:  21.87%, train loss: 2.4851
INFO:root:Round 19000's server test   acc:  22.23%, test  loss: 2.4681
INFO:root:Round 19100's server train  acc:  17.39%, train loss: 2.5160
INFO:root:Round 19100's server test   acc:  17.06%, test  loss: 2.5192
INFO:root:Round 19200's server train  acc:  20.41%, train loss: 2.1458
INFO:root:Round 19200's server test   acc:  20.76%, test  loss: 2.1367
INFO:root:Round 19300's server train  acc:  20.14%, train loss: 2.2082
INFO:root:Round 19300's server test   acc:  19.91%, test  loss: 2.2028
INFO:root:Round 19400's server train  acc:  20.85%, train loss: 2.3679
INFO:root:Round 19400's server test   acc:  20.48%, test  loss: 2.3699
INFO:root:Round 19500's server train  acc:  24.36%, train loss: 2.1406
INFO:root:Round 19500's server test   acc:  23.84%, test  loss: 2.1361
INFO:root:Round 19600's server train  acc:  18.86%, train loss: 2.3009
INFO:root:Round 19600's server test   acc:  18.82%, test  loss: 2.2994
INFO:root:Round 19700's server train  acc:  19.56%, train loss: 2.2928
INFO:root:Round 19700's server test   acc:  18.99%, test  loss: 2.2912
INFO:root:Round 19800's server train  acc:  27.99%, train loss: 2.0602
INFO:root:Round 19800's server test   acc:  28.27%, test  loss: 2.0539
INFO:root:Round 19900's server train  acc:  21.83%, train loss: 2.2475
INFO:root:Round 19900's server test   acc:  20.89%, test  loss: 2.2447
INFO:root:Round 20000's server train  acc:  17.57%, train loss: 2.3417
INFO:root:Round 20000's server test   acc:  17.54%, test  loss: 2.3391
INFO:root:TrainingTime: 12192.073355913162 sec
