INFO:root:Namespace(m='cnn', d='cinic10', s=2, R=20000, K=5, M=1000, P=10, partition='iid', alpha=[1.0], optim='sgd', lr=0.001, lr_scheduler='exp', lr_decay=1.0, momentum=0.0, weight_decay=0.0, global_lr=1.0, batch_size=16, seed=0, clip=10, log='info+log', eval_every=100, device=0, start_round=0, save_model=0)
INFO:root:record_name: ShufflingFedAvg1.0_M1000,10_K5_R20000,100_cnn_cinic10_iid_sgd0.001,0.0,0.0_exp1.0_b16_seed0_clip10
INFO:root:CNN(
  (conv1): Conv2d(3, 64, kernel_size=(5, 5), stride=(1, 1))
  (relu1): ReLU()
  (pool1): MaxPool2d(kernel_size=2, stride=2, padding=0, dilation=1, ceil_mode=False)
  (conv2): Conv2d(64, 64, kernel_size=(5, 5), stride=(1, 1))
  (relu2): ReLU()
  (pool2): MaxPool2d(kernel_size=2, stride=2, padding=0, dilation=1, ceil_mode=False)
  (flatten): Flatten(start_dim=1, end_dim=-1)
  (fc1): Linear(in_features=1600, out_features=384, bias=True)
  (relu3): ReLU()
  (fc2): Linear(in_features=384, out_features=192, bias=True)
  (relu4): ReLU()
  (fc3): Linear(in_features=192, out_features=10, bias=True)
)
INFO:root:Round 100's server train  acc:  11.42%, train loss: 2.2989
INFO:root:Round 100's server test   acc:  11.42%, test  loss: 2.2990
INFO:root:Round 200's server train  acc:  14.96%, train loss: 2.2932
INFO:root:Round 200's server test   acc:  14.96%, test  loss: 2.2934
INFO:root:Round 300's server train  acc:  18.59%, train loss: 2.2846
INFO:root:Round 300's server test   acc:  18.42%, test  loss: 2.2849
INFO:root:Round 400's server train  acc:  19.11%, train loss: 2.2697
INFO:root:Round 400's server test   acc:  18.96%, test  loss: 2.2703
INFO:root:Round 500's server train  acc:  20.15%, train loss: 2.2426
INFO:root:Round 500's server test   acc:  20.03%, test  loss: 2.2437
INFO:root:Round 600's server train  acc:  21.59%, train loss: 2.1950
INFO:root:Round 600's server test   acc:  21.43%, test  loss: 2.1971
INFO:root:Round 700's server train  acc:  22.45%, train loss: 2.1337
INFO:root:Round 700's server test   acc:  22.39%, test  loss: 2.1371
INFO:root:Round 800's server train  acc:  24.16%, train loss: 2.0831
INFO:root:Round 800's server test   acc:  23.90%, test  loss: 2.0876
INFO:root:Round 900's server train  acc:  25.14%, train loss: 2.0500
INFO:root:Round 900's server test   acc:  24.98%, test  loss: 2.0551
INFO:root:Round 1000's server train  acc:  25.97%, train loss: 2.0276
INFO:root:Round 1000's server test   acc:  25.66%, test  loss: 2.0331
INFO:root:Round 1100's server train  acc:  26.38%, train loss: 2.0088
INFO:root:Round 1100's server test   acc:  26.22%, test  loss: 2.0145
INFO:root:Round 1200's server train  acc:  27.33%, train loss: 1.9876
INFO:root:Round 1200's server test   acc:  27.09%, test  loss: 1.9935
INFO:root:Round 1300's server train  acc:  28.07%, train loss: 1.9689
INFO:root:Round 1300's server test   acc:  27.84%, test  loss: 1.9749
INFO:root:Round 1400's server train  acc:  28.55%, train loss: 1.9498
INFO:root:Round 1400's server test   acc:  28.36%, test  loss: 1.9558
INFO:root:Round 1500's server train  acc:  29.00%, train loss: 1.9320
INFO:root:Round 1500's server test   acc:  28.91%, test  loss: 1.9381
INFO:root:Round 1600's server train  acc:  29.71%, train loss: 1.9123
INFO:root:Round 1600's server test   acc:  29.58%, test  loss: 1.9187
INFO:root:Round 1700's server train  acc:  30.17%, train loss: 1.8929
INFO:root:Round 1700's server test   acc:  30.16%, test  loss: 1.8993
INFO:root:Round 1800's server train  acc:  30.84%, train loss: 1.8723
INFO:root:Round 1800's server test   acc:  30.78%, test  loss: 1.8789
INFO:root:Round 1900's server train  acc:  31.36%, train loss: 1.8538
INFO:root:Round 1900's server test   acc:  31.32%, test  loss: 1.8608
INFO:root:Round 2000's server train  acc:  31.81%, train loss: 1.8383
INFO:root:Round 2000's server test   acc:  31.67%, test  loss: 1.8456
INFO:root:Round 2100's server train  acc:  32.12%, train loss: 1.8221
INFO:root:Round 2100's server test   acc:  31.92%, test  loss: 1.8299
INFO:root:Round 2200's server train  acc:  32.72%, train loss: 1.8054
INFO:root:Round 2200's server test   acc:  32.46%, test  loss: 1.8137
INFO:root:Round 2300's server train  acc:  32.95%, train loss: 1.7923
INFO:root:Round 2300's server test   acc:  32.63%, test  loss: 1.8013
INFO:root:Round 2400's server train  acc:  33.27%, train loss: 1.7805
INFO:root:Round 2400's server test   acc:  32.95%, test  loss: 1.7898
INFO:root:Round 2500's server train  acc:  33.59%, train loss: 1.7709
INFO:root:Round 2500's server test   acc:  33.41%, test  loss: 1.7807
INFO:root:Round 2600's server train  acc:  34.07%, train loss: 1.7585
INFO:root:Round 2600's server test   acc:  33.80%, test  loss: 1.7686
INFO:root:Round 2700's server train  acc:  34.36%, train loss: 1.7491
INFO:root:Round 2700's server test   acc:  34.04%, test  loss: 1.7596
INFO:root:Round 2800's server train  acc:  34.76%, train loss: 1.7395
INFO:root:Round 2800's server test   acc:  34.47%, test  loss: 1.7502
INFO:root:Round 2900's server train  acc:  35.16%, train loss: 1.7291
INFO:root:Round 2900's server test   acc:  34.82%, test  loss: 1.7402
INFO:root:Round 3000's server train  acc:  35.12%, train loss: 1.7273
INFO:root:Round 3000's server test   acc:  34.82%, test  loss: 1.7383
INFO:root:Round 3100's server train  acc:  35.55%, train loss: 1.7160
INFO:root:Round 3100's server test   acc:  35.24%, test  loss: 1.7275
INFO:root:Round 3200's server train  acc:  36.08%, train loss: 1.7070
INFO:root:Round 3200's server test   acc:  35.77%, test  loss: 1.7184
INFO:root:Round 3300's server train  acc:  36.25%, train loss: 1.6996
INFO:root:Round 3300's server test   acc:  35.91%, test  loss: 1.7113
INFO:root:Round 3400's server train  acc:  36.23%, train loss: 1.6940
INFO:root:Round 3400's server test   acc:  35.94%, test  loss: 1.7058
INFO:root:Round 3500's server train  acc:  37.19%, train loss: 1.6810
INFO:root:Round 3500's server test   acc:  36.80%, test  loss: 1.6927
INFO:root:Round 3600's server train  acc:  36.82%, train loss: 1.6798
INFO:root:Round 3600's server test   acc:  36.61%, test  loss: 1.6916
INFO:root:Round 3700's server train  acc:  37.17%, train loss: 1.6709
INFO:root:Round 3700's server test   acc:  36.83%, test  loss: 1.6829
INFO:root:Round 3800's server train  acc:  37.31%, train loss: 1.6639
INFO:root:Round 3800's server test   acc:  37.05%, test  loss: 1.6761
INFO:root:Round 3900's server train  acc:  38.03%, train loss: 1.6549
INFO:root:Round 3900's server test   acc:  37.69%, test  loss: 1.6674
INFO:root:Round 4000's server train  acc:  38.22%, train loss: 1.6500
INFO:root:Round 4000's server test   acc:  37.78%, test  loss: 1.6624
INFO:root:Round 4100's server train  acc:  38.16%, train loss: 1.6463
INFO:root:Round 4100's server test   acc:  37.83%, test  loss: 1.6590
INFO:root:Round 4200's server train  acc:  38.64%, train loss: 1.6400
INFO:root:Round 4200's server test   acc:  38.16%, test  loss: 1.6528
INFO:root:Round 4300's server train  acc:  39.08%, train loss: 1.6330
INFO:root:Round 4300's server test   acc:  38.58%, test  loss: 1.6457
INFO:root:Round 4400's server train  acc:  39.01%, train loss: 1.6316
INFO:root:Round 4400's server test   acc:  38.69%, test  loss: 1.6446
INFO:root:Round 4500's server train  acc:  39.26%, train loss: 1.6243
INFO:root:Round 4500's server test   acc:  38.91%, test  loss: 1.6370
INFO:root:Round 4600's server train  acc:  39.21%, train loss: 1.6224
INFO:root:Round 4600's server test   acc:  38.85%, test  loss: 1.6351
INFO:root:Round 4700's server train  acc:  39.64%, train loss: 1.6152
INFO:root:Round 4700's server test   acc:  39.26%, test  loss: 1.6277
INFO:root:Round 4800's server train  acc:  39.80%, train loss: 1.6103
INFO:root:Round 4800's server test   acc:  39.47%, test  loss: 1.6228
INFO:root:Round 4900's server train  acc:  40.26%, train loss: 1.6047
INFO:root:Round 4900's server test   acc:  39.90%, test  loss: 1.6176
INFO:root:Round 5000's server train  acc:  40.29%, train loss: 1.5999
INFO:root:Round 5000's server test   acc:  40.02%, test  loss: 1.6126
INFO:root:Round 5100's server train  acc:  39.99%, train loss: 1.6004
INFO:root:Round 5100's server test   acc:  39.64%, test  loss: 1.6133
INFO:root:Round 5200's server train  acc:  40.87%, train loss: 1.5888
INFO:root:Round 5200's server test   acc:  40.50%, test  loss: 1.6016
INFO:root:Round 5300's server train  acc:  41.07%, train loss: 1.5848
INFO:root:Round 5300's server test   acc:  40.75%, test  loss: 1.5977
INFO:root:Round 5400's server train  acc:  41.03%, train loss: 1.5823
INFO:root:Round 5400's server test   acc:  40.66%, test  loss: 1.5950
INFO:root:Round 5500's server train  acc:  41.36%, train loss: 1.5764
INFO:root:Round 5500's server test   acc:  41.02%, test  loss: 1.5893
INFO:root:Round 5600's server train  acc:  41.63%, train loss: 1.5720
INFO:root:Round 5600's server test   acc:  41.43%, test  loss: 1.5847
INFO:root:Round 5700's server train  acc:  41.62%, train loss: 1.5676
INFO:root:Round 5700's server test   acc:  41.28%, test  loss: 1.5808
INFO:root:Round 5800's server train  acc:  41.73%, train loss: 1.5644
INFO:root:Round 5800's server test   acc:  41.39%, test  loss: 1.5775
INFO:root:Round 5900's server train  acc:  42.24%, train loss: 1.5574
INFO:root:Round 5900's server test   acc:  41.84%, test  loss: 1.5703
INFO:root:Round 6000's server train  acc:  42.31%, train loss: 1.5537
INFO:root:Round 6000's server test   acc:  41.91%, test  loss: 1.5669
INFO:root:Round 6100's server train  acc:  42.43%, train loss: 1.5487
INFO:root:Round 6100's server test   acc:  42.08%, test  loss: 1.5616
INFO:root:Round 6200's server train  acc:  42.52%, train loss: 1.5475
INFO:root:Round 6200's server test   acc:  42.13%, test  loss: 1.5609
INFO:root:Round 6300's server train  acc:  42.70%, train loss: 1.5434
INFO:root:Round 6300's server test   acc:  42.34%, test  loss: 1.5570
INFO:root:Round 6400's server train  acc:  42.80%, train loss: 1.5372
INFO:root:Round 6400's server test   acc:  42.40%, test  loss: 1.5506
INFO:root:Round 6500's server train  acc:  43.28%, train loss: 1.5307
INFO:root:Round 6500's server test   acc:  42.83%, test  loss: 1.5440
INFO:root:Round 6600's server train  acc:  43.24%, train loss: 1.5268
INFO:root:Round 6600's server test   acc:  42.77%, test  loss: 1.5404
INFO:root:Round 6700's server train  acc:  43.67%, train loss: 1.5210
INFO:root:Round 6700's server test   acc:  43.24%, test  loss: 1.5347
INFO:root:Round 6800's server train  acc:  43.64%, train loss: 1.5197
INFO:root:Round 6800's server test   acc:  43.32%, test  loss: 1.5335
INFO:root:Round 6900's server train  acc:  43.66%, train loss: 1.5163
INFO:root:Round 6900's server test   acc:  43.23%, test  loss: 1.5302
INFO:root:Round 7000's server train  acc:  44.18%, train loss: 1.5083
INFO:root:Round 7000's server test   acc:  43.74%, test  loss: 1.5220
INFO:root:Round 7100's server train  acc:  44.38%, train loss: 1.5044
INFO:root:Round 7100's server test   acc:  44.00%, test  loss: 1.5186
INFO:root:Round 7200's server train  acc:  44.53%, train loss: 1.4994
INFO:root:Round 7200's server test   acc:  44.10%, test  loss: 1.5136
INFO:root:Round 7300's server train  acc:  44.44%, train loss: 1.4991
INFO:root:Round 7300's server test   acc:  44.07%, test  loss: 1.5130
INFO:root:Round 7400's server train  acc:  44.95%, train loss: 1.4915
INFO:root:Round 7400's server test   acc:  44.37%, test  loss: 1.5061
INFO:root:Round 7500's server train  acc:  45.20%, train loss: 1.4870
INFO:root:Round 7500's server test   acc:  44.57%, test  loss: 1.5015
INFO:root:Round 7600's server train  acc:  45.13%, train loss: 1.4854
INFO:root:Round 7600's server test   acc:  44.48%, test  loss: 1.5004
INFO:root:Round 7700's server train  acc:  45.28%, train loss: 1.4785
INFO:root:Round 7700's server test   acc:  44.70%, test  loss: 1.4935
INFO:root:Round 7800's server train  acc:  45.20%, train loss: 1.4789
INFO:root:Round 7800's server test   acc:  44.71%, test  loss: 1.4940
INFO:root:Round 7900's server train  acc:  45.60%, train loss: 1.4729
INFO:root:Round 7900's server test   acc:  45.04%, test  loss: 1.4882
INFO:root:Round 8000's server train  acc:  45.91%, train loss: 1.4682
INFO:root:Round 8000's server test   acc:  45.27%, test  loss: 1.4834
INFO:root:Round 8100's server train  acc:  46.13%, train loss: 1.4655
INFO:root:Round 8100's server test   acc:  45.46%, test  loss: 1.4808
INFO:root:Round 8200's server train  acc:  45.95%, train loss: 1.4625
INFO:root:Round 8200's server test   acc:  45.37%, test  loss: 1.4784
INFO:root:Round 8300's server train  acc:  46.36%, train loss: 1.4588
INFO:root:Round 8300's server test   acc:  45.76%, test  loss: 1.4744
INFO:root:Round 8400's server train  acc:  46.35%, train loss: 1.4556
INFO:root:Round 8400's server test   acc:  45.86%, test  loss: 1.4711
INFO:root:Round 8500's server train  acc:  46.71%, train loss: 1.4505
INFO:root:Round 8500's server test   acc:  46.07%, test  loss: 1.4665
INFO:root:Round 8600's server train  acc:  46.83%, train loss: 1.4479
INFO:root:Round 8600's server test   acc:  46.20%, test  loss: 1.4636
INFO:root:Round 8700's server train  acc:  47.00%, train loss: 1.4447
INFO:root:Round 8700's server test   acc:  46.29%, test  loss: 1.4609
INFO:root:Round 8800's server train  acc:  47.26%, train loss: 1.4392
INFO:root:Round 8800's server test   acc:  46.68%, test  loss: 1.4555
INFO:root:Round 8900's server train  acc:  46.97%, train loss: 1.4406
INFO:root:Round 8900's server test   acc:  46.40%, test  loss: 1.4569
INFO:root:Round 9000's server train  acc:  47.32%, train loss: 1.4345
INFO:root:Round 9000's server test   acc:  46.71%, test  loss: 1.4508
INFO:root:Round 9100's server train  acc:  47.21%, train loss: 1.4361
INFO:root:Round 9100's server test   acc:  46.59%, test  loss: 1.4529
INFO:root:Round 9200's server train  acc:  47.40%, train loss: 1.4302
INFO:root:Round 9200's server test   acc:  46.87%, test  loss: 1.4468
INFO:root:Round 9300's server train  acc:  47.75%, train loss: 1.4263
INFO:root:Round 9300's server test   acc:  47.14%, test  loss: 1.4432
INFO:root:Round 9400's server train  acc:  47.71%, train loss: 1.4249
INFO:root:Round 9400's server test   acc:  47.12%, test  loss: 1.4416
INFO:root:Round 9500's server train  acc:  47.72%, train loss: 1.4239
INFO:root:Round 9500's server test   acc:  47.22%, test  loss: 1.4407
INFO:root:Round 9600's server train  acc:  48.10%, train loss: 1.4182
INFO:root:Round 9600's server test   acc:  47.55%, test  loss: 1.4352
INFO:root:Round 9700's server train  acc:  48.09%, train loss: 1.4161
INFO:root:Round 9700's server test   acc:  47.53%, test  loss: 1.4330
INFO:root:Round 9800's server train  acc:  48.33%, train loss: 1.4122
INFO:root:Round 9800's server test   acc:  47.68%, test  loss: 1.4296
INFO:root:Round 9900's server train  acc:  48.24%, train loss: 1.4117
INFO:root:Round 9900's server test   acc:  47.66%, test  loss: 1.4288
INFO:root:Round 10000's server train  acc:  48.54%, train loss: 1.4068
INFO:root:Round 10000's server test   acc:  47.90%, test  loss: 1.4242
INFO:root:Round 10100's server train  acc:  48.23%, train loss: 1.4104
INFO:root:Round 10100's server test   acc:  47.78%, test  loss: 1.4274
INFO:root:Round 10200's server train  acc:  48.70%, train loss: 1.4037
INFO:root:Round 10200's server test   acc:  48.20%, test  loss: 1.4214
INFO:root:Round 10300's server train  acc:  48.88%, train loss: 1.4002
INFO:root:Round 10300's server test   acc:  48.36%, test  loss: 1.4176
INFO:root:Round 10400's server train  acc:  48.95%, train loss: 1.3986
INFO:root:Round 10400's server test   acc:  48.30%, test  loss: 1.4165
INFO:root:Round 10500's server train  acc:  48.68%, train loss: 1.3988
INFO:root:Round 10500's server test   acc:  48.05%, test  loss: 1.4162
INFO:root:Round 10600's server train  acc:  48.89%, train loss: 1.3960
INFO:root:Round 10600's server test   acc:  48.31%, test  loss: 1.4134
INFO:root:Round 10700's server train  acc:  48.73%, train loss: 1.3948
INFO:root:Round 10700's server test   acc:  48.27%, test  loss: 1.4123
INFO:root:Round 10800's server train  acc:  49.29%, train loss: 1.3908
INFO:root:Round 10800's server test   acc:  48.57%, test  loss: 1.4088
INFO:root:Round 10900's server train  acc:  49.33%, train loss: 1.3886
INFO:root:Round 10900's server test   acc:  48.74%, test  loss: 1.4068
INFO:root:Round 11000's server train  acc:  49.39%, train loss: 1.3836
INFO:root:Round 11000's server test   acc:  48.97%, test  loss: 1.4014
INFO:root:Round 11100's server train  acc:  49.55%, train loss: 1.3865
INFO:root:Round 11100's server test   acc:  48.88%, test  loss: 1.4046
INFO:root:Round 11200's server train  acc:  49.60%, train loss: 1.3802
INFO:root:Round 11200's server test   acc:  49.11%, test  loss: 1.3978
INFO:root:Round 11300's server train  acc:  49.78%, train loss: 1.3770
INFO:root:Round 11300's server test   acc:  49.15%, test  loss: 1.3951
INFO:root:Round 11400's server train  acc:  49.77%, train loss: 1.3761
INFO:root:Round 11400's server test   acc:  49.18%, test  loss: 1.3949
INFO:root:Round 11500's server train  acc:  50.03%, train loss: 1.3730
INFO:root:Round 11500's server test   acc:  49.37%, test  loss: 1.3911
INFO:root:Round 11600's server train  acc:  49.82%, train loss: 1.3736
INFO:root:Round 11600's server test   acc:  49.36%, test  loss: 1.3918
INFO:root:Round 11700's server train  acc:  49.71%, train loss: 1.3754
INFO:root:Round 11700's server test   acc:  49.09%, test  loss: 1.3942
INFO:root:Round 11800's server train  acc:  50.10%, train loss: 1.3701
INFO:root:Round 11800's server test   acc:  49.39%, test  loss: 1.3891
INFO:root:Round 11900's server train  acc:  49.97%, train loss: 1.3687
INFO:root:Round 11900's server test   acc:  49.42%, test  loss: 1.3876
INFO:root:Round 12000's server train  acc:  50.23%, train loss: 1.3669
INFO:root:Round 12000's server test   acc:  49.71%, test  loss: 1.3857
INFO:root:Round 12100's server train  acc:  50.65%, train loss: 1.3596
INFO:root:Round 12100's server test   acc:  49.99%, test  loss: 1.3785
INFO:root:Round 12200's server train  acc:  50.33%, train loss: 1.3627
INFO:root:Round 12200's server test   acc:  49.69%, test  loss: 1.3820
INFO:root:Round 12300's server train  acc:  50.57%, train loss: 1.3590
INFO:root:Round 12300's server test   acc:  50.05%, test  loss: 1.3780
INFO:root:Round 12400's server train  acc:  50.64%, train loss: 1.3581
INFO:root:Round 12400's server test   acc:  49.98%, test  loss: 1.3773
INFO:root:Round 12500's server train  acc:  50.65%, train loss: 1.3555
INFO:root:Round 12500's server test   acc:  50.13%, test  loss: 1.3741
INFO:root:Round 12600's server train  acc:  50.91%, train loss: 1.3520
INFO:root:Round 12600's server test   acc:  50.33%, test  loss: 1.3709
INFO:root:Round 12700's server train  acc:  50.96%, train loss: 1.3495
INFO:root:Round 12700's server test   acc:  50.32%, test  loss: 1.3693
INFO:root:Round 12800's server train  acc:  51.13%, train loss: 1.3477
INFO:root:Round 12800's server test   acc:  50.48%, test  loss: 1.3671
INFO:root:Round 12900's server train  acc:  51.09%, train loss: 1.3466
INFO:root:Round 12900's server test   acc:  50.55%, test  loss: 1.3663
INFO:root:Round 13000's server train  acc:  51.06%, train loss: 1.3476
INFO:root:Round 13000's server test   acc:  50.43%, test  loss: 1.3674
INFO:root:Round 13100's server train  acc:  51.38%, train loss: 1.3403
INFO:root:Round 13100's server test   acc:  50.71%, test  loss: 1.3602
INFO:root:Round 13200's server train  acc:  51.09%, train loss: 1.3445
INFO:root:Round 13200's server test   acc:  50.58%, test  loss: 1.3643
INFO:root:Round 13300's server train  acc:  51.43%, train loss: 1.3403
INFO:root:Round 13300's server test   acc:  50.73%, test  loss: 1.3601
INFO:root:Round 13400's server train  acc:  51.44%, train loss: 1.3365
INFO:root:Round 13400's server test   acc:  50.80%, test  loss: 1.3562
INFO:root:Round 13500's server train  acc:  51.62%, train loss: 1.3334
INFO:root:Round 13500's server test   acc:  51.03%, test  loss: 1.3534
INFO:root:Round 13600's server train  acc:  51.71%, train loss: 1.3331
INFO:root:Round 13600's server test   acc:  51.08%, test  loss: 1.3532
INFO:root:Round 13700's server train  acc:  51.92%, train loss: 1.3298
INFO:root:Round 13700's server test   acc:  51.14%, test  loss: 1.3497
INFO:root:Round 13800's server train  acc:  51.85%, train loss: 1.3325
INFO:root:Round 13800's server test   acc:  51.17%, test  loss: 1.3528
INFO:root:Round 13900's server train  acc:  51.91%, train loss: 1.3272
INFO:root:Round 13900's server test   acc:  51.23%, test  loss: 1.3472
INFO:root:Round 14000's server train  acc:  52.04%, train loss: 1.3267
INFO:root:Round 14000's server test   acc:  51.37%, test  loss: 1.3470
INFO:root:Round 14100's server train  acc:  52.17%, train loss: 1.3219
INFO:root:Round 14100's server test   acc:  51.56%, test  loss: 1.3424
INFO:root:Round 14200's server train  acc:  52.21%, train loss: 1.3243
INFO:root:Round 14200's server test   acc:  51.45%, test  loss: 1.3453
INFO:root:Round 14300's server train  acc:  52.01%, train loss: 1.3221
INFO:root:Round 14300's server test   acc:  51.33%, test  loss: 1.3425
INFO:root:Round 14400's server train  acc:  52.16%, train loss: 1.3204
INFO:root:Round 14400's server test   acc:  51.59%, test  loss: 1.3409
INFO:root:Round 14500's server train  acc:  52.23%, train loss: 1.3210
INFO:root:Round 14500's server test   acc:  51.63%, test  loss: 1.3411
INFO:root:Round 14600's server train  acc:  52.41%, train loss: 1.3152
INFO:root:Round 14600's server test   acc:  51.80%, test  loss: 1.3360
INFO:root:Round 14700's server train  acc:  52.29%, train loss: 1.3163
INFO:root:Round 14700's server test   acc:  51.69%, test  loss: 1.3370
INFO:root:Round 14800's server train  acc:  52.42%, train loss: 1.3156
INFO:root:Round 14800's server test   acc:  51.70%, test  loss: 1.3368
INFO:root:Round 14900's server train  acc:  52.86%, train loss: 1.3080
INFO:root:Round 14900's server test   acc:  52.17%, test  loss: 1.3292
INFO:root:Round 15000's server train  acc:  52.57%, train loss: 1.3114
INFO:root:Round 15000's server test   acc:  51.93%, test  loss: 1.3322
INFO:root:Round 15100's server train  acc:  52.74%, train loss: 1.3074
INFO:root:Round 15100's server test   acc:  52.14%, test  loss: 1.3287
INFO:root:Round 15200's server train  acc:  52.68%, train loss: 1.3083
INFO:root:Round 15200's server test   acc:  52.00%, test  loss: 1.3301
INFO:root:Round 15300's server train  acc:  52.86%, train loss: 1.3066
INFO:root:Round 15300's server test   acc:  52.18%, test  loss: 1.3279
INFO:root:Round 15400's server train  acc:  53.01%, train loss: 1.3037
INFO:root:Round 15400's server test   acc:  52.28%, test  loss: 1.3249
INFO:root:Round 15500's server train  acc:  52.98%, train loss: 1.3008
INFO:root:Round 15500's server test   acc:  52.32%, test  loss: 1.3221
INFO:root:Round 15600's server train  acc:  53.08%, train loss: 1.2996
INFO:root:Round 15600's server test   acc:  52.41%, test  loss: 1.3210
INFO:root:Round 15700's server train  acc:  53.03%, train loss: 1.3000
INFO:root:Round 15700's server test   acc:  52.41%, test  loss: 1.3212
INFO:root:Round 15800's server train  acc:  53.27%, train loss: 1.2957
INFO:root:Round 15800's server test   acc:  52.56%, test  loss: 1.3173
INFO:root:Round 15900's server train  acc:  53.11%, train loss: 1.2965
INFO:root:Round 15900's server test   acc:  52.56%, test  loss: 1.3176
INFO:root:Round 16000's server train  acc:  53.44%, train loss: 1.2919
INFO:root:Round 16000's server test   acc:  52.77%, test  loss: 1.3133
INFO:root:Round 16100's server train  acc:  53.32%, train loss: 1.2933
INFO:root:Round 16100's server test   acc:  52.58%, test  loss: 1.3151
INFO:root:Round 16200's server train  acc:  53.44%, train loss: 1.2919
INFO:root:Round 16200's server test   acc:  52.80%, test  loss: 1.3139
INFO:root:Round 16300's server train  acc:  53.56%, train loss: 1.2872
INFO:root:Round 16300's server test   acc:  52.83%, test  loss: 1.3091
INFO:root:Round 16400's server train  acc:  53.45%, train loss: 1.2882
INFO:root:Round 16400's server test   acc:  52.91%, test  loss: 1.3104
INFO:root:Round 16500's server train  acc:  53.67%, train loss: 1.2863
INFO:root:Round 16500's server test   acc:  52.93%, test  loss: 1.3085
INFO:root:Round 16600's server train  acc:  53.63%, train loss: 1.2862
INFO:root:Round 16600's server test   acc:  52.88%, test  loss: 1.3086
INFO:root:Round 16700's server train  acc:  53.67%, train loss: 1.2826
INFO:root:Round 16700's server test   acc:  53.02%, test  loss: 1.3047
INFO:root:Round 16800's server train  acc:  53.83%, train loss: 1.2813
INFO:root:Round 16800's server test   acc:  53.12%, test  loss: 1.3041
INFO:root:Round 16900's server train  acc:  53.91%, train loss: 1.2797
INFO:root:Round 16900's server test   acc:  53.13%, test  loss: 1.3016
INFO:root:Round 17000's server train  acc:  53.82%, train loss: 1.2810
INFO:root:Round 17000's server test   acc:  53.07%, test  loss: 1.3036
INFO:root:Round 17100's server train  acc:  53.98%, train loss: 1.2787
INFO:root:Round 17100's server test   acc:  53.17%, test  loss: 1.3016
INFO:root:Round 17200's server train  acc:  53.85%, train loss: 1.2790
INFO:root:Round 17200's server test   acc:  53.12%, test  loss: 1.3017
INFO:root:Round 17300's server train  acc:  54.03%, train loss: 1.2751
INFO:root:Round 17300's server test   acc:  53.35%, test  loss: 1.2977
INFO:root:Round 17400's server train  acc:  54.07%, train loss: 1.2764
INFO:root:Round 17400's server test   acc:  53.39%, test  loss: 1.2994
INFO:root:Round 17500's server train  acc:  54.22%, train loss: 1.2702
INFO:root:Round 17500's server test   acc:  53.50%, test  loss: 1.2929
INFO:root:Round 17600's server train  acc:  54.32%, train loss: 1.2700
INFO:root:Round 17600's server test   acc:  53.56%, test  loss: 1.2931
INFO:root:Round 17700's server train  acc:  54.34%, train loss: 1.2676
INFO:root:Round 17700's server test   acc:  53.66%, test  loss: 1.2906
INFO:root:Round 17800's server train  acc:  54.30%, train loss: 1.2669
INFO:root:Round 17800's server test   acc:  53.53%, test  loss: 1.2902
INFO:root:Round 17900's server train  acc:  54.18%, train loss: 1.2698
INFO:root:Round 17900's server test   acc:  53.48%, test  loss: 1.2928
INFO:root:Round 18000's server train  acc:  54.34%, train loss: 1.2662
INFO:root:Round 18000's server test   acc:  53.63%, test  loss: 1.2898
INFO:root:Round 18100's server train  acc:  54.54%, train loss: 1.2645
INFO:root:Round 18100's server test   acc:  53.72%, test  loss: 1.2880
INFO:root:Round 18200's server train  acc:  54.50%, train loss: 1.2641
INFO:root:Round 18200's server test   acc:  53.73%, test  loss: 1.2879
INFO:root:Round 18300's server train  acc:  54.51%, train loss: 1.2647
INFO:root:Round 18300's server test   acc:  53.71%, test  loss: 1.2882
INFO:root:Round 18400's server train  acc:  54.58%, train loss: 1.2599
INFO:root:Round 18400's server test   acc:  53.84%, test  loss: 1.2840
INFO:root:Round 18500's server train  acc:  54.76%, train loss: 1.2563
INFO:root:Round 18500's server test   acc:  53.98%, test  loss: 1.2800
INFO:root:Round 18600's server train  acc:  54.58%, train loss: 1.2585
INFO:root:Round 18600's server test   acc:  53.87%, test  loss: 1.2826
INFO:root:Round 18700's server train  acc:  54.85%, train loss: 1.2571
INFO:root:Round 18700's server test   acc:  53.98%, test  loss: 1.2813
INFO:root:Round 18800's server train  acc:  54.66%, train loss: 1.2573
INFO:root:Round 18800's server test   acc:  53.90%, test  loss: 1.2813
INFO:root:Round 18900's server train  acc:  54.98%, train loss: 1.2508
INFO:root:Round 18900's server test   acc:  54.30%, test  loss: 1.2749
INFO:root:Round 19000's server train  acc:  55.04%, train loss: 1.2496
INFO:root:Round 19000's server test   acc:  54.27%, test  loss: 1.2740
INFO:root:Round 19100's server train  acc:  54.80%, train loss: 1.2528
INFO:root:Round 19100's server test   acc:  54.03%, test  loss: 1.2777
INFO:root:Round 19200's server train  acc:  55.04%, train loss: 1.2485
INFO:root:Round 19200's server test   acc:  54.25%, test  loss: 1.2729
INFO:root:Round 19300's server train  acc:  55.08%, train loss: 1.2490
INFO:root:Round 19300's server test   acc:  54.28%, test  loss: 1.2731
INFO:root:Round 19400's server train  acc:  55.03%, train loss: 1.2476
INFO:root:Round 19400's server test   acc:  54.24%, test  loss: 1.2721
INFO:root:Round 19500's server train  acc:  55.15%, train loss: 1.2477
INFO:root:Round 19500's server test   acc:  54.33%, test  loss: 1.2725
INFO:root:Round 19600's server train  acc:  54.99%, train loss: 1.2503
INFO:root:Round 19600's server test   acc:  54.17%, test  loss: 1.2753
INFO:root:Round 19700's server train  acc:  55.25%, train loss: 1.2436
INFO:root:Round 19700's server test   acc:  54.36%, test  loss: 1.2687
INFO:root:Round 19800's server train  acc:  55.26%, train loss: 1.2416
INFO:root:Round 19800's server test   acc:  54.54%, test  loss: 1.2670
INFO:root:Round 19900's server train  acc:  55.38%, train loss: 1.2408
INFO:root:Round 19900's server test   acc:  54.55%, test  loss: 1.2657
INFO:root:Round 20000's server train  acc:  55.51%, train loss: 1.2412
INFO:root:Round 20000's server test   acc:  54.60%, test  loss: 1.2665
INFO:root:TrainingTime: 12484.247202157974 sec
