INFO:root:Namespace(m='resnetii10', d='cifar10', s=2, R=20000, K=5, M=1000, P=10, partition='shard', alpha=[1], optim='sgd', lr=0.001, lr_scheduler='exp', lr_decay=1.0, momentum=0.0, weight_decay=0.0, global_lr=1.0, batch_size=16, seed=0, clip=10, log='info+log', eval_every=100, device=0, start_round=0, save_model=0)
INFO:root:record_name: ShufflingFedAvg1.0_M1000,10_K5_R20000,100_resnetii10_cifar10_shard1_sgd0.001,0.0,0.0_exp1.0_b16_seed0_clip10
INFO:root:ResNet(
  (conv1): Conv2d(3, 64, kernel_size=(3, 3), stride=(1, 1), padding=(1, 1), bias=False)
  (relu): ReLU()
  (layer1): Sequential(
    (0): BasicBlock(
      (conv1): Conv2d(64, 64, kernel_size=(3, 3), stride=(1, 1), padding=(1, 1), bias=False)
      (conv2): Conv2d(64, 64, kernel_size=(3, 3), stride=(1, 1), padding=(1, 1), bias=False)
      (shortcut): Sequential()
    )
  )
  (layer2): Sequential(
    (0): BasicBlock(
      (conv1): Conv2d(64, 128, kernel_size=(3, 3), stride=(2, 2), padding=(1, 1), bias=False)
      (conv2): Conv2d(128, 128, kernel_size=(3, 3), stride=(1, 1), padding=(1, 1), bias=False)
      (shortcut): Sequential(
        (0): Conv2d(64, 128, kernel_size=(1, 1), stride=(2, 2), bias=False)
      )
    )
  )
  (layer3): Sequential(
    (0): BasicBlock(
      (conv1): Conv2d(128, 256, kernel_size=(3, 3), stride=(2, 2), padding=(1, 1), bias=False)
      (conv2): Conv2d(256, 256, kernel_size=(3, 3), stride=(1, 1), padding=(1, 1), bias=False)
      (shortcut): Sequential(
        (0): Conv2d(128, 256, kernel_size=(1, 1), stride=(2, 2), bias=False)
      )
    )
  )
  (layer4): Sequential(
    (0): BasicBlock(
      (conv1): Conv2d(256, 512, kernel_size=(3, 3), stride=(2, 2), padding=(1, 1), bias=False)
      (conv2): Conv2d(512, 512, kernel_size=(3, 3), stride=(1, 1), padding=(1, 1), bias=False)
      (shortcut): Sequential(
        (0): Conv2d(256, 512, kernel_size=(1, 1), stride=(2, 2), bias=False)
      )
    )
  )
  (avgpool): AdaptiveAvgPool2d(output_size=(1, 1))
  (flatten): Flatten(start_dim=1, end_dim=-1)
  (fc): Linear(in_features=512, out_features=10, bias=True)
)
INFO:root:Round 100's server train  acc:  10.49%, train loss: 2.3020
INFO:root:Round 100's server test   acc:  10.45%, test  loss: 2.3020
INFO:root:Round 200's server train  acc:  12.18%, train loss: 2.3011
INFO:root:Round 200's server test   acc:  12.06%, test  loss: 2.3012
INFO:root:Round 300's server train  acc:  12.75%, train loss: 2.3003
INFO:root:Round 300's server test   acc:  12.63%, test  loss: 2.3003
INFO:root:Round 400's server train  acc:  12.17%, train loss: 2.2993
INFO:root:Round 400's server test   acc:  12.01%, test  loss: 2.2993
INFO:root:Round 500's server train  acc:  11.39%, train loss: 2.2981
INFO:root:Round 500's server test   acc:  11.21%, test  loss: 2.2981
INFO:root:Round 600's server train  acc:  11.05%, train loss: 2.2968
INFO:root:Round 600's server test   acc:  11.02%, test  loss: 2.2967
INFO:root:Round 700's server train  acc:  10.87%, train loss: 2.2951
INFO:root:Round 700's server test   acc:  11.00%, test  loss: 2.2949
INFO:root:Round 800's server train  acc:  11.33%, train loss: 2.2928
INFO:root:Round 800's server test   acc:  11.46%, test  loss: 2.2926
INFO:root:Round 900's server train  acc:  11.38%, train loss: 2.2898
INFO:root:Round 900's server test   acc:  11.45%, test  loss: 2.2895
INFO:root:Round 1000's server train  acc:  11.05%, train loss: 2.2856
INFO:root:Round 1000's server test   acc:  11.13%, test  loss: 2.2852
INFO:root:Round 1100's server train  acc:  10.93%, train loss: 2.2796
INFO:root:Round 1100's server test   acc:  11.11%, test  loss: 2.2789
INFO:root:Round 1200's server train  acc:  11.11%, train loss: 2.2706
INFO:root:Round 1200's server test   acc:  11.22%, test  loss: 2.2696
INFO:root:Round 1300's server train  acc:  11.04%, train loss: 2.2581
INFO:root:Round 1300's server test   acc:  11.32%, test  loss: 2.2567
INFO:root:Round 1400's server train  acc:  14.05%, train loss: 2.2399
INFO:root:Round 1400's server test   acc:  14.26%, test  loss: 2.2378
INFO:root:Round 1500's server train  acc:  16.64%, train loss: 2.2121
INFO:root:Round 1500's server test   acc:  16.37%, test  loss: 2.2089
INFO:root:Round 1600's server train  acc:  16.66%, train loss: 2.2019
INFO:root:Round 1600's server test   acc:  16.88%, test  loss: 2.1977
INFO:root:Round 1700's server train  acc:  13.12%, train loss: 2.4726
INFO:root:Round 1700's server test   acc:  13.18%, test  loss: 2.4728
INFO:root:Round 1800's server train  acc:  15.98%, train loss: 2.6152
INFO:root:Round 1800's server test   acc:  16.06%, test  loss: 2.6138
INFO:root:Round 1900's server train  acc:  12.78%, train loss: 2.9781
INFO:root:Round 1900's server test   acc:  12.59%, test  loss: 2.9726
INFO:root:Round 2000's server train  acc:  14.16%, train loss: 2.6811
INFO:root:Round 2000's server test   acc:  14.11%, test  loss: 2.6833
INFO:root:Round 2100's server train  acc:  10.05%, train loss: 3.0349
INFO:root:Round 2100's server test   acc:  10.13%, test  loss: 3.0211
INFO:root:Round 2200's server train  acc:  10.02%, train loss: 3.1660
INFO:root:Round 2200's server test   acc:  10.01%, test  loss: 3.1654
INFO:root:Round 2300's server train  acc:  10.00%, train loss: 3.1093
INFO:root:Round 2300's server test   acc:  10.00%, test  loss: 3.0939
INFO:root:Round 2400's server train  acc:  11.34%, train loss: 3.1266
INFO:root:Round 2400's server test   acc:  11.22%, test  loss: 3.1274
INFO:root:Round 2500's server train  acc:  12.93%, train loss: 2.8991
INFO:root:Round 2500's server test   acc:  13.10%, test  loss: 2.8836
INFO:root:Round 2600's server train  acc:  12.39%, train loss: 2.6065
INFO:root:Round 2600's server test   acc:  12.60%, test  loss: 2.5946
INFO:root:Round 2700's server train  acc:  10.02%, train loss: 2.7518
INFO:root:Round 2700's server test   acc:  10.02%, test  loss: 2.7419
INFO:root:Round 2800's server train  acc:  11.29%, train loss: 3.0524
INFO:root:Round 2800's server test   acc:  11.37%, test  loss: 3.0457
INFO:root:Round 2900's server train  acc:  11.85%, train loss: 2.9065
INFO:root:Round 2900's server test   acc:  11.90%, test  loss: 2.9106
INFO:root:Round 3000's server train  acc:  10.00%, train loss: 3.0907
INFO:root:Round 3000's server test   acc:  10.01%, test  loss: 3.0751
INFO:root:Round 3100's server train  acc:  11.60%, train loss: 3.1897
INFO:root:Round 3100's server test   acc:  11.87%, test  loss: 3.1813
INFO:root:Round 3200's server train  acc:  10.00%, train loss: 5.2237
INFO:root:Round 3200's server test   acc:  10.00%, test  loss: 5.2185
INFO:root:Round 3300's server train  acc:  15.07%, train loss: 3.4161
INFO:root:Round 3300's server test   acc:  15.25%, test  loss: 3.4043
INFO:root:Round 3400's server train  acc:  10.00%, train loss: 3.0270
INFO:root:Round 3400's server test   acc:  10.00%, test  loss: 3.0198
INFO:root:Round 3500's server train  acc:  15.06%, train loss: 3.2987
INFO:root:Round 3500's server test   acc:  15.52%, test  loss: 3.2946
INFO:root:Round 3600's server train  acc:  10.00%, train loss: 3.9981
INFO:root:Round 3600's server test   acc:  10.00%, test  loss: 3.9905
INFO:root:Round 3700's server train  acc:  10.75%, train loss: 3.8466
INFO:root:Round 3700's server test   acc:  10.57%, test  loss: 3.8403
INFO:root:Round 3800's server train  acc:  16.72%, train loss: 3.5143
INFO:root:Round 3800's server test   acc:  16.99%, test  loss: 3.4994
INFO:root:Round 3900's server train  acc:  13.70%, train loss: 3.2803
INFO:root:Round 3900's server test   acc:  13.88%, test  loss: 3.2737
INFO:root:Round 4000's server train  acc:  10.03%, train loss: 3.9905
INFO:root:Round 4000's server test   acc:  10.04%, test  loss: 3.9963
INFO:root:Round 4100's server train  acc:  15.46%, train loss: 2.7266
INFO:root:Round 4100's server test   acc:  15.67%, test  loss: 2.7111
INFO:root:Round 4200's server train  acc:   9.98%, train loss: 3.7364
INFO:root:Round 4200's server test   acc:  10.01%, test  loss: 3.7331
INFO:root:Round 4300's server train  acc:  10.02%, train loss: 3.7895
INFO:root:Round 4300's server test   acc:  10.01%, test  loss: 3.7976
INFO:root:Round 4400's server train  acc:  10.40%, train loss: 3.1480
INFO:root:Round 4400's server test   acc:  10.49%, test  loss: 3.1404
INFO:root:Round 4500's server train  acc:  16.65%, train loss: 2.6411
INFO:root:Round 4500's server test   acc:  16.59%, test  loss: 2.6344
INFO:root:Round 4600's server train  acc:  10.10%, train loss: 4.7248
INFO:root:Round 4600's server test   acc:  10.16%, test  loss: 4.6955
INFO:root:Round 4700's server train  acc:  10.00%, train loss: 3.5185
INFO:root:Round 4700's server test   acc:  10.01%, test  loss: 3.5062
INFO:root:Round 4800's server train  acc:  15.05%, train loss: 3.3938
INFO:root:Round 4800's server test   acc:  15.56%, test  loss: 3.3848
INFO:root:Round 4900's server train  acc:  10.00%, train loss: 4.3098
INFO:root:Round 4900's server test   acc:  10.00%, test  loss: 4.2929
INFO:root:Round 5000's server train  acc:  10.71%, train loss: 2.7240
INFO:root:Round 5000's server test   acc:  10.79%, test  loss: 2.7120
INFO:root:Round 5100's server train  acc:  16.75%, train loss: 3.1649
INFO:root:Round 5100's server test   acc:  17.08%, test  loss: 3.1491
INFO:root:Round 5200's server train  acc:  10.02%, train loss: 2.9356
INFO:root:Round 5200's server test   acc:   9.99%, test  loss: 2.9208
INFO:root:Round 5300's server train  acc:  10.00%, train loss: 2.9067
INFO:root:Round 5300's server test   acc:  10.00%, test  loss: 2.8890
INFO:root:Round 5400's server train  acc:  12.78%, train loss: 2.8616
INFO:root:Round 5400's server test   acc:  12.43%, test  loss: 2.8634
INFO:root:Round 5500's server train  acc:  10.00%, train loss: 7.1998
INFO:root:Round 5500's server test   acc:  10.00%, test  loss: 7.1941
INFO:root:Round 5600's server train  acc:  10.28%, train loss: 3.3508
INFO:root:Round 5600's server test   acc:  10.34%, test  loss: 3.3589
INFO:root:Round 5700's server train  acc:  10.01%, train loss: 3.9425
INFO:root:Round 5700's server test   acc:  10.03%, test  loss: 3.9239
INFO:root:Round 5800's server train  acc:  13.32%, train loss: 3.2395
INFO:root:Round 5800's server test   acc:  13.46%, test  loss: 3.2182
INFO:root:Round 5900's server train  acc:  14.47%, train loss: 2.5607
INFO:root:Round 5900's server test   acc:  14.37%, test  loss: 2.5511
INFO:root:Round 6000's server train  acc:  10.10%, train loss: 3.1673
INFO:root:Round 6000's server test   acc:  10.13%, test  loss: 3.1539
INFO:root:Round 6100's server train  acc:  14.43%, train loss: 2.7807
INFO:root:Round 6100's server test   acc:  14.86%, test  loss: 2.7729
INFO:root:Round 6200's server train  acc:  10.00%, train loss: 3.5469
INFO:root:Round 6200's server test   acc:  10.00%, test  loss: 3.5260
INFO:root:Round 6300's server train  acc:  11.94%, train loss: 2.6639
INFO:root:Round 6300's server test   acc:  12.03%, test  loss: 2.6540
INFO:root:Round 6400's server train  acc:  20.21%, train loss: 2.7113
INFO:root:Round 6400's server test   acc:  20.86%, test  loss: 2.7037
INFO:root:Round 6500's server train  acc:  11.32%, train loss: 4.1552
INFO:root:Round 6500's server test   acc:  11.45%, test  loss: 4.1609
INFO:root:Round 6600's server train  acc:  10.88%, train loss: 3.3027
INFO:root:Round 6600's server test   acc:  11.19%, test  loss: 3.2769
INFO:root:Round 6700's server train  acc:  10.24%, train loss: 3.4618
INFO:root:Round 6700's server test   acc:  10.37%, test  loss: 3.4461
INFO:root:Round 6800's server train  acc:  11.04%, train loss: 3.4971
INFO:root:Round 6800's server test   acc:  11.05%, test  loss: 3.4713
INFO:root:Round 6900's server train  acc:  10.12%, train loss: 4.3246
INFO:root:Round 6900's server test   acc:  10.13%, test  loss: 4.3129
INFO:root:Round 7000's server train  acc:  10.08%, train loss: 3.0953
INFO:root:Round 7000's server test   acc:  10.09%, test  loss: 3.0851
INFO:root:Round 7100's server train  acc:  10.36%, train loss: 3.4443
INFO:root:Round 7100's server test   acc:  10.43%, test  loss: 3.4500
INFO:root:Round 7200's server train  acc:  10.79%, train loss: 3.1769
INFO:root:Round 7200's server test   acc:  10.61%, test  loss: 3.1628
INFO:root:Round 7300's server train  acc:  11.90%, train loss: 3.8925
INFO:root:Round 7300's server test   acc:  11.95%, test  loss: 3.8891
INFO:root:Round 7400's server train  acc:  18.84%, train loss: 2.7676
INFO:root:Round 7400's server test   acc:  19.27%, test  loss: 2.7551
INFO:root:Round 7500's server train  acc:  10.00%, train loss: 3.2853
INFO:root:Round 7500's server test   acc:  10.00%, test  loss: 3.2743
INFO:root:Round 7600's server train  acc:  10.29%, train loss: 3.1755
INFO:root:Round 7600's server test   acc:  10.31%, test  loss: 3.1832
INFO:root:Round 7700's server train  acc:  10.06%, train loss: 4.3272
INFO:root:Round 7700's server test   acc:  10.08%, test  loss: 4.3188
INFO:root:Round 7800's server train  acc:  10.62%, train loss: 3.3910
INFO:root:Round 7800's server test   acc:  10.76%, test  loss: 3.3626
INFO:root:Round 7900's server train  acc:  10.43%, train loss: 3.2192
INFO:root:Round 7900's server test   acc:  10.57%, test  loss: 3.2023
INFO:root:Round 8000's server train  acc:  14.64%, train loss: 2.8493
INFO:root:Round 8000's server test   acc:  14.36%, test  loss: 2.8395
INFO:root:Round 8100's server train  acc:  15.97%, train loss: 5.2230
INFO:root:Round 8100's server test   acc:  16.17%, test  loss: 5.2281
INFO:root:Round 8200's server train  acc:  10.00%, train loss: 4.0284
INFO:root:Round 8200's server test   acc:  10.01%, test  loss: 4.0155
INFO:root:Round 8300's server train  acc:  12.52%, train loss: 2.7522
INFO:root:Round 8300's server test   acc:  12.26%, test  loss: 2.7410
INFO:root:Round 8400's server train  acc:  10.00%, train loss: 4.8062
INFO:root:Round 8400's server test   acc:  10.00%, test  loss: 4.7911
INFO:root:Round 8500's server train  acc:  10.11%, train loss: 4.2990
INFO:root:Round 8500's server test   acc:  10.15%, test  loss: 4.3080
INFO:root:Round 8600's server train  acc:  10.00%, train loss: 3.4196
INFO:root:Round 8600's server test   acc:  10.00%, test  loss: 3.4044
INFO:root:Round 8700's server train  acc:  10.00%, train loss: 4.4147
INFO:root:Round 8700's server test   acc:  10.00%, test  loss: 4.4005
INFO:root:Round 8800's server train  acc:  10.87%, train loss: 4.7114
INFO:root:Round 8800's server test   acc:  10.76%, test  loss: 4.7065
INFO:root:Round 8900's server train  acc:  10.29%, train loss: 3.6866
INFO:root:Round 8900's server test   acc:  10.38%, test  loss: 3.6701
INFO:root:Round 9000's server train  acc:  11.59%, train loss: 4.9989
INFO:root:Round 9000's server test   acc:  11.85%, test  loss: 4.9771
INFO:root:Round 9100's server train  acc:  16.39%, train loss: 3.1279
INFO:root:Round 9100's server test   acc:  16.48%, test  loss: 3.1236
INFO:root:Round 9200's server train  acc:  18.00%, train loss: 2.9275
INFO:root:Round 9200's server test   acc:  17.86%, test  loss: 2.9183
INFO:root:Round 9300's server train  acc:  10.00%, train loss: 5.4731
INFO:root:Round 9300's server test   acc:  10.02%, test  loss: 5.4620
INFO:root:Round 9400's server train  acc:  15.48%, train loss: 2.7756
INFO:root:Round 9400's server test   acc:  15.86%, test  loss: 2.7718
INFO:root:Round 9500's server train  acc:  10.00%, train loss: 5.6833
INFO:root:Round 9500's server test   acc:  10.00%, test  loss: 5.6604
INFO:root:Round 9600's server train  acc:  12.02%, train loss: 3.1301
INFO:root:Round 9600's server test   acc:  12.06%, test  loss: 3.1186
INFO:root:Round 9700's server train  acc:  13.80%, train loss: 3.5208
INFO:root:Round 9700's server test   acc:  13.66%, test  loss: 3.5174
INFO:root:Round 9800's server train  acc:  11.58%, train loss: 3.6678
INFO:root:Round 9800's server test   acc:  11.88%, test  loss: 3.6414
INFO:root:Round 9900's server train  acc:  13.99%, train loss: 3.0029
INFO:root:Round 9900's server test   acc:  13.93%, test  loss: 2.9907
INFO:root:Round 10000's server train  acc:  11.50%, train loss: 5.2870
INFO:root:Round 10000's server test   acc:  11.50%, test  loss: 5.2887
INFO:root:Round 10100's server train  acc:  16.26%, train loss: 3.3390
INFO:root:Round 10100's server test   acc:  16.29%, test  loss: 3.3341
INFO:root:Round 10200's server train  acc:  11.20%, train loss: 3.3547
INFO:root:Round 10200's server test   acc:  11.20%, test  loss: 3.3362
INFO:root:Round 10300's server train  acc:  10.00%, train loss: 4.9864
INFO:root:Round 10300's server test   acc:  10.00%, test  loss: 4.9697
INFO:root:Round 10400's server train  acc:  10.03%, train loss: 3.4322
INFO:root:Round 10400's server test   acc:  10.10%, test  loss: 3.4220
INFO:root:Round 10500's server train  acc:  16.43%, train loss: 2.8953
INFO:root:Round 10500's server test   acc:  16.21%, test  loss: 2.8884
INFO:root:Round 10600's server train  acc:  10.35%, train loss: 3.1134
INFO:root:Round 10600's server test   acc:  10.49%, test  loss: 3.0983
INFO:root:Round 10700's server train  acc:  11.00%, train loss: 3.3503
INFO:root:Round 10700's server test   acc:  10.98%, test  loss: 3.3518
INFO:root:Round 10800's server train  acc:  10.08%, train loss: 3.0005
INFO:root:Round 10800's server test   acc:  10.08%, test  loss: 2.9857
INFO:root:Round 10900's server train  acc:  13.88%, train loss: 4.9042
INFO:root:Round 10900's server test   acc:  13.90%, test  loss: 4.9018
INFO:root:Round 11000's server train  acc:  10.03%, train loss: 3.8945
INFO:root:Round 11000's server test   acc:  10.01%, test  loss: 3.9026
INFO:root:Round 11100's server train  acc:  10.09%, train loss: 4.2075
INFO:root:Round 11100's server test   acc:  10.11%, test  loss: 4.1689
INFO:root:Round 11200's server train  acc:  15.04%, train loss: 2.6628
INFO:root:Round 11200's server test   acc:  15.59%, test  loss: 2.6475
INFO:root:Round 11300's server train  acc:  14.90%, train loss: 2.8435
INFO:root:Round 11300's server test   acc:  15.29%, test  loss: 2.8361
INFO:root:Round 11400's server train  acc:  14.73%, train loss: 2.9157
INFO:root:Round 11400's server test   acc:  14.90%, test  loss: 2.9039
INFO:root:Round 11500's server train  acc:  10.14%, train loss: 3.4627
INFO:root:Round 11500's server test   acc:  10.15%, test  loss: 3.4520
INFO:root:Round 11600's server train  acc:  10.15%, train loss: 3.3552
INFO:root:Round 11600's server test   acc:  10.13%, test  loss: 3.3422
INFO:root:Round 11700's server train  acc:  10.00%, train loss: 3.6215
INFO:root:Round 11700's server test   acc:  10.00%, test  loss: 3.6043
INFO:root:Round 11800's server train  acc:  15.89%, train loss: 2.8674
INFO:root:Round 11800's server test   acc:  16.56%, test  loss: 2.8509
INFO:root:Round 11900's server train  acc:  15.08%, train loss: 3.7832
INFO:root:Round 11900's server test   acc:  15.61%, test  loss: 3.7736
INFO:root:Round 12000's server train  acc:  12.72%, train loss: 3.1836
INFO:root:Round 12000's server test   acc:  12.97%, test  loss: 3.1745
INFO:root:Round 12100's server train  acc:  10.00%, train loss: 4.3261
INFO:root:Round 12100's server test   acc:  10.00%, test  loss: 4.3104
INFO:root:Round 12200's server train  acc:  11.68%, train loss: 2.8136
INFO:root:Round 12200's server test   acc:  11.78%, test  loss: 2.7954
INFO:root:Round 12300's server train  acc:  10.42%, train loss: 3.4914
INFO:root:Round 12300's server test   acc:  10.39%, test  loss: 3.4762
INFO:root:Round 12400's server train  acc:  16.07%, train loss: 2.7271
INFO:root:Round 12400's server test   acc:  15.67%, test  loss: 2.7193
INFO:root:Round 12500's server train  acc:  17.04%, train loss: 2.4763
INFO:root:Round 12500's server test   acc:  17.15%, test  loss: 2.4550
INFO:root:Round 12600's server train  acc:  15.83%, train loss: 4.9175
INFO:root:Round 12600's server test   acc:  15.93%, test  loss: 4.9101
INFO:root:Round 12700's server train  acc:  10.75%, train loss: 3.2620
INFO:root:Round 12700's server test   acc:  10.73%, test  loss: 3.2440
INFO:root:Round 12800's server train  acc:  12.83%, train loss: 3.0094
INFO:root:Round 12800's server test   acc:  13.10%, test  loss: 2.9926
INFO:root:Round 12900's server train  acc:  14.39%, train loss: 3.0152
INFO:root:Round 12900's server test   acc:  14.37%, test  loss: 3.0069
INFO:root:Round 13000's server train  acc:  18.33%, train loss: 3.2094
INFO:root:Round 13000's server test   acc:  18.69%, test  loss: 3.1934
INFO:root:Round 13100's server train  acc:  10.16%, train loss: 3.8107
INFO:root:Round 13100's server test   acc:  10.23%, test  loss: 3.7910
INFO:root:Round 13200's server train  acc:  10.00%, train loss: 4.4485
INFO:root:Round 13200's server test   acc:  10.00%, test  loss: 4.4229
INFO:root:Round 13300's server train  acc:  16.04%, train loss: 3.0642
INFO:root:Round 13300's server test   acc:  16.22%, test  loss: 3.0475
INFO:root:Round 13400's server train  acc:  10.96%, train loss: 3.4847
INFO:root:Round 13400's server test   acc:  11.18%, test  loss: 3.4626
INFO:root:Round 13500's server train  acc:  12.62%, train loss: 2.8759
INFO:root:Round 13500's server test   acc:  12.53%, test  loss: 2.8754
INFO:root:Round 13600's server train  acc:  16.19%, train loss: 3.0777
INFO:root:Round 13600's server test   acc:  16.46%, test  loss: 3.0629
INFO:root:Round 13700's server train  acc:  12.25%, train loss: 3.7636
INFO:root:Round 13700's server test   acc:  12.18%, test  loss: 3.7579
INFO:root:Round 13800's server train  acc:  14.09%, train loss: 2.9474
INFO:root:Round 13800's server test   acc:  13.95%, test  loss: 2.9440
INFO:root:Round 13900's server train  acc:  16.68%, train loss: 2.7265
INFO:root:Round 13900's server test   acc:  16.77%, test  loss: 2.7214
INFO:root:Round 14000's server train  acc:  12.70%, train loss: 2.9182
INFO:root:Round 14000's server test   acc:  12.48%, test  loss: 2.9243
INFO:root:Round 14100's server train  acc:  14.72%, train loss: 3.1872
INFO:root:Round 14100's server test   acc:  15.11%, test  loss: 3.1785
INFO:root:Round 14200's server train  acc:  16.61%, train loss: 3.0802
INFO:root:Round 14200's server test   acc:  16.23%, test  loss: 3.0656
INFO:root:Round 14300's server train  acc:  13.57%, train loss: 2.8151
INFO:root:Round 14300's server test   acc:  13.57%, test  loss: 2.8027
INFO:root:Round 14400's server train  acc:  10.09%, train loss: 4.6775
INFO:root:Round 14400's server test   acc:  10.10%, test  loss: 4.6868
INFO:root:Round 14500's server train  acc:  14.99%, train loss: 2.8852
INFO:root:Round 14500's server test   acc:  15.13%, test  loss: 2.8879
INFO:root:Round 14600's server train  acc:  13.49%, train loss: 3.0716
INFO:root:Round 14600's server test   acc:  13.46%, test  loss: 3.0723
INFO:root:Round 14700's server train  acc:  19.29%, train loss: 2.6895
INFO:root:Round 14700's server test   acc:  19.53%, test  loss: 2.6740
INFO:root:Round 14800's server train  acc:  11.54%, train loss: 4.2901
INFO:root:Round 14800's server test   acc:  11.71%, test  loss: 4.2653
INFO:root:Round 14900's server train  acc:  10.14%, train loss: 3.6105
INFO:root:Round 14900's server test   acc:  10.23%, test  loss: 3.5881
INFO:root:Round 15000's server train  acc:  16.28%, train loss: 2.6330
INFO:root:Round 15000's server test   acc:  16.79%, test  loss: 2.6225
INFO:root:Round 15100's server train  acc:  10.00%, train loss: 5.7749
INFO:root:Round 15100's server test   acc:  10.00%, test  loss: 5.7459
INFO:root:Round 15200's server train  acc:  14.21%, train loss: 2.6682
INFO:root:Round 15200's server test   acc:  13.97%, test  loss: 2.6673
INFO:root:Round 15300's server train  acc:  10.17%, train loss: 3.3613
INFO:root:Round 15300's server test   acc:  10.30%, test  loss: 3.3469
INFO:root:Round 15400's server train  acc:  10.52%, train loss: 3.7226
INFO:root:Round 15400's server test   acc:  10.50%, test  loss: 3.6980
INFO:root:Round 15500's server train  acc:  15.72%, train loss: 3.5106
INFO:root:Round 15500's server test   acc:  15.94%, test  loss: 3.5084
INFO:root:Round 15600's server train  acc:  10.08%, train loss: 3.3136
INFO:root:Round 15600's server test   acc:  10.10%, test  loss: 3.3008
INFO:root:Round 15700's server train  acc:  13.99%, train loss: 3.0151
INFO:root:Round 15700's server test   acc:  13.92%, test  loss: 3.0182
INFO:root:Round 15800's server train  acc:  14.97%, train loss: 3.5260
INFO:root:Round 15800's server test   acc:  14.39%, test  loss: 3.5060
INFO:root:Round 15900's server train  acc:  10.61%, train loss: 2.5994
INFO:root:Round 15900's server test   acc:  10.71%, test  loss: 2.5858
INFO:root:Round 16000's server train  acc:  16.38%, train loss: 2.9037
INFO:root:Round 16000's server test   acc:  16.83%, test  loss: 2.8778
INFO:root:Round 16100's server train  acc:  20.31%, train loss: 2.8411
INFO:root:Round 16100's server test   acc:  20.41%, test  loss: 2.8270
INFO:root:Round 16200's server train  acc:  11.47%, train loss: 4.0252
INFO:root:Round 16200's server test   acc:  11.68%, test  loss: 4.0073
INFO:root:Round 16300's server train  acc:  20.98%, train loss: 2.5507
INFO:root:Round 16300's server test   acc:  21.32%, test  loss: 2.5402
INFO:root:Round 16400's server train  acc:  15.66%, train loss: 4.1029
INFO:root:Round 16400's server test   acc:  15.73%, test  loss: 4.0973
INFO:root:Round 16500's server train  acc:  11.53%, train loss: 3.2956
INFO:root:Round 16500's server test   acc:  11.36%, test  loss: 3.3008
INFO:root:Round 16600's server train  acc:  10.90%, train loss: 4.0440
INFO:root:Round 16600's server test   acc:  10.93%, test  loss: 4.0372
INFO:root:Round 16700's server train  acc:  13.16%, train loss: 2.9539
INFO:root:Round 16700's server test   acc:  12.93%, test  loss: 2.9554
INFO:root:Round 16800's server train  acc:  18.46%, train loss: 3.1688
INFO:root:Round 16800's server test   acc:  18.89%, test  loss: 3.1517
INFO:root:Round 16900's server train  acc:  14.55%, train loss: 2.7835
INFO:root:Round 16900's server test   acc:  14.73%, test  loss: 2.7637
INFO:root:Round 17000's server train  acc:  12.62%, train loss: 3.2306
INFO:root:Round 17000's server test   acc:  12.83%, test  loss: 3.2224
INFO:root:Round 17100's server train  acc:  17.12%, train loss: 3.0480
INFO:root:Round 17100's server test   acc:  17.64%, test  loss: 3.0246
INFO:root:Round 17200's server train  acc:  10.00%, train loss: 3.5163
INFO:root:Round 17200's server test   acc:  10.04%, test  loss: 3.5225
INFO:root:Round 17300's server train  acc:  13.49%, train loss: 3.5086
INFO:root:Round 17300's server test   acc:  13.58%, test  loss: 3.4803
INFO:root:Round 17400's server train  acc:  10.72%, train loss: 3.2961
INFO:root:Round 17400's server test   acc:  10.69%, test  loss: 3.2854
INFO:root:Round 17500's server train  acc:  17.68%, train loss: 2.8291
INFO:root:Round 17500's server test   acc:  18.23%, test  loss: 2.8093
INFO:root:Round 17600's server train  acc:  12.54%, train loss: 3.1172
INFO:root:Round 17600's server test   acc:  12.83%, test  loss: 3.1048
INFO:root:Round 17700's server train  acc:  12.54%, train loss: 3.2572
INFO:root:Round 17700's server test   acc:  13.19%, test  loss: 3.2380
INFO:root:Round 17800's server train  acc:  12.66%, train loss: 3.7278
INFO:root:Round 17800's server test   acc:  12.74%, test  loss: 3.7236
INFO:root:Round 17900's server train  acc:  13.62%, train loss: 3.0125
INFO:root:Round 17900's server test   acc:  13.77%, test  loss: 2.9927
INFO:root:Round 18000's server train  acc:  10.51%, train loss: 3.6817
INFO:root:Round 18000's server test   acc:  10.57%, test  loss: 3.6918
INFO:root:Round 18100's server train  acc:  15.26%, train loss: 3.1929
INFO:root:Round 18100's server test   acc:  15.24%, test  loss: 3.1845
INFO:root:Round 18200's server train  acc:  14.60%, train loss: 3.2944
INFO:root:Round 18200's server test   acc:  14.68%, test  loss: 3.2653
INFO:root:Round 18300's server train  acc:  10.00%, train loss: 3.5788
INFO:root:Round 18300's server test   acc:  10.00%, test  loss: 3.5744
INFO:root:Round 18400's server train  acc:  10.00%, train loss: 3.3795
INFO:root:Round 18400's server test   acc:  10.00%, test  loss: 3.3602
INFO:root:Round 18500's server train  acc:  10.06%, train loss: 3.3120
INFO:root:Round 18500's server test   acc:  10.04%, test  loss: 3.2942
INFO:root:Round 18600's server train  acc:  17.68%, train loss: 2.8441
INFO:root:Round 18600's server test   acc:  18.18%, test  loss: 2.8312
INFO:root:Round 18700's server train  acc:  16.99%, train loss: 2.7652
INFO:root:Round 18700's server test   acc:  16.80%, test  loss: 2.7565
INFO:root:Round 18800's server train  acc:  14.89%, train loss: 3.9160
INFO:root:Round 18800's server test   acc:  14.92%, test  loss: 3.9065
INFO:root:Round 18900's server train  acc:  11.58%, train loss: 3.0449
INFO:root:Round 18900's server test   acc:  11.67%, test  loss: 3.0208
INFO:root:Round 19000's server train  acc:  13.89%, train loss: 3.9928
INFO:root:Round 19000's server test   acc:  13.85%, test  loss: 3.9965
INFO:root:Round 19100's server train  acc:  11.16%, train loss: 3.5864
INFO:root:Round 19100's server test   acc:  11.18%, test  loss: 3.5844
INFO:root:Round 19200's server train  acc:  10.78%, train loss: 3.1294
INFO:root:Round 19200's server test   acc:  10.92%, test  loss: 3.0986
INFO:root:Round 19300's server train  acc:  15.53%, train loss: 3.1617
INFO:root:Round 19300's server test   acc:  15.21%, test  loss: 3.1518
INFO:root:Round 19400's server train  acc:  11.99%, train loss: 3.6495
INFO:root:Round 19400's server test   acc:  11.63%, test  loss: 3.6438
INFO:root:Round 19500's server train  acc:  10.21%, train loss: 4.1110
INFO:root:Round 19500's server test   acc:  10.26%, test  loss: 4.0995
INFO:root:Round 19600's server train  acc:  17.62%, train loss: 2.9070
INFO:root:Round 19600's server test   acc:  17.44%, test  loss: 2.8985
INFO:root:Round 19700's server train  acc:  12.21%, train loss: 3.3280
INFO:root:Round 19700's server test   acc:  12.48%, test  loss: 3.3115
INFO:root:Round 19800's server train  acc:  13.78%, train loss: 3.3231
INFO:root:Round 19800's server test   acc:  13.95%, test  loss: 3.3321
INFO:root:Round 19900's server train  acc:  10.60%, train loss: 3.4488
INFO:root:Round 19900's server test   acc:  10.59%, test  loss: 3.4249
INFO:root:Round 20000's server train  acc:  20.72%, train loss: 2.7324
INFO:root:Round 20000's server test   acc:  21.05%, test  loss: 2.7250
INFO:root:TrainingTime: 12834.143375873566 sec
