INFO:root:Namespace(m='wvgg9k4', d='cifar100', s=2, R=20000, K=5, M=1000, P=10, partition='shard', alpha=[1], optim='sgd', lr=0.001, lr_scheduler='exp', lr_decay=1.0, momentum=0.0, weight_decay=0.0, global_lr=1.0, batch_size=16, seed=0, clip=10, log='info+log', eval_every=100, device=0, start_round=0, save_model=0)
INFO:root:record_name: ShufflingFedAvg1.0_M1000,10_K5_R20000,100_wvgg9k4_cifar100_shard1_sgd0.001,0.0,0.0_exp1.0_b16_seed0_clip10
INFO:root:VGG(
  (features): Sequential(
    (0): Conv2d(3, 32, kernel_size=(3, 3), stride=(1, 1), padding=(1, 1))
    (1): ReLU(inplace=True)
    (2): MaxPool2d(kernel_size=2, stride=2, padding=0, dilation=1, ceil_mode=False)
    (3): Conv2d(32, 64, kernel_size=(3, 3), stride=(1, 1), padding=(1, 1))
    (4): ReLU(inplace=True)
    (5): MaxPool2d(kernel_size=2, stride=2, padding=0, dilation=1, ceil_mode=False)
    (6): Conv2d(64, 128, kernel_size=(3, 3), stride=(1, 1), padding=(1, 1))
    (7): ReLU(inplace=True)
    (8): Conv2d(128, 128, kernel_size=(3, 3), stride=(1, 1), padding=(1, 1))
    (9): ReLU(inplace=True)
    (10): MaxPool2d(kernel_size=2, stride=2, padding=0, dilation=1, ceil_mode=False)
    (11): Conv2d(128, 256, kernel_size=(3, 3), stride=(1, 1), padding=(1, 1))
    (12): ReLU(inplace=True)
    (13): Conv2d(256, 256, kernel_size=(3, 3), stride=(1, 1), padding=(1, 1))
    (14): ReLU(inplace=True)
    (15): MaxPool2d(kernel_size=2, stride=2, padding=0, dilation=1, ceil_mode=False)
    (16): Conv2d(256, 256, kernel_size=(3, 3), stride=(1, 1), padding=(1, 1))
    (17): ReLU(inplace=True)
    (18): Conv2d(256, 256, kernel_size=(3, 3), stride=(1, 1), padding=(1, 1))
    (19): ReLU(inplace=True)
    (20): MaxPool2d(kernel_size=2, stride=2, padding=0, dilation=1, ceil_mode=False)
  )
  (avgpool): AdaptiveAvgPool2d(output_size=(1, 1))
  (flatten): Flatten(start_dim=1, end_dim=-1)
  (classifier): Linear(in_features=256, out_features=100, bias=True)
)
INFO:root:Round 100's server train  acc:   1.17%, train loss: 4.6052
INFO:root:Round 100's server test   acc:   1.18%, test  loss: 4.6053
INFO:root:Round 200's server train  acc:   1.09%, train loss: 4.6047
INFO:root:Round 200's server test   acc:   1.11%, test  loss: 4.6047
INFO:root:Round 300's server train  acc:   1.08%, train loss: 4.6034
INFO:root:Round 300's server test   acc:   1.17%, test  loss: 4.6034
INFO:root:Round 400's server train  acc:   1.30%, train loss: 4.6064
INFO:root:Round 400's server test   acc:   1.39%, test  loss: 4.6062
INFO:root:Round 500's server train  acc:   0.98%, train loss: 4.6642
INFO:root:Round 500's server test   acc:   1.00%, test  loss: 4.6652
INFO:root:Round 600's server train  acc:   0.91%, train loss: 4.8446
INFO:root:Round 600's server test   acc:   0.97%, test  loss: 4.8485
INFO:root:Round 700's server train  acc:   1.00%, train loss: 4.9172
INFO:root:Round 700's server test   acc:   1.00%, test  loss: 4.9209
INFO:root:Round 800's server train  acc:   1.00%, train loss: 4.9649
INFO:root:Round 800's server test   acc:   1.00%, test  loss: 4.9707
INFO:root:Round 900's server train  acc:   0.98%, train loss: 4.9939
INFO:root:Round 900's server test   acc:   1.03%, test  loss: 4.9954
INFO:root:Round 1000's server train  acc:   0.86%, train loss: 4.9932
INFO:root:Round 1000's server test   acc:   0.89%, test  loss: 4.9948
INFO:root:Round 1100's server train  acc:   1.00%, train loss: 4.8923
INFO:root:Round 1100's server test   acc:   1.01%, test  loss: 4.8972
INFO:root:Round 1200's server train  acc:   1.06%, train loss: 4.9154
INFO:root:Round 1200's server test   acc:   0.95%, test  loss: 4.9180
INFO:root:Round 1300's server train  acc:   1.16%, train loss: 5.0969
INFO:root:Round 1300's server test   acc:   1.28%, test  loss: 5.1008
INFO:root:Round 1400's server train  acc:   1.00%, train loss: 5.0324
INFO:root:Round 1400's server test   acc:   0.98%, test  loss: 5.0415
INFO:root:Round 1500's server train  acc:   1.00%, train loss: 5.5244
INFO:root:Round 1500's server test   acc:   1.00%, test  loss: 5.5338
INFO:root:Round 1600's server train  acc:   1.32%, train loss: 4.9118
INFO:root:Round 1600's server test   acc:   1.29%, test  loss: 4.9154
INFO:root:Round 1700's server train  acc:   1.00%, train loss: 5.1920
INFO:root:Round 1700's server test   acc:   1.01%, test  loss: 5.1967
INFO:root:Round 1800's server train  acc:   0.71%, train loss: 4.9680
INFO:root:Round 1800's server test   acc:   0.76%, test  loss: 4.9711
INFO:root:Round 1900's server train  acc:   0.95%, train loss: 5.0447
INFO:root:Round 1900's server test   acc:   0.92%, test  loss: 5.0479
INFO:root:Round 2000's server train  acc:   0.87%, train loss: 4.9868
INFO:root:Round 2000's server test   acc:   0.91%, test  loss: 4.9879
INFO:root:Round 2100's server train  acc:   1.01%, train loss: 5.0426
INFO:root:Round 2100's server test   acc:   1.02%, test  loss: 5.0470
INFO:root:Round 2200's server train  acc:   1.00%, train loss: 5.4067
INFO:root:Round 2200's server test   acc:   1.00%, test  loss: 5.4151
INFO:root:Round 2300's server train  acc:   0.92%, train loss: 4.9700
INFO:root:Round 2300's server test   acc:   1.06%, test  loss: 4.9756
INFO:root:Round 2400's server train  acc:   1.15%, train loss: 4.9616
INFO:root:Round 2400's server test   acc:   1.07%, test  loss: 4.9691
INFO:root:Round 2500's server train  acc:   1.00%, train loss: 5.2080
INFO:root:Round 2500's server test   acc:   1.01%, test  loss: 5.2196
INFO:root:Round 2600's server train  acc:   1.00%, train loss: 5.0412
INFO:root:Round 2600's server test   acc:   1.00%, test  loss: 5.0477
INFO:root:Round 2700's server train  acc:   1.00%, train loss: 5.2006
INFO:root:Round 2700's server test   acc:   1.00%, test  loss: 5.2043
INFO:root:Round 2800's server train  acc:   1.00%, train loss: 4.9583
INFO:root:Round 2800's server test   acc:   1.00%, test  loss: 4.9646
INFO:root:Round 2900's server train  acc:   1.00%, train loss: 5.0465
INFO:root:Round 2900's server test   acc:   1.00%, test  loss: 5.0527
INFO:root:Round 3000's server train  acc:   1.00%, train loss: 5.4527
INFO:root:Round 3000's server test   acc:   1.00%, test  loss: 5.4609
INFO:root:Round 3100's server train  acc:   0.99%, train loss: 5.0362
INFO:root:Round 3100's server test   acc:   1.00%, test  loss: 5.0478
INFO:root:Round 3200's server train  acc:   1.02%, train loss: 4.9621
INFO:root:Round 3200's server test   acc:   1.01%, test  loss: 4.9699
INFO:root:Round 3300's server train  acc:   1.01%, train loss: 5.0235
INFO:root:Round 3300's server test   acc:   1.01%, test  loss: 5.0279
INFO:root:Round 3400's server train  acc:   0.97%, train loss: 4.9172
INFO:root:Round 3400's server test   acc:   0.97%, test  loss: 4.9235
INFO:root:Round 3500's server train  acc:   0.95%, train loss: 5.3407
INFO:root:Round 3500's server test   acc:   0.97%, test  loss: 5.3478
INFO:root:Round 3600's server train  acc:   1.00%, train loss: 5.3094
INFO:root:Round 3600's server test   acc:   1.00%, test  loss: 5.3141
INFO:root:Round 3700's server train  acc:   1.00%, train loss: 5.6525
INFO:root:Round 3700's server test   acc:   1.00%, test  loss: 5.6653
INFO:root:Round 3800's server train  acc:   0.98%, train loss: 5.0330
INFO:root:Round 3800's server test   acc:   1.02%, test  loss: 5.0374
INFO:root:Round 3900's server train  acc:   1.02%, train loss: 5.1373
INFO:root:Round 3900's server test   acc:   1.02%, test  loss: 5.1397
INFO:root:Round 4000's server train  acc:   1.18%, train loss: 4.9707
INFO:root:Round 4000's server test   acc:   1.23%, test  loss: 4.9771
INFO:root:Round 4100's server train  acc:   1.00%, train loss: 5.0126
INFO:root:Round 4100's server test   acc:   1.00%, test  loss: 5.0169
INFO:root:Round 4200's server train  acc:   1.19%, train loss: 5.0255
INFO:root:Round 4200's server test   acc:   1.20%, test  loss: 5.0329
INFO:root:Round 4300's server train  acc:   0.99%, train loss: 5.0501
INFO:root:Round 4300's server test   acc:   0.99%, test  loss: 5.0530
INFO:root:Round 4400's server train  acc:   0.95%, train loss: 5.0824
INFO:root:Round 4400's server test   acc:   0.97%, test  loss: 5.0911
INFO:root:Round 4500's server train  acc:   1.11%, train loss: 4.9674
INFO:root:Round 4500's server test   acc:   0.96%, test  loss: 4.9732
INFO:root:Round 4600's server train  acc:   0.94%, train loss: 4.9451
INFO:root:Round 4600's server test   acc:   0.94%, test  loss: 4.9475
INFO:root:Round 4700's server train  acc:   1.01%, train loss: 5.0036
INFO:root:Round 4700's server test   acc:   1.03%, test  loss: 5.0104
INFO:root:Round 4800's server train  acc:   1.00%, train loss: 4.8887
INFO:root:Round 4800's server test   acc:   1.00%, test  loss: 4.8931
INFO:root:Round 4900's server train  acc:   1.14%, train loss: 5.1563
INFO:root:Round 4900's server test   acc:   1.02%, test  loss: 5.1650
INFO:root:Round 5000's server train  acc:   1.03%, train loss: 4.8869
INFO:root:Round 5000's server test   acc:   0.99%, test  loss: 4.8934
INFO:root:Round 5100's server train  acc:   1.00%, train loss: 4.9363
INFO:root:Round 5100's server test   acc:   1.00%, test  loss: 4.9392
INFO:root:Round 5200's server train  acc:   1.13%, train loss: 5.0470
INFO:root:Round 5200's server test   acc:   1.03%, test  loss: 5.0510
INFO:root:Round 5300's server train  acc:   1.00%, train loss: 5.3456
INFO:root:Round 5300's server test   acc:   1.00%, test  loss: 5.3542
INFO:root:Round 5400's server train  acc:   1.04%, train loss: 5.0363
INFO:root:Round 5400's server test   acc:   1.08%, test  loss: 5.0437
INFO:root:Round 5500's server train  acc:   1.00%, train loss: 5.0239
INFO:root:Round 5500's server test   acc:   1.01%, test  loss: 5.0246
INFO:root:Round 5600's server train  acc:   0.98%, train loss: 5.1214
INFO:root:Round 5600's server test   acc:   0.96%, test  loss: 5.1276
INFO:root:Round 5700's server train  acc:   0.97%, train loss: 5.1460
INFO:root:Round 5700's server test   acc:   0.99%, test  loss: 5.1556
INFO:root:Round 5800's server train  acc:   1.10%, train loss: 5.0686
INFO:root:Round 5800's server test   acc:   1.02%, test  loss: 5.0738
INFO:root:Round 5900's server train  acc:   1.00%, train loss: 5.1116
INFO:root:Round 5900's server test   acc:   1.00%, test  loss: 5.1175
INFO:root:Round 6000's server train  acc:   1.11%, train loss: 5.0325
INFO:root:Round 6000's server test   acc:   1.06%, test  loss: 5.0385
INFO:root:Round 6100's server train  acc:   1.09%, train loss: 4.9751
INFO:root:Round 6100's server test   acc:   1.07%, test  loss: 4.9812
INFO:root:Round 6200's server train  acc:   1.00%, train loss: 5.1580
INFO:root:Round 6200's server test   acc:   1.00%, test  loss: 5.1661
INFO:root:Round 6300's server train  acc:   1.12%, train loss: 5.0133
INFO:root:Round 6300's server test   acc:   1.18%, test  loss: 5.0170
INFO:root:Round 6400's server train  acc:   0.91%, train loss: 4.9455
INFO:root:Round 6400's server test   acc:   0.99%, test  loss: 4.9502
INFO:root:Round 6500's server train  acc:   1.01%, train loss: 5.1083
INFO:root:Round 6500's server test   acc:   1.00%, test  loss: 5.1135
INFO:root:Round 6600's server train  acc:   1.20%, train loss: 4.9984
INFO:root:Round 6600's server test   acc:   1.18%, test  loss: 5.0066
INFO:root:Round 6700's server train  acc:   0.91%, train loss: 4.9954
INFO:root:Round 6700's server test   acc:   0.89%, test  loss: 4.9991
INFO:root:Round 6800's server train  acc:   0.92%, train loss: 5.0712
INFO:root:Round 6800's server test   acc:   0.89%, test  loss: 5.0763
INFO:root:Round 6900's server train  acc:   0.86%, train loss: 5.1719
INFO:root:Round 6900's server test   acc:   0.99%, test  loss: 5.1748
INFO:root:Round 7000's server train  acc:   1.15%, train loss: 4.9221
INFO:root:Round 7000's server test   acc:   1.23%, test  loss: 4.9286
INFO:root:Round 7100's server train  acc:   1.00%, train loss: 5.2403
INFO:root:Round 7100's server test   acc:   1.01%, test  loss: 5.2500
INFO:root:Round 7200's server train  acc:   0.98%, train loss: 5.0377
INFO:root:Round 7200's server test   acc:   1.01%, test  loss: 5.0443
INFO:root:Round 7300's server train  acc:   1.02%, train loss: 5.0240
INFO:root:Round 7300's server test   acc:   0.99%, test  loss: 5.0322
INFO:root:Round 7400's server train  acc:   0.96%, train loss: 5.0763
INFO:root:Round 7400's server test   acc:   0.95%, test  loss: 5.0853
INFO:root:Round 7500's server train  acc:   0.90%, train loss: 5.2389
INFO:root:Round 7500's server test   acc:   0.85%, test  loss: 5.2466
INFO:root:Round 7600's server train  acc:   1.01%, train loss: 5.1011
INFO:root:Round 7600's server test   acc:   1.03%, test  loss: 5.1076
INFO:root:Round 7700's server train  acc:   1.00%, train loss: 5.1336
INFO:root:Round 7700's server test   acc:   1.00%, test  loss: 5.1403
INFO:root:Round 7800's server train  acc:   1.02%, train loss: 5.3017
INFO:root:Round 7800's server test   acc:   1.00%, test  loss: 5.3122
INFO:root:Round 7900's server train  acc:   1.00%, train loss: 5.2941
INFO:root:Round 7900's server test   acc:   1.00%, test  loss: 5.2974
INFO:root:Round 8000's server train  acc:   1.00%, train loss: 5.2891
INFO:root:Round 8000's server test   acc:   1.00%, test  loss: 5.2989
INFO:root:Round 8100's server train  acc:   1.00%, train loss: 5.0189
INFO:root:Round 8100's server test   acc:   1.00%, test  loss: 5.0260
INFO:root:Round 8200's server train  acc:   1.00%, train loss: 5.2819
INFO:root:Round 8200's server test   acc:   1.00%, test  loss: 5.2851
INFO:root:Round 8300's server train  acc:   1.00%, train loss: 5.3338
INFO:root:Round 8300's server test   acc:   1.00%, test  loss: 5.3431
INFO:root:Round 8400's server train  acc:   1.00%, train loss: 4.9328
INFO:root:Round 8400's server test   acc:   1.00%, test  loss: 4.9401
INFO:root:Round 8500's server train  acc:   0.82%, train loss: 5.0772
INFO:root:Round 8500's server test   acc:   0.83%, test  loss: 5.0810
INFO:root:Round 8600's server train  acc:   1.04%, train loss: 5.1036
INFO:root:Round 8600's server test   acc:   0.99%, test  loss: 5.1103
INFO:root:Round 8700's server train  acc:   0.98%, train loss: 5.0174
INFO:root:Round 8700's server test   acc:   0.99%, test  loss: 5.0270
INFO:root:Round 8800's server train  acc:   1.00%, train loss: 5.5485
INFO:root:Round 8800's server test   acc:   1.00%, test  loss: 5.5561
INFO:root:Round 8900's server train  acc:   0.99%, train loss: 5.0985
INFO:root:Round 8900's server test   acc:   1.00%, test  loss: 5.1046
INFO:root:Round 9000's server train  acc:   0.91%, train loss: 5.0148
INFO:root:Round 9000's server test   acc:   0.87%, test  loss: 5.0201
INFO:root:Round 9100's server train  acc:   1.00%, train loss: 5.3477
INFO:root:Round 9100's server test   acc:   1.00%, test  loss: 5.3514
INFO:root:Round 9200's server train  acc:   1.01%, train loss: 4.9963
INFO:root:Round 9200's server test   acc:   1.01%, test  loss: 5.0017
INFO:root:Round 9300's server train  acc:   0.99%, train loss: 5.0111
INFO:root:Round 9300's server test   acc:   0.99%, test  loss: 5.0158
INFO:root:Round 9400's server train  acc:   0.97%, train loss: 4.9599
INFO:root:Round 9400's server test   acc:   0.98%, test  loss: 4.9658
INFO:root:Round 9500's server train  acc:   1.02%, train loss: 5.0616
INFO:root:Round 9500's server test   acc:   1.08%, test  loss: 5.0647
INFO:root:Round 9600's server train  acc:   1.00%, train loss: 5.5780
INFO:root:Round 9600's server test   acc:   1.00%, test  loss: 5.5897
INFO:root:Round 9700's server train  acc:   1.45%, train loss: 4.9415
INFO:root:Round 9700's server test   acc:   1.37%, test  loss: 4.9484
INFO:root:Round 9800's server train  acc:   1.05%, train loss: 5.1349
INFO:root:Round 9800's server test   acc:   1.06%, test  loss: 5.1409
INFO:root:Round 9900's server train  acc:   1.00%, train loss: 5.4116
INFO:root:Round 9900's server test   acc:   1.00%, test  loss: 5.4198
INFO:root:Round 10000's server train  acc:   1.09%, train loss: 4.9849
INFO:root:Round 10000's server test   acc:   1.11%, test  loss: 4.9889
INFO:root:Round 10100's server train  acc:   1.00%, train loss: 5.2629
INFO:root:Round 10100's server test   acc:   1.00%, test  loss: 5.2725
INFO:root:Round 10200's server train  acc:   1.02%, train loss: 5.0183
INFO:root:Round 10200's server test   acc:   1.03%, test  loss: 5.0242
INFO:root:Round 10300's server train  acc:   1.01%, train loss: 5.0254
INFO:root:Round 10300's server test   acc:   1.01%, test  loss: 5.0289
INFO:root:Round 10400's server train  acc:   1.00%, train loss: 5.0710
INFO:root:Round 10400's server test   acc:   1.00%, test  loss: 5.0768
INFO:root:Round 10500's server train  acc:   0.96%, train loss: 5.0885
INFO:root:Round 10500's server test   acc:   1.00%, test  loss: 5.0912
INFO:root:Round 10600's server train  acc:   1.00%, train loss: 5.1411
INFO:root:Round 10600's server test   acc:   1.00%, test  loss: 5.1484
INFO:root:Round 10700's server train  acc:   1.00%, train loss: 5.1983
INFO:root:Round 10700's server test   acc:   1.00%, test  loss: 5.2018
INFO:root:Round 10800's server train  acc:   1.02%, train loss: 5.1277
INFO:root:Round 10800's server test   acc:   1.02%, test  loss: 5.1391
INFO:root:Round 10900's server train  acc:   1.00%, train loss: 5.2675
INFO:root:Round 10900's server test   acc:   1.00%, test  loss: 5.2784
INFO:root:Round 11000's server train  acc:   1.12%, train loss: 4.9964
INFO:root:Round 11000's server test   acc:   1.14%, test  loss: 5.0050
INFO:root:Round 11100's server train  acc:   1.00%, train loss: 4.8725
INFO:root:Round 11100's server test   acc:   1.00%, test  loss: 4.8765
INFO:root:Round 11200's server train  acc:   1.03%, train loss: 5.2088
INFO:root:Round 11200's server test   acc:   1.00%, test  loss: 5.2235
INFO:root:Round 11300's server train  acc:   1.26%, train loss: 4.9254
INFO:root:Round 11300's server test   acc:   1.24%, test  loss: 4.9306
INFO:root:Round 11400's server train  acc:   1.00%, train loss: 5.2003
INFO:root:Round 11400's server test   acc:   1.00%, test  loss: 5.2069
INFO:root:Round 11500's server train  acc:   1.07%, train loss: 4.9790
INFO:root:Round 11500's server test   acc:   1.03%, test  loss: 4.9841
INFO:root:Round 11600's server train  acc:   0.93%, train loss: 4.9169
INFO:root:Round 11600's server test   acc:   0.93%, test  loss: 4.9208
INFO:root:Round 11700's server train  acc:   1.01%, train loss: 5.0541
INFO:root:Round 11700's server test   acc:   1.00%, test  loss: 5.0605
INFO:root:Round 11800's server train  acc:   1.06%, train loss: 5.0593
INFO:root:Round 11800's server test   acc:   1.02%, test  loss: 5.0639
INFO:root:Round 11900's server train  acc:   1.00%, train loss: 4.9819
INFO:root:Round 11900's server test   acc:   1.00%, test  loss: 4.9859
INFO:root:Round 12000's server train  acc:   1.00%, train loss: 5.1227
INFO:root:Round 12000's server test   acc:   1.00%, test  loss: 5.1277
INFO:root:Round 12100's server train  acc:   1.00%, train loss: 4.9175
INFO:root:Round 12100's server test   acc:   1.00%, test  loss: 4.9228
INFO:root:Round 12200's server train  acc:   0.82%, train loss: 5.0281
INFO:root:Round 12200's server test   acc:   0.82%, test  loss: 5.0354
INFO:root:Round 12300's server train  acc:   1.09%, train loss: 5.0947
INFO:root:Round 12300's server test   acc:   1.03%, test  loss: 5.0982
INFO:root:Round 12400's server train  acc:   1.06%, train loss: 5.2742
INFO:root:Round 12400's server test   acc:   1.08%, test  loss: 5.2801
INFO:root:Round 12500's server train  acc:   1.00%, train loss: 5.5228
INFO:root:Round 12500's server test   acc:   1.00%, test  loss: 5.5296
INFO:root:Round 12600's server train  acc:   1.00%, train loss: 5.0405
INFO:root:Round 12600's server test   acc:   1.00%, test  loss: 5.0471
INFO:root:Round 12700's server train  acc:   1.02%, train loss: 4.9678
INFO:root:Round 12700's server test   acc:   0.99%, test  loss: 4.9746
INFO:root:Round 12800's server train  acc:   1.00%, train loss: 5.0128
INFO:root:Round 12800's server test   acc:   1.03%, test  loss: 5.0184
INFO:root:Round 12900's server train  acc:   1.04%, train loss: 4.9113
INFO:root:Round 12900's server test   acc:   1.03%, test  loss: 4.9187
INFO:root:Round 13000's server train  acc:   0.89%, train loss: 5.1664
INFO:root:Round 13000's server test   acc:   0.89%, test  loss: 5.1697
INFO:root:Round 13100's server train  acc:   1.25%, train loss: 5.0456
INFO:root:Round 13100's server test   acc:   1.28%, test  loss: 5.0524
INFO:root:Round 13200's server train  acc:   1.16%, train loss: 4.9437
INFO:root:Round 13200's server test   acc:   1.14%, test  loss: 4.9496
INFO:root:Round 13300's server train  acc:   1.00%, train loss: 6.1781
INFO:root:Round 13300's server test   acc:   1.00%, test  loss: 6.1931
INFO:root:Round 13400's server train  acc:   1.12%, train loss: 5.1417
INFO:root:Round 13400's server test   acc:   1.14%, test  loss: 5.1457
INFO:root:Round 13500's server train  acc:   1.11%, train loss: 5.0799
INFO:root:Round 13500's server test   acc:   1.18%, test  loss: 5.0844
INFO:root:Round 13600's server train  acc:   1.00%, train loss: 5.0893
INFO:root:Round 13600's server test   acc:   1.00%, test  loss: 5.0949
INFO:root:Round 13700's server train  acc:   1.00%, train loss: 5.7693
INFO:root:Round 13700's server test   acc:   1.00%, test  loss: 5.7769
INFO:root:Round 13800's server train  acc:   1.12%, train loss: 4.9907
INFO:root:Round 13800's server test   acc:   1.00%, test  loss: 4.9978
INFO:root:Round 13900's server train  acc:   0.95%, train loss: 5.1607
INFO:root:Round 13900's server test   acc:   0.96%, test  loss: 5.1700
INFO:root:Round 14000's server train  acc:   0.96%, train loss: 4.9327
INFO:root:Round 14000's server test   acc:   0.96%, test  loss: 4.9404
INFO:root:Round 14100's server train  acc:   1.01%, train loss: 5.0491
INFO:root:Round 14100's server test   acc:   1.06%, test  loss: 5.0545
INFO:root:Round 14200's server train  acc:   1.07%, train loss: 5.1117
INFO:root:Round 14200's server test   acc:   1.08%, test  loss: 5.1190
INFO:root:Round 14300's server train  acc:   1.09%, train loss: 5.2778
INFO:root:Round 14300's server test   acc:   1.14%, test  loss: 5.2904
INFO:root:Round 14400's server train  acc:   1.03%, train loss: 4.8948
INFO:root:Round 14400's server test   acc:   1.03%, test  loss: 4.9000
INFO:root:Round 14500's server train  acc:   1.00%, train loss: 5.1612
INFO:root:Round 14500's server test   acc:   1.00%, test  loss: 5.1681
INFO:root:Round 14600's server train  acc:   1.00%, train loss: 5.1747
INFO:root:Round 14600's server test   acc:   1.00%, test  loss: 5.1797
INFO:root:Round 14700's server train  acc:   1.06%, train loss: 4.9294
INFO:root:Round 14700's server test   acc:   1.07%, test  loss: 4.9333
INFO:root:Round 14800's server train  acc:   0.91%, train loss: 5.0490
INFO:root:Round 14800's server test   acc:   0.93%, test  loss: 5.0572
INFO:root:Round 14900's server train  acc:   1.09%, train loss: 4.9459
INFO:root:Round 14900's server test   acc:   1.10%, test  loss: 4.9494
INFO:root:Round 15000's server train  acc:   1.00%, train loss: 5.1943
INFO:root:Round 15000's server test   acc:   1.00%, test  loss: 5.2004
INFO:root:Round 15100's server train  acc:   1.00%, train loss: 5.2004
INFO:root:Round 15100's server test   acc:   1.00%, test  loss: 5.2090
INFO:root:Round 15200's server train  acc:   1.00%, train loss: 5.2811
INFO:root:Round 15200's server test   acc:   1.00%, test  loss: 5.2872
INFO:root:Round 15300's server train  acc:   1.00%, train loss: 5.0224
INFO:root:Round 15300's server test   acc:   1.00%, test  loss: 5.0281
INFO:root:Round 15400's server train  acc:   1.00%, train loss: 5.1030
INFO:root:Round 15400's server test   acc:   1.00%, test  loss: 5.1109
INFO:root:Round 15500's server train  acc:   0.99%, train loss: 5.0763
INFO:root:Round 15500's server test   acc:   0.99%, test  loss: 5.0839
INFO:root:Round 15600's server train  acc:   1.01%, train loss: 4.8948
INFO:root:Round 15600's server test   acc:   1.04%, test  loss: 4.9023
INFO:root:Round 15700's server train  acc:   1.00%, train loss: 5.3763
INFO:root:Round 15700's server test   acc:   1.00%, test  loss: 5.3847
INFO:root:Round 15800's server train  acc:   1.00%, train loss: 5.2801
INFO:root:Round 15800's server test   acc:   1.00%, test  loss: 5.2892
INFO:root:Round 15900's server train  acc:   0.96%, train loss: 5.1989
INFO:root:Round 15900's server test   acc:   0.95%, test  loss: 5.2051
INFO:root:Round 16000's server train  acc:   1.00%, train loss: 5.2391
INFO:root:Round 16000's server test   acc:   1.00%, test  loss: 5.2457
INFO:root:Round 16100's server train  acc:   1.00%, train loss: 5.2406
INFO:root:Round 16100's server test   acc:   1.00%, test  loss: 5.2458
INFO:root:Round 16200's server train  acc:   1.16%, train loss: 5.1496
INFO:root:Round 16200's server test   acc:   1.13%, test  loss: 5.1564
INFO:root:Round 16300's server train  acc:   1.00%, train loss: 5.1837
INFO:root:Round 16300's server test   acc:   1.02%, test  loss: 5.1888
INFO:root:Round 16400's server train  acc:   1.07%, train loss: 4.9263
INFO:root:Round 16400's server test   acc:   1.05%, test  loss: 4.9294
INFO:root:Round 16500's server train  acc:   1.02%, train loss: 4.9616
INFO:root:Round 16500's server test   acc:   1.03%, test  loss: 4.9687
INFO:root:Round 16600's server train  acc:   0.97%, train loss: 5.1631
INFO:root:Round 16600's server test   acc:   1.04%, test  loss: 5.1687
INFO:root:Round 16700's server train  acc:   1.26%, train loss: 4.9392
INFO:root:Round 16700's server test   acc:   1.09%, test  loss: 4.9451
INFO:root:Round 16800's server train  acc:   1.11%, train loss: 5.0792
INFO:root:Round 16800's server test   acc:   1.11%, test  loss: 5.0839
INFO:root:Round 16900's server train  acc:   0.95%, train loss: 4.9838
INFO:root:Round 16900's server test   acc:   0.92%, test  loss: 4.9866
INFO:root:Round 17000's server train  acc:   0.89%, train loss: 4.9859
INFO:root:Round 17000's server test   acc:   0.78%, test  loss: 4.9895
INFO:root:Round 17100's server train  acc:   1.01%, train loss: 5.0392
INFO:root:Round 17100's server test   acc:   0.99%, test  loss: 5.0426
INFO:root:Round 17200's server train  acc:   1.11%, train loss: 5.1321
INFO:root:Round 17200's server test   acc:   1.10%, test  loss: 5.1426
INFO:root:Round 17300's server train  acc:   1.09%, train loss: 5.1226
INFO:root:Round 17300's server test   acc:   1.05%, test  loss: 5.1303
INFO:root:Round 17400's server train  acc:   1.10%, train loss: 4.9923
INFO:root:Round 17400's server test   acc:   1.05%, test  loss: 5.0022
INFO:root:Round 17500's server train  acc:   1.01%, train loss: 5.1688
INFO:root:Round 17500's server test   acc:   1.01%, test  loss: 5.1764
INFO:root:Round 17600's server train  acc:   1.05%, train loss: 5.0828
INFO:root:Round 17600's server test   acc:   0.96%, test  loss: 5.0913
INFO:root:Round 17700's server train  acc:   1.11%, train loss: 5.0346
INFO:root:Round 17700's server test   acc:   1.12%, test  loss: 5.0436
INFO:root:Round 17800's server train  acc:   1.00%, train loss: 5.2558
INFO:root:Round 17800's server test   acc:   1.00%, test  loss: 5.2645
INFO:root:Round 17900's server train  acc:   1.05%, train loss: 5.0789
INFO:root:Round 17900's server test   acc:   1.07%, test  loss: 5.0893
INFO:root:Round 18000's server train  acc:   1.02%, train loss: 4.9004
INFO:root:Round 18000's server test   acc:   0.99%, test  loss: 4.9043
INFO:root:Round 18100's server train  acc:   1.05%, train loss: 5.1368
INFO:root:Round 18100's server test   acc:   1.10%, test  loss: 5.1464
INFO:root:Round 18200's server train  acc:   1.01%, train loss: 4.9489
INFO:root:Round 18200's server test   acc:   0.89%, test  loss: 4.9529
INFO:root:Round 18300's server train  acc:   1.00%, train loss: 5.2061
INFO:root:Round 18300's server test   acc:   1.00%, test  loss: 5.2119
INFO:root:Round 18400's server train  acc:   1.00%, train loss: 5.1589
INFO:root:Round 18400's server test   acc:   1.00%, test  loss: 5.1650
INFO:root:Round 18500's server train  acc:   1.69%, train loss: 5.0519
INFO:root:Round 18500's server test   acc:   1.62%, test  loss: 5.0602
INFO:root:Round 18600's server train  acc:   1.10%, train loss: 5.0843
INFO:root:Round 18600's server test   acc:   1.11%, test  loss: 5.0878
INFO:root:Round 18700's server train  acc:   1.04%, train loss: 5.0447
INFO:root:Round 18700's server test   acc:   1.07%, test  loss: 5.0540
INFO:root:Round 18800's server train  acc:   1.00%, train loss: 5.1320
INFO:root:Round 18800's server test   acc:   1.00%, test  loss: 5.1409
INFO:root:Round 18900's server train  acc:   1.28%, train loss: 4.9502
INFO:root:Round 18900's server test   acc:   1.22%, test  loss: 4.9550
INFO:root:Round 19000's server train  acc:   1.00%, train loss: 5.3627
INFO:root:Round 19000's server test   acc:   1.00%, test  loss: 5.3707
INFO:root:Round 19100's server train  acc:   1.00%, train loss: 5.1739
INFO:root:Round 19100's server test   acc:   1.00%, test  loss: 5.1803
INFO:root:Round 19200's server train  acc:   1.00%, train loss: 5.2078
INFO:root:Round 19200's server test   acc:   1.00%, test  loss: 5.2136
INFO:root:Round 19300's server train  acc:   1.00%, train loss: 5.3994
INFO:root:Round 19300's server test   acc:   1.00%, test  loss: 5.4079
INFO:root:Round 19400's server train  acc:   0.93%, train loss: 5.0416
INFO:root:Round 19400's server test   acc:   0.97%, test  loss: 5.0484
INFO:root:Round 19500's server train  acc:   1.03%, train loss: 4.9649
INFO:root:Round 19500's server test   acc:   0.99%, test  loss: 4.9701
INFO:root:Round 19600's server train  acc:   1.01%, train loss: 5.0383
INFO:root:Round 19600's server test   acc:   1.01%, test  loss: 5.0446
INFO:root:Round 19700's server train  acc:   1.00%, train loss: 5.2081
INFO:root:Round 19700's server test   acc:   1.00%, test  loss: 5.2165
INFO:root:Round 19800's server train  acc:   0.98%, train loss: 5.0437
INFO:root:Round 19800's server test   acc:   0.99%, test  loss: 5.0503
INFO:root:Round 19900's server train  acc:   1.28%, train loss: 5.1393
INFO:root:Round 19900's server test   acc:   1.16%, test  loss: 5.1460
INFO:root:Round 20000's server train  acc:   1.02%, train loss: 5.4866
INFO:root:Round 20000's server test   acc:   1.03%, test  loss: 5.4937
INFO:root:TrainingTime: 11876.546763658524 sec
