INFO:root:Namespace(m='resnetii10', d='cinic10', s=2, R=20000, K=5, M=1000, P=10, partition='shard', alpha=[1], optim='sgd', lr=0.001, lr_scheduler='exp', lr_decay=1.0, momentum=0.0, weight_decay=0.0, global_lr=1.0, batch_size=16, seed=0, clip=10, log='info+log', eval_every=100, device=1, start_round=0, save_model=0)
INFO:root:record_name: ShufflingFedAvg1.0_M1000,10_K5_R20000,100_resnetii10_cinic10_shard1_sgd0.001,0.0,0.0_exp1.0_b16_seed0_clip10
INFO:root:ResNet(
  (conv1): Conv2d(3, 64, kernel_size=(3, 3), stride=(1, 1), padding=(1, 1), bias=False)
  (relu): ReLU()
  (layer1): Sequential(
    (0): BasicBlock(
      (conv1): Conv2d(64, 64, kernel_size=(3, 3), stride=(1, 1), padding=(1, 1), bias=False)
      (conv2): Conv2d(64, 64, kernel_size=(3, 3), stride=(1, 1), padding=(1, 1), bias=False)
      (shortcut): Sequential()
    )
  )
  (layer2): Sequential(
    (0): BasicBlock(
      (conv1): Conv2d(64, 128, kernel_size=(3, 3), stride=(2, 2), padding=(1, 1), bias=False)
      (conv2): Conv2d(128, 128, kernel_size=(3, 3), stride=(1, 1), padding=(1, 1), bias=False)
      (shortcut): Sequential(
        (0): Conv2d(64, 128, kernel_size=(1, 1), stride=(2, 2), bias=False)
      )
    )
  )
  (layer3): Sequential(
    (0): BasicBlock(
      (conv1): Conv2d(128, 256, kernel_size=(3, 3), stride=(2, 2), padding=(1, 1), bias=False)
      (conv2): Conv2d(256, 256, kernel_size=(3, 3), stride=(1, 1), padding=(1, 1), bias=False)
      (shortcut): Sequential(
        (0): Conv2d(128, 256, kernel_size=(1, 1), stride=(2, 2), bias=False)
      )
    )
  )
  (layer4): Sequential(
    (0): BasicBlock(
      (conv1): Conv2d(256, 512, kernel_size=(3, 3), stride=(2, 2), padding=(1, 1), bias=False)
      (conv2): Conv2d(512, 512, kernel_size=(3, 3), stride=(1, 1), padding=(1, 1), bias=False)
      (shortcut): Sequential(
        (0): Conv2d(256, 512, kernel_size=(1, 1), stride=(2, 2), bias=False)
      )
    )
  )
  (avgpool): AdaptiveAvgPool2d(output_size=(1, 1))
  (flatten): Flatten(start_dim=1, end_dim=-1)
  (fc): Linear(in_features=512, out_features=10, bias=True)
)
INFO:root:Round 100's server train  acc:  10.40%, train loss: 2.3021
INFO:root:Round 100's server test   acc:  10.42%, test  loss: 2.3021
INFO:root:Round 200's server train  acc:  12.31%, train loss: 2.3014
INFO:root:Round 200's server test   acc:  12.17%, test  loss: 2.3014
INFO:root:Round 300's server train  acc:  13.09%, train loss: 2.3006
INFO:root:Round 300's server test   acc:  13.00%, test  loss: 2.3007
INFO:root:Round 400's server train  acc:  12.30%, train loss: 2.2998
INFO:root:Round 400's server test   acc:  12.28%, test  loss: 2.2999
INFO:root:Round 500's server train  acc:  12.04%, train loss: 2.2988
INFO:root:Round 500's server test   acc:  11.97%, test  loss: 2.2989
INFO:root:Round 600's server train  acc:  11.62%, train loss: 2.2977
INFO:root:Round 600's server test   acc:  11.65%, test  loss: 2.2979
INFO:root:Round 700's server train  acc:  11.61%, train loss: 2.2964
INFO:root:Round 700's server test   acc:  11.66%, test  loss: 2.2966
INFO:root:Round 800's server train  acc:  12.12%, train loss: 2.2947
INFO:root:Round 800's server test   acc:  12.17%, test  loss: 2.2949
INFO:root:Round 900's server train  acc:  11.71%, train loss: 2.2925
INFO:root:Round 900's server test   acc:  11.72%, test  loss: 2.2928
INFO:root:Round 1000's server train  acc:  11.91%, train loss: 2.2897
INFO:root:Round 1000's server test   acc:  11.92%, test  loss: 2.2900
INFO:root:Round 1100's server train  acc:  11.68%, train loss: 2.2856
INFO:root:Round 1100's server test   acc:  11.73%, test  loss: 2.2861
INFO:root:Round 1200's server train  acc:  11.29%, train loss: 2.2797
INFO:root:Round 1200's server test   acc:  11.30%, test  loss: 2.2804
INFO:root:Round 1300's server train  acc:  11.18%, train loss: 2.2711
INFO:root:Round 1300's server test   acc:  11.30%, test  loss: 2.2722
INFO:root:Round 1400's server train  acc:  11.85%, train loss: 2.2588
INFO:root:Round 1400's server test   acc:  11.80%, test  loss: 2.2603
INFO:root:Round 1500's server train  acc:  13.09%, train loss: 2.2427
INFO:root:Round 1500's server test   acc:  13.09%, test  loss: 2.2450
INFO:root:Round 1600's server train  acc:  17.95%, train loss: 2.2088
INFO:root:Round 1600's server test   acc:  17.74%, test  loss: 2.2115
INFO:root:Round 1700's server train  acc:  15.91%, train loss: 2.3096
INFO:root:Round 1700's server test   acc:  15.84%, test  loss: 2.3121
INFO:root:Round 1800's server train  acc:  10.03%, train loss: 2.5085
INFO:root:Round 1800's server test   acc:  10.03%, test  loss: 2.5132
INFO:root:Round 1900's server train  acc:  11.21%, train loss: 2.4601
INFO:root:Round 1900's server test   acc:  11.16%, test  loss: 2.4630
INFO:root:Round 2000's server train  acc:  16.19%, train loss: 2.2659
INFO:root:Round 2000's server test   acc:  16.10%, test  loss: 2.2705
INFO:root:Round 2100's server train  acc:  13.01%, train loss: 2.5872
INFO:root:Round 2100's server test   acc:  12.94%, test  loss: 2.5872
INFO:root:Round 2200's server train  acc:  10.00%, train loss: 2.9872
INFO:root:Round 2200's server test   acc:  10.00%, test  loss: 2.9857
INFO:root:Round 2300's server train  acc:  11.47%, train loss: 2.7200
INFO:root:Round 2300's server test   acc:  11.44%, test  loss: 2.7237
INFO:root:Round 2400's server train  acc:  11.00%, train loss: 3.3235
INFO:root:Round 2400's server test   acc:  10.98%, test  loss: 3.3247
INFO:root:Round 2500's server train  acc:  16.17%, train loss: 2.7479
INFO:root:Round 2500's server test   acc:  16.05%, test  loss: 2.7486
INFO:root:Round 2600's server train  acc:  13.52%, train loss: 2.5854
INFO:root:Round 2600's server test   acc:  13.42%, test  loss: 2.5920
INFO:root:Round 2700's server train  acc:  11.56%, train loss: 3.3566
INFO:root:Round 2700's server test   acc:  11.39%, test  loss: 3.3569
INFO:root:Round 2800's server train  acc:  10.00%, train loss: 4.3930
INFO:root:Round 2800's server test   acc:  10.00%, test  loss: 4.3967
INFO:root:Round 2900's server train  acc:  10.00%, train loss: 3.9244
INFO:root:Round 2900's server test   acc:  10.00%, test  loss: 3.9300
INFO:root:Round 3000's server train  acc:  12.45%, train loss: 2.6522
INFO:root:Round 3000's server test   acc:  12.41%, test  loss: 2.6509
INFO:root:Round 3100's server train  acc:  15.15%, train loss: 2.6829
INFO:root:Round 3100's server test   acc:  15.19%, test  loss: 2.6874
INFO:root:Round 3200's server train  acc:  15.78%, train loss: 2.8170
INFO:root:Round 3200's server test   acc:  15.66%, test  loss: 2.8207
INFO:root:Round 3300's server train  acc:  12.56%, train loss: 3.0111
INFO:root:Round 3300's server test   acc:  12.57%, test  loss: 3.0093
INFO:root:Round 3400's server train  acc:  10.00%, train loss: 3.8353
INFO:root:Round 3400's server test   acc:  10.00%, test  loss: 3.8374
INFO:root:Round 3500's server train  acc:  10.00%, train loss: 4.6016
INFO:root:Round 3500's server test   acc:  10.00%, test  loss: 4.6077
INFO:root:Round 3600's server train  acc:  10.00%, train loss: 4.2978
INFO:root:Round 3600's server test   acc:  10.00%, test  loss: 4.3013
INFO:root:Round 3700's server train  acc:  10.00%, train loss: 3.2487
INFO:root:Round 3700's server test   acc:  10.00%, test  loss: 3.2512
INFO:root:Round 3800's server train  acc:  10.22%, train loss: 2.7924
INFO:root:Round 3800's server test   acc:  10.21%, test  loss: 2.7978
INFO:root:Round 3900's server train  acc:  10.00%, train loss: 3.4453
INFO:root:Round 3900's server test   acc:  10.00%, test  loss: 3.4499
INFO:root:Round 4000's server train  acc:  10.00%, train loss: 4.3317
INFO:root:Round 4000's server test   acc:  10.00%, test  loss: 4.3319
INFO:root:Round 4100's server train  acc:  15.66%, train loss: 2.8837
INFO:root:Round 4100's server test   acc:  15.60%, test  loss: 2.8864
INFO:root:Round 4200's server train  acc:  10.22%, train loss: 2.9324
INFO:root:Round 4200's server test   acc:  10.22%, test  loss: 2.9403
INFO:root:Round 4300's server train  acc:  12.25%, train loss: 3.0645
INFO:root:Round 4300's server test   acc:  12.13%, test  loss: 3.0696
INFO:root:Round 4400's server train  acc:  12.27%, train loss: 2.8851
INFO:root:Round 4400's server test   acc:  12.11%, test  loss: 2.8870
INFO:root:Round 4500's server train  acc:  11.40%, train loss: 3.3914
INFO:root:Round 4500's server test   acc:  11.35%, test  loss: 3.3905
INFO:root:Round 4600's server train  acc:  15.34%, train loss: 3.2573
INFO:root:Round 4600's server test   acc:  15.20%, test  loss: 3.2636
INFO:root:Round 4700's server train  acc:  14.63%, train loss: 3.4243
INFO:root:Round 4700's server test   acc:  14.54%, test  loss: 3.4291
INFO:root:Round 4800's server train  acc:  10.01%, train loss: 3.9913
INFO:root:Round 4800's server test   acc:  10.01%, test  loss: 3.9967
INFO:root:Round 4900's server train  acc:  10.42%, train loss: 3.9808
INFO:root:Round 4900's server test   acc:  10.38%, test  loss: 3.9873
INFO:root:Round 5000's server train  acc:  12.68%, train loss: 3.3100
INFO:root:Round 5000's server test   acc:  12.73%, test  loss: 3.3164
INFO:root:Round 5100's server train  acc:  14.83%, train loss: 3.0920
INFO:root:Round 5100's server test   acc:  14.81%, test  loss: 3.0993
INFO:root:Round 5200's server train  acc:  10.04%, train loss: 3.8468
INFO:root:Round 5200's server test   acc:  10.04%, test  loss: 3.8603
INFO:root:Round 5300's server train  acc:  10.49%, train loss: 4.0072
INFO:root:Round 5300's server test   acc:  10.45%, test  loss: 4.0013
INFO:root:Round 5400's server train  acc:  10.02%, train loss: 3.6536
INFO:root:Round 5400's server test   acc:  10.01%, test  loss: 3.6496
INFO:root:Round 5500's server train  acc:  14.37%, train loss: 3.2448
INFO:root:Round 5500's server test   acc:  14.24%, test  loss: 3.2473
INFO:root:Round 5600's server train  acc:  15.85%, train loss: 2.9123
INFO:root:Round 5600's server test   acc:  15.75%, test  loss: 2.9127
INFO:root:Round 5700's server train  acc:  10.00%, train loss: 5.7454
INFO:root:Round 5700's server test   acc:  10.00%, test  loss: 5.7552
INFO:root:Round 5800's server train  acc:  15.68%, train loss: 2.9486
INFO:root:Round 5800's server test   acc:  15.61%, test  loss: 2.9531
INFO:root:Round 5900's server train  acc:  10.99%, train loss: 3.1173
INFO:root:Round 5900's server test   acc:  10.98%, test  loss: 3.1211
INFO:root:Round 6000's server train  acc:  14.62%, train loss: 2.7695
INFO:root:Round 6000's server test   acc:  14.66%, test  loss: 2.7731
INFO:root:Round 6100's server train  acc:  10.00%, train loss: 3.8041
INFO:root:Round 6100's server test   acc:  10.01%, test  loss: 3.7989
INFO:root:Round 6200's server train  acc:  11.39%, train loss: 2.8911
INFO:root:Round 6200's server test   acc:  11.47%, test  loss: 2.8927
INFO:root:Round 6300's server train  acc:  15.08%, train loss: 3.1420
INFO:root:Round 6300's server test   acc:  15.11%, test  loss: 3.1492
INFO:root:Round 6400's server train  acc:  15.58%, train loss: 2.5973
INFO:root:Round 6400's server test   acc:  15.38%, test  loss: 2.6027
INFO:root:Round 6500's server train  acc:  10.00%, train loss: 5.2608
INFO:root:Round 6500's server test   acc:  10.00%, test  loss: 5.2766
INFO:root:Round 6600's server train  acc:  12.47%, train loss: 3.2394
INFO:root:Round 6600's server test   acc:  12.49%, test  loss: 3.2404
INFO:root:Round 6700's server train  acc:  12.13%, train loss: 3.0804
INFO:root:Round 6700's server test   acc:  12.13%, test  loss: 3.0888
INFO:root:Round 6800's server train  acc:  10.00%, train loss: 3.2791
INFO:root:Round 6800's server test   acc:  10.00%, test  loss: 3.2861
INFO:root:Round 6900's server train  acc:  15.17%, train loss: 4.0677
INFO:root:Round 6900's server test   acc:  15.07%, test  loss: 4.0702
INFO:root:Round 7000's server train  acc:  10.73%, train loss: 2.8859
INFO:root:Round 7000's server test   acc:  10.65%, test  loss: 2.8915
INFO:root:Round 7100's server train  acc:  13.93%, train loss: 4.3730
INFO:root:Round 7100's server test   acc:  13.94%, test  loss: 4.3705
INFO:root:Round 7200's server train  acc:  10.22%, train loss: 3.7576
INFO:root:Round 7200's server test   acc:  10.24%, test  loss: 3.7685
INFO:root:Round 7300's server train  acc:  13.77%, train loss: 2.9366
INFO:root:Round 7300's server test   acc:  13.58%, test  loss: 2.9421
INFO:root:Round 7400's server train  acc:  11.13%, train loss: 3.3393
INFO:root:Round 7400's server test   acc:  11.07%, test  loss: 3.3446
INFO:root:Round 7500's server train  acc:  10.14%, train loss: 4.9919
INFO:root:Round 7500's server test   acc:  10.09%, test  loss: 4.9878
INFO:root:Round 7600's server train  acc:  10.00%, train loss: 3.4857
INFO:root:Round 7600's server test   acc:  10.00%, test  loss: 3.4835
INFO:root:Round 7700's server train  acc:  12.05%, train loss: 3.5433
INFO:root:Round 7700's server test   acc:  12.06%, test  loss: 3.5378
INFO:root:Round 7800's server train  acc:  18.43%, train loss: 3.0323
INFO:root:Round 7800's server test   acc:  18.46%, test  loss: 3.0339
INFO:root:Round 7900's server train  acc:  10.80%, train loss: 3.6432
INFO:root:Round 7900's server test   acc:  10.83%, test  loss: 3.6490
INFO:root:Round 8000's server train  acc:  10.66%, train loss: 3.9958
INFO:root:Round 8000's server test   acc:  10.67%, test  loss: 3.9965
INFO:root:Round 8100's server train  acc:  13.72%, train loss: 3.0665
INFO:root:Round 8100's server test   acc:  13.62%, test  loss: 3.0684
INFO:root:Round 8200's server train  acc:  10.24%, train loss: 4.5409
INFO:root:Round 8200's server test   acc:  10.22%, test  loss: 4.5369
INFO:root:Round 8300's server train  acc:  15.34%, train loss: 2.8197
INFO:root:Round 8300's server test   acc:  15.34%, test  loss: 2.8212
INFO:root:Round 8400's server train  acc:  16.65%, train loss: 2.9022
INFO:root:Round 8400's server test   acc:  16.55%, test  loss: 2.9040
INFO:root:Round 8500's server train  acc:  11.55%, train loss: 3.2559
INFO:root:Round 8500's server test   acc:  11.53%, test  loss: 3.2589
INFO:root:Round 8600's server train  acc:  13.86%, train loss: 2.9242
INFO:root:Round 8600's server test   acc:  13.78%, test  loss: 2.9268
INFO:root:Round 8700's server train  acc:  12.44%, train loss: 3.4155
INFO:root:Round 8700's server test   acc:  12.40%, test  loss: 3.4189
INFO:root:Round 8800's server train  acc:  10.00%, train loss: 3.7959
INFO:root:Round 8800's server test   acc:  10.00%, test  loss: 3.7968
INFO:root:Round 8900's server train  acc:  11.06%, train loss: 3.4922
INFO:root:Round 8900's server test   acc:  10.99%, test  loss: 3.5029
INFO:root:Round 9000's server train  acc:  15.62%, train loss: 3.3571
INFO:root:Round 9000's server test   acc:  15.51%, test  loss: 3.3585
INFO:root:Round 9100's server train  acc:  10.01%, train loss: 2.8437
INFO:root:Round 9100's server test   acc:  10.02%, test  loss: 2.8462
INFO:root:Round 9200's server train  acc:  13.78%, train loss: 3.0138
INFO:root:Round 9200's server test   acc:  13.60%, test  loss: 3.0206
INFO:root:Round 9300's server train  acc:  10.00%, train loss: 4.7373
INFO:root:Round 9300's server test   acc:  10.00%, test  loss: 4.7407
INFO:root:Round 9400's server train  acc:  10.00%, train loss: 5.2056
INFO:root:Round 9400's server test   acc:  10.00%, test  loss: 5.2189
INFO:root:Round 9500's server train  acc:  17.26%, train loss: 2.9815
INFO:root:Round 9500's server test   acc:  17.12%, test  loss: 2.9887
INFO:root:Round 9600's server train  acc:  11.67%, train loss: 3.3610
INFO:root:Round 9600's server test   acc:  11.68%, test  loss: 3.3671
INFO:root:Round 9700's server train  acc:  11.51%, train loss: 2.8473
INFO:root:Round 9700's server test   acc:  11.55%, test  loss: 2.8562
INFO:root:Round 9800's server train  acc:  14.47%, train loss: 3.0021
INFO:root:Round 9800's server test   acc:  14.43%, test  loss: 3.0005
INFO:root:Round 9900's server train  acc:  14.15%, train loss: 2.7654
INFO:root:Round 9900's server test   acc:  14.05%, test  loss: 2.7747
INFO:root:Round 10000's server train  acc:  12.70%, train loss: 2.7540
INFO:root:Round 10000's server test   acc:  12.63%, test  loss: 2.7558
INFO:root:Round 10100's server train  acc:  14.82%, train loss: 2.5429
INFO:root:Round 10100's server test   acc:  14.86%, test  loss: 2.5451
INFO:root:Round 10200's server train  acc:  10.00%, train loss: 3.6333
INFO:root:Round 10200's server test   acc:  10.00%, test  loss: 3.6361
INFO:root:Round 10300's server train  acc:  14.34%, train loss: 3.1135
INFO:root:Round 10300's server test   acc:  14.22%, test  loss: 3.1158
INFO:root:Round 10400's server train  acc:  16.01%, train loss: 3.1180
INFO:root:Round 10400's server test   acc:  15.90%, test  loss: 3.1267
INFO:root:Round 10500's server train  acc:  10.01%, train loss: 3.5168
INFO:root:Round 10500's server test   acc:  10.01%, test  loss: 3.5179
INFO:root:Round 10600's server train  acc:  10.15%, train loss: 4.0964
INFO:root:Round 10600's server test   acc:  10.21%, test  loss: 4.0891
INFO:root:Round 10700's server train  acc:  13.61%, train loss: 2.5661
INFO:root:Round 10700's server test   acc:  13.56%, test  loss: 2.5738
INFO:root:Round 10800's server train  acc:  11.51%, train loss: 3.9443
INFO:root:Round 10800's server test   acc:  11.37%, test  loss: 3.9445
INFO:root:Round 10900's server train  acc:  15.57%, train loss: 2.9801
INFO:root:Round 10900's server test   acc:  15.53%, test  loss: 2.9905
INFO:root:Round 11000's server train  acc:  15.04%, train loss: 2.9177
INFO:root:Round 11000's server test   acc:  15.05%, test  loss: 2.9224
INFO:root:Round 11100's server train  acc:  14.41%, train loss: 2.8280
INFO:root:Round 11100's server test   acc:  14.45%, test  loss: 2.8306
INFO:root:Round 11200's server train  acc:  17.28%, train loss: 3.0537
INFO:root:Round 11200's server test   acc:  17.24%, test  loss: 3.0570
INFO:root:Round 11300's server train  acc:  13.98%, train loss: 2.7259
INFO:root:Round 11300's server test   acc:  13.96%, test  loss: 2.7313
INFO:root:Round 11400's server train  acc:  13.86%, train loss: 3.7957
INFO:root:Round 11400's server test   acc:  13.86%, test  loss: 3.8047
INFO:root:Round 11500's server train  acc:  10.00%, train loss: 3.6520
INFO:root:Round 11500's server test   acc:  10.00%, test  loss: 3.6586
INFO:root:Round 11600's server train  acc:  10.04%, train loss: 3.4503
INFO:root:Round 11600's server test   acc:  10.05%, test  loss: 3.4558
INFO:root:Round 11700's server train  acc:  15.15%, train loss: 3.2565
INFO:root:Round 11700's server test   acc:  15.05%, test  loss: 3.2663
INFO:root:Round 11800's server train  acc:  12.23%, train loss: 3.1872
INFO:root:Round 11800's server test   acc:  12.15%, test  loss: 3.1879
INFO:root:Round 11900's server train  acc:  13.27%, train loss: 3.5157
INFO:root:Round 11900's server test   acc:  13.26%, test  loss: 3.5182
INFO:root:Round 12000's server train  acc:  10.00%, train loss: 3.8926
INFO:root:Round 12000's server test   acc:  10.00%, test  loss: 3.8969
INFO:root:Round 12100's server train  acc:  12.66%, train loss: 3.1496
INFO:root:Round 12100's server test   acc:  12.64%, test  loss: 3.1479
INFO:root:Round 12200's server train  acc:  13.85%, train loss: 3.1648
INFO:root:Round 12200's server test   acc:  13.76%, test  loss: 3.1745
INFO:root:Round 12300's server train  acc:  10.02%, train loss: 3.5806
INFO:root:Round 12300's server test   acc:  10.02%, test  loss: 3.5852
INFO:root:Round 12400's server train  acc:  15.53%, train loss: 2.6941
INFO:root:Round 12400's server test   acc:  15.65%, test  loss: 2.7019
INFO:root:Round 12500's server train  acc:  10.03%, train loss: 3.7065
INFO:root:Round 12500's server test   acc:  10.03%, test  loss: 3.7110
INFO:root:Round 12600's server train  acc:  16.21%, train loss: 2.9870
INFO:root:Round 12600's server test   acc:  16.03%, test  loss: 2.9904
INFO:root:Round 12700's server train  acc:  14.27%, train loss: 2.9163
INFO:root:Round 12700's server test   acc:  14.25%, test  loss: 2.9219
INFO:root:Round 12800's server train  acc:  11.44%, train loss: 5.0362
INFO:root:Round 12800's server test   acc:  11.37%, test  loss: 5.0538
INFO:root:Round 12900's server train  acc:  12.28%, train loss: 3.1468
INFO:root:Round 12900's server test   acc:  12.27%, test  loss: 3.1570
INFO:root:Round 13000's server train  acc:  12.53%, train loss: 3.2224
INFO:root:Round 13000's server test   acc:  12.54%, test  loss: 3.2248
INFO:root:Round 13100's server train  acc:  10.39%, train loss: 2.7223
INFO:root:Round 13100's server test   acc:  10.38%, test  loss: 2.7290
INFO:root:Round 13200's server train  acc:  10.33%, train loss: 3.3425
INFO:root:Round 13200's server test   acc:  10.38%, test  loss: 3.3428
INFO:root:Round 13300's server train  acc:  11.29%, train loss: 3.0686
INFO:root:Round 13300's server test   acc:  11.34%, test  loss: 3.0669
INFO:root:Round 13400's server train  acc:  10.00%, train loss: 4.1163
INFO:root:Round 13400's server test   acc:  10.01%, test  loss: 4.1249
INFO:root:Round 13500's server train  acc:  11.14%, train loss: 3.7100
INFO:root:Round 13500's server test   acc:  11.12%, test  loss: 3.7108
INFO:root:Round 13600's server train  acc:  10.00%, train loss: 6.7845
INFO:root:Round 13600's server test   acc:  10.00%, test  loss: 6.7833
INFO:root:Round 13700's server train  acc:  10.00%, train loss: 5.7106
INFO:root:Round 13700's server test   acc:  10.00%, test  loss: 5.7115
INFO:root:Round 13800's server train  acc:  10.00%, train loss: 3.5510
INFO:root:Round 13800's server test   acc:  10.00%, test  loss: 3.5556
INFO:root:Round 13900's server train  acc:  10.00%, train loss: 5.2755
INFO:root:Round 13900's server test   acc:  10.00%, test  loss: 5.2803
INFO:root:Round 14000's server train  acc:  10.03%, train loss: 5.1386
INFO:root:Round 14000's server test   acc:  10.02%, test  loss: 5.1315
INFO:root:Round 14100's server train  acc:  10.08%, train loss: 4.4503
INFO:root:Round 14100's server test   acc:  10.09%, test  loss: 4.4587
INFO:root:Round 14200's server train  acc:  10.00%, train loss: 3.7661
INFO:root:Round 14200's server test   acc:  10.00%, test  loss: 3.7705
INFO:root:Round 14300's server train  acc:  10.41%, train loss: 3.7267
INFO:root:Round 14300's server test   acc:  10.41%, test  loss: 3.7291
INFO:root:Round 14400's server train  acc:  14.09%, train loss: 2.9560
INFO:root:Round 14400's server test   acc:  13.92%, test  loss: 2.9690
INFO:root:Round 14500's server train  acc:  13.63%, train loss: 3.3150
INFO:root:Round 14500's server test   acc:  13.61%, test  loss: 3.3214
INFO:root:Round 14600's server train  acc:  16.49%, train loss: 3.1519
INFO:root:Round 14600's server test   acc:  16.45%, test  loss: 3.1484
INFO:root:Round 14700's server train  acc:  11.75%, train loss: 3.4982
INFO:root:Round 14700's server test   acc:  11.74%, test  loss: 3.5013
INFO:root:Round 14800's server train  acc:  14.19%, train loss: 3.3441
INFO:root:Round 14800's server test   acc:  14.18%, test  loss: 3.3482
INFO:root:Round 14900's server train  acc:  10.05%, train loss: 3.3352
INFO:root:Round 14900's server test   acc:  10.05%, test  loss: 3.3397
INFO:root:Round 15000's server train  acc:  11.91%, train loss: 3.0691
INFO:root:Round 15000's server test   acc:  11.90%, test  loss: 3.0746
INFO:root:Round 15100's server train  acc:  10.00%, train loss: 4.2621
INFO:root:Round 15100's server test   acc:  10.00%, test  loss: 4.2694
INFO:root:Round 15200's server train  acc:  15.70%, train loss: 3.2809
INFO:root:Round 15200's server test   acc:  15.65%, test  loss: 3.2851
INFO:root:Round 15300's server train  acc:  12.50%, train loss: 2.8546
INFO:root:Round 15300's server test   acc:  12.48%, test  loss: 2.8620
INFO:root:Round 15400's server train  acc:  18.30%, train loss: 2.9782
INFO:root:Round 15400's server test   acc:  18.16%, test  loss: 2.9848
INFO:root:Round 15500's server train  acc:  13.94%, train loss: 3.2398
INFO:root:Round 15500's server test   acc:  13.70%, test  loss: 3.2388
INFO:root:Round 15600's server train  acc:  13.27%, train loss: 4.0532
INFO:root:Round 15600's server test   acc:  13.22%, test  loss: 4.0555
INFO:root:Round 15700's server train  acc:  14.13%, train loss: 3.5727
INFO:root:Round 15700's server test   acc:  14.01%, test  loss: 3.5771
INFO:root:Round 15800's server train  acc:  12.89%, train loss: 3.3785
INFO:root:Round 15800's server test   acc:  12.83%, test  loss: 3.3746
INFO:root:Round 15900's server train  acc:  15.34%, train loss: 2.7224
INFO:root:Round 15900's server test   acc:  15.41%, test  loss: 2.7267
INFO:root:Round 16000's server train  acc:  14.43%, train loss: 2.8744
INFO:root:Round 16000's server test   acc:  14.31%, test  loss: 2.8793
INFO:root:Round 16100's server train  acc:  10.60%, train loss: 2.8016
INFO:root:Round 16100's server test   acc:  10.60%, test  loss: 2.8069
INFO:root:Round 16200's server train  acc:  10.37%, train loss: 3.6464
INFO:root:Round 16200's server test   acc:  10.42%, test  loss: 3.6492
INFO:root:Round 16300's server train  acc:  13.68%, train loss: 3.4697
INFO:root:Round 16300's server test   acc:  13.61%, test  loss: 3.4782
INFO:root:Round 16400's server train  acc:  19.30%, train loss: 3.0016
INFO:root:Round 16400's server test   acc:  19.15%, test  loss: 3.0042
INFO:root:Round 16500's server train  acc:  16.89%, train loss: 2.5164
INFO:root:Round 16500's server test   acc:  16.80%, test  loss: 2.5195
INFO:root:Round 16600's server train  acc:  16.53%, train loss: 2.7910
INFO:root:Round 16600's server test   acc:  16.47%, test  loss: 2.7943
INFO:root:Round 16700's server train  acc:  15.36%, train loss: 3.3759
INFO:root:Round 16700's server test   acc:  15.31%, test  loss: 3.3787
INFO:root:Round 16800's server train  acc:  10.00%, train loss: 3.5783
INFO:root:Round 16800's server test   acc:  10.00%, test  loss: 3.5795
INFO:root:Round 16900's server train  acc:  14.34%, train loss: 3.0187
INFO:root:Round 16900's server test   acc:  14.33%, test  loss: 3.0274
INFO:root:Round 17000's server train  acc:  17.93%, train loss: 2.4895
INFO:root:Round 17000's server test   acc:  17.77%, test  loss: 2.4925
INFO:root:Round 17100's server train  acc:  10.00%, train loss: 3.5004
INFO:root:Round 17100's server test   acc:  10.00%, test  loss: 3.5061
INFO:root:Round 17200's server train  acc:  13.82%, train loss: 2.8550
INFO:root:Round 17200's server test   acc:  13.75%, test  loss: 2.8609
INFO:root:Round 17300's server train  acc:  10.34%, train loss: 3.2694
INFO:root:Round 17300's server test   acc:  10.35%, test  loss: 3.2723
INFO:root:Round 17400's server train  acc:  15.10%, train loss: 2.5934
INFO:root:Round 17400's server test   acc:  14.96%, test  loss: 2.5992
INFO:root:Round 17500's server train  acc:  13.97%, train loss: 3.5831
INFO:root:Round 17500's server test   acc:  13.85%, test  loss: 3.5863
INFO:root:Round 17600's server train  acc:  10.01%, train loss: 4.5211
INFO:root:Round 17600's server test   acc:  10.01%, test  loss: 4.5348
INFO:root:Round 17700's server train  acc:  11.93%, train loss: 4.1416
INFO:root:Round 17700's server test   acc:  11.91%, test  loss: 4.1460
INFO:root:Round 17800's server train  acc:  14.46%, train loss: 2.8631
INFO:root:Round 17800's server test   acc:  14.40%, test  loss: 2.8646
INFO:root:Round 17900's server train  acc:  14.95%, train loss: 2.6827
INFO:root:Round 17900's server test   acc:  14.98%, test  loss: 2.6921
INFO:root:Round 18000's server train  acc:  10.00%, train loss: 3.8748
INFO:root:Round 18000's server test   acc:  10.00%, test  loss: 3.8785
INFO:root:Round 18100's server train  acc:  15.20%, train loss: 2.8479
INFO:root:Round 18100's server test   acc:  15.18%, test  loss: 2.8556
INFO:root:Round 18200's server train  acc:  17.28%, train loss: 3.3552
INFO:root:Round 18200's server test   acc:  17.23%, test  loss: 3.3649
INFO:root:Round 18300's server train  acc:  10.00%, train loss: 4.2375
INFO:root:Round 18300's server test   acc:  10.00%, test  loss: 4.2488
INFO:root:Round 18400's server train  acc:  10.01%, train loss: 3.7871
INFO:root:Round 18400's server test   acc:  10.00%, test  loss: 3.7935
INFO:root:Round 18500's server train  acc:  10.22%, train loss: 3.0263
INFO:root:Round 18500's server test   acc:  10.20%, test  loss: 3.0345
INFO:root:Round 18600's server train  acc:  13.22%, train loss: 2.9625
INFO:root:Round 18600's server test   acc:  13.25%, test  loss: 2.9661
INFO:root:Round 18700's server train  acc:  11.52%, train loss: 2.8116
INFO:root:Round 18700's server test   acc:  11.50%, test  loss: 2.8223
INFO:root:Round 18800's server train  acc:  15.86%, train loss: 3.3887
INFO:root:Round 18800's server test   acc:  15.77%, test  loss: 3.3968
INFO:root:Round 18900's server train  acc:  14.11%, train loss: 3.7705
INFO:root:Round 18900's server test   acc:  14.05%, test  loss: 3.7801
INFO:root:Round 19000's server train  acc:  11.84%, train loss: 3.0129
INFO:root:Round 19000's server test   acc:  11.72%, test  loss: 3.0189
INFO:root:Round 19100's server train  acc:  15.75%, train loss: 3.5918
INFO:root:Round 19100's server test   acc:  15.67%, test  loss: 3.5973
INFO:root:Round 19200's server train  acc:  10.14%, train loss: 3.9503
INFO:root:Round 19200's server test   acc:  10.13%, test  loss: 3.9535
INFO:root:Round 19300's server train  acc:  14.59%, train loss: 4.3050
INFO:root:Round 19300's server test   acc:  14.55%, test  loss: 4.3181
INFO:root:Round 19400's server train  acc:  10.07%, train loss: 3.5175
INFO:root:Round 19400's server test   acc:  10.08%, test  loss: 3.5157
INFO:root:Round 19500's server train  acc:  18.00%, train loss: 2.8054
INFO:root:Round 19500's server test   acc:  17.98%, test  loss: 2.8145
INFO:root:Round 19600's server train  acc:  10.08%, train loss: 3.9173
INFO:root:Round 19600's server test   acc:  10.08%, test  loss: 3.9189
INFO:root:Round 19700's server train  acc:  10.36%, train loss: 3.0683
INFO:root:Round 19700's server test   acc:  10.35%, test  loss: 3.0685
INFO:root:Round 19800's server train  acc:  12.47%, train loss: 3.0090
INFO:root:Round 19800's server test   acc:  12.57%, test  loss: 3.0182
INFO:root:Round 19900's server train  acc:  10.39%, train loss: 3.8773
INFO:root:Round 19900's server test   acc:  10.37%, test  loss: 3.8867
INFO:root:Round 20000's server train  acc:  10.00%, train loss: 3.6364
INFO:root:Round 20000's server test   acc:  10.00%, test  loss: 3.6401
INFO:root:TrainingTime: 16306.231902837753 sec
