INFO:root:Namespace(m='wvgg9k4', d='cifar10', s=2, R=20000, K=5, M=1000, P=10, partition='exdirb', alpha=[1, 100.0], optim='sgd', lr=0.001, lr_decay=1.0, momentum=0.0, weight_decay=0.0, global_lr=1.0, batch_size=16, seed=0, clip=10, log='info+log', eval_every=100, device=0, start_round=0, save_model=0)
INFO:root:record_name: ShufflingFedAvg1.0_M1000_P10_K5_R20000,100_wvgg9k4_cifar10_exdirb1,100.0_sgd0.001,1.0,0.0,0.0_b16_seed0_clip10
INFO:root:VGG(
  (features): Sequential(
    (0): Conv2d(3, 32, kernel_size=(3, 3), stride=(1, 1), padding=(1, 1))
    (1): ReLU(inplace=True)
    (2): MaxPool2d(kernel_size=2, stride=2, padding=0, dilation=1, ceil_mode=False)
    (3): Conv2d(32, 64, kernel_size=(3, 3), stride=(1, 1), padding=(1, 1))
    (4): ReLU(inplace=True)
    (5): MaxPool2d(kernel_size=2, stride=2, padding=0, dilation=1, ceil_mode=False)
    (6): Conv2d(64, 128, kernel_size=(3, 3), stride=(1, 1), padding=(1, 1))
    (7): ReLU(inplace=True)
    (8): Conv2d(128, 128, kernel_size=(3, 3), stride=(1, 1), padding=(1, 1))
    (9): ReLU(inplace=True)
    (10): MaxPool2d(kernel_size=2, stride=2, padding=0, dilation=1, ceil_mode=False)
    (11): Conv2d(128, 256, kernel_size=(3, 3), stride=(1, 1), padding=(1, 1))
    (12): ReLU(inplace=True)
    (13): Conv2d(256, 256, kernel_size=(3, 3), stride=(1, 1), padding=(1, 1))
    (14): ReLU(inplace=True)
    (15): MaxPool2d(kernel_size=2, stride=2, padding=0, dilation=1, ceil_mode=False)
    (16): Conv2d(256, 256, kernel_size=(3, 3), stride=(1, 1), padding=(1, 1))
    (17): ReLU(inplace=True)
    (18): Conv2d(256, 256, kernel_size=(3, 3), stride=(1, 1), padding=(1, 1))
    (19): ReLU(inplace=True)
    (20): MaxPool2d(kernel_size=2, stride=2, padding=0, dilation=1, ceil_mode=False)
  )
  (avgpool): AdaptiveAvgPool2d(output_size=(1, 1))
  (flatten): Flatten(start_dim=1, end_dim=-1)
  (classifier): Linear(in_features=256, out_features=10, bias=True)
)
INFO:root:Round 100's server train  acc:  14.69%, train loss: 2.2992
INFO:root:Round 100's server test   acc:  14.45%, test  loss: 2.2989
INFO:root:Round 200's server train  acc:  10.42%, train loss: 2.2955
INFO:root:Round 200's server test   acc:  10.33%, test  loss: 2.2952
INFO:root:Round 300's server train  acc:  10.00%, train loss: 2.2975
INFO:root:Round 300's server test   acc:  10.00%, test  loss: 2.2975
INFO:root:Round 400's server train  acc:   9.99%, train loss: 2.3700
INFO:root:Round 400's server test   acc:  10.01%, test  loss: 2.3692
INFO:root:Round 500's server train  acc:  11.30%, train loss: 2.3685
INFO:root:Round 500's server test   acc:  11.23%, test  loss: 2.3664
INFO:root:Round 600's server train  acc:  10.00%, train loss: 2.4290
INFO:root:Round 600's server test   acc:  10.00%, test  loss: 2.4278
INFO:root:Round 700's server train  acc:  10.00%, train loss: 2.4946
INFO:root:Round 700's server test   acc:  10.00%, test  loss: 2.4918
INFO:root:Round 800's server train  acc:  10.00%, train loss: 2.4709
INFO:root:Round 800's server test   acc:  10.00%, test  loss: 2.4677
INFO:root:Round 900's server train  acc:  11.78%, train loss: 2.4237
INFO:root:Round 900's server test   acc:  11.65%, test  loss: 2.4195
INFO:root:Round 1000's server train  acc:  10.69%, train loss: 2.3794
INFO:root:Round 1000's server test   acc:  10.67%, test  loss: 2.3759
INFO:root:Round 1100's server train  acc:  13.62%, train loss: 2.5637
INFO:root:Round 1100's server test   acc:  14.06%, test  loss: 2.5594
INFO:root:Round 1200's server train  acc:  10.00%, train loss: 2.7438
INFO:root:Round 1200's server test   acc:  10.00%, test  loss: 2.7390
INFO:root:Round 1300's server train  acc:  14.28%, train loss: 2.3533
INFO:root:Round 1300's server test   acc:  14.34%, test  loss: 2.3505
INFO:root:Round 1400's server train  acc:  15.57%, train loss: 2.4707
INFO:root:Round 1400's server test   acc:  16.24%, test  loss: 2.4686
INFO:root:Round 1500's server train  acc:  10.29%, train loss: 2.6013
INFO:root:Round 1500's server test   acc:  10.27%, test  loss: 2.5995
INFO:root:Round 1600's server train  acc:  10.00%, train loss: 2.5698
INFO:root:Round 1600's server test   acc:  10.00%, test  loss: 2.5697
INFO:root:Round 1700's server train  acc:  10.00%, train loss: 2.5387
INFO:root:Round 1700's server test   acc:  10.00%, test  loss: 2.5361
INFO:root:Round 1800's server train  acc:  11.02%, train loss: 2.4742
INFO:root:Round 1800's server test   acc:  11.01%, test  loss: 2.4726
INFO:root:Round 1900's server train  acc:  10.11%, train loss: 2.2780
INFO:root:Round 1900's server test   acc:  10.10%, test  loss: 2.2743
INFO:root:Round 2000's server train  acc:  18.28%, train loss: 2.3145
INFO:root:Round 2000's server test   acc:  18.75%, test  loss: 2.3127
INFO:root:Round 2100's server train  acc:  10.00%, train loss: 2.4441
INFO:root:Round 2100's server test   acc:  10.00%, test  loss: 2.4377
INFO:root:Round 2200's server train  acc:  10.02%, train loss: 2.3900
INFO:root:Round 2200's server test   acc:  10.03%, test  loss: 2.3845
INFO:root:Round 2300's server train  acc:  13.32%, train loss: 2.3977
INFO:root:Round 2300's server test   acc:  13.30%, test  loss: 2.3935
INFO:root:Round 2400's server train  acc:  11.65%, train loss: 2.6311
INFO:root:Round 2400's server test   acc:  11.74%, test  loss: 2.6293
INFO:root:Round 2500's server train  acc:  10.00%, train loss: 2.7933
INFO:root:Round 2500's server test   acc:  10.00%, test  loss: 2.7865
INFO:root:Round 2600's server train  acc:  12.12%, train loss: 2.5384
INFO:root:Round 2600's server test   acc:  12.45%, test  loss: 2.5316
INFO:root:Round 2700's server train  acc:  10.00%, train loss: 3.1607
INFO:root:Round 2700's server test   acc:  10.00%, test  loss: 3.1567
INFO:root:Round 2800's server train  acc:  10.03%, train loss: 2.5525
INFO:root:Round 2800's server test   acc:  10.02%, test  loss: 2.5479
INFO:root:Round 2900's server train  acc:  14.65%, train loss: 2.3521
INFO:root:Round 2900's server test   acc:  15.03%, test  loss: 2.3455
INFO:root:Round 3000's server train  acc:  10.00%, train loss: 2.5508
INFO:root:Round 3000's server test   acc:  10.00%, test  loss: 2.5444
INFO:root:Round 3100's server train  acc:  14.92%, train loss: 2.2864
INFO:root:Round 3100's server test   acc:  15.02%, test  loss: 2.2802
INFO:root:Round 3200's server train  acc:  15.48%, train loss: 2.3630
INFO:root:Round 3200's server test   acc:  15.84%, test  loss: 2.3573
INFO:root:Round 3300's server train  acc:  15.01%, train loss: 2.3831
INFO:root:Round 3300's server test   acc:  15.06%, test  loss: 2.3785
INFO:root:Round 3400's server train  acc:  15.05%, train loss: 2.3067
INFO:root:Round 3400's server test   acc:  15.40%, test  loss: 2.2966
INFO:root:Round 3500's server train  acc:  17.28%, train loss: 2.3049
INFO:root:Round 3500's server test   acc:  17.51%, test  loss: 2.2978
INFO:root:Round 3600's server train  acc:  18.90%, train loss: 2.2389
INFO:root:Round 3600's server test   acc:  18.98%, test  loss: 2.2346
INFO:root:Round 3700's server train  acc:  16.23%, train loss: 2.2607
INFO:root:Round 3700's server test   acc:  16.41%, test  loss: 2.2558
INFO:root:Round 3800's server train  acc:  11.86%, train loss: 2.5503
INFO:root:Round 3800's server test   acc:  11.88%, test  loss: 2.5384
INFO:root:Round 3900's server train  acc:  14.32%, train loss: 2.2860
INFO:root:Round 3900's server test   acc:  14.28%, test  loss: 2.2790
INFO:root:Round 4000's server train  acc:  17.18%, train loss: 2.2144
INFO:root:Round 4000's server test   acc:  17.75%, test  loss: 2.2036
INFO:root:Round 4100's server train  acc:  15.37%, train loss: 2.2162
INFO:root:Round 4100's server test   acc:  15.43%, test  loss: 2.2070
INFO:root:Round 4200's server train  acc:  15.62%, train loss: 2.3526
INFO:root:Round 4200's server test   acc:  15.45%, test  loss: 2.3471
INFO:root:Round 4300's server train  acc:  12.83%, train loss: 2.8244
INFO:root:Round 4300's server test   acc:  13.19%, test  loss: 2.8097
INFO:root:Round 4400's server train  acc:  19.09%, train loss: 2.2919
INFO:root:Round 4400's server test   acc:  19.62%, test  loss: 2.2844
INFO:root:Round 4500's server train  acc:  15.98%, train loss: 2.4090
INFO:root:Round 4500's server test   acc:  15.96%, test  loss: 2.4030
INFO:root:Round 4600's server train  acc:  15.70%, train loss: 2.3571
INFO:root:Round 4600's server test   acc:  16.00%, test  loss: 2.3557
INFO:root:Round 4700's server train  acc:  14.99%, train loss: 2.4468
INFO:root:Round 4700's server test   acc:  15.23%, test  loss: 2.4359
INFO:root:Round 4800's server train  acc:  14.76%, train loss: 2.5467
INFO:root:Round 4800's server test   acc:  14.96%, test  loss: 2.5351
INFO:root:Round 4900's server train  acc:  15.09%, train loss: 2.4773
INFO:root:Round 4900's server test   acc:  14.98%, test  loss: 2.4722
INFO:root:Round 5000's server train  acc:  15.59%, train loss: 2.2861
INFO:root:Round 5000's server test   acc:  15.87%, test  loss: 2.2818
INFO:root:Round 5100's server train  acc:  17.72%, train loss: 2.2980
INFO:root:Round 5100's server test   acc:  17.91%, test  loss: 2.2814
INFO:root:Round 5200's server train  acc:  18.61%, train loss: 2.2834
INFO:root:Round 5200's server test   acc:  18.63%, test  loss: 2.2743
INFO:root:Round 5300's server train  acc:  17.60%, train loss: 2.2291
INFO:root:Round 5300's server test   acc:  17.64%, test  loss: 2.2234
INFO:root:Round 5400's server train  acc:  15.13%, train loss: 2.4559
INFO:root:Round 5400's server test   acc:  15.49%, test  loss: 2.4500
INFO:root:Round 5500's server train  acc:  13.74%, train loss: 2.4421
INFO:root:Round 5500's server test   acc:  14.01%, test  loss: 2.4367
INFO:root:Round 5600's server train  acc:  17.17%, train loss: 2.3299
INFO:root:Round 5600's server test   acc:  17.63%, test  loss: 2.3224
INFO:root:Round 5700's server train  acc:  19.87%, train loss: 2.2386
INFO:root:Round 5700's server test   acc:  20.03%, test  loss: 2.2348
INFO:root:Round 5800's server train  acc:  21.01%, train loss: 2.2281
INFO:root:Round 5800's server test   acc:  21.24%, test  loss: 2.2190
INFO:root:Round 5900's server train  acc:  15.56%, train loss: 2.4021
INFO:root:Round 5900's server test   acc:  15.87%, test  loss: 2.3842
INFO:root:Round 6000's server train  acc:  11.90%, train loss: 2.7367
INFO:root:Round 6000's server test   acc:  11.67%, test  loss: 2.7338
INFO:root:Round 6100's server train  acc:  15.38%, train loss: 2.3873
INFO:root:Round 6100's server test   acc:  15.71%, test  loss: 2.3886
INFO:root:Round 6200's server train  acc:  14.02%, train loss: 2.3933
INFO:root:Round 6200's server test   acc:  14.11%, test  loss: 2.3803
INFO:root:Round 6300's server train  acc:  10.12%, train loss: 2.8694
INFO:root:Round 6300's server test   acc:  10.15%, test  loss: 2.8600
INFO:root:Round 6400's server train  acc:  14.20%, train loss: 2.4144
INFO:root:Round 6400's server test   acc:  14.46%, test  loss: 2.4061
INFO:root:Round 6500's server train  acc:  15.41%, train loss: 2.2835
INFO:root:Round 6500's server test   acc:  15.39%, test  loss: 2.2740
INFO:root:Round 6600's server train  acc:  12.31%, train loss: 2.6006
INFO:root:Round 6600's server test   acc:  12.32%, test  loss: 2.6064
INFO:root:Round 6700's server train  acc:  19.34%, train loss: 2.2592
INFO:root:Round 6700's server test   acc:  19.63%, test  loss: 2.2505
INFO:root:Round 6800's server train  acc:  19.28%, train loss: 2.2440
INFO:root:Round 6800's server test   acc:  19.89%, test  loss: 2.2329
INFO:root:Round 6900's server train  acc:  17.16%, train loss: 2.2300
INFO:root:Round 6900's server test   acc:  17.77%, test  loss: 2.2213
INFO:root:Round 7000's server train  acc:  16.79%, train loss: 2.3705
INFO:root:Round 7000's server test   acc:  16.78%, test  loss: 2.3659
INFO:root:Round 7100's server train  acc:  16.86%, train loss: 2.3938
INFO:root:Round 7100's server test   acc:  16.79%, test  loss: 2.3940
INFO:root:Round 7200's server train  acc:  20.50%, train loss: 2.2603
INFO:root:Round 7200's server test   acc:  20.99%, test  loss: 2.2545
INFO:root:Round 7300's server train  acc:  20.65%, train loss: 2.1394
INFO:root:Round 7300's server test   acc:  21.05%, test  loss: 2.1317
INFO:root:Round 7400's server train  acc:  20.55%, train loss: 2.1901
INFO:root:Round 7400's server test   acc:  20.69%, test  loss: 2.1808
INFO:root:Round 7500's server train  acc:  14.76%, train loss: 2.4325
INFO:root:Round 7500's server test   acc:  15.12%, test  loss: 2.4228
INFO:root:Round 7600's server train  acc:  14.16%, train loss: 2.3947
INFO:root:Round 7600's server test   acc:  14.26%, test  loss: 2.3853
INFO:root:Round 7700's server train  acc:  19.14%, train loss: 2.4353
INFO:root:Round 7700's server test   acc:  19.50%, test  loss: 2.4227
INFO:root:Round 7800's server train  acc:  20.26%, train loss: 2.3298
INFO:root:Round 7800's server test   acc:  21.01%, test  loss: 2.3152
INFO:root:Round 7900's server train  acc:  21.97%, train loss: 2.1414
INFO:root:Round 7900's server test   acc:  22.20%, test  loss: 2.1307
INFO:root:Round 8000's server train  acc:  14.64%, train loss: 2.6448
INFO:root:Round 8000's server test   acc:  14.84%, test  loss: 2.6447
INFO:root:Round 8100's server train  acc:  16.31%, train loss: 2.4171
INFO:root:Round 8100's server test   acc:  16.45%, test  loss: 2.4133
INFO:root:Round 8200's server train  acc:  21.29%, train loss: 2.1624
INFO:root:Round 8200's server test   acc:  21.56%, test  loss: 2.1531
INFO:root:Round 8300's server train  acc:  24.07%, train loss: 2.1928
INFO:root:Round 8300's server test   acc:  24.01%, test  loss: 2.1823
INFO:root:Round 8400's server train  acc:  17.85%, train loss: 2.2013
INFO:root:Round 8400's server test   acc:  17.96%, test  loss: 2.1930
INFO:root:Round 8500's server train  acc:  17.89%, train loss: 2.1821
INFO:root:Round 8500's server test   acc:  18.17%, test  loss: 2.1732
INFO:root:Round 8600's server train  acc:  21.07%, train loss: 2.2849
INFO:root:Round 8600's server test   acc:  21.01%, test  loss: 2.2759
INFO:root:Round 8700's server train  acc:  19.97%, train loss: 2.2132
INFO:root:Round 8700's server test   acc:  20.53%, test  loss: 2.2072
INFO:root:Round 8800's server train  acc:  16.30%, train loss: 2.3264
INFO:root:Round 8800's server test   acc:  16.56%, test  loss: 2.3187
INFO:root:Round 8900's server train  acc:  16.24%, train loss: 2.3791
INFO:root:Round 8900's server test   acc:  16.50%, test  loss: 2.3700
INFO:root:Round 9000's server train  acc:  21.17%, train loss: 2.3515
INFO:root:Round 9000's server test   acc:  20.90%, test  loss: 2.3478
INFO:root:Round 9100's server train  acc:  19.81%, train loss: 2.2191
INFO:root:Round 9100's server test   acc:  20.10%, test  loss: 2.2118
INFO:root:Round 9200's server train  acc:  22.64%, train loss: 2.1136
INFO:root:Round 9200's server test   acc:  22.81%, test  loss: 2.1041
INFO:root:Round 9300's server train  acc:  21.59%, train loss: 2.0965
INFO:root:Round 9300's server test   acc:  21.79%, test  loss: 2.0860
INFO:root:Round 9400's server train  acc:  20.34%, train loss: 2.2740
INFO:root:Round 9400's server test   acc:  20.68%, test  loss: 2.2676
INFO:root:Round 9500's server train  acc:  22.68%, train loss: 2.1073
INFO:root:Round 9500's server test   acc:  22.68%, test  loss: 2.1003
INFO:root:Round 9600's server train  acc:  14.94%, train loss: 2.5510
INFO:root:Round 9600's server test   acc:  14.92%, test  loss: 2.5443
INFO:root:Round 9700's server train  acc:  19.50%, train loss: 2.1981
INFO:root:Round 9700's server test   acc:  19.82%, test  loss: 2.1885
INFO:root:Round 9800's server train  acc:  25.55%, train loss: 2.1292
INFO:root:Round 9800's server test   acc:  26.07%, test  loss: 2.1200
INFO:root:Round 9900's server train  acc:  23.38%, train loss: 2.2013
INFO:root:Round 9900's server test   acc:  23.72%, test  loss: 2.1963
INFO:root:Round 10000's server train  acc:  19.92%, train loss: 2.1418
INFO:root:Round 10000's server test   acc:  20.29%, test  loss: 2.1322
INFO:root:Round 10100's server train  acc:  22.94%, train loss: 2.0880
INFO:root:Round 10100's server test   acc:  23.32%, test  loss: 2.0828
INFO:root:Round 10200's server train  acc:  22.31%, train loss: 2.1098
INFO:root:Round 10200's server test   acc:  22.66%, test  loss: 2.1039
INFO:root:Round 10300's server train  acc:  20.68%, train loss: 2.1477
INFO:root:Round 10300's server test   acc:  20.67%, test  loss: 2.1378
INFO:root:Round 10400's server train  acc:  21.27%, train loss: 2.1192
INFO:root:Round 10400's server test   acc:  21.64%, test  loss: 2.1135
INFO:root:Round 10500's server train  acc:  22.63%, train loss: 2.0746
INFO:root:Round 10500's server test   acc:  22.79%, test  loss: 2.0694
INFO:root:Round 10600's server train  acc:  27.98%, train loss: 1.9722
INFO:root:Round 10600's server test   acc:  27.71%, test  loss: 1.9636
INFO:root:Round 10700's server train  acc:  19.05%, train loss: 2.1288
INFO:root:Round 10700's server test   acc:  18.72%, test  loss: 2.1230
INFO:root:Round 10800's server train  acc:  22.48%, train loss: 2.2610
INFO:root:Round 10800's server test   acc:  22.06%, test  loss: 2.2540
INFO:root:Round 10900's server train  acc:  18.11%, train loss: 2.2181
INFO:root:Round 10900's server test   acc:  18.57%, test  loss: 2.2114
INFO:root:Round 11000's server train  acc:  20.45%, train loss: 2.1781
INFO:root:Round 11000's server test   acc:  20.87%, test  loss: 2.1723
INFO:root:Round 11100's server train  acc:  23.05%, train loss: 2.1142
INFO:root:Round 11100's server test   acc:  22.77%, test  loss: 2.1090
INFO:root:Round 11200's server train  acc:  18.66%, train loss: 2.4162
INFO:root:Round 11200's server test   acc:  18.42%, test  loss: 2.4139
INFO:root:Round 11300's server train  acc:  22.27%, train loss: 2.1442
INFO:root:Round 11300's server test   acc:  22.52%, test  loss: 2.1373
INFO:root:Round 11400's server train  acc:  22.23%, train loss: 2.2052
INFO:root:Round 11400's server test   acc:  22.42%, test  loss: 2.1976
INFO:root:Round 11500's server train  acc:  27.80%, train loss: 2.0169
INFO:root:Round 11500's server test   acc:  28.35%, test  loss: 2.0101
INFO:root:Round 11600's server train  acc:  26.49%, train loss: 2.0678
INFO:root:Round 11600's server test   acc:  26.33%, test  loss: 2.0607
INFO:root:Round 11700's server train  acc:  23.92%, train loss: 2.0595
INFO:root:Round 11700's server test   acc:  24.60%, test  loss: 2.0553
INFO:root:Round 11800's server train  acc:  25.76%, train loss: 2.1537
INFO:root:Round 11800's server test   acc:  26.13%, test  loss: 2.1444
INFO:root:Round 11900's server train  acc:  20.12%, train loss: 2.1877
INFO:root:Round 11900's server test   acc:  20.35%, test  loss: 2.1813
INFO:root:Round 12000's server train  acc:  23.66%, train loss: 2.0910
INFO:root:Round 12000's server test   acc:  24.06%, test  loss: 2.0852
INFO:root:Round 12100's server train  acc:  27.65%, train loss: 1.9543
INFO:root:Round 12100's server test   acc:  28.35%, test  loss: 1.9464
INFO:root:Round 12200's server train  acc:  18.92%, train loss: 2.2845
INFO:root:Round 12200's server test   acc:  18.94%, test  loss: 2.2771
INFO:root:Round 12300's server train  acc:  18.24%, train loss: 2.3807
INFO:root:Round 12300's server test   acc:  18.58%, test  loss: 2.3693
INFO:root:Round 12400's server train  acc:  23.07%, train loss: 2.0794
INFO:root:Round 12400's server test   acc:  23.30%, test  loss: 2.0694
INFO:root:Round 12500's server train  acc:  16.07%, train loss: 2.3976
INFO:root:Round 12500's server test   acc:  16.19%, test  loss: 2.3943
INFO:root:Round 12600's server train  acc:  24.71%, train loss: 1.9847
INFO:root:Round 12600's server test   acc:  23.77%, test  loss: 1.9782
INFO:root:Round 12700's server train  acc:  24.97%, train loss: 2.0971
INFO:root:Round 12700's server test   acc:  24.86%, test  loss: 2.0900
INFO:root:Round 12800's server train  acc:  22.69%, train loss: 2.1161
INFO:root:Round 12800's server test   acc:  22.25%, test  loss: 2.1106
INFO:root:Round 12900's server train  acc:  24.33%, train loss: 2.0560
INFO:root:Round 12900's server test   acc:  24.34%, test  loss: 2.0493
INFO:root:Round 13000's server train  acc:  24.31%, train loss: 1.9934
INFO:root:Round 13000's server test   acc:  25.30%, test  loss: 1.9849
INFO:root:Round 13100's server train  acc:  21.89%, train loss: 2.2180
INFO:root:Round 13100's server test   acc:  22.20%, test  loss: 2.2057
INFO:root:Round 13200's server train  acc:  21.19%, train loss: 2.1273
INFO:root:Round 13200's server test   acc:  21.48%, test  loss: 2.1211
INFO:root:Round 13300's server train  acc:  22.11%, train loss: 2.1704
INFO:root:Round 13300's server test   acc:  22.32%, test  loss: 2.1663
INFO:root:Round 13400's server train  acc:  24.14%, train loss: 2.0882
INFO:root:Round 13400's server test   acc:  24.19%, test  loss: 2.0788
INFO:root:Round 13500's server train  acc:  20.27%, train loss: 2.1430
INFO:root:Round 13500's server test   acc:  20.35%, test  loss: 2.1315
INFO:root:Round 13600's server train  acc:  21.38%, train loss: 2.1332
INFO:root:Round 13600's server test   acc:  21.38%, test  loss: 2.1243
INFO:root:Round 13700's server train  acc:  16.76%, train loss: 2.4741
INFO:root:Round 13700's server test   acc:  16.65%, test  loss: 2.4616
INFO:root:Round 13800's server train  acc:  27.57%, train loss: 2.0775
INFO:root:Round 13800's server test   acc:  27.71%, test  loss: 2.0700
INFO:root:Round 13900's server train  acc:  28.32%, train loss: 1.9360
INFO:root:Round 13900's server test   acc:  29.02%, test  loss: 1.9294
INFO:root:Round 14000's server train  acc:  22.15%, train loss: 2.2397
INFO:root:Round 14000's server test   acc:  22.87%, test  loss: 2.2341
INFO:root:Round 14100's server train  acc:  23.40%, train loss: 2.0264
INFO:root:Round 14100's server test   acc:  23.09%, test  loss: 2.0200
INFO:root:Round 14200's server train  acc:  23.72%, train loss: 2.0641
INFO:root:Round 14200's server test   acc:  23.89%, test  loss: 2.0612
INFO:root:Round 14300's server train  acc:  26.85%, train loss: 1.9665
INFO:root:Round 14300's server test   acc:  27.46%, test  loss: 1.9571
INFO:root:Round 14400's server train  acc:  16.80%, train loss: 2.4439
INFO:root:Round 14400's server test   acc:  16.88%, test  loss: 2.4380
INFO:root:Round 14500's server train  acc:  20.69%, train loss: 2.2791
INFO:root:Round 14500's server test   acc:  20.87%, test  loss: 2.2752
INFO:root:Round 14600's server train  acc:  24.94%, train loss: 2.0555
INFO:root:Round 14600's server test   acc:  24.44%, test  loss: 2.0508
INFO:root:Round 14700's server train  acc:  23.90%, train loss: 2.2557
INFO:root:Round 14700's server test   acc:  24.02%, test  loss: 2.2482
INFO:root:Round 14800's server train  acc:  25.68%, train loss: 2.0132
INFO:root:Round 14800's server test   acc:  26.31%, test  loss: 2.0074
INFO:root:Round 14900's server train  acc:  26.68%, train loss: 1.9635
INFO:root:Round 14900's server test   acc:  26.87%, test  loss: 1.9573
INFO:root:Round 15000's server train  acc:  23.93%, train loss: 2.0922
INFO:root:Round 15000's server test   acc:  24.06%, test  loss: 2.0864
INFO:root:Round 15100's server train  acc:  23.73%, train loss: 2.2583
INFO:root:Round 15100's server test   acc:  23.53%, test  loss: 2.2492
INFO:root:Round 15200's server train  acc:  25.71%, train loss: 2.0828
INFO:root:Round 15200's server test   acc:  26.04%, test  loss: 2.0735
INFO:root:Round 15300's server train  acc:  21.72%, train loss: 2.1656
INFO:root:Round 15300's server test   acc:  21.83%, test  loss: 2.1583
INFO:root:Round 15400's server train  acc:  21.38%, train loss: 2.0788
INFO:root:Round 15400's server test   acc:  21.04%, test  loss: 2.0759
INFO:root:Round 15500's server train  acc:  17.79%, train loss: 2.2561
INFO:root:Round 15500's server test   acc:  17.79%, test  loss: 2.2563
INFO:root:Round 15600's server train  acc:  20.63%, train loss: 2.1470
INFO:root:Round 15600's server test   acc:  20.78%, test  loss: 2.1374
INFO:root:Round 15700's server train  acc:  27.10%, train loss: 2.0108
INFO:root:Round 15700's server test   acc:  27.71%, test  loss: 1.9992
INFO:root:Round 15800's server train  acc:  23.91%, train loss: 2.1220
INFO:root:Round 15800's server test   acc:  23.79%, test  loss: 2.1177
INFO:root:Round 15900's server train  acc:  27.21%, train loss: 2.0353
INFO:root:Round 15900's server test   acc:  27.86%, test  loss: 2.0302
INFO:root:Round 16000's server train  acc:  26.14%, train loss: 1.9959
INFO:root:Round 16000's server test   acc:  26.25%, test  loss: 1.9895
INFO:root:Round 16100's server train  acc:  23.72%, train loss: 2.1869
INFO:root:Round 16100's server test   acc:  23.35%, test  loss: 2.1738
INFO:root:Round 16200's server train  acc:  18.04%, train loss: 2.3266
INFO:root:Round 16200's server test   acc:  18.37%, test  loss: 2.3236
INFO:root:Round 16300's server train  acc:  29.82%, train loss: 1.9443
INFO:root:Round 16300's server test   acc:  30.20%, test  loss: 1.9391
INFO:root:Round 16400's server train  acc:  23.19%, train loss: 2.3923
INFO:root:Round 16400's server test   acc:  23.46%, test  loss: 2.3893
INFO:root:Round 16500's server train  acc:  28.56%, train loss: 2.0510
INFO:root:Round 16500's server test   acc:  28.80%, test  loss: 2.0401
INFO:root:Round 16600's server train  acc:  28.36%, train loss: 2.0180
INFO:root:Round 16600's server test   acc:  28.48%, test  loss: 2.0125
INFO:root:Round 16700's server train  acc:  24.42%, train loss: 2.0917
INFO:root:Round 16700's server test   acc:  24.17%, test  loss: 2.0814
INFO:root:Round 16800's server train  acc:  31.00%, train loss: 1.9207
INFO:root:Round 16800's server test   acc:  31.09%, test  loss: 1.9137
INFO:root:Round 16900's server train  acc:  31.39%, train loss: 1.8739
INFO:root:Round 16900's server test   acc:  31.17%, test  loss: 1.8690
INFO:root:Round 17000's server train  acc:  26.81%, train loss: 2.0436
INFO:root:Round 17000's server test   acc:  27.00%, test  loss: 2.0338
INFO:root:Round 17100's server train  acc:  27.11%, train loss: 1.9280
INFO:root:Round 17100's server test   acc:  27.51%, test  loss: 1.9224
INFO:root:Round 17200's server train  acc:  23.58%, train loss: 2.0171
INFO:root:Round 17200's server test   acc:  23.26%, test  loss: 2.0114
INFO:root:Round 17300's server train  acc:  29.31%, train loss: 1.8705
INFO:root:Round 17300's server test   acc:  30.40%, test  loss: 1.8648
INFO:root:Round 17400's server train  acc:  29.86%, train loss: 1.8611
INFO:root:Round 17400's server test   acc:  30.25%, test  loss: 1.8571
INFO:root:Round 17500's server train  acc:  29.17%, train loss: 1.8862
INFO:root:Round 17500's server test   acc:  29.06%, test  loss: 1.8832
INFO:root:Round 17600's server train  acc:  24.38%, train loss: 2.0408
INFO:root:Round 17600's server test   acc:  24.65%, test  loss: 2.0312
INFO:root:Round 17700's server train  acc:  27.36%, train loss: 1.9683
INFO:root:Round 17700's server test   acc:  27.21%, test  loss: 1.9554
INFO:root:Round 17800's server train  acc:  25.22%, train loss: 1.9903
INFO:root:Round 17800's server test   acc:  25.51%, test  loss: 1.9831
INFO:root:Round 17900's server train  acc:  24.33%, train loss: 2.1949
INFO:root:Round 17900's server test   acc:  24.40%, test  loss: 2.1881
INFO:root:Round 18000's server train  acc:  28.65%, train loss: 1.9625
INFO:root:Round 18000's server test   acc:  28.60%, test  loss: 1.9498
INFO:root:Round 18100's server train  acc:  23.94%, train loss: 1.9483
INFO:root:Round 18100's server test   acc:  23.67%, test  loss: 1.9433
INFO:root:Round 18200's server train  acc:  29.81%, train loss: 1.8807
INFO:root:Round 18200's server test   acc:  30.08%, test  loss: 1.8737
INFO:root:Round 18300's server train  acc:  33.43%, train loss: 1.8070
INFO:root:Round 18300's server test   acc:  33.19%, test  loss: 1.7992
INFO:root:Round 18400's server train  acc:  21.14%, train loss: 2.1888
INFO:root:Round 18400's server test   acc:  21.32%, test  loss: 2.1808
INFO:root:Round 18500's server train  acc:  21.69%, train loss: 2.3658
INFO:root:Round 18500's server test   acc:  21.79%, test  loss: 2.3624
INFO:root:Round 18600's server train  acc:  27.68%, train loss: 1.9896
INFO:root:Round 18600's server test   acc:  27.95%, test  loss: 1.9858
INFO:root:Round 18700's server train  acc:  27.39%, train loss: 1.9775
INFO:root:Round 18700's server test   acc:  27.91%, test  loss: 1.9635
INFO:root:Round 18800's server train  acc:  27.51%, train loss: 2.0448
INFO:root:Round 18800's server test   acc:  28.19%, test  loss: 2.0430
INFO:root:Round 18900's server train  acc:  29.24%, train loss: 1.9345
INFO:root:Round 18900's server test   acc:  29.57%, test  loss: 1.9277
INFO:root:Round 19000's server train  acc:  26.02%, train loss: 2.1750
INFO:root:Round 19000's server test   acc:  26.77%, test  loss: 2.1602
INFO:root:Round 19100's server train  acc:  24.33%, train loss: 2.0050
INFO:root:Round 19100's server test   acc:  24.13%, test  loss: 2.0024
INFO:root:Round 19200's server train  acc:  25.26%, train loss: 1.9643
INFO:root:Round 19200's server test   acc:  25.93%, test  loss: 1.9575
INFO:root:Round 19300's server train  acc:  29.23%, train loss: 2.0229
INFO:root:Round 19300's server test   acc:  29.12%, test  loss: 2.0135
INFO:root:Round 19400's server train  acc:  26.15%, train loss: 2.0364
INFO:root:Round 19400's server test   acc:  26.62%, test  loss: 2.0333
INFO:root:Round 19500's server train  acc:  31.89%, train loss: 1.8904
INFO:root:Round 19500's server test   acc:  32.06%, test  loss: 1.8802
INFO:root:Round 19600's server train  acc:  25.81%, train loss: 2.0054
INFO:root:Round 19600's server test   acc:  26.06%, test  loss: 1.9991
INFO:root:Round 19700's server train  acc:  24.46%, train loss: 2.0202
INFO:root:Round 19700's server test   acc:  24.79%, test  loss: 2.0198
INFO:root:Round 19800's server train  acc:  31.13%, train loss: 1.8772
INFO:root:Round 19800's server test   acc:  31.11%, test  loss: 1.8752
INFO:root:Round 19900's server train  acc:  30.23%, train loss: 1.9542
INFO:root:Round 19900's server test   acc:  29.75%, test  loss: 1.9424
INFO:root:Round 20000's server train  acc:  25.38%, train loss: 1.9294
INFO:root:Round 20000's server test   acc:  25.51%, test  loss: 1.9274
INFO:root:TrainingTime: 11752.501089572906 sec
