INFO:root:Namespace(m='resnetii10', d='cifar100', s=2, R=20000, K=5, M=1000, P=10, partition='shard', alpha=[1], optim='sgd', lr=0.001, lr_scheduler='exp', lr_decay=1.0, momentum=0.0, weight_decay=0.0, global_lr=1.0, batch_size=16, seed=0, clip=10, log='info+log', eval_every=100, device=1, start_round=0, save_model=0)
INFO:root:record_name: ShufflingFedAvg1.0_M1000,10_K5_R20000,100_resnetii10_cifar100_shard1_sgd0.001,0.0,0.0_exp1.0_b16_seed0_clip10
INFO:root:ResNet(
  (conv1): Conv2d(3, 64, kernel_size=(3, 3), stride=(1, 1), padding=(1, 1), bias=False)
  (relu): ReLU()
  (layer1): Sequential(
    (0): BasicBlock(
      (conv1): Conv2d(64, 64, kernel_size=(3, 3), stride=(1, 1), padding=(1, 1), bias=False)
      (conv2): Conv2d(64, 64, kernel_size=(3, 3), stride=(1, 1), padding=(1, 1), bias=False)
      (shortcut): Sequential()
    )
  )
  (layer2): Sequential(
    (0): BasicBlock(
      (conv1): Conv2d(64, 128, kernel_size=(3, 3), stride=(2, 2), padding=(1, 1), bias=False)
      (conv2): Conv2d(128, 128, kernel_size=(3, 3), stride=(1, 1), padding=(1, 1), bias=False)
      (shortcut): Sequential(
        (0): Conv2d(64, 128, kernel_size=(1, 1), stride=(2, 2), bias=False)
      )
    )
  )
  (layer3): Sequential(
    (0): BasicBlock(
      (conv1): Conv2d(128, 256, kernel_size=(3, 3), stride=(2, 2), padding=(1, 1), bias=False)
      (conv2): Conv2d(256, 256, kernel_size=(3, 3), stride=(1, 1), padding=(1, 1), bias=False)
      (shortcut): Sequential(
        (0): Conv2d(128, 256, kernel_size=(1, 1), stride=(2, 2), bias=False)
      )
    )
  )
  (layer4): Sequential(
    (0): BasicBlock(
      (conv1): Conv2d(256, 512, kernel_size=(3, 3), stride=(2, 2), padding=(1, 1), bias=False)
      (conv2): Conv2d(512, 512, kernel_size=(3, 3), stride=(1, 1), padding=(1, 1), bias=False)
      (shortcut): Sequential(
        (0): Conv2d(256, 512, kernel_size=(1, 1), stride=(2, 2), bias=False)
      )
    )
  )
  (avgpool): AdaptiveAvgPool2d(output_size=(1, 1))
  (flatten): Flatten(start_dim=1, end_dim=-1)
  (fc): Linear(in_features=512, out_features=100, bias=True)
)
INFO:root:Round 100's server train  acc:   0.86%, train loss: 4.6059
INFO:root:Round 100's server test   acc:   0.82%, test  loss: 4.6059
INFO:root:Round 200's server train  acc:   0.88%, train loss: 4.6057
INFO:root:Round 200's server test   acc:   0.83%, test  loss: 4.6057
INFO:root:Round 300's server train  acc:   0.91%, train loss: 4.6055
INFO:root:Round 300's server test   acc:   0.84%, test  loss: 4.6055
INFO:root:Round 400's server train  acc:   0.93%, train loss: 4.6053
INFO:root:Round 400's server test   acc:   0.90%, test  loss: 4.6053
INFO:root:Round 500's server train  acc:   1.00%, train loss: 4.6051
INFO:root:Round 500's server test   acc:   1.00%, test  loss: 4.6051
INFO:root:Round 600's server train  acc:   1.25%, train loss: 4.6049
INFO:root:Round 600's server test   acc:   1.28%, test  loss: 4.6049
INFO:root:Round 700's server train  acc:   1.61%, train loss: 4.6047
INFO:root:Round 700's server test   acc:   1.65%, test  loss: 4.6047
INFO:root:Round 800's server train  acc:   1.84%, train loss: 4.6044
INFO:root:Round 800's server test   acc:   1.96%, test  loss: 4.6045
INFO:root:Round 900's server train  acc:   1.99%, train loss: 4.6042
INFO:root:Round 900's server test   acc:   2.00%, test  loss: 4.6042
INFO:root:Round 1000's server train  acc:   2.06%, train loss: 4.6039
INFO:root:Round 1000's server test   acc:   2.04%, test  loss: 4.6040
INFO:root:Round 1100's server train  acc:   2.11%, train loss: 4.6036
INFO:root:Round 1100's server test   acc:   2.11%, test  loss: 4.6037
INFO:root:Round 1200's server train  acc:   2.09%, train loss: 4.6033
INFO:root:Round 1200's server test   acc:   2.17%, test  loss: 4.6034
INFO:root:Round 1300's server train  acc:   2.15%, train loss: 4.6030
INFO:root:Round 1300's server test   acc:   2.19%, test  loss: 4.6031
INFO:root:Round 1400's server train  acc:   2.16%, train loss: 4.6026
INFO:root:Round 1400's server test   acc:   2.21%, test  loss: 4.6027
INFO:root:Round 1500's server train  acc:   2.14%, train loss: 4.6022
INFO:root:Round 1500's server test   acc:   2.18%, test  loss: 4.6023
INFO:root:Round 1600's server train  acc:   2.16%, train loss: 4.6017
INFO:root:Round 1600's server test   acc:   2.16%, test  loss: 4.6018
INFO:root:Round 1700's server train  acc:   2.15%, train loss: 4.6012
INFO:root:Round 1700's server test   acc:   2.18%, test  loss: 4.6013
INFO:root:Round 1800's server train  acc:   2.16%, train loss: 4.6005
INFO:root:Round 1800's server test   acc:   2.20%, test  loss: 4.6007
INFO:root:Round 1900's server train  acc:   2.16%, train loss: 4.5998
INFO:root:Round 1900's server test   acc:   2.18%, test  loss: 4.5999
INFO:root:Round 2000's server train  acc:   2.13%, train loss: 4.5988
INFO:root:Round 2000's server test   acc:   2.15%, test  loss: 4.5990
INFO:root:Round 2100's server train  acc:   2.12%, train loss: 4.5976
INFO:root:Round 2100's server test   acc:   2.15%, test  loss: 4.5978
INFO:root:Round 2200's server train  acc:   2.07%, train loss: 4.5960
INFO:root:Round 2200's server test   acc:   2.10%, test  loss: 4.5962
INFO:root:Round 2300's server train  acc:   2.10%, train loss: 4.5935
INFO:root:Round 2300's server test   acc:   2.16%, test  loss: 4.5938
INFO:root:Round 2400's server train  acc:   2.18%, train loss: 4.5936
INFO:root:Round 2400's server test   acc:   2.35%, test  loss: 4.5943
INFO:root:Round 2500's server train  acc:   1.35%, train loss: 4.6274
INFO:root:Round 2500's server test   acc:   1.32%, test  loss: 4.6296
INFO:root:Round 2600's server train  acc:   1.05%, train loss: 4.7775
INFO:root:Round 2600's server test   acc:   1.02%, test  loss: 4.7809
INFO:root:Round 2700's server train  acc:   1.06%, train loss: 4.8982
INFO:root:Round 2700's server test   acc:   0.96%, test  loss: 4.8983
INFO:root:Round 2800's server train  acc:   1.00%, train loss: 4.9574
INFO:root:Round 2800's server test   acc:   1.00%, test  loss: 4.9624
INFO:root:Round 2900's server train  acc:   1.07%, train loss: 4.9893
INFO:root:Round 2900's server test   acc:   0.95%, test  loss: 4.9929
INFO:root:Round 3000's server train  acc:   1.00%, train loss: 5.6120
INFO:root:Round 3000's server test   acc:   1.00%, test  loss: 5.6167
INFO:root:Round 3100's server train  acc:   1.10%, train loss: 5.1468
INFO:root:Round 3100's server test   acc:   1.08%, test  loss: 5.1576
INFO:root:Round 3200's server train  acc:   0.94%, train loss: 5.0291
INFO:root:Round 3200's server test   acc:   0.91%, test  loss: 5.0355
INFO:root:Round 3300's server train  acc:   1.09%, train loss: 5.1950
INFO:root:Round 3300's server test   acc:   1.13%, test  loss: 5.1969
INFO:root:Round 3400's server train  acc:   0.97%, train loss: 5.0547
INFO:root:Round 3400's server test   acc:   1.01%, test  loss: 5.0585
INFO:root:Round 3500's server train  acc:   0.94%, train loss: 5.5356
INFO:root:Round 3500's server test   acc:   0.99%, test  loss: 5.5383
INFO:root:Round 3600's server train  acc:   1.01%, train loss: 5.2086
INFO:root:Round 3600's server test   acc:   1.09%, test  loss: 5.2074
INFO:root:Round 3700's server train  acc:   1.01%, train loss: 6.2237
INFO:root:Round 3700's server test   acc:   0.99%, test  loss: 6.2360
INFO:root:Round 3800's server train  acc:   1.02%, train loss: 5.1660
INFO:root:Round 3800's server test   acc:   0.92%, test  loss: 5.1692
INFO:root:Round 3900's server train  acc:   1.04%, train loss: 5.3356
INFO:root:Round 3900's server test   acc:   1.06%, test  loss: 5.3339
INFO:root:Round 4000's server train  acc:   1.64%, train loss: 5.1242
INFO:root:Round 4000's server test   acc:   1.52%, test  loss: 5.1300
INFO:root:Round 4100's server train  acc:   0.99%, train loss: 5.1426
INFO:root:Round 4100's server test   acc:   1.03%, test  loss: 5.1469
INFO:root:Round 4200's server train  acc:   1.11%, train loss: 5.1907
INFO:root:Round 4200's server test   acc:   1.15%, test  loss: 5.1945
INFO:root:Round 4300's server train  acc:   1.07%, train loss: 5.3582
INFO:root:Round 4300's server test   acc:   1.03%, test  loss: 5.3571
INFO:root:Round 4400's server train  acc:   1.08%, train loss: 5.3960
INFO:root:Round 4400's server test   acc:   1.00%, test  loss: 5.4037
INFO:root:Round 4500's server train  acc:   1.07%, train loss: 5.2906
INFO:root:Round 4500's server test   acc:   0.99%, test  loss: 5.2959
INFO:root:Round 4600's server train  acc:   1.51%, train loss: 5.1810
INFO:root:Round 4600's server test   acc:   1.49%, test  loss: 5.1793
INFO:root:Round 4700's server train  acc:   1.14%, train loss: 5.1203
INFO:root:Round 4700's server test   acc:   1.26%, test  loss: 5.1252
INFO:root:Round 4800's server train  acc:   1.17%, train loss: 4.9883
INFO:root:Round 4800's server test   acc:   1.15%, test  loss: 4.9898
INFO:root:Round 4900's server train  acc:   1.11%, train loss: 5.3528
INFO:root:Round 4900's server test   acc:   1.00%, test  loss: 5.3604
INFO:root:Round 5000's server train  acc:   1.05%, train loss: 5.0361
INFO:root:Round 5000's server test   acc:   1.04%, test  loss: 5.0413
INFO:root:Round 5100's server train  acc:   0.99%, train loss: 5.1288
INFO:root:Round 5100's server test   acc:   1.00%, test  loss: 5.1289
INFO:root:Round 5200's server train  acc:   1.50%, train loss: 5.3018
INFO:root:Round 5200's server test   acc:   1.42%, test  loss: 5.3045
INFO:root:Round 5300's server train  acc:   1.02%, train loss: 5.7429
INFO:root:Round 5300's server test   acc:   1.01%, test  loss: 5.7556
INFO:root:Round 5400's server train  acc:   1.29%, train loss: 5.2757
INFO:root:Round 5400's server test   acc:   1.47%, test  loss: 5.2812
INFO:root:Round 5500's server train  acc:   1.11%, train loss: 5.2920
INFO:root:Round 5500's server test   acc:   1.05%, test  loss: 5.2885
INFO:root:Round 5600's server train  acc:   1.27%, train loss: 5.1940
INFO:root:Round 5600's server test   acc:   1.15%, test  loss: 5.1977
INFO:root:Round 5700's server train  acc:   1.00%, train loss: 5.7846
INFO:root:Round 5700's server test   acc:   1.00%, test  loss: 5.7952
INFO:root:Round 5800's server train  acc:   1.00%, train loss: 5.6638
INFO:root:Round 5800's server test   acc:   0.99%, test  loss: 5.6697
INFO:root:Round 5900's server train  acc:   1.01%, train loss: 5.3816
INFO:root:Round 5900's server test   acc:   1.02%, test  loss: 5.3833
INFO:root:Round 6000's server train  acc:   1.26%, train loss: 5.2469
INFO:root:Round 6000's server test   acc:   1.28%, test  loss: 5.2513
INFO:root:Round 6100's server train  acc:   1.00%, train loss: 5.2171
INFO:root:Round 6100's server test   acc:   1.00%, test  loss: 5.2185
INFO:root:Round 6200's server train  acc:   1.01%, train loss: 5.5621
INFO:root:Round 6200's server test   acc:   1.01%, test  loss: 5.5747
INFO:root:Round 6300's server train  acc:   1.14%, train loss: 5.1665
INFO:root:Round 6300's server test   acc:   1.10%, test  loss: 5.1654
INFO:root:Round 6400's server train  acc:   1.33%, train loss: 5.1729
INFO:root:Round 6400's server test   acc:   1.24%, test  loss: 5.1756
INFO:root:Round 6500's server train  acc:   1.00%, train loss: 5.4924
INFO:root:Round 6500's server test   acc:   1.00%, test  loss: 5.4980
INFO:root:Round 6600's server train  acc:   1.25%, train loss: 5.2346
INFO:root:Round 6600's server test   acc:   1.18%, test  loss: 5.2431
INFO:root:Round 6700's server train  acc:   1.04%, train loss: 5.1288
INFO:root:Round 6700's server test   acc:   0.91%, test  loss: 5.1287
INFO:root:Round 6800's server train  acc:   1.06%, train loss: 5.2630
INFO:root:Round 6800's server test   acc:   1.12%, test  loss: 5.2653
INFO:root:Round 6900's server train  acc:   1.03%, train loss: 5.5223
INFO:root:Round 6900's server test   acc:   1.04%, test  loss: 5.5195
INFO:root:Round 7000's server train  acc:   1.14%, train loss: 5.1396
INFO:root:Round 7000's server test   acc:   0.99%, test  loss: 5.1459
INFO:root:Round 7100's server train  acc:   1.06%, train loss: 5.4321
INFO:root:Round 7100's server test   acc:   1.01%, test  loss: 5.4440
INFO:root:Round 7200's server train  acc:   1.19%, train loss: 5.1918
INFO:root:Round 7200's server test   acc:   1.11%, test  loss: 5.1943
INFO:root:Round 7300's server train  acc:   0.96%, train loss: 5.2678
INFO:root:Round 7300's server test   acc:   0.91%, test  loss: 5.2788
INFO:root:Round 7400's server train  acc:   0.96%, train loss: 5.2446
INFO:root:Round 7400's server test   acc:   0.90%, test  loss: 5.2545
INFO:root:Round 7500's server train  acc:   1.17%, train loss: 5.4855
INFO:root:Round 7500's server test   acc:   1.24%, test  loss: 5.4901
INFO:root:Round 7600's server train  acc:   1.04%, train loss: 5.2256
INFO:root:Round 7600's server test   acc:   1.11%, test  loss: 5.2296
INFO:root:Round 7700's server train  acc:   0.97%, train loss: 5.3961
INFO:root:Round 7700's server test   acc:   0.97%, test  loss: 5.3969
INFO:root:Round 7800's server train  acc:   1.01%, train loss: 5.6721
INFO:root:Round 7800's server test   acc:   1.00%, test  loss: 5.6838
INFO:root:Round 7900's server train  acc:   1.00%, train loss: 6.1068
INFO:root:Round 7900's server test   acc:   1.00%, test  loss: 6.1124
INFO:root:Round 8000's server train  acc:   1.00%, train loss: 5.6759
INFO:root:Round 8000's server test   acc:   1.00%, test  loss: 5.6887
INFO:root:Round 8100's server train  acc:   1.24%, train loss: 5.1346
INFO:root:Round 8100's server test   acc:   1.26%, test  loss: 5.1403
INFO:root:Round 8200's server train  acc:   0.91%, train loss: 5.3221
INFO:root:Round 8200's server test   acc:   0.87%, test  loss: 5.3178
INFO:root:Round 8300's server train  acc:   1.09%, train loss: 5.5163
INFO:root:Round 8300's server test   acc:   1.08%, test  loss: 5.5249
INFO:root:Round 8400's server train  acc:   1.00%, train loss: 5.2265
INFO:root:Round 8400's server test   acc:   1.02%, test  loss: 5.2328
INFO:root:Round 8500's server train  acc:   1.01%, train loss: 5.2639
INFO:root:Round 8500's server test   acc:   1.00%, test  loss: 5.2656
INFO:root:Round 8600's server train  acc:   1.15%, train loss: 5.4114
INFO:root:Round 8600's server test   acc:   1.19%, test  loss: 5.4194
INFO:root:Round 8700's server train  acc:   1.26%, train loss: 5.2398
INFO:root:Round 8700's server test   acc:   1.31%, test  loss: 5.2474
INFO:root:Round 8800's server train  acc:   1.00%, train loss: 6.0595
INFO:root:Round 8800's server test   acc:   1.00%, test  loss: 6.0632
INFO:root:Round 8900's server train  acc:   0.99%, train loss: 5.6742
INFO:root:Round 8900's server test   acc:   0.98%, test  loss: 5.6802
INFO:root:Round 9000's server train  acc:   0.90%, train loss: 5.1148
INFO:root:Round 9000's server test   acc:   0.88%, test  loss: 5.1176
INFO:root:Round 9100's server train  acc:   1.01%, train loss: 5.3459
INFO:root:Round 9100's server test   acc:   1.01%, test  loss: 5.3462
INFO:root:Round 9200's server train  acc:   0.97%, train loss: 5.1798
INFO:root:Round 9200's server test   acc:   1.03%, test  loss: 5.1809
INFO:root:Round 9300's server train  acc:   1.19%, train loss: 5.1767
INFO:root:Round 9300's server test   acc:   1.13%, test  loss: 5.1791
INFO:root:Round 9400's server train  acc:   1.24%, train loss: 5.1759
INFO:root:Round 9400's server test   acc:   1.17%, test  loss: 5.1807
INFO:root:Round 9500's server train  acc:   1.15%, train loss: 5.2506
INFO:root:Round 9500's server test   acc:   1.08%, test  loss: 5.2515
INFO:root:Round 9600's server train  acc:   1.03%, train loss: 5.8657
INFO:root:Round 9600's server test   acc:   1.04%, test  loss: 5.8751
INFO:root:Round 9700's server train  acc:   1.72%, train loss: 5.1384
INFO:root:Round 9700's server test   acc:   1.63%, test  loss: 5.1443
INFO:root:Round 9800's server train  acc:   1.44%, train loss: 5.5072
INFO:root:Round 9800's server test   acc:   1.51%, test  loss: 5.5117
INFO:root:Round 9900's server train  acc:   1.00%, train loss: 5.9424
INFO:root:Round 9900's server test   acc:   0.98%, test  loss: 5.9491
INFO:root:Round 10000's server train  acc:   1.01%, train loss: 5.5638
INFO:root:Round 10000's server test   acc:   1.00%, test  loss: 5.5649
INFO:root:Round 10100's server train  acc:   1.00%, train loss: 5.9383
INFO:root:Round 10100's server test   acc:   1.00%, test  loss: 5.9489
INFO:root:Round 10200's server train  acc:   1.19%, train loss: 5.1425
INFO:root:Round 10200's server test   acc:   1.24%, test  loss: 5.1420
INFO:root:Round 10300's server train  acc:   1.30%, train loss: 5.1506
INFO:root:Round 10300's server test   acc:   1.19%, test  loss: 5.1528
INFO:root:Round 10400's server train  acc:   0.84%, train loss: 5.3442
INFO:root:Round 10400's server test   acc:   0.85%, test  loss: 5.3440
INFO:root:Round 10500's server train  acc:   0.92%, train loss: 5.2952
INFO:root:Round 10500's server test   acc:   0.85%, test  loss: 5.2895
INFO:root:Round 10600's server train  acc:   1.00%, train loss: 6.5684
INFO:root:Round 10600's server test   acc:   1.00%, test  loss: 6.5787
INFO:root:Round 10700's server train  acc:   1.04%, train loss: 5.3145
INFO:root:Round 10700's server test   acc:   0.99%, test  loss: 5.3127
INFO:root:Round 10800's server train  acc:   1.00%, train loss: 5.5510
INFO:root:Round 10800's server test   acc:   1.00%, test  loss: 5.5636
INFO:root:Round 10900's server train  acc:   1.12%, train loss: 5.6864
INFO:root:Round 10900's server test   acc:   1.06%, test  loss: 5.6917
INFO:root:Round 11000's server train  acc:   1.49%, train loss: 5.0764
INFO:root:Round 11000's server test   acc:   1.40%, test  loss: 5.0825
INFO:root:Round 11100's server train  acc:   1.10%, train loss: 5.0426
INFO:root:Round 11100's server test   acc:   1.10%, test  loss: 5.0471
INFO:root:Round 11200's server train  acc:   1.00%, train loss: 5.3734
INFO:root:Round 11200's server test   acc:   1.04%, test  loss: 5.3873
INFO:root:Round 11300's server train  acc:   0.99%, train loss: 5.1385
INFO:root:Round 11300's server test   acc:   1.02%, test  loss: 5.1441
INFO:root:Round 11400's server train  acc:   1.00%, train loss: 5.8864
INFO:root:Round 11400's server test   acc:   0.98%, test  loss: 5.8910
INFO:root:Round 11500's server train  acc:   1.00%, train loss: 5.2560
INFO:root:Round 11500's server test   acc:   1.00%, test  loss: 5.2620
INFO:root:Round 11600's server train  acc:   1.30%, train loss: 4.9714
INFO:root:Round 11600's server test   acc:   1.32%, test  loss: 4.9742
INFO:root:Round 11700's server train  acc:   0.95%, train loss: 5.2588
INFO:root:Round 11700's server test   acc:   0.81%, test  loss: 5.2605
INFO:root:Round 11800's server train  acc:   1.04%, train loss: 5.2804
INFO:root:Round 11800's server test   acc:   1.05%, test  loss: 5.2838
INFO:root:Round 11900's server train  acc:   1.00%, train loss: 5.2349
INFO:root:Round 11900's server test   acc:   1.00%, test  loss: 5.2341
INFO:root:Round 12000's server train  acc:   1.23%, train loss: 5.5400
INFO:root:Round 12000's server test   acc:   1.15%, test  loss: 5.5436
INFO:root:Round 12100's server train  acc:   1.01%, train loss: 5.1863
INFO:root:Round 12100's server test   acc:   1.00%, test  loss: 5.1882
INFO:root:Round 12200's server train  acc:   1.53%, train loss: 5.2476
INFO:root:Round 12200's server test   acc:   1.58%, test  loss: 5.2496
INFO:root:Round 12300's server train  acc:   1.09%, train loss: 5.4523
INFO:root:Round 12300's server test   acc:   1.07%, test  loss: 5.4536
INFO:root:Round 12400's server train  acc:   1.09%, train loss: 5.5540
INFO:root:Round 12400's server test   acc:   1.02%, test  loss: 5.5551
INFO:root:Round 12500's server train  acc:   1.00%, train loss: 5.7294
INFO:root:Round 12500's server test   acc:   1.00%, test  loss: 5.7292
INFO:root:Round 12600's server train  acc:   1.09%, train loss: 5.1822
INFO:root:Round 12600's server test   acc:   1.07%, test  loss: 5.1898
INFO:root:Round 12700's server train  acc:   1.02%, train loss: 5.3592
INFO:root:Round 12700's server test   acc:   0.99%, test  loss: 5.3649
INFO:root:Round 12800's server train  acc:   1.02%, train loss: 5.1938
INFO:root:Round 12800's server test   acc:   1.07%, test  loss: 5.1970
INFO:root:Round 12900's server train  acc:   1.30%, train loss: 5.0097
INFO:root:Round 12900's server test   acc:   1.57%, test  loss: 5.0136
INFO:root:Round 13000's server train  acc:   1.77%, train loss: 5.4296
INFO:root:Round 13000's server test   acc:   1.79%, test  loss: 5.4298
INFO:root:Round 13100's server train  acc:   1.41%, train loss: 5.1796
INFO:root:Round 13100's server test   acc:   1.45%, test  loss: 5.1857
INFO:root:Round 13200's server train  acc:   1.09%, train loss: 5.2700
INFO:root:Round 13200's server test   acc:   1.03%, test  loss: 5.2727
INFO:root:Round 13300's server train  acc:   1.00%, train loss: 6.8813
INFO:root:Round 13300's server test   acc:   1.00%, test  loss: 6.8954
INFO:root:Round 13400's server train  acc:   1.00%, train loss: 5.4825
INFO:root:Round 13400's server test   acc:   1.00%, test  loss: 5.4826
INFO:root:Round 13500's server train  acc:   1.02%, train loss: 5.4079
INFO:root:Round 13500's server test   acc:   0.96%, test  loss: 5.4098
INFO:root:Round 13600's server train  acc:   1.00%, train loss: 5.2879
INFO:root:Round 13600's server test   acc:   0.98%, test  loss: 5.2906
INFO:root:Round 13700's server train  acc:   0.97%, train loss: 5.8480
INFO:root:Round 13700's server test   acc:   0.95%, test  loss: 5.8474
INFO:root:Round 13800's server train  acc:   1.11%, train loss: 5.2361
INFO:root:Round 13800's server test   acc:   0.97%, test  loss: 5.2431
INFO:root:Round 13900's server train  acc:   1.00%, train loss: 5.5354
INFO:root:Round 13900's server test   acc:   1.00%, test  loss: 5.5443
INFO:root:Round 14000's server train  acc:   1.15%, train loss: 5.0640
INFO:root:Round 14000's server test   acc:   1.22%, test  loss: 5.0676
INFO:root:Round 14100's server train  acc:   0.99%, train loss: 5.3633
INFO:root:Round 14100's server test   acc:   0.99%, test  loss: 5.3678
INFO:root:Round 14200's server train  acc:   1.19%, train loss: 5.4244
INFO:root:Round 14200's server test   acc:   1.18%, test  loss: 5.4313
INFO:root:Round 14300's server train  acc:   1.00%, train loss: 5.4727
INFO:root:Round 14300's server test   acc:   0.99%, test  loss: 5.4856
INFO:root:Round 14400's server train  acc:   1.20%, train loss: 5.0526
INFO:root:Round 14400's server test   acc:   1.17%, test  loss: 5.0524
INFO:root:Round 14500's server train  acc:   1.19%, train loss: 5.4265
INFO:root:Round 14500's server test   acc:   1.29%, test  loss: 5.4304
INFO:root:Round 14600's server train  acc:   1.00%, train loss: 5.8264
INFO:root:Round 14600's server test   acc:   1.00%, test  loss: 5.8268
INFO:root:Round 14700's server train  acc:   1.10%, train loss: 5.0498
INFO:root:Round 14700's server test   acc:   1.06%, test  loss: 5.0484
INFO:root:Round 14800's server train  acc:   1.01%, train loss: 5.3834
INFO:root:Round 14800's server test   acc:   0.99%, test  loss: 5.3965
INFO:root:Round 14900's server train  acc:   1.26%, train loss: 5.1085
INFO:root:Round 14900's server test   acc:   1.21%, test  loss: 5.1091
INFO:root:Round 15000's server train  acc:   1.00%, train loss: 5.6874
INFO:root:Round 15000's server test   acc:   1.00%, test  loss: 5.6945
INFO:root:Round 15100's server train  acc:   1.00%, train loss: 5.5086
INFO:root:Round 15100's server test   acc:   1.00%, test  loss: 5.5157
INFO:root:Round 15200's server train  acc:   0.93%, train loss: 5.5029
INFO:root:Round 15200's server test   acc:   0.96%, test  loss: 5.5047
INFO:root:Round 15300's server train  acc:   0.99%, train loss: 5.1710
INFO:root:Round 15300's server test   acc:   1.00%, test  loss: 5.1766
INFO:root:Round 15400's server train  acc:   1.02%, train loss: 5.4001
INFO:root:Round 15400's server test   acc:   1.02%, test  loss: 5.4058
INFO:root:Round 15500's server train  acc:   1.00%, train loss: 5.2955
INFO:root:Round 15500's server test   acc:   1.02%, test  loss: 5.2995
INFO:root:Round 15600's server train  acc:   1.20%, train loss: 5.0768
INFO:root:Round 15600's server test   acc:   1.26%, test  loss: 5.0853
INFO:root:Round 15700's server train  acc:   1.00%, train loss: 6.0177
INFO:root:Round 15700's server test   acc:   1.00%, test  loss: 6.0249
INFO:root:Round 15800's server train  acc:   1.28%, train loss: 5.5262
INFO:root:Round 15800's server test   acc:   1.17%, test  loss: 5.5377
INFO:root:Round 15900's server train  acc:   1.01%, train loss: 5.5674
INFO:root:Round 15900's server test   acc:   1.00%, test  loss: 5.5705
INFO:root:Round 16000's server train  acc:   1.01%, train loss: 5.5279
INFO:root:Round 16000's server test   acc:   1.03%, test  loss: 5.5311
INFO:root:Round 16100's server train  acc:   1.00%, train loss: 5.7523
INFO:root:Round 16100's server test   acc:   1.00%, test  loss: 5.7536
INFO:root:Round 16200's server train  acc:   1.06%, train loss: 5.4500
INFO:root:Round 16200's server test   acc:   0.98%, test  loss: 5.4586
INFO:root:Round 16300's server train  acc:   1.06%, train loss: 5.5097
INFO:root:Round 16300's server test   acc:   1.10%, test  loss: 5.5094
INFO:root:Round 16400's server train  acc:   1.00%, train loss: 5.1355
INFO:root:Round 16400's server test   acc:   1.00%, test  loss: 5.1345
INFO:root:Round 16500's server train  acc:   1.17%, train loss: 5.1859
INFO:root:Round 16500's server test   acc:   1.23%, test  loss: 5.1886
INFO:root:Round 16600's server train  acc:   1.07%, train loss: 5.3325
INFO:root:Round 16600's server test   acc:   0.94%, test  loss: 5.3345
INFO:root:Round 16700's server train  acc:   1.53%, train loss: 5.1738
INFO:root:Round 16700's server test   acc:   1.67%, test  loss: 5.1781
INFO:root:Round 16800's server train  acc:   0.96%, train loss: 5.6342
INFO:root:Round 16800's server test   acc:   1.00%, test  loss: 5.6397
INFO:root:Round 16900's server train  acc:   1.01%, train loss: 5.1667
INFO:root:Round 16900's server test   acc:   1.03%, test  loss: 5.1637
INFO:root:Round 17000's server train  acc:   1.04%, train loss: 5.1728
INFO:root:Round 17000's server test   acc:   1.06%, test  loss: 5.1715
INFO:root:Round 17100's server train  acc:   1.19%, train loss: 5.1824
INFO:root:Round 17100's server test   acc:   1.09%, test  loss: 5.1810
INFO:root:Round 17200's server train  acc:   1.67%, train loss: 5.7473
INFO:root:Round 17200's server test   acc:   1.60%, test  loss: 5.7599
INFO:root:Round 17300's server train  acc:   1.00%, train loss: 5.7405
INFO:root:Round 17300's server test   acc:   1.00%, test  loss: 5.7498
INFO:root:Round 17400's server train  acc:   1.41%, train loss: 5.2527
INFO:root:Round 17400's server test   acc:   1.39%, test  loss: 5.2668
INFO:root:Round 17500's server train  acc:   1.00%, train loss: 5.7551
INFO:root:Round 17500's server test   acc:   1.00%, test  loss: 5.7651
INFO:root:Round 17600's server train  acc:   1.25%, train loss: 5.2978
INFO:root:Round 17600's server test   acc:   1.19%, test  loss: 5.3074
INFO:root:Round 17700's server train  acc:   1.14%, train loss: 5.0726
INFO:root:Round 17700's server test   acc:   1.12%, test  loss: 5.0810
INFO:root:Round 17800's server train  acc:   1.00%, train loss: 5.6197
INFO:root:Round 17800's server test   acc:   1.00%, test  loss: 5.6296
INFO:root:Round 17900's server train  acc:   1.12%, train loss: 5.2519
INFO:root:Round 17900's server test   acc:   1.08%, test  loss: 5.2588
INFO:root:Round 18000's server train  acc:   1.20%, train loss: 5.0279
INFO:root:Round 18000's server test   acc:   1.16%, test  loss: 5.0284
INFO:root:Round 18100's server train  acc:   1.01%, train loss: 5.4548
INFO:root:Round 18100's server test   acc:   1.02%, test  loss: 5.4643
INFO:root:Round 18200's server train  acc:   1.00%, train loss: 5.4117
INFO:root:Round 18200's server test   acc:   1.00%, test  loss: 5.4140
INFO:root:Round 18300's server train  acc:   1.01%, train loss: 5.5325
INFO:root:Round 18300's server test   acc:   1.00%, test  loss: 5.5377
INFO:root:Round 18400's server train  acc:   1.00%, train loss: 5.8265
INFO:root:Round 18400's server test   acc:   1.00%, test  loss: 5.8343
INFO:root:Round 18500's server train  acc:   1.30%, train loss: 5.2979
INFO:root:Round 18500's server test   acc:   1.32%, test  loss: 5.3023
INFO:root:Round 18600's server train  acc:   1.00%, train loss: 5.5499
INFO:root:Round 18600's server test   acc:   1.00%, test  loss: 5.5541
INFO:root:Round 18700's server train  acc:   1.15%, train loss: 5.2584
INFO:root:Round 18700's server test   acc:   1.04%, test  loss: 5.2642
INFO:root:Round 18800's server train  acc:   1.00%, train loss: 5.4607
INFO:root:Round 18800's server test   acc:   1.06%, test  loss: 5.4660
INFO:root:Round 18900's server train  acc:   1.24%, train loss: 5.2433
INFO:root:Round 18900's server test   acc:   1.11%, test  loss: 5.2479
INFO:root:Round 19000's server train  acc:   1.00%, train loss: 5.7137
INFO:root:Round 19000's server test   acc:   1.00%, test  loss: 5.7144
INFO:root:Round 19100's server train  acc:   1.00%, train loss: 5.4074
INFO:root:Round 19100's server test   acc:   0.98%, test  loss: 5.4103
INFO:root:Round 19200's server train  acc:   1.11%, train loss: 5.6070
INFO:root:Round 19200's server test   acc:   1.05%, test  loss: 5.6090
INFO:root:Round 19300's server train  acc:   1.15%, train loss: 5.5564
INFO:root:Round 19300's server test   acc:   1.17%, test  loss: 5.5600
INFO:root:Round 19400's server train  acc:   1.30%, train loss: 5.2071
INFO:root:Round 19400's server test   acc:   1.39%, test  loss: 5.2100
INFO:root:Round 19500's server train  acc:   0.97%, train loss: 5.1917
INFO:root:Round 19500's server test   acc:   1.04%, test  loss: 5.1939
INFO:root:Round 19600's server train  acc:   1.10%, train loss: 5.2579
INFO:root:Round 19600's server test   acc:   1.10%, test  loss: 5.2623
INFO:root:Round 19700's server train  acc:   1.00%, train loss: 5.5315
INFO:root:Round 19700's server test   acc:   1.00%, test  loss: 5.5380
INFO:root:Round 19800's server train  acc:   1.12%, train loss: 5.2415
INFO:root:Round 19800's server test   acc:   1.15%, test  loss: 5.2461
INFO:root:Round 19900's server train  acc:   1.69%, train loss: 5.2572
INFO:root:Round 19900's server test   acc:   1.59%, test  loss: 5.2623
INFO:root:Round 20000's server train  acc:   1.11%, train loss: 5.9090
INFO:root:Round 20000's server test   acc:   1.05%, test  loss: 5.9172
INFO:root:TrainingTime: 11069.000408649445 sec
