INFO:root:Namespace(m='cnn', d='cifar100', s=2, R=20000, K=5, M=1000, P=10, partition='iid', alpha=[1.0], optim='sgd', lr=0.001, lr_scheduler='exp', lr_decay=1.0, momentum=0.0, weight_decay=0.0, global_lr=1.0, batch_size=16, seed=0, clip=10, log='info+log', eval_every=100, device=1, start_round=0, save_model=0)
INFO:root:record_name: ShufflingFedAvg1.0_M1000,10_K5_R20000,100_cnn_cifar100_iid_sgd0.001,0.0,0.0_exp1.0_b16_seed0_clip10
INFO:root:CNN(
  (conv1): Conv2d(3, 64, kernel_size=(5, 5), stride=(1, 1))
  (relu1): ReLU()
  (pool1): MaxPool2d(kernel_size=2, stride=2, padding=0, dilation=1, ceil_mode=False)
  (conv2): Conv2d(64, 64, kernel_size=(5, 5), stride=(1, 1))
  (relu2): ReLU()
  (pool2): MaxPool2d(kernel_size=2, stride=2, padding=0, dilation=1, ceil_mode=False)
  (flatten): Flatten(start_dim=1, end_dim=-1)
  (fc1): Linear(in_features=1600, out_features=384, bias=True)
  (relu3): ReLU()
  (fc2): Linear(in_features=384, out_features=192, bias=True)
  (relu4): ReLU()
  (fc3): Linear(in_features=192, out_features=100, bias=True)
)
INFO:root:Round 100's server train  acc:   0.81%, train loss: 4.6046
INFO:root:Round 100's server test   acc:   0.65%, test  loss: 4.6047
INFO:root:Round 200's server train  acc:   0.82%, train loss: 4.6036
INFO:root:Round 200's server test   acc:   0.77%, test  loss: 4.6038
INFO:root:Round 300's server train  acc:   0.88%, train loss: 4.6026
INFO:root:Round 300's server test   acc:   0.82%, test  loss: 4.6028
INFO:root:Round 400's server train  acc:   0.94%, train loss: 4.6015
INFO:root:Round 400's server test   acc:   0.96%, test  loss: 4.6017
INFO:root:Round 500's server train  acc:   1.03%, train loss: 4.6002
INFO:root:Round 500's server test   acc:   1.11%, test  loss: 4.6005
INFO:root:Round 600's server train  acc:   1.15%, train loss: 4.5988
INFO:root:Round 600's server test   acc:   1.13%, test  loss: 4.5990
INFO:root:Round 700's server train  acc:   1.28%, train loss: 4.5970
INFO:root:Round 700's server test   acc:   1.22%, test  loss: 4.5972
INFO:root:Round 800's server train  acc:   1.34%, train loss: 4.5947
INFO:root:Round 800's server test   acc:   1.29%, test  loss: 4.5950
INFO:root:Round 900's server train  acc:   1.44%, train loss: 4.5920
INFO:root:Round 900's server test   acc:   1.38%, test  loss: 4.5924
INFO:root:Round 1000's server train  acc:   1.53%, train loss: 4.5885
INFO:root:Round 1000's server test   acc:   1.48%, test  loss: 4.5890
INFO:root:Round 1100's server train  acc:   1.95%, train loss: 4.5840
INFO:root:Round 1100's server test   acc:   1.90%, test  loss: 4.5846
INFO:root:Round 1200's server train  acc:   2.44%, train loss: 4.5780
INFO:root:Round 1200's server test   acc:   2.43%, test  loss: 4.5788
INFO:root:Round 1300's server train  acc:   2.83%, train loss: 4.5701
INFO:root:Round 1300's server test   acc:   2.92%, test  loss: 4.5711
INFO:root:Round 1400's server train  acc:   3.36%, train loss: 4.5591
INFO:root:Round 1400's server test   acc:   3.28%, test  loss: 4.5605
INFO:root:Round 1500's server train  acc:   3.45%, train loss: 4.5449
INFO:root:Round 1500's server test   acc:   3.56%, test  loss: 4.5466
INFO:root:Round 1600's server train  acc:   3.70%, train loss: 4.5253
INFO:root:Round 1600's server test   acc:   3.90%, test  loss: 4.5276
INFO:root:Round 1700's server train  acc:   4.18%, train loss: 4.4995
INFO:root:Round 1700's server test   acc:   4.19%, test  loss: 4.5026
INFO:root:Round 1800's server train  acc:   4.46%, train loss: 4.4648
INFO:root:Round 1800's server test   acc:   4.47%, test  loss: 4.4688
INFO:root:Round 1900's server train  acc:   4.73%, train loss: 4.4197
INFO:root:Round 1900's server test   acc:   5.05%, test  loss: 4.4246
INFO:root:Round 2000's server train  acc:   5.36%, train loss: 4.3617
INFO:root:Round 2000's server test   acc:   5.49%, test  loss: 4.3677
INFO:root:Round 2100's server train  acc:   5.69%, train loss: 4.2969
INFO:root:Round 2100's server test   acc:   5.86%, test  loss: 4.3043
INFO:root:Round 2200's server train  acc:   6.29%, train loss: 4.2340
INFO:root:Round 2200's server test   acc:   6.35%, test  loss: 4.2428
INFO:root:Round 2300's server train  acc:   6.89%, train loss: 4.1794
INFO:root:Round 2300's server test   acc:   6.85%, test  loss: 4.1891
INFO:root:Round 2400's server train  acc:   7.62%, train loss: 4.1344
INFO:root:Round 2400's server test   acc:   7.43%, test  loss: 4.1453
INFO:root:Round 2500's server train  acc:   7.72%, train loss: 4.0998
INFO:root:Round 2500's server test   acc:   7.47%, test  loss: 4.1122
INFO:root:Round 2600's server train  acc:   8.29%, train loss: 4.0703
INFO:root:Round 2600's server test   acc:   8.02%, test  loss: 4.0829
INFO:root:Round 2700's server train  acc:   8.60%, train loss: 4.0475
INFO:root:Round 2700's server test   acc:   8.56%, test  loss: 4.0605
INFO:root:Round 2800's server train  acc:   8.90%, train loss: 4.0287
INFO:root:Round 2800's server test   acc:   8.77%, test  loss: 4.0420
INFO:root:Round 2900's server train  acc:   9.28%, train loss: 4.0112
INFO:root:Round 2900's server test   acc:   9.16%, test  loss: 4.0247
INFO:root:Round 3000's server train  acc:   9.32%, train loss: 3.9981
INFO:root:Round 3000's server test   acc:   9.13%, test  loss: 4.0125
INFO:root:Round 3100's server train  acc:   9.47%, train loss: 3.9877
INFO:root:Round 3100's server test   acc:   9.15%, test  loss: 4.0025
INFO:root:Round 3200's server train  acc:   9.43%, train loss: 3.9749
INFO:root:Round 3200's server test   acc:   9.29%, test  loss: 3.9901
INFO:root:Round 3300's server train  acc:  10.02%, train loss: 3.9618
INFO:root:Round 3300's server test   acc:   9.81%, test  loss: 3.9769
INFO:root:Round 3400's server train  acc:  10.05%, train loss: 3.9520
INFO:root:Round 3400's server test   acc:   9.90%, test  loss: 3.9666
INFO:root:Round 3500's server train  acc:  10.06%, train loss: 3.9457
INFO:root:Round 3500's server test   acc:   9.85%, test  loss: 3.9612
INFO:root:Round 3600's server train  acc:  10.36%, train loss: 3.9360
INFO:root:Round 3600's server test   acc:   9.99%, test  loss: 3.9511
INFO:root:Round 3700's server train  acc:  10.29%, train loss: 3.9282
INFO:root:Round 3700's server test   acc:  10.39%, test  loss: 3.9440
INFO:root:Round 3800's server train  acc:  10.51%, train loss: 3.9204
INFO:root:Round 3800's server test   acc:  10.42%, test  loss: 3.9370
INFO:root:Round 3900's server train  acc:  10.64%, train loss: 3.9133
INFO:root:Round 3900's server test   acc:  10.53%, test  loss: 3.9303
INFO:root:Round 4000's server train  acc:  10.83%, train loss: 3.9055
INFO:root:Round 4000's server test   acc:  10.68%, test  loss: 3.9223
INFO:root:Round 4100's server train  acc:  11.00%, train loss: 3.8959
INFO:root:Round 4100's server test   acc:  10.71%, test  loss: 3.9126
INFO:root:Round 4200's server train  acc:  10.99%, train loss: 3.8868
INFO:root:Round 4200's server test   acc:  10.93%, test  loss: 3.9037
INFO:root:Round 4300's server train  acc:  11.39%, train loss: 3.8796
INFO:root:Round 4300's server test   acc:  11.18%, test  loss: 3.8963
INFO:root:Round 4400's server train  acc:  11.30%, train loss: 3.8722
INFO:root:Round 4400's server test   acc:  11.34%, test  loss: 3.8890
INFO:root:Round 4500's server train  acc:  11.61%, train loss: 3.8667
INFO:root:Round 4500's server test   acc:  11.40%, test  loss: 3.8830
INFO:root:Round 4600's server train  acc:  11.54%, train loss: 3.8580
INFO:root:Round 4600's server test   acc:  11.67%, test  loss: 3.8753
INFO:root:Round 4700's server train  acc:  11.89%, train loss: 3.8523
INFO:root:Round 4700's server test   acc:  11.58%, test  loss: 3.8696
INFO:root:Round 4800's server train  acc:  11.84%, train loss: 3.8433
INFO:root:Round 4800's server test   acc:  12.04%, test  loss: 3.8604
INFO:root:Round 4900's server train  acc:  11.89%, train loss: 3.8389
INFO:root:Round 4900's server test   acc:  11.84%, test  loss: 3.8566
INFO:root:Round 5000's server train  acc:  12.28%, train loss: 3.8293
INFO:root:Round 5000's server test   acc:  12.07%, test  loss: 3.8470
INFO:root:Round 5100's server train  acc:  12.12%, train loss: 3.8239
INFO:root:Round 5100's server test   acc:  11.90%, test  loss: 3.8419
INFO:root:Round 5200's server train  acc:  12.27%, train loss: 3.8188
INFO:root:Round 5200's server test   acc:  11.83%, test  loss: 3.8370
INFO:root:Round 5300's server train  acc:  12.35%, train loss: 3.8107
INFO:root:Round 5300's server test   acc:  12.23%, test  loss: 3.8289
INFO:root:Round 5400's server train  acc:  12.46%, train loss: 3.8065
INFO:root:Round 5400's server test   acc:  12.34%, test  loss: 3.8245
INFO:root:Round 5500's server train  acc:  12.69%, train loss: 3.7981
INFO:root:Round 5500's server test   acc:  12.65%, test  loss: 3.8161
INFO:root:Round 5600's server train  acc:  12.93%, train loss: 3.7901
INFO:root:Round 5600's server test   acc:  12.93%, test  loss: 3.8087
INFO:root:Round 5700's server train  acc:  12.88%, train loss: 3.7837
INFO:root:Round 5700's server test   acc:  12.83%, test  loss: 3.8024
INFO:root:Round 5800's server train  acc:  13.05%, train loss: 3.7752
INFO:root:Round 5800's server test   acc:  12.81%, test  loss: 3.7942
INFO:root:Round 5900's server train  acc:  13.28%, train loss: 3.7712
INFO:root:Round 5900's server test   acc:  13.14%, test  loss: 3.7908
INFO:root:Round 6000's server train  acc:  13.06%, train loss: 3.7672
INFO:root:Round 6000's server test   acc:  13.04%, test  loss: 3.7866
INFO:root:Round 6100's server train  acc:  13.33%, train loss: 3.7558
INFO:root:Round 6100's server test   acc:  13.33%, test  loss: 3.7752
INFO:root:Round 6200's server train  acc:  13.49%, train loss: 3.7519
INFO:root:Round 6200's server test   acc:  13.30%, test  loss: 3.7716
INFO:root:Round 6300's server train  acc:  13.73%, train loss: 3.7438
INFO:root:Round 6300's server test   acc:  13.40%, test  loss: 3.7633
INFO:root:Round 6400's server train  acc:  14.01%, train loss: 3.7355
INFO:root:Round 6400's server test   acc:  13.97%, test  loss: 3.7552
INFO:root:Round 6500's server train  acc:  13.69%, train loss: 3.7354
INFO:root:Round 6500's server test   acc:  13.29%, test  loss: 3.7548
INFO:root:Round 6600's server train  acc:  13.82%, train loss: 3.7316
INFO:root:Round 6600's server test   acc:  13.27%, test  loss: 3.7520
INFO:root:Round 6700's server train  acc:  13.98%, train loss: 3.7206
INFO:root:Round 6700's server test   acc:  13.68%, test  loss: 3.7413
INFO:root:Round 6800's server train  acc:  13.79%, train loss: 3.7163
INFO:root:Round 6800's server test   acc:  13.73%, test  loss: 3.7363
INFO:root:Round 6900's server train  acc:  14.01%, train loss: 3.7143
INFO:root:Round 6900's server test   acc:  13.79%, test  loss: 3.7337
INFO:root:Round 7000's server train  acc:  13.95%, train loss: 3.7068
INFO:root:Round 7000's server test   acc:  13.67%, test  loss: 3.7281
INFO:root:Round 7100's server train  acc:  14.45%, train loss: 3.6974
INFO:root:Round 7100's server test   acc:  14.33%, test  loss: 3.7198
INFO:root:Round 7200's server train  acc:  14.26%, train loss: 3.6961
INFO:root:Round 7200's server test   acc:  14.17%, test  loss: 3.7179
INFO:root:Round 7300's server train  acc:  14.48%, train loss: 3.6870
INFO:root:Round 7300's server test   acc:  14.17%, test  loss: 3.7091
INFO:root:Round 7400's server train  acc:  14.58%, train loss: 3.6846
INFO:root:Round 7400's server test   acc:  14.36%, test  loss: 3.7065
INFO:root:Round 7500's server train  acc:  14.73%, train loss: 3.6802
INFO:root:Round 7500's server test   acc:  14.40%, test  loss: 3.7013
INFO:root:Round 7600's server train  acc:  14.78%, train loss: 3.6733
INFO:root:Round 7600's server test   acc:  14.58%, test  loss: 3.6958
INFO:root:Round 7700's server train  acc:  15.06%, train loss: 3.6694
INFO:root:Round 7700's server test   acc:  14.71%, test  loss: 3.6919
INFO:root:Round 7800's server train  acc:  15.05%, train loss: 3.6650
INFO:root:Round 7800's server test   acc:  14.68%, test  loss: 3.6877
INFO:root:Round 7900's server train  acc:  15.15%, train loss: 3.6580
INFO:root:Round 7900's server test   acc:  14.92%, test  loss: 3.6814
INFO:root:Round 8000's server train  acc:  14.90%, train loss: 3.6536
INFO:root:Round 8000's server test   acc:  14.86%, test  loss: 3.6777
INFO:root:Round 8100's server train  acc:  14.98%, train loss: 3.6578
INFO:root:Round 8100's server test   acc:  14.70%, test  loss: 3.6826
INFO:root:Round 8200's server train  acc:  15.42%, train loss: 3.6427
INFO:root:Round 8200's server test   acc:  15.30%, test  loss: 3.6660
INFO:root:Round 8300's server train  acc:  15.40%, train loss: 3.6368
INFO:root:Round 8300's server test   acc:  15.04%, test  loss: 3.6618
INFO:root:Round 8400's server train  acc:  15.25%, train loss: 3.6404
INFO:root:Round 8400's server test   acc:  15.20%, test  loss: 3.6655
INFO:root:Round 8500's server train  acc:  15.70%, train loss: 3.6295
INFO:root:Round 8500's server test   acc:  15.46%, test  loss: 3.6546
INFO:root:Round 8600's server train  acc:  15.47%, train loss: 3.6295
INFO:root:Round 8600's server test   acc:  15.23%, test  loss: 3.6556
INFO:root:Round 8700's server train  acc:  15.69%, train loss: 3.6267
INFO:root:Round 8700's server test   acc:  15.09%, test  loss: 3.6533
INFO:root:Round 8800's server train  acc:  15.93%, train loss: 3.6188
INFO:root:Round 8800's server test   acc:  15.68%, test  loss: 3.6445
INFO:root:Round 8900's server train  acc:  15.93%, train loss: 3.6136
INFO:root:Round 8900's server test   acc:  15.55%, test  loss: 3.6405
INFO:root:Round 9000's server train  acc:  15.70%, train loss: 3.6118
INFO:root:Round 9000's server test   acc:  15.40%, test  loss: 3.6389
INFO:root:Round 9100's server train  acc:  15.79%, train loss: 3.6073
INFO:root:Round 9100's server test   acc:  15.42%, test  loss: 3.6339
INFO:root:Round 9200's server train  acc:  15.74%, train loss: 3.6095
INFO:root:Round 9200's server test   acc:  15.37%, test  loss: 3.6374
INFO:root:Round 9300's server train  acc:  16.31%, train loss: 3.5988
INFO:root:Round 9300's server test   acc:  15.93%, test  loss: 3.6267
INFO:root:Round 9400's server train  acc:  16.12%, train loss: 3.6020
INFO:root:Round 9400's server test   acc:  15.89%, test  loss: 3.6310
INFO:root:Round 9500's server train  acc:  16.02%, train loss: 3.5959
INFO:root:Round 9500's server test   acc:  15.73%, test  loss: 3.6243
INFO:root:Round 9600's server train  acc:  16.31%, train loss: 3.5878
INFO:root:Round 9600's server test   acc:  16.15%, test  loss: 3.6170
INFO:root:Round 9700's server train  acc:  16.46%, train loss: 3.5828
INFO:root:Round 9700's server test   acc:  16.06%, test  loss: 3.6109
INFO:root:Round 9800's server train  acc:  16.71%, train loss: 3.5829
INFO:root:Round 9800's server test   acc:  16.39%, test  loss: 3.6125
INFO:root:Round 9900's server train  acc:  16.57%, train loss: 3.5745
INFO:root:Round 9900's server test   acc:  16.37%, test  loss: 3.6041
INFO:root:Round 10000's server train  acc:  16.94%, train loss: 3.5688
INFO:root:Round 10000's server test   acc:  16.43%, test  loss: 3.5984
INFO:root:Round 10100's server train  acc:  16.75%, train loss: 3.5683
INFO:root:Round 10100's server test   acc:  16.31%, test  loss: 3.5987
INFO:root:Round 10200's server train  acc:  16.44%, train loss: 3.5706
INFO:root:Round 10200's server test   acc:  16.34%, test  loss: 3.6018
INFO:root:Round 10300's server train  acc:  16.57%, train loss: 3.5678
INFO:root:Round 10300's server test   acc:  16.44%, test  loss: 3.6005
INFO:root:Round 10400's server train  acc:  16.88%, train loss: 3.5552
INFO:root:Round 10400's server test   acc:  16.66%, test  loss: 3.5867
INFO:root:Round 10500's server train  acc:  17.15%, train loss: 3.5535
INFO:root:Round 10500's server test   acc:  16.73%, test  loss: 3.5860
INFO:root:Round 10600's server train  acc:  17.23%, train loss: 3.5526
INFO:root:Round 10600's server test   acc:  16.68%, test  loss: 3.5858
INFO:root:Round 10700's server train  acc:  17.11%, train loss: 3.5578
INFO:root:Round 10700's server test   acc:  16.75%, test  loss: 3.5907
INFO:root:Round 10800's server train  acc:  17.26%, train loss: 3.5462
INFO:root:Round 10800's server test   acc:  16.60%, test  loss: 3.5796
INFO:root:Round 10900's server train  acc:  17.02%, train loss: 3.5443
INFO:root:Round 10900's server test   acc:  16.56%, test  loss: 3.5782
INFO:root:Round 11000's server train  acc:  17.36%, train loss: 3.5392
INFO:root:Round 11000's server test   acc:  16.83%, test  loss: 3.5724
INFO:root:Round 11100's server train  acc:  17.36%, train loss: 3.5353
INFO:root:Round 11100's server test   acc:  16.83%, test  loss: 3.5697
INFO:root:Round 11200's server train  acc:  17.25%, train loss: 3.5403
INFO:root:Round 11200's server test   acc:  17.08%, test  loss: 3.5749
INFO:root:Round 11300's server train  acc:  17.22%, train loss: 3.5340
INFO:root:Round 11300's server test   acc:  17.13%, test  loss: 3.5672
INFO:root:Round 11400's server train  acc:  17.12%, train loss: 3.5371
INFO:root:Round 11400's server test   acc:  16.88%, test  loss: 3.5722
INFO:root:Round 11500's server train  acc:  17.30%, train loss: 3.5308
INFO:root:Round 11500's server test   acc:  17.15%, test  loss: 3.5647
INFO:root:Round 11600's server train  acc:  17.23%, train loss: 3.5335
INFO:root:Round 11600's server test   acc:  16.85%, test  loss: 3.5686
INFO:root:Round 11700's server train  acc:  17.30%, train loss: 3.5246
INFO:root:Round 11700's server test   acc:  17.04%, test  loss: 3.5611
INFO:root:Round 11800's server train  acc:  17.50%, train loss: 3.5250
INFO:root:Round 11800's server test   acc:  17.00%, test  loss: 3.5614
INFO:root:Round 11900's server train  acc:  17.50%, train loss: 3.5186
INFO:root:Round 11900's server test   acc:  17.19%, test  loss: 3.5542
INFO:root:Round 12000's server train  acc:  17.45%, train loss: 3.5197
INFO:root:Round 12000's server test   acc:  16.79%, test  loss: 3.5570
INFO:root:Round 12100's server train  acc:  17.57%, train loss: 3.5140
INFO:root:Round 12100's server test   acc:  16.98%, test  loss: 3.5512
INFO:root:Round 12200's server train  acc:  17.58%, train loss: 3.5113
INFO:root:Round 12200's server test   acc:  17.31%, test  loss: 3.5482
INFO:root:Round 12300's server train  acc:  17.55%, train loss: 3.5114
INFO:root:Round 12300's server test   acc:  16.85%, test  loss: 3.5505
INFO:root:Round 12400's server train  acc:  17.77%, train loss: 3.5027
INFO:root:Round 12400's server test   acc:  17.36%, test  loss: 3.5421
INFO:root:Round 12500's server train  acc:  17.71%, train loss: 3.5088
INFO:root:Round 12500's server test   acc:  17.22%, test  loss: 3.5464
INFO:root:Round 12600's server train  acc:  17.62%, train loss: 3.5044
INFO:root:Round 12600's server test   acc:  17.18%, test  loss: 3.5431
INFO:root:Round 12700's server train  acc:  17.76%, train loss: 3.4955
INFO:root:Round 12700's server test   acc:  17.08%, test  loss: 3.5355
INFO:root:Round 12800's server train  acc:  17.75%, train loss: 3.4978
INFO:root:Round 12800's server test   acc:  17.15%, test  loss: 3.5371
INFO:root:Round 12900's server train  acc:  18.31%, train loss: 3.4877
INFO:root:Round 12900's server test   acc:  17.85%, test  loss: 3.5264
INFO:root:Round 13000's server train  acc:  17.62%, train loss: 3.4974
INFO:root:Round 13000's server test   acc:  17.38%, test  loss: 3.5380
INFO:root:Round 13100's server train  acc:  18.13%, train loss: 3.4874
INFO:root:Round 13100's server test   acc:  17.74%, test  loss: 3.5261
INFO:root:Round 13200's server train  acc:  18.27%, train loss: 3.4854
INFO:root:Round 13200's server test   acc:  17.93%, test  loss: 3.5258
INFO:root:Round 13300's server train  acc:  18.08%, train loss: 3.4853
INFO:root:Round 13300's server test   acc:  17.51%, test  loss: 3.5268
INFO:root:Round 13400's server train  acc:  18.06%, train loss: 3.4810
INFO:root:Round 13400's server test   acc:  17.50%, test  loss: 3.5227
INFO:root:Round 13500's server train  acc:  18.00%, train loss: 3.4819
INFO:root:Round 13500's server test   acc:  17.47%, test  loss: 3.5230
INFO:root:Round 13600's server train  acc:  18.57%, train loss: 3.4731
INFO:root:Round 13600's server test   acc:  17.97%, test  loss: 3.5154
INFO:root:Round 13700's server train  acc:  18.13%, train loss: 3.4776
INFO:root:Round 13700's server test   acc:  17.67%, test  loss: 3.5203
INFO:root:Round 13800's server train  acc:  18.31%, train loss: 3.4728
INFO:root:Round 13800's server test   acc:  17.80%, test  loss: 3.5133
INFO:root:Round 13900's server train  acc:  18.19%, train loss: 3.4745
INFO:root:Round 13900's server test   acc:  17.60%, test  loss: 3.5159
INFO:root:Round 14000's server train  acc:  18.33%, train loss: 3.4717
INFO:root:Round 14000's server test   acc:  17.95%, test  loss: 3.5133
INFO:root:Round 14100's server train  acc:  18.47%, train loss: 3.4691
INFO:root:Round 14100's server test   acc:  17.88%, test  loss: 3.5108
INFO:root:Round 14200's server train  acc:  18.28%, train loss: 3.4624
INFO:root:Round 14200's server test   acc:  17.85%, test  loss: 3.5057
INFO:root:Round 14300's server train  acc:  18.33%, train loss: 3.4653
INFO:root:Round 14300's server test   acc:  17.86%, test  loss: 3.5081
INFO:root:Round 14400's server train  acc:  18.71%, train loss: 3.4528
INFO:root:Round 14400's server test   acc:  18.02%, test  loss: 3.4958
INFO:root:Round 14500's server train  acc:  18.92%, train loss: 3.4494
INFO:root:Round 14500's server test   acc:  18.67%, test  loss: 3.4926
INFO:root:Round 14600's server train  acc:  18.75%, train loss: 3.4516
INFO:root:Round 14600's server test   acc:  18.19%, test  loss: 3.4944
INFO:root:Round 14700's server train  acc:  18.54%, train loss: 3.4550
INFO:root:Round 14700's server test   acc:  17.97%, test  loss: 3.5003
INFO:root:Round 14800's server train  acc:  18.52%, train loss: 3.4514
INFO:root:Round 14800's server test   acc:  17.95%, test  loss: 3.4960
INFO:root:Round 14900's server train  acc:  19.06%, train loss: 3.4431
INFO:root:Round 14900's server test   acc:  18.48%, test  loss: 3.4875
INFO:root:Round 15000's server train  acc:  18.86%, train loss: 3.4460
INFO:root:Round 15000's server test   acc:  18.54%, test  loss: 3.4910
INFO:root:Round 15100's server train  acc:  19.02%, train loss: 3.4404
INFO:root:Round 15100's server test   acc:  18.46%, test  loss: 3.4846
INFO:root:Round 15200's server train  acc:  19.18%, train loss: 3.4341
INFO:root:Round 15200's server test   acc:  18.81%, test  loss: 3.4790
INFO:root:Round 15300's server train  acc:  19.00%, train loss: 3.4424
INFO:root:Round 15300's server test   acc:  18.02%, test  loss: 3.4887
INFO:root:Round 15400's server train  acc:  18.81%, train loss: 3.4456
INFO:root:Round 15400's server test   acc:  18.14%, test  loss: 3.4914
INFO:root:Round 15500's server train  acc:  18.89%, train loss: 3.4361
INFO:root:Round 15500's server test   acc:  18.14%, test  loss: 3.4812
INFO:root:Round 15600's server train  acc:  18.86%, train loss: 3.4411
INFO:root:Round 15600's server test   acc:  17.97%, test  loss: 3.4870
INFO:root:Round 15700's server train  acc:  18.99%, train loss: 3.4295
INFO:root:Round 15700's server test   acc:  18.48%, test  loss: 3.4749
INFO:root:Round 15800's server train  acc:  19.00%, train loss: 3.4366
INFO:root:Round 15800's server test   acc:  18.21%, test  loss: 3.4822
INFO:root:Round 15900's server train  acc:  19.12%, train loss: 3.4291
INFO:root:Round 15900's server test   acc:  18.43%, test  loss: 3.4763
INFO:root:Round 16000's server train  acc:  18.88%, train loss: 3.4313
INFO:root:Round 16000's server test   acc:  17.99%, test  loss: 3.4776
INFO:root:Round 16100's server train  acc:  19.11%, train loss: 3.4329
INFO:root:Round 16100's server test   acc:  18.24%, test  loss: 3.4798
INFO:root:Round 16200's server train  acc:  18.93%, train loss: 3.4290
INFO:root:Round 16200's server test   acc:  18.41%, test  loss: 3.4767
INFO:root:Round 16300's server train  acc:  19.24%, train loss: 3.4136
INFO:root:Round 16300's server test   acc:  18.65%, test  loss: 3.4607
INFO:root:Round 16400's server train  acc:  19.30%, train loss: 3.4158
INFO:root:Round 16400's server test   acc:  18.74%, test  loss: 3.4636
INFO:root:Round 16500's server train  acc:  19.34%, train loss: 3.4210
INFO:root:Round 16500's server test   acc:  18.74%, test  loss: 3.4691
INFO:root:Round 16600's server train  acc:  19.34%, train loss: 3.4193
INFO:root:Round 16600's server test   acc:  18.60%, test  loss: 3.4671
INFO:root:Round 16700's server train  acc:  19.15%, train loss: 3.4146
INFO:root:Round 16700's server test   acc:  18.63%, test  loss: 3.4631
INFO:root:Round 16800's server train  acc:  19.34%, train loss: 3.4127
INFO:root:Round 16800's server test   acc:  18.75%, test  loss: 3.4614
INFO:root:Round 16900's server train  acc:  19.51%, train loss: 3.4127
INFO:root:Round 16900's server test   acc:  18.92%, test  loss: 3.4622
INFO:root:Round 17000's server train  acc:  19.39%, train loss: 3.4158
INFO:root:Round 17000's server test   acc:  18.65%, test  loss: 3.4661
INFO:root:Round 17100's server train  acc:  19.73%, train loss: 3.4068
INFO:root:Round 17100's server test   acc:  18.86%, test  loss: 3.4556
INFO:root:Round 17200's server train  acc:  19.81%, train loss: 3.3949
INFO:root:Round 17200's server test   acc:  19.15%, test  loss: 3.4447
INFO:root:Round 17300's server train  acc:  19.73%, train loss: 3.3965
INFO:root:Round 17300's server test   acc:  19.05%, test  loss: 3.4458
INFO:root:Round 17400's server train  acc:  19.73%, train loss: 3.3975
INFO:root:Round 17400's server test   acc:  18.98%, test  loss: 3.4459
INFO:root:Round 17500's server train  acc:  19.50%, train loss: 3.4063
INFO:root:Round 17500's server test   acc:  18.75%, test  loss: 3.4567
INFO:root:Round 17600's server train  acc:  19.38%, train loss: 3.4061
INFO:root:Round 17600's server test   acc:  18.71%, test  loss: 3.4559
INFO:root:Round 17700's server train  acc:  19.59%, train loss: 3.3923
INFO:root:Round 17700's server test   acc:  18.97%, test  loss: 3.4423
INFO:root:Round 17800's server train  acc:  19.86%, train loss: 3.3900
INFO:root:Round 17800's server test   acc:  19.22%, test  loss: 3.4405
INFO:root:Round 17900's server train  acc:  19.86%, train loss: 3.3851
INFO:root:Round 17900's server test   acc:  19.12%, test  loss: 3.4360
INFO:root:Round 18000's server train  acc:  19.69%, train loss: 3.3967
INFO:root:Round 18000's server test   acc:  19.00%, test  loss: 3.4475
INFO:root:Round 18100's server train  acc:  20.03%, train loss: 3.3860
INFO:root:Round 18100's server test   acc:  19.10%, test  loss: 3.4377
INFO:root:Round 18200's server train  acc:  19.81%, train loss: 3.3896
INFO:root:Round 18200's server test   acc:  19.15%, test  loss: 3.4406
INFO:root:Round 18300's server train  acc:  19.68%, train loss: 3.3927
INFO:root:Round 18300's server test   acc:  18.76%, test  loss: 3.4448
INFO:root:Round 18400's server train  acc:  19.65%, train loss: 3.3890
INFO:root:Round 18400's server test   acc:  18.59%, test  loss: 3.4393
INFO:root:Round 18500's server train  acc:  20.05%, train loss: 3.3765
INFO:root:Round 18500's server test   acc:  19.43%, test  loss: 3.4272
INFO:root:Round 18600's server train  acc:  19.77%, train loss: 3.3828
INFO:root:Round 18600's server test   acc:  19.21%, test  loss: 3.4331
INFO:root:Round 18700's server train  acc:  19.95%, train loss: 3.3770
INFO:root:Round 18700's server test   acc:  19.31%, test  loss: 3.4282
INFO:root:Round 18800's server train  acc:  19.93%, train loss: 3.3783
INFO:root:Round 18800's server test   acc:  19.40%, test  loss: 3.4317
INFO:root:Round 18900's server train  acc:  20.21%, train loss: 3.3737
INFO:root:Round 18900's server test   acc:  19.37%, test  loss: 3.4265
INFO:root:Round 19000's server train  acc:  20.03%, train loss: 3.3753
INFO:root:Round 19000's server test   acc:  19.17%, test  loss: 3.4281
INFO:root:Round 19100's server train  acc:  19.94%, train loss: 3.3798
INFO:root:Round 19100's server test   acc:  18.94%, test  loss: 3.4317
INFO:root:Round 19200's server train  acc:  19.84%, train loss: 3.3767
INFO:root:Round 19200's server test   acc:  19.31%, test  loss: 3.4285
INFO:root:Round 19300's server train  acc:  20.40%, train loss: 3.3638
INFO:root:Round 19300's server test   acc:  19.57%, test  loss: 3.4179
INFO:root:Round 19400's server train  acc:  20.10%, train loss: 3.3676
INFO:root:Round 19400's server test   acc:  19.28%, test  loss: 3.4224
INFO:root:Round 19500's server train  acc:  20.32%, train loss: 3.3668
INFO:root:Round 19500's server test   acc:  19.62%, test  loss: 3.4202
INFO:root:Round 19600's server train  acc:  20.22%, train loss: 3.3625
INFO:root:Round 19600's server test   acc:  19.43%, test  loss: 3.4159
INFO:root:Round 19700's server train  acc:  19.99%, train loss: 3.3643
INFO:root:Round 19700's server test   acc:  19.11%, test  loss: 3.4189
INFO:root:Round 19800's server train  acc:  20.30%, train loss: 3.3579
INFO:root:Round 19800's server test   acc:  19.36%, test  loss: 3.4125
INFO:root:Round 19900's server train  acc:  20.30%, train loss: 3.3619
INFO:root:Round 19900's server test   acc:  19.23%, test  loss: 3.4161
INFO:root:Round 20000's server train  acc:  20.24%, train loss: 3.3572
INFO:root:Round 20000's server test   acc:  19.31%, test  loss: 3.4117
INFO:root:TrainingTime: 8377.153680086136 sec
