INFO:root:Namespace(m='wvgg9k4', d='cinic10', s=2, R=20000, K=5, M=1000, P=10, partition='shard', alpha=[1], optim='sgd', lr=0.001, lr_scheduler='exp', lr_decay=1.0, momentum=0.0, weight_decay=0.0, global_lr=1.0, batch_size=16, seed=0, clip=10, log='info+log', eval_every=100, device=0, start_round=0, save_model=0)
INFO:root:record_name: ShufflingFedAvg1.0_M1000,10_K5_R20000,100_wvgg9k4_cinic10_shard1_sgd0.001,0.0,0.0_exp1.0_b16_seed0_clip10
INFO:root:VGG(
  (features): Sequential(
    (0): Conv2d(3, 32, kernel_size=(3, 3), stride=(1, 1), padding=(1, 1))
    (1): ReLU(inplace=True)
    (2): MaxPool2d(kernel_size=2, stride=2, padding=0, dilation=1, ceil_mode=False)
    (3): Conv2d(32, 64, kernel_size=(3, 3), stride=(1, 1), padding=(1, 1))
    (4): ReLU(inplace=True)
    (5): MaxPool2d(kernel_size=2, stride=2, padding=0, dilation=1, ceil_mode=False)
    (6): Conv2d(64, 128, kernel_size=(3, 3), stride=(1, 1), padding=(1, 1))
    (7): ReLU(inplace=True)
    (8): Conv2d(128, 128, kernel_size=(3, 3), stride=(1, 1), padding=(1, 1))
    (9): ReLU(inplace=True)
    (10): MaxPool2d(kernel_size=2, stride=2, padding=0, dilation=1, ceil_mode=False)
    (11): Conv2d(128, 256, kernel_size=(3, 3), stride=(1, 1), padding=(1, 1))
    (12): ReLU(inplace=True)
    (13): Conv2d(256, 256, kernel_size=(3, 3), stride=(1, 1), padding=(1, 1))
    (14): ReLU(inplace=True)
    (15): MaxPool2d(kernel_size=2, stride=2, padding=0, dilation=1, ceil_mode=False)
    (16): Conv2d(256, 256, kernel_size=(3, 3), stride=(1, 1), padding=(1, 1))
    (17): ReLU(inplace=True)
    (18): Conv2d(256, 256, kernel_size=(3, 3), stride=(1, 1), padding=(1, 1))
    (19): ReLU(inplace=True)
    (20): MaxPool2d(kernel_size=2, stride=2, padding=0, dilation=1, ceil_mode=False)
  )
  (avgpool): AdaptiveAvgPool2d(output_size=(1, 1))
  (flatten): Flatten(start_dim=1, end_dim=-1)
  (classifier): Linear(in_features=256, out_features=10, bias=True)
)
INFO:root:Round 100's server train  acc:  14.02%, train loss: 2.2995
INFO:root:Round 100's server test   acc:  13.92%, test  loss: 2.2996
INFO:root:Round 200's server train  acc:  10.06%, train loss: 2.3031
INFO:root:Round 200's server test   acc:  10.05%, test  loss: 2.3036
INFO:root:Round 300's server train  acc:  10.00%, train loss: 2.4157
INFO:root:Round 300's server test   acc:  10.00%, test  loss: 2.4156
INFO:root:Round 400's server train  acc:  10.03%, train loss: 2.6630
INFO:root:Round 400's server test   acc:  10.02%, test  loss: 2.6617
INFO:root:Round 500's server train  acc:  10.68%, train loss: 2.5564
INFO:root:Round 500's server test   acc:  10.57%, test  loss: 2.5551
INFO:root:Round 600's server train  acc:  10.00%, train loss: 2.5693
INFO:root:Round 600's server test   acc:  10.00%, test  loss: 2.5699
INFO:root:Round 700's server train  acc:  10.00%, train loss: 3.1605
INFO:root:Round 700's server test   acc:  10.00%, test  loss: 3.1613
INFO:root:Round 800's server train  acc:  10.00%, train loss: 2.7552
INFO:root:Round 800's server test   acc:  10.00%, test  loss: 2.7529
INFO:root:Round 900's server train  acc:  10.00%, train loss: 3.2459
INFO:root:Round 900's server test   acc:  10.00%, test  loss: 3.2467
INFO:root:Round 1000's server train  acc:  10.09%, train loss: 2.6848
INFO:root:Round 1000's server test   acc:   9.99%, test  loss: 2.6841
INFO:root:Round 1100's server train  acc:  10.00%, train loss: 2.9783
INFO:root:Round 1100's server test   acc:  10.00%, test  loss: 2.9772
INFO:root:Round 1200's server train  acc:  10.00%, train loss: 3.2610
INFO:root:Round 1200's server test   acc:  10.00%, test  loss: 3.2603
INFO:root:Round 1300's server train  acc:  10.00%, train loss: 3.0860
INFO:root:Round 1300's server test   acc:  10.00%, test  loss: 3.0876
INFO:root:Round 1400's server train  acc:  10.52%, train loss: 3.0059
INFO:root:Round 1400's server test   acc:  10.55%, test  loss: 3.0059
INFO:root:Round 1500's server train  acc:  10.00%, train loss: 4.1230
INFO:root:Round 1500's server test   acc:  10.00%, test  loss: 4.1194
INFO:root:Round 1600's server train  acc:  10.00%, train loss: 3.8222
INFO:root:Round 1600's server test   acc:  10.00%, test  loss: 3.8237
INFO:root:Round 1700's server train  acc:  10.00%, train loss: 3.4135
INFO:root:Round 1700's server test   acc:  10.00%, test  loss: 3.4134
INFO:root:Round 1800's server train  acc:  10.00%, train loss: 2.6697
INFO:root:Round 1800's server test   acc:  10.00%, test  loss: 2.6710
INFO:root:Round 1900's server train  acc:  10.00%, train loss: 3.1357
INFO:root:Round 1900's server test   acc:  10.00%, test  loss: 3.1359
INFO:root:Round 2000's server train  acc:  10.00%, train loss: 2.5023
INFO:root:Round 2000's server test   acc:  10.00%, test  loss: 2.5020
INFO:root:Round 2100's server train  acc:   9.97%, train loss: 2.7685
INFO:root:Round 2100's server test   acc:  10.00%, test  loss: 2.7671
INFO:root:Round 2200's server train  acc:  10.00%, train loss: 2.9399
INFO:root:Round 2200's server test   acc:  10.00%, test  loss: 2.9376
INFO:root:Round 2300's server train  acc:  11.10%, train loss: 2.9849
INFO:root:Round 2300's server test   acc:  11.06%, test  loss: 2.9846
INFO:root:Round 2400's server train  acc:  10.15%, train loss: 3.3726
INFO:root:Round 2400's server test   acc:  10.14%, test  loss: 3.3719
INFO:root:Round 2500's server train  acc:  10.31%, train loss: 3.0058
INFO:root:Round 2500's server test   acc:  10.30%, test  loss: 3.0053
INFO:root:Round 2600's server train  acc:  10.00%, train loss: 2.6656
INFO:root:Round 2600's server test   acc:  10.00%, test  loss: 2.6667
INFO:root:Round 2700's server train  acc:  10.00%, train loss: 3.6530
INFO:root:Round 2700's server test   acc:  10.00%, test  loss: 3.6493
INFO:root:Round 2800's server train  acc:  10.00%, train loss: 3.6053
INFO:root:Round 2800's server test   acc:  10.00%, test  loss: 3.6060
INFO:root:Round 2900's server train  acc:  10.00%, train loss: 3.3222
INFO:root:Round 2900's server test   acc:  10.00%, test  loss: 3.3251
INFO:root:Round 3000's server train  acc:  11.11%, train loss: 2.6368
INFO:root:Round 3000's server test   acc:  11.03%, test  loss: 2.6349
INFO:root:Round 3100's server train  acc:  10.17%, train loss: 2.6500
INFO:root:Round 3100's server test   acc:  10.17%, test  loss: 2.6501
INFO:root:Round 3200's server train  acc:  10.09%, train loss: 2.9311
INFO:root:Round 3200's server test   acc:  10.10%, test  loss: 2.9319
INFO:root:Round 3300's server train  acc:  11.81%, train loss: 2.7895
INFO:root:Round 3300's server test   acc:  11.84%, test  loss: 2.7885
INFO:root:Round 3400's server train  acc:  10.00%, train loss: 3.6922
INFO:root:Round 3400's server test   acc:  10.00%, test  loss: 3.6889
INFO:root:Round 3500's server train  acc:  10.00%, train loss: 4.9825
INFO:root:Round 3500's server test   acc:  10.00%, test  loss: 4.9826
INFO:root:Round 3600's server train  acc:  10.06%, train loss: 3.1227
INFO:root:Round 3600's server test   acc:  10.05%, test  loss: 3.1216
INFO:root:Round 3700's server train  acc:  10.00%, train loss: 3.2265
INFO:root:Round 3700's server test   acc:  10.00%, test  loss: 3.2269
INFO:root:Round 3800's server train  acc:  10.00%, train loss: 2.8242
INFO:root:Round 3800's server test   acc:  10.00%, test  loss: 2.8246
INFO:root:Round 3900's server train  acc:  10.00%, train loss: 3.5806
INFO:root:Round 3900's server test   acc:  10.00%, test  loss: 3.5807
INFO:root:Round 4000's server train  acc:  10.00%, train loss: 3.7843
INFO:root:Round 4000's server test   acc:  10.00%, test  loss: 3.7820
INFO:root:Round 4100's server train  acc:  11.18%, train loss: 2.9147
INFO:root:Round 4100's server test   acc:  11.21%, test  loss: 2.9149
INFO:root:Round 4200's server train  acc:  10.00%, train loss: 2.6365
INFO:root:Round 4200's server test   acc:  10.00%, test  loss: 2.6376
INFO:root:Round 4300's server train  acc:   9.99%, train loss: 2.8443
INFO:root:Round 4300's server test   acc:  10.00%, test  loss: 2.8444
INFO:root:Round 4400's server train  acc:  10.63%, train loss: 3.1051
INFO:root:Round 4400's server test   acc:  10.61%, test  loss: 3.1043
INFO:root:Round 4500's server train  acc:  10.00%, train loss: 3.3408
INFO:root:Round 4500's server test   acc:  10.00%, test  loss: 3.3392
INFO:root:Round 4600's server train  acc:  14.42%, train loss: 3.3009
INFO:root:Round 4600's server test   acc:  14.23%, test  loss: 3.3013
INFO:root:Round 4700's server train  acc:  10.01%, train loss: 3.2226
INFO:root:Round 4700's server test   acc:  10.01%, test  loss: 3.2222
INFO:root:Round 4800's server train  acc:  10.00%, train loss: 3.7471
INFO:root:Round 4800's server test   acc:  10.00%, test  loss: 3.7471
INFO:root:Round 4900's server train  acc:  10.00%, train loss: 3.6379
INFO:root:Round 4900's server test   acc:  10.00%, test  loss: 3.6383
INFO:root:Round 5000's server train  acc:  11.37%, train loss: 3.0547
INFO:root:Round 5000's server test   acc:  11.39%, test  loss: 3.0563
INFO:root:Round 5100's server train  acc:   9.99%, train loss: 2.8959
INFO:root:Round 5100's server test   acc:   9.99%, test  loss: 2.8983
INFO:root:Round 5200's server train  acc:  10.00%, train loss: 3.5424
INFO:root:Round 5200's server test   acc:  10.00%, test  loss: 3.5465
INFO:root:Round 5300's server train  acc:  10.25%, train loss: 3.6803
INFO:root:Round 5300's server test   acc:  10.27%, test  loss: 3.6763
INFO:root:Round 5400's server train  acc:  10.00%, train loss: 3.3563
INFO:root:Round 5400's server test   acc:  10.00%, test  loss: 3.3530
INFO:root:Round 5500's server train  acc:  10.85%, train loss: 3.0838
INFO:root:Round 5500's server test   acc:  10.79%, test  loss: 3.0839
INFO:root:Round 5600's server train  acc:  10.00%, train loss: 3.3136
INFO:root:Round 5600's server test   acc:  10.00%, test  loss: 3.3126
INFO:root:Round 5700's server train  acc:  10.00%, train loss: 5.2695
INFO:root:Round 5700's server test   acc:  10.00%, test  loss: 5.2698
INFO:root:Round 5800's server train  acc:  12.82%, train loss: 2.9404
INFO:root:Round 5800's server test   acc:  12.70%, test  loss: 2.9413
INFO:root:Round 5900's server train  acc:  10.00%, train loss: 3.1979
INFO:root:Round 5900's server test   acc:  10.00%, test  loss: 3.1970
INFO:root:Round 6000's server train  acc:  10.56%, train loss: 2.7811
INFO:root:Round 6000's server test   acc:  10.49%, test  loss: 2.7804
INFO:root:Round 6100's server train  acc:  10.01%, train loss: 3.3135
INFO:root:Round 6100's server test   acc:  10.01%, test  loss: 3.3111
INFO:root:Round 6200's server train  acc:  10.00%, train loss: 2.9043
INFO:root:Round 6200's server test   acc:  10.00%, test  loss: 2.9023
INFO:root:Round 6300's server train  acc:  10.21%, train loss: 2.9506
INFO:root:Round 6300's server test   acc:  10.32%, test  loss: 2.9514
INFO:root:Round 6400's server train  acc:  13.08%, train loss: 2.6474
INFO:root:Round 6400's server test   acc:  13.02%, test  loss: 2.6487
INFO:root:Round 6500's server train  acc:  10.00%, train loss: 5.1921
INFO:root:Round 6500's server test   acc:  10.00%, test  loss: 5.1966
INFO:root:Round 6600's server train  acc:  10.07%, train loss: 3.3475
INFO:root:Round 6600's server test   acc:  10.05%, test  loss: 3.3468
INFO:root:Round 6700's server train  acc:  11.28%, train loss: 2.9811
INFO:root:Round 6700's server test   acc:  11.18%, test  loss: 2.9827
INFO:root:Round 6800's server train  acc:  10.00%, train loss: 3.0232
INFO:root:Round 6800's server test   acc:  10.00%, test  loss: 3.0254
INFO:root:Round 6900's server train  acc:  10.00%, train loss: 3.9282
INFO:root:Round 6900's server test   acc:   9.99%, test  loss: 3.9274
INFO:root:Round 7000's server train  acc:  10.00%, train loss: 2.8030
INFO:root:Round 7000's server test   acc:  10.00%, test  loss: 2.8029
INFO:root:Round 7100's server train  acc:  12.06%, train loss: 3.8082
INFO:root:Round 7100's server test   acc:  12.08%, test  loss: 3.8077
INFO:root:Round 7200's server train  acc:  10.02%, train loss: 3.3893
INFO:root:Round 7200's server test   acc:  10.02%, test  loss: 3.3926
INFO:root:Round 7300's server train  acc:  12.80%, train loss: 3.0091
INFO:root:Round 7300's server test   acc:  12.71%, test  loss: 3.0096
INFO:root:Round 7400's server train  acc:  10.46%, train loss: 3.1761
INFO:root:Round 7400's server test   acc:  10.49%, test  loss: 3.1783
INFO:root:Round 7500's server train  acc:  10.01%, train loss: 4.1537
INFO:root:Round 7500's server test   acc:  10.01%, test  loss: 4.1517
INFO:root:Round 7600's server train  acc:  10.00%, train loss: 3.0614
INFO:root:Round 7600's server test   acc:  10.00%, test  loss: 3.0592
INFO:root:Round 7700's server train  acc:  10.00%, train loss: 3.2789
INFO:root:Round 7700's server test   acc:  10.00%, test  loss: 3.2749
INFO:root:Round 7800's server train  acc:  14.59%, train loss: 3.1742
INFO:root:Round 7800's server test   acc:  14.49%, test  loss: 3.1731
INFO:root:Round 7900's server train  acc:  10.00%, train loss: 3.4606
INFO:root:Round 7900's server test   acc:  10.00%, test  loss: 3.4624
INFO:root:Round 8000's server train  acc:  10.28%, train loss: 3.3592
INFO:root:Round 8000's server test   acc:  10.25%, test  loss: 3.3576
INFO:root:Round 8100's server train  acc:  10.79%, train loss: 2.6756
INFO:root:Round 8100's server test   acc:  10.78%, test  loss: 2.6752
INFO:root:Round 8200's server train  acc:  10.00%, train loss: 4.5034
INFO:root:Round 8200's server test   acc:  10.00%, test  loss: 4.5001
INFO:root:Round 8300's server train  acc:  12.61%, train loss: 2.6785
INFO:root:Round 8300's server test   acc:  12.67%, test  loss: 2.6784
INFO:root:Round 8400's server train  acc:  10.04%, train loss: 2.9251
INFO:root:Round 8400's server test   acc:  10.02%, test  loss: 2.9245
INFO:root:Round 8500's server train  acc:  10.14%, train loss: 3.0683
INFO:root:Round 8500's server test   acc:  10.11%, test  loss: 3.0681
INFO:root:Round 8600's server train  acc:  10.59%, train loss: 2.7695
INFO:root:Round 8600's server test   acc:  10.57%, test  loss: 2.7701
INFO:root:Round 8700's server train  acc:  10.00%, train loss: 3.4531
INFO:root:Round 8700's server test   acc:  10.00%, test  loss: 3.4529
INFO:root:Round 8800's server train  acc:  10.00%, train loss: 3.4135
INFO:root:Round 8800's server test   acc:  10.00%, test  loss: 3.4143
INFO:root:Round 8900's server train  acc:  10.00%, train loss: 2.9931
INFO:root:Round 8900's server test   acc:  10.00%, test  loss: 2.9963
INFO:root:Round 9000's server train  acc:  12.34%, train loss: 3.0148
INFO:root:Round 9000's server test   acc:  12.23%, test  loss: 3.0142
INFO:root:Round 9100's server train  acc:  10.02%, train loss: 2.5834
INFO:root:Round 9100's server test   acc:  10.02%, test  loss: 2.5837
INFO:root:Round 9200's server train  acc:  10.00%, train loss: 2.8409
INFO:root:Round 9200's server test   acc:  10.00%, test  loss: 2.8420
INFO:root:Round 9300's server train  acc:  10.00%, train loss: 4.1682
INFO:root:Round 9300's server test   acc:  10.00%, test  loss: 4.1704
INFO:root:Round 9400's server train  acc:  10.00%, train loss: 4.5155
INFO:root:Round 9400's server test   acc:  10.00%, test  loss: 4.5191
INFO:root:Round 9500's server train  acc:  12.64%, train loss: 3.0251
INFO:root:Round 9500's server test   acc:  12.63%, test  loss: 3.0270
INFO:root:Round 9600's server train  acc:  10.00%, train loss: 3.2243
INFO:root:Round 9600's server test   acc:  10.00%, test  loss: 3.2243
INFO:root:Round 9700's server train  acc:  10.06%, train loss: 2.6297
INFO:root:Round 9700's server test   acc:  10.08%, test  loss: 2.6314
INFO:root:Round 9800's server train  acc:  10.08%, train loss: 2.8923
INFO:root:Round 9800's server test   acc:  10.06%, test  loss: 2.8903
INFO:root:Round 9900's server train  acc:  11.10%, train loss: 2.8572
INFO:root:Round 9900's server test   acc:  11.14%, test  loss: 2.8604
INFO:root:Round 10000's server train  acc:  10.33%, train loss: 2.8072
INFO:root:Round 10000's server test   acc:  10.35%, test  loss: 2.8066
INFO:root:Round 10100's server train  acc:  12.33%, train loss: 2.4937
INFO:root:Round 10100's server test   acc:  12.38%, test  loss: 2.4928
INFO:root:Round 10200's server train  acc:  10.00%, train loss: 3.2534
INFO:root:Round 10200's server test   acc:  10.00%, test  loss: 3.2545
INFO:root:Round 10300's server train  acc:  12.75%, train loss: 2.9691
INFO:root:Round 10300's server test   acc:  12.64%, test  loss: 2.9683
INFO:root:Round 10400's server train  acc:  10.72%, train loss: 3.1267
INFO:root:Round 10400's server test   acc:  10.67%, test  loss: 3.1286
INFO:root:Round 10500's server train  acc:  10.01%, train loss: 3.2372
INFO:root:Round 10500's server test   acc:  10.01%, test  loss: 3.2377
INFO:root:Round 10600's server train  acc:  10.00%, train loss: 3.6978
INFO:root:Round 10600's server test   acc:  10.01%, test  loss: 3.6929
INFO:root:Round 10700's server train  acc:  10.08%, train loss: 2.6125
INFO:root:Round 10700's server test   acc:  10.07%, test  loss: 2.6141
INFO:root:Round 10800's server train  acc:  10.31%, train loss: 3.4636
INFO:root:Round 10800's server test   acc:  10.25%, test  loss: 3.4634
INFO:root:Round 10900's server train  acc:  12.62%, train loss: 2.8514
INFO:root:Round 10900's server test   acc:  12.50%, test  loss: 2.8542
INFO:root:Round 11000's server train  acc:  10.42%, train loss: 2.8523
INFO:root:Round 11000's server test   acc:  10.46%, test  loss: 2.8524
INFO:root:Round 11100's server train  acc:  13.69%, train loss: 2.9026
INFO:root:Round 11100's server test   acc:  13.65%, test  loss: 2.9013
INFO:root:Round 11200's server train  acc:  10.00%, train loss: 3.1177
INFO:root:Round 11200's server test   acc:  10.00%, test  loss: 3.1180
INFO:root:Round 11300's server train  acc:  10.08%, train loss: 2.6087
INFO:root:Round 11300's server test   acc:  10.06%, test  loss: 2.6092
INFO:root:Round 11400's server train  acc:  10.00%, train loss: 3.8177
INFO:root:Round 11400's server test   acc:  10.00%, test  loss: 3.8201
INFO:root:Round 11500's server train  acc:  10.00%, train loss: 3.4253
INFO:root:Round 11500's server test   acc:  10.00%, test  loss: 3.4285
INFO:root:Round 11600's server train  acc:  10.00%, train loss: 2.9563
INFO:root:Round 11600's server test   acc:  10.00%, test  loss: 2.9567
INFO:root:Round 11700's server train  acc:  11.38%, train loss: 3.2127
INFO:root:Round 11700's server test   acc:  11.29%, test  loss: 3.2158
INFO:root:Round 11800's server train  acc:  10.00%, train loss: 3.4870
INFO:root:Round 11800's server test   acc:  10.00%, test  loss: 3.4846
INFO:root:Round 11900's server train  acc:  10.00%, train loss: 3.4569
INFO:root:Round 11900's server test   acc:  10.00%, test  loss: 3.4549
INFO:root:Round 12000's server train  acc:  10.00%, train loss: 4.0848
INFO:root:Round 12000's server test   acc:  10.00%, test  loss: 4.0847
INFO:root:Round 12100's server train  acc:  10.27%, train loss: 2.8978
INFO:root:Round 12100's server test   acc:  10.25%, test  loss: 2.8952
INFO:root:Round 12200's server train  acc:  10.00%, train loss: 2.7499
INFO:root:Round 12200's server test   acc:  10.00%, test  loss: 2.7533
INFO:root:Round 12300's server train  acc:  10.00%, train loss: 3.4480
INFO:root:Round 12300's server test   acc:  10.00%, test  loss: 3.4492
INFO:root:Round 12400's server train  acc:  14.41%, train loss: 2.6953
INFO:root:Round 12400's server test   acc:  14.39%, test  loss: 2.6970
INFO:root:Round 12500's server train  acc:  10.00%, train loss: 3.6432
INFO:root:Round 12500's server test   acc:  10.00%, test  loss: 3.6455
INFO:root:Round 12600's server train  acc:  10.00%, train loss: 3.0724
INFO:root:Round 12600's server test   acc:  10.00%, test  loss: 3.0727
INFO:root:Round 12700's server train  acc:  10.00%, train loss: 3.3078
INFO:root:Round 12700's server test   acc:  10.00%, test  loss: 3.3088
INFO:root:Round 12800's server train  acc:  10.00%, train loss: 4.1343
INFO:root:Round 12800's server test   acc:  10.00%, test  loss: 4.1417
INFO:root:Round 12900's server train  acc:  12.20%, train loss: 2.8796
INFO:root:Round 12900's server test   acc:  12.17%, test  loss: 2.8817
INFO:root:Round 13000's server train  acc:  10.15%, train loss: 2.9870
INFO:root:Round 13000's server test   acc:  10.15%, test  loss: 2.9866
INFO:root:Round 13100's server train  acc:  10.51%, train loss: 2.5901
INFO:root:Round 13100's server test   acc:  10.52%, test  loss: 2.5916
INFO:root:Round 13200's server train  acc:  10.16%, train loss: 2.9523
INFO:root:Round 13200's server test   acc:  10.18%, test  loss: 2.9511
INFO:root:Round 13300's server train  acc:  10.01%, train loss: 2.8064
INFO:root:Round 13300's server test   acc:  10.01%, test  loss: 2.8032
INFO:root:Round 13400's server train  acc:  10.00%, train loss: 3.7544
INFO:root:Round 13400's server test   acc:  10.00%, test  loss: 3.7580
INFO:root:Round 13500's server train  acc:  10.58%, train loss: 3.4031
INFO:root:Round 13500's server test   acc:  10.53%, test  loss: 3.4021
INFO:root:Round 13600's server train  acc:  10.00%, train loss: 5.8212
INFO:root:Round 13600's server test   acc:  10.00%, test  loss: 5.8215
INFO:root:Round 13700's server train  acc:  10.00%, train loss: 5.1873
INFO:root:Round 13700's server test   acc:  10.00%, test  loss: 5.1855
INFO:root:Round 13800's server train  acc:  10.00%, train loss: 3.9904
INFO:root:Round 13800's server test   acc:  10.00%, test  loss: 3.9907
INFO:root:Round 13900's server train  acc:  10.00%, train loss: 5.1863
INFO:root:Round 13900's server test   acc:  10.00%, test  loss: 5.1850
INFO:root:Round 14000's server train  acc:  10.00%, train loss: 4.6496
INFO:root:Round 14000's server test   acc:  10.00%, test  loss: 4.6442
INFO:root:Round 14100's server train  acc:  10.00%, train loss: 4.9258
INFO:root:Round 14100's server test   acc:  10.00%, test  loss: 4.9269
INFO:root:Round 14200's server train  acc:  10.00%, train loss: 3.5695
INFO:root:Round 14200's server test   acc:  10.00%, test  loss: 3.5709
INFO:root:Round 14300's server train  acc:  12.21%, train loss: 3.1998
INFO:root:Round 14300's server test   acc:  12.10%, test  loss: 3.1995
INFO:root:Round 14400's server train  acc:  10.01%, train loss: 2.8850
INFO:root:Round 14400's server test   acc:  10.01%, test  loss: 2.8895
INFO:root:Round 14500's server train  acc:  10.01%, train loss: 3.3694
INFO:root:Round 14500's server test   acc:  10.00%, test  loss: 3.3728
INFO:root:Round 14600's server train  acc:  11.51%, train loss: 3.2285
INFO:root:Round 14600's server test   acc:  11.53%, test  loss: 3.2250
INFO:root:Round 14700's server train  acc:  10.00%, train loss: 3.6590
INFO:root:Round 14700's server test   acc:  10.00%, test  loss: 3.6591
INFO:root:Round 14800's server train  acc:  12.60%, train loss: 3.3638
INFO:root:Round 14800's server test   acc:  12.56%, test  loss: 3.3634
INFO:root:Round 14900's server train  acc:  10.00%, train loss: 3.2368
INFO:root:Round 14900's server test   acc:  10.00%, test  loss: 3.2391
INFO:root:Round 15000's server train  acc:  11.44%, train loss: 3.0226
INFO:root:Round 15000's server test   acc:  11.48%, test  loss: 3.0239
INFO:root:Round 15100's server train  acc:  10.00%, train loss: 3.8506
INFO:root:Round 15100's server test   acc:  10.00%, test  loss: 3.8538
INFO:root:Round 15200's server train  acc:  12.92%, train loss: 3.3221
INFO:root:Round 15200's server test   acc:  12.79%, test  loss: 3.3240
INFO:root:Round 15300's server train  acc:  11.61%, train loss: 2.7729
INFO:root:Round 15300's server test   acc:  11.58%, test  loss: 2.7752
INFO:root:Round 15400's server train  acc:  11.96%, train loss: 3.0869
INFO:root:Round 15400's server test   acc:  11.95%, test  loss: 3.0887
INFO:root:Round 15500's server train  acc:  12.11%, train loss: 2.9808
INFO:root:Round 15500's server test   acc:  12.14%, test  loss: 2.9800
INFO:root:Round 15600's server train  acc:  10.53%, train loss: 3.7676
INFO:root:Round 15600's server test   acc:  10.51%, test  loss: 3.7697
INFO:root:Round 15700's server train  acc:  10.00%, train loss: 3.6272
INFO:root:Round 15700's server test   acc:  10.00%, test  loss: 3.6291
INFO:root:Round 15800's server train  acc:  10.00%, train loss: 3.3944
INFO:root:Round 15800's server test   acc:  10.00%, test  loss: 3.3910
INFO:root:Round 15900's server train  acc:  10.04%, train loss: 2.8034
INFO:root:Round 15900's server test   acc:  10.02%, test  loss: 2.8037
INFO:root:Round 16000's server train  acc:  10.00%, train loss: 3.1887
INFO:root:Round 16000's server test   acc:  10.00%, test  loss: 3.1882
INFO:root:Round 16100's server train  acc:  10.01%, train loss: 2.7522
INFO:root:Round 16100's server test   acc:  10.01%, test  loss: 2.7533
INFO:root:Round 16200's server train  acc:  10.00%, train loss: 3.3274
INFO:root:Round 16200's server test   acc:  10.00%, test  loss: 3.3263
INFO:root:Round 16300's server train  acc:  10.00%, train loss: 3.2964
INFO:root:Round 16300's server test   acc:  10.01%, test  loss: 3.2984
INFO:root:Round 16400's server train  acc:  14.02%, train loss: 3.0485
INFO:root:Round 16400's server test   acc:  14.07%, test  loss: 3.0484
INFO:root:Round 16500's server train  acc:  14.47%, train loss: 2.6766
INFO:root:Round 16500's server test   acc:  14.50%, test  loss: 2.6768
INFO:root:Round 16600's server train  acc:  11.81%, train loss: 2.6646
INFO:root:Round 16600's server test   acc:  11.80%, test  loss: 2.6650
INFO:root:Round 16700's server train  acc:  10.00%, train loss: 3.3054
INFO:root:Round 16700's server test   acc:  10.00%, test  loss: 3.3035
INFO:root:Round 16800's server train  acc:  10.00%, train loss: 3.3247
INFO:root:Round 16800's server test   acc:  10.00%, test  loss: 3.3250
INFO:root:Round 16900's server train  acc:  10.02%, train loss: 2.7687
INFO:root:Round 16900's server test   acc:  10.01%, test  loss: 2.7704
INFO:root:Round 17000's server train  acc:  12.13%, train loss: 2.6283
INFO:root:Round 17000's server test   acc:  12.17%, test  loss: 2.6278
INFO:root:Round 17100's server train  acc:  10.00%, train loss: 3.5313
INFO:root:Round 17100's server test   acc:  10.00%, test  loss: 3.5333
INFO:root:Round 17200's server train  acc:  14.39%, train loss: 2.8475
INFO:root:Round 17200's server test   acc:  14.30%, test  loss: 2.8497
INFO:root:Round 17300's server train  acc:  10.00%, train loss: 3.2061
INFO:root:Round 17300's server test   acc:  10.00%, test  loss: 3.2054
INFO:root:Round 17400's server train  acc:  10.00%, train loss: 2.5577
INFO:root:Round 17400's server test   acc:  10.00%, test  loss: 2.5588
INFO:root:Round 17500's server train  acc:  10.62%, train loss: 3.5713
INFO:root:Round 17500's server test   acc:  10.59%, test  loss: 3.5723
INFO:root:Round 17600's server train  acc:  10.00%, train loss: 4.0369
INFO:root:Round 17600's server test   acc:  10.00%, test  loss: 4.0412
INFO:root:Round 17700's server train  acc:  10.00%, train loss: 4.8394
INFO:root:Round 17700's server test   acc:  10.00%, test  loss: 4.8402
INFO:root:Round 17800's server train  acc:  10.00%, train loss: 2.6602
INFO:root:Round 17800's server test   acc:  10.01%, test  loss: 2.6595
INFO:root:Round 17900's server train  acc:  10.00%, train loss: 2.8585
INFO:root:Round 17900's server test   acc:  10.00%, test  loss: 2.8614
INFO:root:Round 18000's server train  acc:  10.00%, train loss: 3.5980
INFO:root:Round 18000's server test   acc:  10.00%, test  loss: 3.5966
INFO:root:Round 18100's server train  acc:  11.00%, train loss: 2.8880
INFO:root:Round 18100's server test   acc:  11.03%, test  loss: 2.8902
INFO:root:Round 18200's server train  acc:  10.00%, train loss: 3.1865
INFO:root:Round 18200's server test   acc:  10.00%, test  loss: 3.1897
INFO:root:Round 18300's server train  acc:  10.00%, train loss: 3.7762
INFO:root:Round 18300's server test   acc:  10.00%, test  loss: 3.7805
INFO:root:Round 18400's server train  acc:  10.00%, train loss: 3.3617
INFO:root:Round 18400's server test   acc:  10.00%, test  loss: 3.3621
INFO:root:Round 18500's server train  acc:  10.31%, train loss: 2.8880
INFO:root:Round 18500's server test   acc:  10.29%, test  loss: 2.8905
INFO:root:Round 18600's server train  acc:  10.00%, train loss: 3.0173
INFO:root:Round 18600's server test   acc:  10.00%, test  loss: 3.0178
INFO:root:Round 18700's server train  acc:  10.00%, train loss: 2.7616
INFO:root:Round 18700's server test   acc:  10.00%, test  loss: 2.7645
INFO:root:Round 18800's server train  acc:  13.21%, train loss: 3.1599
INFO:root:Round 18800's server test   acc:  13.06%, test  loss: 3.1633
INFO:root:Round 18900's server train  acc:  10.14%, train loss: 3.3349
INFO:root:Round 18900's server test   acc:  10.15%, test  loss: 3.3367
INFO:root:Round 19000's server train  acc:  10.00%, train loss: 2.8842
INFO:root:Round 19000's server test   acc:  10.00%, test  loss: 2.8861
INFO:root:Round 19100's server train  acc:  10.00%, train loss: 3.2425
INFO:root:Round 19100's server test   acc:  10.00%, test  loss: 3.2443
INFO:root:Round 19200's server train  acc:  10.00%, train loss: 3.4560
INFO:root:Round 19200's server test   acc:  10.00%, test  loss: 3.4555
INFO:root:Round 19300's server train  acc:  10.30%, train loss: 3.9652
INFO:root:Round 19300's server test   acc:  10.34%, test  loss: 3.9711
INFO:root:Round 19400's server train  acc:  10.00%, train loss: 2.9694
INFO:root:Round 19400's server test   acc:  10.00%, test  loss: 2.9671
INFO:root:Round 19500's server train  acc:  10.00%, train loss: 2.6072
INFO:root:Round 19500's server test   acc:  10.00%, test  loss: 2.6094
INFO:root:Round 19600's server train  acc:  10.06%, train loss: 3.9655
INFO:root:Round 19600's server test   acc:  10.07%, test  loss: 3.9654
INFO:root:Round 19700's server train  acc:  10.00%, train loss: 3.2626
INFO:root:Round 19700's server test   acc:  10.00%, test  loss: 3.2609
INFO:root:Round 19800's server train  acc:  12.15%, train loss: 2.9200
INFO:root:Round 19800's server test   acc:  12.13%, test  loss: 2.9224
INFO:root:Round 19900's server train  acc:  10.00%, train loss: 4.5552
INFO:root:Round 19900's server test   acc:  10.00%, test  loss: 4.5581
INFO:root:Round 20000's server train  acc:  10.00%, train loss: 3.4736
INFO:root:Round 20000's server test   acc:  10.00%, test  loss: 3.4732
INFO:root:TrainingTime: 15398.868065357208 sec
