INFO:root:Namespace(m='cnn', d='cinic10', s=2, R=20000, K=5, M=1000, P=10, partition='shard', alpha=[1], optim='sgd', lr=0.001, lr_scheduler='exp', lr_decay=1.0, momentum=0.0, weight_decay=0.0, global_lr=1.0, batch_size=16, seed=0, clip=10, log='info+log', eval_every=100, device=0, start_round=0, save_model=0)
INFO:root:record_name: ShufflingFedAvg1.0_M1000,10_K5_R20000,100_cnn_cinic10_shard1_sgd0.001,0.0,0.0_exp1.0_b16_seed0_clip10
INFO:root:CNN(
  (conv1): Conv2d(3, 64, kernel_size=(5, 5), stride=(1, 1))
  (relu1): ReLU()
  (pool1): MaxPool2d(kernel_size=2, stride=2, padding=0, dilation=1, ceil_mode=False)
  (conv2): Conv2d(64, 64, kernel_size=(5, 5), stride=(1, 1))
  (relu2): ReLU()
  (pool2): MaxPool2d(kernel_size=2, stride=2, padding=0, dilation=1, ceil_mode=False)
  (flatten): Flatten(start_dim=1, end_dim=-1)
  (fc1): Linear(in_features=1600, out_features=384, bias=True)
  (relu3): ReLU()
  (fc2): Linear(in_features=384, out_features=192, bias=True)
  (relu4): ReLU()
  (fc3): Linear(in_features=192, out_features=10, bias=True)
)
INFO:root:Round 100's server train  acc:  11.75%, train loss: 2.2983
INFO:root:Round 100's server test   acc:  11.78%, test  loss: 2.2983
INFO:root:Round 200's server train  acc:  17.57%, train loss: 2.2900
INFO:root:Round 200's server test   acc:  17.55%, test  loss: 2.2902
INFO:root:Round 300's server train  acc:  18.62%, train loss: 2.2740
INFO:root:Round 300's server test   acc:  18.53%, test  loss: 2.2745
INFO:root:Round 400's server train  acc:  21.00%, train loss: 2.2359
INFO:root:Round 400's server test   acc:  20.69%, test  loss: 2.2371
INFO:root:Round 500's server train  acc:  22.40%, train loss: 2.1744
INFO:root:Round 500's server test   acc:  22.23%, test  loss: 2.1773
INFO:root:Round 600's server train  acc:  20.44%, train loss: 2.1448
INFO:root:Round 600's server test   acc:  20.38%, test  loss: 2.1494
INFO:root:Round 700's server train  acc:  19.29%, train loss: 2.1643
INFO:root:Round 700's server test   acc:  19.29%, test  loss: 2.1694
INFO:root:Round 800's server train  acc:  23.41%, train loss: 2.1519
INFO:root:Round 800's server test   acc:  23.05%, test  loss: 2.1564
INFO:root:Round 900's server train  acc:  15.83%, train loss: 2.3390
INFO:root:Round 900's server test   acc:  15.74%, test  loss: 2.3446
INFO:root:Round 1000's server train  acc:  20.49%, train loss: 2.1396
INFO:root:Round 1000's server test   acc:  20.21%, test  loss: 2.1449
INFO:root:Round 1100's server train  acc:  16.87%, train loss: 2.3083
INFO:root:Round 1100's server test   acc:  16.58%, test  loss: 2.3130
INFO:root:Round 1200's server train  acc:  15.91%, train loss: 2.2771
INFO:root:Round 1200's server test   acc:  15.73%, test  loss: 2.2814
INFO:root:Round 1300's server train  acc:  17.20%, train loss: 2.5073
INFO:root:Round 1300's server test   acc:  17.02%, test  loss: 2.5137
INFO:root:Round 1400's server train  acc:  18.21%, train loss: 2.5728
INFO:root:Round 1400's server test   acc:  18.05%, test  loss: 2.5764
INFO:root:Round 1500's server train  acc:  11.77%, train loss: 2.8320
INFO:root:Round 1500's server test   acc:  11.74%, test  loss: 2.8346
INFO:root:Round 1600's server train  acc:  14.83%, train loss: 3.0854
INFO:root:Round 1600's server test   acc:  14.76%, test  loss: 3.0911
INFO:root:Round 1700's server train  acc:  15.25%, train loss: 2.6859
INFO:root:Round 1700's server test   acc:  15.15%, test  loss: 2.6896
INFO:root:Round 1800's server train  acc:  13.67%, train loss: 2.5435
INFO:root:Round 1800's server test   acc:  13.52%, test  loss: 2.5486
INFO:root:Round 1900's server train  acc:  17.93%, train loss: 2.3374
INFO:root:Round 1900's server test   acc:  17.64%, test  loss: 2.3427
INFO:root:Round 2000's server train  acc:  23.49%, train loss: 2.1132
INFO:root:Round 2000's server test   acc:  23.34%, test  loss: 2.1172
INFO:root:Round 2100's server train  acc:  18.49%, train loss: 2.3264
INFO:root:Round 2100's server test   acc:  18.34%, test  loss: 2.3300
INFO:root:Round 2200's server train  acc:  14.52%, train loss: 2.5253
INFO:root:Round 2200's server test   acc:  14.46%, test  loss: 2.5285
INFO:root:Round 2300's server train  acc:  14.68%, train loss: 2.5238
INFO:root:Round 2300's server test   acc:  14.64%, test  loss: 2.5287
INFO:root:Round 2400's server train  acc:  15.79%, train loss: 2.8425
INFO:root:Round 2400's server test   acc:  15.65%, test  loss: 2.8454
INFO:root:Round 2500's server train  acc:  20.21%, train loss: 2.4181
INFO:root:Round 2500's server test   acc:  19.87%, test  loss: 2.4220
INFO:root:Round 2600's server train  acc:  18.76%, train loss: 2.3368
INFO:root:Round 2600's server test   acc:  18.57%, test  loss: 2.3417
INFO:root:Round 2700's server train  acc:  16.88%, train loss: 2.7444
INFO:root:Round 2700's server test   acc:  16.73%, test  loss: 2.7458
INFO:root:Round 2800's server train  acc:  14.72%, train loss: 3.0895
INFO:root:Round 2800's server test   acc:  14.70%, test  loss: 3.0928
INFO:root:Round 2900's server train  acc:  12.58%, train loss: 2.7246
INFO:root:Round 2900's server test   acc:  12.48%, test  loss: 2.7306
INFO:root:Round 3000's server train  acc:  16.54%, train loss: 2.3614
INFO:root:Round 3000's server test   acc:  16.45%, test  loss: 2.3660
INFO:root:Round 3100's server train  acc:  15.42%, train loss: 2.6722
INFO:root:Round 3100's server test   acc:  15.46%, test  loss: 2.6739
INFO:root:Round 3200's server train  acc:  19.52%, train loss: 2.2861
INFO:root:Round 3200's server test   acc:  19.50%, test  loss: 2.2901
INFO:root:Round 3300's server train  acc:  12.59%, train loss: 2.9445
INFO:root:Round 3300's server test   acc:  12.65%, test  loss: 2.9469
INFO:root:Round 3400's server train  acc:  12.21%, train loss: 2.9053
INFO:root:Round 3400's server test   acc:  12.14%, test  loss: 2.9079
INFO:root:Round 3500's server train  acc:  10.29%, train loss: 3.5472
INFO:root:Round 3500's server test   acc:  10.28%, test  loss: 3.5511
INFO:root:Round 3600's server train  acc:  15.03%, train loss: 2.6999
INFO:root:Round 3600's server test   acc:  15.12%, test  loss: 2.7022
INFO:root:Round 3700's server train  acc:  15.08%, train loss: 2.7080
INFO:root:Round 3700's server test   acc:  14.90%, test  loss: 2.7117
INFO:root:Round 3800's server train  acc:  15.57%, train loss: 2.4596
INFO:root:Round 3800's server test   acc:  15.47%, test  loss: 2.4627
INFO:root:Round 3900's server train  acc:  10.71%, train loss: 3.2019
INFO:root:Round 3900's server test   acc:  10.65%, test  loss: 3.2052
INFO:root:Round 4000's server train  acc:  14.72%, train loss: 2.9810
INFO:root:Round 4000's server test   acc:  14.69%, test  loss: 2.9829
INFO:root:Round 4100's server train  acc:  18.41%, train loss: 2.5096
INFO:root:Round 4100's server test   acc:  18.33%, test  loss: 2.5119
INFO:root:Round 4200's server train  acc:  16.97%, train loss: 2.4132
INFO:root:Round 4200's server test   acc:  16.92%, test  loss: 2.4188
INFO:root:Round 4300's server train  acc:  17.70%, train loss: 2.6156
INFO:root:Round 4300's server test   acc:  17.61%, test  loss: 2.6215
INFO:root:Round 4400's server train  acc:  15.69%, train loss: 2.4049
INFO:root:Round 4400's server test   acc:  15.63%, test  loss: 2.4092
INFO:root:Round 4500's server train  acc:  16.56%, train loss: 3.0052
INFO:root:Round 4500's server test   acc:  16.50%, test  loss: 3.0075
INFO:root:Round 4600's server train  acc:  17.26%, train loss: 2.6512
INFO:root:Round 4600's server test   acc:  17.22%, test  loss: 2.6553
INFO:root:Round 4700's server train  acc:  15.84%, train loss: 2.8085
INFO:root:Round 4700's server test   acc:  15.86%, test  loss: 2.8120
INFO:root:Round 4800's server train  acc:  11.49%, train loss: 3.1598
INFO:root:Round 4800's server test   acc:  11.39%, test  loss: 3.1612
INFO:root:Round 4900's server train  acc:  11.42%, train loss: 3.5482
INFO:root:Round 4900's server test   acc:  11.33%, test  loss: 3.5517
INFO:root:Round 5000's server train  acc:  18.90%, train loss: 2.7256
INFO:root:Round 5000's server test   acc:  18.78%, test  loss: 2.7285
INFO:root:Round 5100's server train  acc:  19.98%, train loss: 2.3146
INFO:root:Round 5100's server test   acc:  19.82%, test  loss: 2.3200
INFO:root:Round 5200's server train  acc:  12.58%, train loss: 2.9545
INFO:root:Round 5200's server test   acc:  12.50%, test  loss: 2.9601
INFO:root:Round 5300's server train  acc:  15.15%, train loss: 3.0454
INFO:root:Round 5300's server test   acc:  15.03%, test  loss: 3.0483
INFO:root:Round 5400's server train  acc:  13.45%, train loss: 2.8489
INFO:root:Round 5400's server test   acc:  13.49%, test  loss: 2.8500
INFO:root:Round 5500's server train  acc:  16.96%, train loss: 2.6945
INFO:root:Round 5500's server test   acc:  16.88%, test  loss: 2.6971
INFO:root:Round 5600's server train  acc:  16.79%, train loss: 2.7675
INFO:root:Round 5600's server test   acc:  16.71%, test  loss: 2.7700
INFO:root:Round 5700's server train  acc:  10.68%, train loss: 4.2064
INFO:root:Round 5700's server test   acc:  10.62%, test  loss: 4.2083
INFO:root:Round 5800's server train  acc:  16.61%, train loss: 2.6001
INFO:root:Round 5800's server test   acc:  16.59%, test  loss: 2.6045
INFO:root:Round 5900's server train  acc:  13.31%, train loss: 2.8944
INFO:root:Round 5900's server test   acc:  13.38%, test  loss: 2.8985
INFO:root:Round 6000's server train  acc:  17.37%, train loss: 2.6450
INFO:root:Round 6000's server test   acc:  17.30%, test  loss: 2.6477
INFO:root:Round 6100's server train  acc:  13.05%, train loss: 2.8987
INFO:root:Round 6100's server test   acc:  13.13%, test  loss: 2.9001
INFO:root:Round 6200's server train  acc:  17.38%, train loss: 2.5960
INFO:root:Round 6200's server test   acc:  17.24%, test  loss: 2.5990
INFO:root:Round 6300's server train  acc:  14.74%, train loss: 2.4316
INFO:root:Round 6300's server test   acc:  14.79%, test  loss: 2.4362
INFO:root:Round 6400's server train  acc:  17.73%, train loss: 2.2929
INFO:root:Round 6400's server test   acc:  17.64%, test  loss: 2.2977
INFO:root:Round 6500's server train  acc:  12.46%, train loss: 3.6757
INFO:root:Round 6500's server test   acc:  12.43%, test  loss: 3.6786
INFO:root:Round 6600's server train  acc:  13.74%, train loss: 2.9927
INFO:root:Round 6600's server test   acc:  13.69%, test  loss: 2.9952
INFO:root:Round 6700's server train  acc:  14.63%, train loss: 2.5263
INFO:root:Round 6700's server test   acc:  14.73%, test  loss: 2.5314
INFO:root:Round 6800's server train  acc:  11.53%, train loss: 2.7538
INFO:root:Round 6800's server test   acc:  11.43%, test  loss: 2.7573
INFO:root:Round 6900's server train  acc:  18.64%, train loss: 3.3967
INFO:root:Round 6900's server test   acc:  18.59%, test  loss: 3.3987
INFO:root:Round 7000's server train  acc:  16.62%, train loss: 2.4156
INFO:root:Round 7000's server test   acc:  16.55%, test  loss: 2.4202
INFO:root:Round 7100's server train  acc:  17.17%, train loss: 3.3898
INFO:root:Round 7100's server test   acc:  17.11%, test  loss: 3.3915
INFO:root:Round 7200's server train  acc:  14.06%, train loss: 3.0529
INFO:root:Round 7200's server test   acc:  14.01%, test  loss: 3.0577
INFO:root:Round 7300's server train  acc:  16.86%, train loss: 2.4614
INFO:root:Round 7300's server test   acc:  16.77%, test  loss: 2.4667
INFO:root:Round 7400's server train  acc:  14.25%, train loss: 3.0628
INFO:root:Round 7400's server test   acc:  14.26%, test  loss: 3.0664
INFO:root:Round 7500's server train  acc:  13.18%, train loss: 3.5636
INFO:root:Round 7500's server test   acc:  13.21%, test  loss: 3.5654
INFO:root:Round 7600's server train  acc:  14.93%, train loss: 2.9187
INFO:root:Round 7600's server test   acc:  14.87%, test  loss: 2.9201
INFO:root:Round 7700's server train  acc:  14.08%, train loss: 3.0143
INFO:root:Round 7700's server test   acc:  14.04%, test  loss: 3.0164
INFO:root:Round 7800's server train  acc:  21.52%, train loss: 2.5511
INFO:root:Round 7800's server test   acc:  21.29%, test  loss: 2.5537
INFO:root:Round 7900's server train  acc:  11.77%, train loss: 3.0757
INFO:root:Round 7900's server test   acc:  11.80%, test  loss: 3.0799
INFO:root:Round 8000's server train  acc:  18.86%, train loss: 2.9658
INFO:root:Round 8000's server test   acc:  18.83%, test  loss: 2.9671
INFO:root:Round 8100's server train  acc:  19.08%, train loss: 2.7728
INFO:root:Round 8100's server test   acc:  18.87%, test  loss: 2.7759
INFO:root:Round 8200's server train  acc:  12.34%, train loss: 4.0214
INFO:root:Round 8200's server test   acc:  12.31%, test  loss: 4.0226
INFO:root:Round 8300's server train  acc:  16.76%, train loss: 2.5423
INFO:root:Round 8300's server test   acc:  16.61%, test  loss: 2.5460
INFO:root:Round 8400's server train  acc:  18.95%, train loss: 2.3282
INFO:root:Round 8400's server test   acc:  18.89%, test  loss: 2.3319
INFO:root:Round 8500's server train  acc:  17.84%, train loss: 3.0875
INFO:root:Round 8500's server test   acc:  17.90%, test  loss: 3.0883
INFO:root:Round 8600's server train  acc:  19.64%, train loss: 2.4700
INFO:root:Round 8600's server test   acc:  19.49%, test  loss: 2.4750
INFO:root:Round 8700's server train  acc:  14.49%, train loss: 3.3112
INFO:root:Round 8700's server test   acc:  14.37%, test  loss: 3.3132
INFO:root:Round 8800's server train  acc:  11.63%, train loss: 3.0555
INFO:root:Round 8800's server test   acc:  11.59%, test  loss: 3.0608
INFO:root:Round 8900's server train  acc:  13.02%, train loss: 3.0996
INFO:root:Round 8900's server test   acc:  12.97%, test  loss: 3.1056
INFO:root:Round 9000's server train  acc:  19.97%, train loss: 2.7095
INFO:root:Round 9000's server test   acc:  19.72%, test  loss: 2.7137
INFO:root:Round 9100's server train  acc:  15.38%, train loss: 2.4179
INFO:root:Round 9100's server test   acc:  15.30%, test  loss: 2.4225
INFO:root:Round 9200's server train  acc:  16.12%, train loss: 2.4759
INFO:root:Round 9200's server test   acc:  16.04%, test  loss: 2.4811
INFO:root:Round 9300's server train  acc:  10.27%, train loss: 4.0328
INFO:root:Round 9300's server test   acc:  10.28%, test  loss: 4.0338
INFO:root:Round 9400's server train  acc:  10.48%, train loss: 3.7615
INFO:root:Round 9400's server test   acc:  10.49%, test  loss: 3.7672
INFO:root:Round 9500's server train  acc:  20.82%, train loss: 2.5623
INFO:root:Round 9500's server test   acc:  20.84%, test  loss: 2.5679
INFO:root:Round 9600's server train  acc:  12.89%, train loss: 3.1384
INFO:root:Round 9600's server test   acc:  12.98%, test  loss: 3.1425
INFO:root:Round 9700's server train  acc:  16.04%, train loss: 2.4430
INFO:root:Round 9700's server test   acc:  16.02%, test  loss: 2.4480
INFO:root:Round 9800's server train  acc:  18.85%, train loss: 2.6483
INFO:root:Round 9800's server test   acc:  18.83%, test  loss: 2.6516
INFO:root:Round 9900's server train  acc:  16.95%, train loss: 2.6900
INFO:root:Round 9900's server test   acc:  16.81%, test  loss: 2.6965
INFO:root:Round 10000's server train  acc:  18.32%, train loss: 2.3262
INFO:root:Round 10000's server test   acc:  18.27%, test  loss: 2.3314
INFO:root:Round 10100's server train  acc:  20.77%, train loss: 2.4893
INFO:root:Round 10100's server test   acc:  20.63%, test  loss: 2.4923
INFO:root:Round 10200's server train  acc:  12.56%, train loss: 2.9279
INFO:root:Round 10200's server test   acc:  12.49%, test  loss: 2.9336
INFO:root:Round 10300's server train  acc:  15.61%, train loss: 2.5661
INFO:root:Round 10300's server test   acc:  15.52%, test  loss: 2.5710
INFO:root:Round 10400's server train  acc:  20.04%, train loss: 2.9019
INFO:root:Round 10400's server test   acc:  19.97%, test  loss: 2.9060
INFO:root:Round 10500's server train  acc:  16.41%, train loss: 3.0209
INFO:root:Round 10500's server test   acc:  16.36%, test  loss: 3.0240
INFO:root:Round 10600's server train  acc:  11.59%, train loss: 2.7292
INFO:root:Round 10600's server test   acc:  11.62%, test  loss: 2.7313
INFO:root:Round 10700's server train  acc:  18.38%, train loss: 2.3429
INFO:root:Round 10700's server test   acc:  18.23%, test  loss: 2.3477
INFO:root:Round 10800's server train  acc:  12.47%, train loss: 3.4376
INFO:root:Round 10800's server test   acc:  12.47%, test  loss: 3.4436
INFO:root:Round 10900's server train  acc:  18.98%, train loss: 2.5003
INFO:root:Round 10900's server test   acc:  18.91%, test  loss: 2.5053
INFO:root:Round 11000's server train  acc:  19.96%, train loss: 2.5686
INFO:root:Round 11000's server test   acc:  19.98%, test  loss: 2.5720
INFO:root:Round 11100's server train  acc:  17.96%, train loss: 2.6275
INFO:root:Round 11100's server test   acc:  17.87%, test  loss: 2.6309
INFO:root:Round 11200's server train  acc:  17.80%, train loss: 2.6931
INFO:root:Round 11200's server test   acc:  17.78%, test  loss: 2.6965
INFO:root:Round 11300's server train  acc:  22.50%, train loss: 2.3189
INFO:root:Round 11300's server test   acc:  22.45%, test  loss: 2.3222
INFO:root:Round 11400's server train  acc:  17.10%, train loss: 3.2441
INFO:root:Round 11400's server test   acc:  16.88%, test  loss: 3.2490
INFO:root:Round 11500's server train  acc:  11.23%, train loss: 3.1734
INFO:root:Round 11500's server test   acc:  11.14%, test  loss: 3.1788
INFO:root:Round 11600's server train  acc:  11.39%, train loss: 3.3480
INFO:root:Round 11600's server test   acc:  11.39%, test  loss: 3.3525
INFO:root:Round 11700's server train  acc:  15.95%, train loss: 2.7765
INFO:root:Round 11700's server test   acc:  15.82%, test  loss: 2.7820
INFO:root:Round 11800's server train  acc:  13.71%, train loss: 3.0679
INFO:root:Round 11800's server test   acc:  13.68%, test  loss: 3.0694
INFO:root:Round 11900's server train  acc:  14.01%, train loss: 3.3017
INFO:root:Round 11900's server test   acc:  14.18%, test  loss: 3.3037
INFO:root:Round 12000's server train  acc:  10.43%, train loss: 3.4982
INFO:root:Round 12000's server test   acc:  10.42%, test  loss: 3.5019
INFO:root:Round 12100's server train  acc:  17.56%, train loss: 2.4174
INFO:root:Round 12100's server test   acc:  17.48%, test  loss: 2.4204
INFO:root:Round 12200's server train  acc:  17.10%, train loss: 2.4113
INFO:root:Round 12200's server test   acc:  17.05%, test  loss: 2.4174
INFO:root:Round 12300's server train  acc:  15.67%, train loss: 3.3119
INFO:root:Round 12300's server test   acc:  15.55%, test  loss: 3.3171
INFO:root:Round 12400's server train  acc:  18.83%, train loss: 2.5566
INFO:root:Round 12400's server test   acc:  18.76%, test  loss: 2.5599
INFO:root:Round 12500's server train  acc:  12.50%, train loss: 3.2509
INFO:root:Round 12500's server test   acc:  12.45%, test  loss: 3.2565
INFO:root:Round 12600's server train  acc:  14.27%, train loss: 3.0175
INFO:root:Round 12600's server test   acc:  14.12%, test  loss: 3.0223
INFO:root:Round 12700's server train  acc:  16.02%, train loss: 3.1817
INFO:root:Round 12700's server test   acc:  15.87%, test  loss: 3.1847
INFO:root:Round 12800's server train  acc:  13.94%, train loss: 3.8300
INFO:root:Round 12800's server test   acc:  13.89%, test  loss: 3.8383
INFO:root:Round 12900's server train  acc:  14.38%, train loss: 2.8500
INFO:root:Round 12900's server test   acc:  14.37%, test  loss: 2.8565
INFO:root:Round 13000's server train  acc:  16.24%, train loss: 2.6113
INFO:root:Round 13000's server test   acc:  16.27%, test  loss: 2.6153
INFO:root:Round 13100's server train  acc:  17.53%, train loss: 2.3729
INFO:root:Round 13100's server test   acc:  17.36%, test  loss: 2.3776
INFO:root:Round 13200's server train  acc:  13.44%, train loss: 3.0217
INFO:root:Round 13200's server test   acc:  13.40%, test  loss: 3.0234
INFO:root:Round 13300's server train  acc:  11.58%, train loss: 2.8765
INFO:root:Round 13300's server test   acc:  11.53%, test  loss: 2.8784
INFO:root:Round 13400's server train  acc:  12.01%, train loss: 3.8117
INFO:root:Round 13400's server test   acc:  12.07%, test  loss: 3.8187
INFO:root:Round 13500's server train  acc:  16.56%, train loss: 3.1649
INFO:root:Round 13500's server test   acc:  16.37%, test  loss: 3.1693
INFO:root:Round 13600's server train  acc:  10.10%, train loss: 5.8377
INFO:root:Round 13600's server test   acc:  10.10%, test  loss: 5.8397
INFO:root:Round 13700's server train  acc:  10.08%, train loss: 4.8830
INFO:root:Round 13700's server test   acc:  10.09%, test  loss: 4.8828
INFO:root:Round 13800's server train  acc:  11.05%, train loss: 3.5038
INFO:root:Round 13800's server test   acc:  11.07%, test  loss: 3.5108
INFO:root:Round 13900's server train  acc:  10.36%, train loss: 5.0771
INFO:root:Round 13900's server test   acc:  10.35%, test  loss: 5.0788
INFO:root:Round 14000's server train  acc:  11.27%, train loss: 4.5091
INFO:root:Round 14000's server test   acc:  11.24%, test  loss: 4.5089
INFO:root:Round 14100's server train  acc:  14.74%, train loss: 4.0532
INFO:root:Round 14100's server test   acc:  14.54%, test  loss: 4.0582
INFO:root:Round 14200's server train  acc:  13.38%, train loss: 3.2868
INFO:root:Round 14200's server test   acc:  13.33%, test  loss: 3.2914
INFO:root:Round 14300's server train  acc:  16.88%, train loss: 3.4707
INFO:root:Round 14300's server test   acc:  16.81%, test  loss: 3.4744
INFO:root:Round 14400's server train  acc:  18.19%, train loss: 2.7602
INFO:root:Round 14400's server test   acc:  18.02%, test  loss: 2.7661
INFO:root:Round 14500's server train  acc:  14.94%, train loss: 3.0743
INFO:root:Round 14500's server test   acc:  14.83%, test  loss: 3.0795
INFO:root:Round 14600's server train  acc:  19.73%, train loss: 2.4728
INFO:root:Round 14600's server test   acc:  19.72%, test  loss: 2.4754
INFO:root:Round 14700's server train  acc:  14.20%, train loss: 3.1242
INFO:root:Round 14700's server test   acc:  14.11%, test  loss: 3.1287
INFO:root:Round 14800's server train  acc:  17.37%, train loss: 2.9951
INFO:root:Round 14800's server test   acc:  17.34%, test  loss: 2.9980
INFO:root:Round 14900's server train  acc:  13.15%, train loss: 2.9508
INFO:root:Round 14900's server test   acc:  13.08%, test  loss: 2.9560
INFO:root:Round 15000's server train  acc:  15.94%, train loss: 2.6786
INFO:root:Round 15000's server test   acc:  15.93%, test  loss: 2.6824
INFO:root:Round 15100's server train  acc:  10.89%, train loss: 3.1846
INFO:root:Round 15100's server test   acc:  10.85%, test  loss: 3.1905
INFO:root:Round 15200's server train  acc:  18.59%, train loss: 2.6569
INFO:root:Round 15200's server test   acc:  18.64%, test  loss: 2.6609
INFO:root:Round 15300's server train  acc:  18.36%, train loss: 2.5012
INFO:root:Round 15300's server test   acc:  18.51%, test  loss: 2.5070
INFO:root:Round 15400's server train  acc:  18.88%, train loss: 2.7339
INFO:root:Round 15400's server test   acc:  18.71%, test  loss: 2.7383
INFO:root:Round 15500's server train  acc:  20.08%, train loss: 2.5893
INFO:root:Round 15500's server test   acc:  19.93%, test  loss: 2.5924
INFO:root:Round 15600's server train  acc:  16.91%, train loss: 3.3184
INFO:root:Round 15600's server test   acc:  16.82%, test  loss: 3.3234
INFO:root:Round 15700's server train  acc:  14.75%, train loss: 3.2182
INFO:root:Round 15700's server test   acc:  14.74%, test  loss: 3.2241
INFO:root:Round 15800's server train  acc:  13.85%, train loss: 3.4131
INFO:root:Round 15800's server test   acc:  13.76%, test  loss: 3.4133
INFO:root:Round 15900's server train  acc:  18.60%, train loss: 2.5805
INFO:root:Round 15900's server test   acc:  18.61%, test  loss: 2.5836
INFO:root:Round 16000's server train  acc:  12.95%, train loss: 3.3699
INFO:root:Round 16000's server test   acc:  12.97%, test  loss: 3.3743
INFO:root:Round 16100's server train  acc:  12.94%, train loss: 2.7061
INFO:root:Round 16100's server test   acc:  12.87%, test  loss: 2.7100
INFO:root:Round 16200's server train  acc:  14.90%, train loss: 3.1336
INFO:root:Round 16200's server test   acc:  15.02%, test  loss: 3.1360
INFO:root:Round 16300's server train  acc:  14.29%, train loss: 3.1761
INFO:root:Round 16300's server test   acc:  14.27%, test  loss: 3.1810
INFO:root:Round 16400's server train  acc:  21.88%, train loss: 2.9045
INFO:root:Round 16400's server test   acc:  21.73%, test  loss: 2.9071
INFO:root:Round 16500's server train  acc:  19.65%, train loss: 2.8470
INFO:root:Round 16500's server test   acc:  19.58%, test  loss: 2.8492
INFO:root:Round 16600's server train  acc:  18.99%, train loss: 2.4771
INFO:root:Round 16600's server test   acc:  18.74%, test  loss: 2.4812
INFO:root:Round 16700's server train  acc:  18.81%, train loss: 3.0225
INFO:root:Round 16700's server test   acc:  18.68%, test  loss: 3.0263
INFO:root:Round 16800's server train  acc:  12.81%, train loss: 2.8805
INFO:root:Round 16800's server test   acc:  12.76%, test  loss: 2.8856
INFO:root:Round 16900's server train  acc:  15.13%, train loss: 2.5693
INFO:root:Round 16900's server test   acc:  15.30%, test  loss: 2.5752
INFO:root:Round 17000's server train  acc:  19.34%, train loss: 2.4642
INFO:root:Round 17000's server test   acc:  19.27%, test  loss: 2.4667
INFO:root:Round 17100's server train  acc:  11.14%, train loss: 3.3489
INFO:root:Round 17100's server test   acc:  11.05%, test  loss: 3.3543
INFO:root:Round 17200's server train  acc:  21.23%, train loss: 2.3749
INFO:root:Round 17200's server test   acc:  21.13%, test  loss: 2.3797
INFO:root:Round 17300's server train  acc:  15.14%, train loss: 2.9794
INFO:root:Round 17300's server test   acc:  15.16%, test  loss: 2.9842
INFO:root:Round 17400's server train  acc:  19.90%, train loss: 2.3391
INFO:root:Round 17400's server test   acc:  19.91%, test  loss: 2.3439
INFO:root:Round 17500's server train  acc:  16.61%, train loss: 3.2269
INFO:root:Round 17500's server test   acc:  16.52%, test  loss: 3.2295
INFO:root:Round 17600's server train  acc:  12.02%, train loss: 3.6019
INFO:root:Round 17600's server test   acc:  11.96%, test  loss: 3.6056
INFO:root:Round 17700's server train  acc:  12.92%, train loss: 4.1733
INFO:root:Round 17700's server test   acc:  12.74%, test  loss: 4.1752
INFO:root:Round 17800's server train  acc:  14.54%, train loss: 2.5069
INFO:root:Round 17800's server test   acc:  14.38%, test  loss: 2.5106
INFO:root:Round 17900's server train  acc:  15.21%, train loss: 2.6450
INFO:root:Round 17900's server test   acc:  15.14%, test  loss: 2.6515
INFO:root:Round 18000's server train  acc:  10.25%, train loss: 3.5096
INFO:root:Round 18000's server test   acc:  10.21%, test  loss: 3.5123
INFO:root:Round 18100's server train  acc:  15.10%, train loss: 2.8390
INFO:root:Round 18100's server test   acc:  15.17%, test  loss: 2.8464
INFO:root:Round 18200's server train  acc:  18.95%, train loss: 2.8046
INFO:root:Round 18200's server test   acc:  18.79%, test  loss: 2.8115
INFO:root:Round 18300's server train  acc:  13.44%, train loss: 3.3317
INFO:root:Round 18300's server test   acc:  13.39%, test  loss: 3.3366
INFO:root:Round 18400's server train  acc:  11.35%, train loss: 3.1174
INFO:root:Round 18400's server test   acc:  11.42%, test  loss: 3.1214
INFO:root:Round 18500's server train  acc:  17.52%, train loss: 2.5164
INFO:root:Round 18500's server test   acc:  17.32%, test  loss: 2.5218
INFO:root:Round 18600's server train  acc:  18.55%, train loss: 2.9066
INFO:root:Round 18600's server test   acc:  18.50%, test  loss: 2.9098
INFO:root:Round 18700's server train  acc:  12.70%, train loss: 2.7725
INFO:root:Round 18700's server test   acc:  12.75%, test  loss: 2.7789
INFO:root:Round 18800's server train  acc:  16.52%, train loss: 2.8476
INFO:root:Round 18800's server test   acc:  16.45%, test  loss: 2.8542
INFO:root:Round 18900's server train  acc:  16.07%, train loss: 3.0218
INFO:root:Round 18900's server test   acc:  15.88%, test  loss: 3.0264
INFO:root:Round 19000's server train  acc:  14.16%, train loss: 2.8558
INFO:root:Round 19000's server test   acc:  14.12%, test  loss: 2.8610
INFO:root:Round 19100's server train  acc:  15.50%, train loss: 3.0953
INFO:root:Round 19100's server test   acc:  15.41%, test  loss: 3.1011
INFO:root:Round 19200's server train  acc:  14.42%, train loss: 3.5072
INFO:root:Round 19200's server test   acc:  14.43%, test  loss: 3.5117
INFO:root:Round 19300's server train  acc:  15.12%, train loss: 3.8624
INFO:root:Round 19300's server test   acc:  15.09%, test  loss: 3.8701
INFO:root:Round 19400's server train  acc:  11.51%, train loss: 3.3237
INFO:root:Round 19400's server test   acc:  11.55%, test  loss: 3.3281
INFO:root:Round 19500's server train  acc:  16.09%, train loss: 2.6401
INFO:root:Round 19500's server test   acc:  16.00%, test  loss: 2.6462
INFO:root:Round 19600's server train  acc:  13.76%, train loss: 3.8055
INFO:root:Round 19600's server test   acc:  13.79%, test  loss: 3.8093
INFO:root:Round 19700's server train  acc:  14.14%, train loss: 3.0283
INFO:root:Round 19700's server test   acc:  14.00%, test  loss: 3.0312
INFO:root:Round 19800's server train  acc:  15.58%, train loss: 2.6511
INFO:root:Round 19800's server test   acc:  15.51%, test  loss: 2.6572
INFO:root:Round 19900's server train  acc:  11.18%, train loss: 4.0352
INFO:root:Round 19900's server test   acc:  11.10%, test  loss: 4.0388
INFO:root:Round 20000's server train  acc:  10.75%, train loss: 3.4620
INFO:root:Round 20000's server test   acc:  10.79%, test  loss: 3.4668
INFO:root:TrainingTime: 12022.02277469635 sec
