INFO:root:Namespace(m='wvgg9k4', d='cifar10', s=2, R=20000, K=5, M=1000, P=10, partition='shard', alpha=[1], optim='sgd', lr=0.001, lr_scheduler='exp', lr_decay=1.0, momentum=0.0, weight_decay=0.0, global_lr=1.0, batch_size=16, seed=0, clip=10, log='info+log', eval_every=100, device=0, start_round=0, save_model=0)
INFO:root:record_name: ShufflingFedAvg1.0_M1000,10_K5_R20000,100_wvgg9k4_cifar10_shard1_sgd0.001,0.0,0.0_exp1.0_b16_seed0_clip10
INFO:root:VGG(
  (features): Sequential(
    (0): Conv2d(3, 32, kernel_size=(3, 3), stride=(1, 1), padding=(1, 1))
    (1): ReLU(inplace=True)
    (2): MaxPool2d(kernel_size=2, stride=2, padding=0, dilation=1, ceil_mode=False)
    (3): Conv2d(32, 64, kernel_size=(3, 3), stride=(1, 1), padding=(1, 1))
    (4): ReLU(inplace=True)
    (5): MaxPool2d(kernel_size=2, stride=2, padding=0, dilation=1, ceil_mode=False)
    (6): Conv2d(64, 128, kernel_size=(3, 3), stride=(1, 1), padding=(1, 1))
    (7): ReLU(inplace=True)
    (8): Conv2d(128, 128, kernel_size=(3, 3), stride=(1, 1), padding=(1, 1))
    (9): ReLU(inplace=True)
    (10): MaxPool2d(kernel_size=2, stride=2, padding=0, dilation=1, ceil_mode=False)
    (11): Conv2d(128, 256, kernel_size=(3, 3), stride=(1, 1), padding=(1, 1))
    (12): ReLU(inplace=True)
    (13): Conv2d(256, 256, kernel_size=(3, 3), stride=(1, 1), padding=(1, 1))
    (14): ReLU(inplace=True)
    (15): MaxPool2d(kernel_size=2, stride=2, padding=0, dilation=1, ceil_mode=False)
    (16): Conv2d(256, 256, kernel_size=(3, 3), stride=(1, 1), padding=(1, 1))
    (17): ReLU(inplace=True)
    (18): Conv2d(256, 256, kernel_size=(3, 3), stride=(1, 1), padding=(1, 1))
    (19): ReLU(inplace=True)
    (20): MaxPool2d(kernel_size=2, stride=2, padding=0, dilation=1, ceil_mode=False)
  )
  (avgpool): AdaptiveAvgPool2d(output_size=(1, 1))
  (flatten): Flatten(start_dim=1, end_dim=-1)
  (classifier): Linear(in_features=256, out_features=10, bias=True)
)
INFO:root:Round 100's server train  acc:  14.45%, train loss: 2.2990
INFO:root:Round 100's server test   acc:  14.79%, test  loss: 2.2987
INFO:root:Round 200's server train  acc:  10.00%, train loss: 2.2966
INFO:root:Round 200's server test   acc:  10.00%, test  loss: 2.2960
INFO:root:Round 300's server train  acc:  10.00%, train loss: 2.3834
INFO:root:Round 300's server test   acc:  10.00%, test  loss: 2.3826
INFO:root:Round 400's server train  acc:  10.00%, train loss: 2.7176
INFO:root:Round 400's server test   acc:  10.00%, test  loss: 2.7173
INFO:root:Round 500's server train  acc:  10.51%, train loss: 2.6780
INFO:root:Round 500's server test   acc:  10.60%, test  loss: 2.6764
INFO:root:Round 600's server train  acc:  10.00%, train loss: 2.7626
INFO:root:Round 600's server test   acc:  10.00%, test  loss: 2.7572
INFO:root:Round 700's server train  acc:  13.62%, train loss: 2.8434
INFO:root:Round 700's server test   acc:  13.64%, test  loss: 2.8413
INFO:root:Round 800's server train  acc:  10.05%, train loss: 2.5990
INFO:root:Round 800's server test   acc:  10.03%, test  loss: 2.5969
INFO:root:Round 900's server train  acc:  10.03%, train loss: 2.5931
INFO:root:Round 900's server test   acc:  10.02%, test  loss: 2.5886
INFO:root:Round 1000's server train  acc:  12.63%, train loss: 2.6639
INFO:root:Round 1000's server test   acc:  12.07%, test  loss: 2.6584
INFO:root:Round 1100's server train  acc:  10.13%, train loss: 2.4572
INFO:root:Round 1100's server test   acc:  10.11%, test  loss: 2.4549
INFO:root:Round 1200's server train  acc:  12.45%, train loss: 2.6613
INFO:root:Round 1200's server test   acc:  12.47%, test  loss: 2.6558
INFO:root:Round 1300's server train  acc:  10.92%, train loss: 2.6246
INFO:root:Round 1300's server test   acc:  11.20%, test  loss: 2.6205
INFO:root:Round 1400's server train  acc:  10.00%, train loss: 3.2209
INFO:root:Round 1400's server test   acc:  10.00%, test  loss: 3.2138
INFO:root:Round 1500's server train  acc:  10.07%, train loss: 3.0740
INFO:root:Round 1500's server test   acc:  10.02%, test  loss: 3.0691
INFO:root:Round 1600's server train  acc:  10.00%, train loss: 3.2703
INFO:root:Round 1600's server test   acc:  10.00%, test  loss: 3.2626
INFO:root:Round 1700's server train  acc:  10.02%, train loss: 2.7346
INFO:root:Round 1700's server test   acc:  10.02%, test  loss: 2.7325
INFO:root:Round 1800's server train  acc:  10.03%, train loss: 3.1447
INFO:root:Round 1800's server test   acc:  10.02%, test  loss: 3.1419
INFO:root:Round 1900's server train  acc:  10.00%, train loss: 3.3086
INFO:root:Round 1900's server test   acc:  10.00%, test  loss: 3.3017
INFO:root:Round 2000's server train  acc:  11.68%, train loss: 2.8693
INFO:root:Round 2000's server test   acc:  11.26%, test  loss: 2.8666
INFO:root:Round 2100's server train  acc:  10.00%, train loss: 3.0243
INFO:root:Round 2100's server test   acc:  10.00%, test  loss: 3.0160
INFO:root:Round 2200's server train  acc:  10.00%, train loss: 3.9174
INFO:root:Round 2200's server test   acc:  10.00%, test  loss: 3.9061
INFO:root:Round 2300's server train  acc:  10.00%, train loss: 3.0126
INFO:root:Round 2300's server test   acc:  10.00%, test  loss: 3.0029
INFO:root:Round 2400's server train  acc:  10.04%, train loss: 3.2980
INFO:root:Round 2400's server test   acc:  10.01%, test  loss: 3.2881
INFO:root:Round 2500's server train  acc:  10.00%, train loss: 3.0390
INFO:root:Round 2500's server test   acc:  10.00%, test  loss: 3.0312
INFO:root:Round 2600's server train  acc:  10.01%, train loss: 2.5454
INFO:root:Round 2600's server test   acc:   9.95%, test  loss: 2.5403
INFO:root:Round 2700's server train  acc:  10.00%, train loss: 2.5677
INFO:root:Round 2700's server test   acc:  10.00%, test  loss: 2.5651
INFO:root:Round 2800's server train  acc:  14.24%, train loss: 2.8409
INFO:root:Round 2800's server test   acc:  14.29%, test  loss: 2.8359
INFO:root:Round 2900's server train  acc:  12.84%, train loss: 2.9150
INFO:root:Round 2900's server test   acc:  12.89%, test  loss: 2.9130
INFO:root:Round 3000's server train  acc:  10.06%, train loss: 2.7031
INFO:root:Round 3000's server test   acc:  10.08%, test  loss: 2.6982
INFO:root:Round 3100's server train  acc:   9.89%, train loss: 2.8965
INFO:root:Round 3100's server test   acc:   9.95%, test  loss: 2.8898
INFO:root:Round 3200's server train  acc:  10.00%, train loss: 4.7588
INFO:root:Round 3200's server test   acc:  10.00%, test  loss: 4.7392
INFO:root:Round 3300's server train  acc:  10.42%, train loss: 3.3061
INFO:root:Round 3300's server test   acc:  10.43%, test  loss: 3.3006
INFO:root:Round 3400's server train  acc:  10.00%, train loss: 2.7723
INFO:root:Round 3400's server test   acc:  10.01%, test  loss: 2.7703
INFO:root:Round 3500's server train  acc:  10.00%, train loss: 3.3721
INFO:root:Round 3500's server test   acc:  10.00%, test  loss: 3.3673
INFO:root:Round 3600's server train  acc:  10.00%, train loss: 3.4116
INFO:root:Round 3600's server test   acc:  10.00%, test  loss: 3.4021
INFO:root:Round 3700's server train  acc:  10.00%, train loss: 3.5946
INFO:root:Round 3700's server test   acc:  10.01%, test  loss: 3.5857
INFO:root:Round 3800's server train  acc:  10.00%, train loss: 3.8017
INFO:root:Round 3800's server test   acc:  10.00%, test  loss: 3.7967
INFO:root:Round 3900's server train  acc:  10.15%, train loss: 3.2395
INFO:root:Round 3900's server test   acc:  10.14%, test  loss: 3.2368
INFO:root:Round 4000's server train  acc:  10.00%, train loss: 4.0246
INFO:root:Round 4000's server test   acc:  10.00%, test  loss: 4.0142
INFO:root:Round 4100's server train  acc:  10.88%, train loss: 2.9899
INFO:root:Round 4100's server test   acc:  10.94%, test  loss: 2.9842
INFO:root:Round 4200's server train  acc:  10.08%, train loss: 3.4165
INFO:root:Round 4200's server test   acc:  10.13%, test  loss: 3.4096
INFO:root:Round 4300's server train  acc:  10.00%, train loss: 3.4702
INFO:root:Round 4300's server test   acc:  10.00%, test  loss: 3.4676
INFO:root:Round 4400's server train  acc:  10.00%, train loss: 3.0067
INFO:root:Round 4400's server test   acc:  10.00%, test  loss: 3.0014
INFO:root:Round 4500's server train  acc:  15.68%, train loss: 2.6949
INFO:root:Round 4500's server test   acc:  15.68%, test  loss: 2.6890
INFO:root:Round 4600's server train  acc:  10.00%, train loss: 4.2500
INFO:root:Round 4600's server test   acc:  10.00%, test  loss: 4.2325
INFO:root:Round 4700's server train  acc:  10.00%, train loss: 3.1104
INFO:root:Round 4700's server test   acc:  10.00%, test  loss: 3.1026
INFO:root:Round 4800's server train  acc:  10.65%, train loss: 3.2393
INFO:root:Round 4800's server test   acc:  10.51%, test  loss: 3.2353
INFO:root:Round 4900's server train  acc:  10.00%, train loss: 4.1710
INFO:root:Round 4900's server test   acc:  10.00%, test  loss: 4.1566
INFO:root:Round 5000's server train  acc:  10.00%, train loss: 2.7356
INFO:root:Round 5000's server test   acc:  10.00%, test  loss: 2.7312
INFO:root:Round 5100's server train  acc:  13.80%, train loss: 3.2350
INFO:root:Round 5100's server test   acc:  13.62%, test  loss: 3.2298
INFO:root:Round 5200's server train  acc:  11.59%, train loss: 3.1207
INFO:root:Round 5200's server test   acc:  10.99%, test  loss: 3.1118
INFO:root:Round 5300's server train  acc:  10.72%, train loss: 2.5758
INFO:root:Round 5300's server test   acc:  10.58%, test  loss: 2.5709
INFO:root:Round 5400's server train  acc:  10.00%, train loss: 2.9760
INFO:root:Round 5400's server test   acc:  10.00%, test  loss: 2.9716
INFO:root:Round 5500's server train  acc:  10.00%, train loss: 5.3703
INFO:root:Round 5500's server test   acc:  10.00%, test  loss: 5.3493
INFO:root:Round 5600's server train  acc:  10.00%, train loss: 3.5495
INFO:root:Round 5600's server test   acc:  10.00%, test  loss: 3.5464
INFO:root:Round 5700's server train  acc:  10.00%, train loss: 3.6671
INFO:root:Round 5700's server test   acc:  10.00%, test  loss: 3.6559
INFO:root:Round 5800's server train  acc:  11.02%, train loss: 3.2309
INFO:root:Round 5800's server test   acc:  10.90%, test  loss: 3.2209
INFO:root:Round 5900's server train  acc:  10.37%, train loss: 2.5797
INFO:root:Round 5900's server test   acc:  10.32%, test  loss: 2.5752
INFO:root:Round 6000's server train  acc:  12.42%, train loss: 2.9356
INFO:root:Round 6000's server test   acc:  12.49%, test  loss: 2.9308
INFO:root:Round 6100's server train  acc:  10.00%, train loss: 2.8862
INFO:root:Round 6100's server test   acc:  10.00%, test  loss: 2.8825
INFO:root:Round 6200's server train  acc:  10.00%, train loss: 3.1288
INFO:root:Round 6200's server test   acc:  10.00%, test  loss: 3.1197
INFO:root:Round 6300's server train  acc:  14.64%, train loss: 2.4818
INFO:root:Round 6300's server test   acc:  14.51%, test  loss: 2.4772
INFO:root:Round 6400's server train  acc:  13.75%, train loss: 2.8906
INFO:root:Round 6400's server test   acc:  13.97%, test  loss: 2.8884
INFO:root:Round 6500's server train  acc:  10.00%, train loss: 4.8406
INFO:root:Round 6500's server test   acc:  10.00%, test  loss: 4.8320
INFO:root:Round 6600's server train  acc:  10.00%, train loss: 3.4309
INFO:root:Round 6600's server test   acc:  10.00%, test  loss: 3.4212
INFO:root:Round 6700's server train  acc:  10.00%, train loss: 3.4594
INFO:root:Round 6700's server test   acc:  10.00%, test  loss: 3.4522
INFO:root:Round 6800's server train  acc:  13.11%, train loss: 2.9909
INFO:root:Round 6800's server test   acc:  13.28%, test  loss: 2.9853
INFO:root:Round 6900's server train  acc:  10.89%, train loss: 3.6302
INFO:root:Round 6900's server test   acc:  11.06%, test  loss: 3.6208
INFO:root:Round 7000's server train  acc:  10.00%, train loss: 3.0641
INFO:root:Round 7000's server test   acc:  10.00%, test  loss: 3.0539
INFO:root:Round 7100's server train  acc:  10.01%, train loss: 2.8386
INFO:root:Round 7100's server test   acc:  10.00%, test  loss: 2.8356
INFO:root:Round 7200's server train  acc:  10.00%, train loss: 3.3372
INFO:root:Round 7200's server test   acc:  10.00%, test  loss: 3.3272
INFO:root:Round 7300's server train  acc:  10.04%, train loss: 3.5544
INFO:root:Round 7300's server test   acc:  10.04%, test  loss: 3.5483
INFO:root:Round 7400's server train  acc:  14.30%, train loss: 2.9986
INFO:root:Round 7400's server test   acc:  14.50%, test  loss: 2.9946
INFO:root:Round 7500's server train  acc:  10.00%, train loss: 2.9643
INFO:root:Round 7500's server test   acc:  10.00%, test  loss: 2.9556
INFO:root:Round 7600's server train  acc:  10.00%, train loss: 2.9331
INFO:root:Round 7600's server test   acc:  10.00%, test  loss: 2.9310
INFO:root:Round 7700's server train  acc:  10.00%, train loss: 3.7939
INFO:root:Round 7700's server test   acc:  10.00%, test  loss: 3.7867
INFO:root:Round 7800's server train  acc:  10.00%, train loss: 3.5027
INFO:root:Round 7800's server test   acc:  10.00%, test  loss: 3.4907
INFO:root:Round 7900's server train  acc:  11.39%, train loss: 2.9154
INFO:root:Round 7900's server test   acc:  11.61%, test  loss: 2.9093
INFO:root:Round 8000's server train  acc:  10.04%, train loss: 2.8175
INFO:root:Round 8000's server test   acc:  10.00%, test  loss: 2.8125
INFO:root:Round 8100's server train  acc:  12.29%, train loss: 4.8349
INFO:root:Round 8100's server test   acc:  12.13%, test  loss: 4.8197
INFO:root:Round 8200's server train  acc:  10.00%, train loss: 3.4418
INFO:root:Round 8200's server test   acc:  10.00%, test  loss: 3.4357
INFO:root:Round 8300's server train  acc:  10.51%, train loss: 2.6993
INFO:root:Round 8300's server test   acc:  10.48%, test  loss: 2.6936
INFO:root:Round 8400's server train  acc:  10.00%, train loss: 4.3251
INFO:root:Round 8400's server test   acc:  10.00%, test  loss: 4.3123
INFO:root:Round 8500's server train  acc:  10.14%, train loss: 4.0207
INFO:root:Round 8500's server test   acc:  10.16%, test  loss: 4.0083
INFO:root:Round 8600's server train  acc:  10.01%, train loss: 3.1044
INFO:root:Round 8600's server test   acc:  10.02%, test  loss: 3.0966
INFO:root:Round 8700's server train  acc:  10.00%, train loss: 4.1955
INFO:root:Round 8700's server test   acc:  10.00%, test  loss: 4.1783
INFO:root:Round 8800's server train  acc:  10.12%, train loss: 4.2272
INFO:root:Round 8800's server test   acc:  10.10%, test  loss: 4.2178
INFO:root:Round 8900's server train  acc:  10.00%, train loss: 4.3535
INFO:root:Round 8900's server test   acc:  10.00%, test  loss: 4.3416
INFO:root:Round 9000's server train  acc:  10.21%, train loss: 4.6998
INFO:root:Round 9000's server test   acc:  10.01%, test  loss: 4.6849
INFO:root:Round 9100's server train  acc:  10.86%, train loss: 2.9361
INFO:root:Round 9100's server test   acc:  10.86%, test  loss: 2.9342
INFO:root:Round 9200's server train  acc:  10.17%, train loss: 2.8303
INFO:root:Round 9200's server test   acc:  10.12%, test  loss: 2.8267
INFO:root:Round 9300's server train  acc:  10.00%, train loss: 4.8356
INFO:root:Round 9300's server test   acc:  10.00%, test  loss: 4.8211
INFO:root:Round 9400's server train  acc:  10.00%, train loss: 2.9344
INFO:root:Round 9400's server test   acc:  10.00%, test  loss: 2.9320
INFO:root:Round 9500's server train  acc:  10.00%, train loss: 4.7232
INFO:root:Round 9500's server test   acc:  10.00%, test  loss: 4.7067
INFO:root:Round 9600's server train  acc:  11.98%, train loss: 2.7778
INFO:root:Round 9600's server test   acc:  11.97%, test  loss: 2.7766
INFO:root:Round 9700's server train  acc:  10.06%, train loss: 3.3131
INFO:root:Round 9700's server test   acc:  10.06%, test  loss: 3.3062
INFO:root:Round 9800's server train  acc:  10.00%, train loss: 3.7803
INFO:root:Round 9800's server test   acc:  10.00%, test  loss: 3.7708
INFO:root:Round 9900's server train  acc:  10.08%, train loss: 3.1805
INFO:root:Round 9900's server test   acc:  10.03%, test  loss: 3.1704
INFO:root:Round 10000's server train  acc:  10.94%, train loss: 4.7948
INFO:root:Round 10000's server test   acc:  10.68%, test  loss: 4.7792
INFO:root:Round 10100's server train  acc:  10.09%, train loss: 3.1959
INFO:root:Round 10100's server test   acc:  10.09%, test  loss: 3.1887
INFO:root:Round 10200's server train  acc:  13.17%, train loss: 3.1278
INFO:root:Round 10200's server test   acc:  13.48%, test  loss: 3.1213
INFO:root:Round 10300's server train  acc:  10.00%, train loss: 4.5972
INFO:root:Round 10300's server test   acc:  10.00%, test  loss: 4.5812
INFO:root:Round 10400's server train  acc:  10.17%, train loss: 3.1973
INFO:root:Round 10400's server test   acc:  10.14%, test  loss: 3.1882
INFO:root:Round 10500's server train  acc:  11.82%, train loss: 2.9548
INFO:root:Round 10500's server test   acc:  11.70%, test  loss: 2.9530
INFO:root:Round 10600's server train  acc:  10.00%, train loss: 2.9991
INFO:root:Round 10600's server test   acc:  10.00%, test  loss: 2.9940
INFO:root:Round 10700's server train  acc:  10.01%, train loss: 2.9817
INFO:root:Round 10700's server test   acc:   9.99%, test  loss: 2.9766
INFO:root:Round 10800's server train  acc:  10.23%, train loss: 3.0211
INFO:root:Round 10800's server test   acc:  10.24%, test  loss: 3.0157
INFO:root:Round 10900's server train  acc:  13.31%, train loss: 4.3435
INFO:root:Round 10900's server test   acc:  13.43%, test  loss: 4.3325
INFO:root:Round 11000's server train  acc:  10.41%, train loss: 3.1829
INFO:root:Round 11000's server test   acc:  10.39%, test  loss: 3.1812
INFO:root:Round 11100's server train  acc:  10.00%, train loss: 4.0906
INFO:root:Round 11100's server test   acc:  10.00%, test  loss: 4.0764
INFO:root:Round 11200's server train  acc:  10.99%, train loss: 2.8412
INFO:root:Round 11200's server test   acc:  11.15%, test  loss: 2.8373
INFO:root:Round 11300's server train  acc:  10.00%, train loss: 2.9246
INFO:root:Round 11300's server test   acc:  10.00%, test  loss: 2.9221
INFO:root:Round 11400's server train  acc:  10.00%, train loss: 3.1708
INFO:root:Round 11400's server test   acc:  10.00%, test  loss: 3.1666
INFO:root:Round 11500's server train  acc:  10.00%, train loss: 3.1783
INFO:root:Round 11500's server test   acc:  10.00%, test  loss: 3.1684
INFO:root:Round 11600's server train  acc:  10.13%, train loss: 3.1081
INFO:root:Round 11600's server test   acc:  10.17%, test  loss: 3.1026
INFO:root:Round 11700's server train  acc:  10.00%, train loss: 3.1530
INFO:root:Round 11700's server test   acc:  10.00%, test  loss: 3.1439
INFO:root:Round 11800's server train  acc:  10.00%, train loss: 3.0026
INFO:root:Round 11800's server test   acc:  10.00%, test  loss: 2.9988
INFO:root:Round 11900's server train  acc:  13.11%, train loss: 3.4846
INFO:root:Round 11900's server test   acc:  13.31%, test  loss: 3.4812
INFO:root:Round 12000's server train  acc:  10.00%, train loss: 3.1982
INFO:root:Round 12000's server test   acc:  10.00%, test  loss: 3.1956
INFO:root:Round 12100's server train  acc:  10.00%, train loss: 4.0460
INFO:root:Round 12100's server test   acc:  10.00%, test  loss: 4.0328
INFO:root:Round 12200's server train  acc:  10.13%, train loss: 2.7693
INFO:root:Round 12200's server test   acc:  10.17%, test  loss: 2.7652
INFO:root:Round 12300's server train  acc:  10.35%, train loss: 3.1892
INFO:root:Round 12300's server test   acc:  10.35%, test  loss: 3.1798
INFO:root:Round 12400's server train  acc:  10.36%, train loss: 2.7838
INFO:root:Round 12400's server test   acc:  10.42%, test  loss: 2.7784
INFO:root:Round 12500's server train  acc:  10.02%, train loss: 2.5429
INFO:root:Round 12500's server test   acc:  10.01%, test  loss: 2.5369
INFO:root:Round 12600's server train  acc:  10.00%, train loss: 4.7401
INFO:root:Round 12600's server test   acc:  10.00%, test  loss: 4.7239
INFO:root:Round 12700's server train  acc:  10.39%, train loss: 2.8635
INFO:root:Round 12700's server test   acc:  10.41%, test  loss: 2.8589
INFO:root:Round 12800's server train  acc:  10.00%, train loss: 2.8842
INFO:root:Round 12800's server test   acc:  10.00%, test  loss: 2.8792
INFO:root:Round 12900's server train  acc:  14.04%, train loss: 2.9481
INFO:root:Round 12900's server test   acc:  13.84%, test  loss: 2.9451
INFO:root:Round 13000's server train  acc:  12.99%, train loss: 3.0499
INFO:root:Round 13000's server test   acc:  12.90%, test  loss: 3.0460
INFO:root:Round 13100's server train  acc:  10.38%, train loss: 3.3582
INFO:root:Round 13100's server test   acc:  10.43%, test  loss: 3.3483
INFO:root:Round 13200's server train  acc:  10.00%, train loss: 3.9830
INFO:root:Round 13200's server test   acc:  10.00%, test  loss: 3.9726
INFO:root:Round 13300's server train  acc:  14.02%, train loss: 2.9054
INFO:root:Round 13300's server test   acc:  13.92%, test  loss: 2.9002
INFO:root:Round 13400's server train  acc:  10.00%, train loss: 3.3385
INFO:root:Round 13400's server test   acc:  10.00%, test  loss: 3.3281
INFO:root:Round 13500's server train  acc:  10.00%, train loss: 2.7385
INFO:root:Round 13500's server test   acc:  10.00%, test  loss: 2.7362
INFO:root:Round 13600's server train  acc:  14.94%, train loss: 2.8517
INFO:root:Round 13600's server test   acc:  14.93%, test  loss: 2.8452
INFO:root:Round 13700's server train  acc:  13.93%, train loss: 3.4901
INFO:root:Round 13700's server test   acc:  14.04%, test  loss: 3.4842
INFO:root:Round 13800's server train  acc:  13.10%, train loss: 2.8136
INFO:root:Round 13800's server test   acc:  12.96%, test  loss: 2.8051
INFO:root:Round 13900's server train  acc:  12.15%, train loss: 2.8427
INFO:root:Round 13900's server test   acc:  12.30%, test  loss: 2.8417
INFO:root:Round 14000's server train  acc:  10.13%, train loss: 2.7297
INFO:root:Round 14000's server test   acc:  10.14%, test  loss: 2.7275
INFO:root:Round 14100's server train  acc:  10.99%, train loss: 3.1689
INFO:root:Round 14100's server test   acc:  11.09%, test  loss: 3.1646
INFO:root:Round 14200's server train  acc:  13.45%, train loss: 3.1621
INFO:root:Round 14200's server test   acc:  13.57%, test  loss: 3.1537
INFO:root:Round 14300's server train  acc:  10.00%, train loss: 2.7399
INFO:root:Round 14300's server test   acc:  10.00%, test  loss: 2.7333
INFO:root:Round 14400's server train  acc:  10.01%, train loss: 3.8617
INFO:root:Round 14400's server test   acc:  10.01%, test  loss: 3.8575
INFO:root:Round 14500's server train  acc:  13.48%, train loss: 2.8260
INFO:root:Round 14500's server test   acc:  13.74%, test  loss: 2.8243
INFO:root:Round 14600's server train  acc:  13.08%, train loss: 2.9072
INFO:root:Round 14600's server test   acc:  13.14%, test  loss: 2.9064
INFO:root:Round 14700's server train  acc:  11.93%, train loss: 2.7099
INFO:root:Round 14700's server test   acc:  11.99%, test  loss: 2.7054
INFO:root:Round 14800's server train  acc:  10.56%, train loss: 3.9480
INFO:root:Round 14800's server test   acc:  10.72%, test  loss: 3.9316
INFO:root:Round 14900's server train  acc:  10.00%, train loss: 3.5183
INFO:root:Round 14900's server test   acc:  10.00%, test  loss: 3.5095
INFO:root:Round 15000's server train  acc:  11.11%, train loss: 2.5711
INFO:root:Round 15000's server test   acc:  11.15%, test  loss: 2.5693
INFO:root:Round 15100's server train  acc:  10.00%, train loss: 5.2221
INFO:root:Round 15100's server test   acc:  10.00%, test  loss: 5.2043
INFO:root:Round 15200's server train  acc:  10.00%, train loss: 2.9533
INFO:root:Round 15200's server test   acc:  10.00%, test  loss: 2.9506
INFO:root:Round 15300's server train  acc:  10.00%, train loss: 3.3238
INFO:root:Round 15300's server test   acc:  10.00%, test  loss: 3.3154
INFO:root:Round 15400's server train  acc:  10.00%, train loss: 4.0849
INFO:root:Round 15400's server test   acc:  10.00%, test  loss: 4.0687
INFO:root:Round 15500's server train  acc:  13.94%, train loss: 3.3800
INFO:root:Round 15500's server test   acc:  13.89%, test  loss: 3.3776
INFO:root:Round 15600's server train  acc:  11.49%, train loss: 3.2343
INFO:root:Round 15600's server test   acc:  11.42%, test  loss: 3.2243
INFO:root:Round 15700's server train  acc:  10.40%, train loss: 2.7062
INFO:root:Round 15700's server test   acc:  10.46%, test  loss: 2.7028
INFO:root:Round 15800's server train  acc:  14.79%, train loss: 3.4363
INFO:root:Round 15800's server test   acc:  14.84%, test  loss: 3.4267
INFO:root:Round 15900's server train  acc:  10.07%, train loss: 2.6097
INFO:root:Round 15900's server test   acc:  10.07%, test  loss: 2.6049
INFO:root:Round 16000's server train  acc:  10.00%, train loss: 3.3679
INFO:root:Round 16000's server test   acc:  10.00%, test  loss: 3.3593
INFO:root:Round 16100's server train  acc:  13.56%, train loss: 2.8891
INFO:root:Round 16100's server test   acc:  13.73%, test  loss: 2.8851
INFO:root:Round 16200's server train  acc:  10.00%, train loss: 3.7217
INFO:root:Round 16200's server test   acc:  10.00%, test  loss: 3.7143
INFO:root:Round 16300's server train  acc:  10.01%, train loss: 2.7740
INFO:root:Round 16300's server test   acc:  10.00%, test  loss: 2.7693
INFO:root:Round 16400's server train  acc:  12.07%, train loss: 3.7741
INFO:root:Round 16400's server test   acc:  12.19%, test  loss: 3.7655
INFO:root:Round 16500's server train  acc:  12.87%, train loss: 3.0831
INFO:root:Round 16500's server test   acc:  13.25%, test  loss: 3.0807
INFO:root:Round 16600's server train  acc:  11.72%, train loss: 3.6459
INFO:root:Round 16600's server test   acc:  11.67%, test  loss: 3.6356
INFO:root:Round 16700's server train  acc:  10.05%, train loss: 3.0996
INFO:root:Round 16700's server test   acc:  10.00%, test  loss: 3.0929
INFO:root:Round 16800's server train  acc:  11.78%, train loss: 3.0966
INFO:root:Round 16800's server test   acc:  12.07%, test  loss: 3.0898
INFO:root:Round 16900's server train  acc:  10.00%, train loss: 2.6323
INFO:root:Round 16900's server test   acc:  10.00%, test  loss: 2.6261
INFO:root:Round 17000's server train  acc:  10.00%, train loss: 3.0522
INFO:root:Round 17000's server test   acc:  10.00%, test  loss: 3.0479
INFO:root:Round 17100's server train  acc:  15.67%, train loss: 3.0125
INFO:root:Round 17100's server test   acc:  16.10%, test  loss: 3.0057
INFO:root:Round 17200's server train  acc:  10.00%, train loss: 3.2884
INFO:root:Round 17200's server test   acc:  10.00%, test  loss: 3.2824
INFO:root:Round 17300's server train  acc:  10.06%, train loss: 3.4639
INFO:root:Round 17300's server test   acc:  10.04%, test  loss: 3.4530
INFO:root:Round 17400's server train  acc:  10.00%, train loss: 3.4763
INFO:root:Round 17400's server test   acc:  10.00%, test  loss: 3.4700
INFO:root:Round 17500's server train  acc:  10.27%, train loss: 2.9106
INFO:root:Round 17500's server test   acc:  10.28%, test  loss: 2.9067
INFO:root:Round 17600's server train  acc:  10.54%, train loss: 2.9863
INFO:root:Round 17600's server test   acc:  10.48%, test  loss: 2.9839
INFO:root:Round 17700's server train  acc:  11.75%, train loss: 2.9881
INFO:root:Round 17700's server test   acc:  12.27%, test  loss: 2.9803
INFO:root:Round 17800's server train  acc:  10.00%, train loss: 3.5784
INFO:root:Round 17800's server test   acc:  10.00%, test  loss: 3.5735
INFO:root:Round 17900's server train  acc:  10.73%, train loss: 2.8611
INFO:root:Round 17900's server test   acc:  10.78%, test  loss: 2.8559
INFO:root:Round 18000's server train  acc:  10.00%, train loss: 3.4012
INFO:root:Round 18000's server test   acc:  10.00%, test  loss: 3.3919
INFO:root:Round 18100's server train  acc:  10.14%, train loss: 3.1376
INFO:root:Round 18100's server test   acc:  10.07%, test  loss: 3.1291
INFO:root:Round 18200's server train  acc:  10.00%, train loss: 3.2853
INFO:root:Round 18200's server test   acc:  10.00%, test  loss: 3.2738
INFO:root:Round 18300's server train  acc:  10.00%, train loss: 3.4583
INFO:root:Round 18300's server test   acc:  10.00%, test  loss: 3.4528
INFO:root:Round 18400's server train  acc:  10.00%, train loss: 3.3735
INFO:root:Round 18400's server test   acc:  10.00%, test  loss: 3.3653
INFO:root:Round 18500's server train  acc:  10.00%, train loss: 3.2385
INFO:root:Round 18500's server test   acc:  10.00%, test  loss: 3.2319
INFO:root:Round 18600's server train  acc:  10.00%, train loss: 2.8827
INFO:root:Round 18600's server test   acc:  10.00%, test  loss: 2.8789
INFO:root:Round 18700's server train  acc:  13.01%, train loss: 2.8391
INFO:root:Round 18700's server test   acc:  13.11%, test  loss: 2.8313
INFO:root:Round 18800's server train  acc:  10.00%, train loss: 3.8805
INFO:root:Round 18800's server test   acc:  10.00%, test  loss: 3.8737
INFO:root:Round 18900's server train  acc:  10.00%, train loss: 2.9179
INFO:root:Round 18900's server test   acc:  10.00%, test  loss: 2.9106
INFO:root:Round 19000's server train  acc:  10.00%, train loss: 3.7472
INFO:root:Round 19000's server test   acc:  10.00%, test  loss: 3.7430
INFO:root:Round 19100's server train  acc:  10.00%, train loss: 3.5723
INFO:root:Round 19100's server test   acc:  10.00%, test  loss: 3.5601
INFO:root:Round 19200's server train  acc:  10.00%, train loss: 3.1591
INFO:root:Round 19200's server test   acc:  10.00%, test  loss: 3.1479
INFO:root:Round 19300's server train  acc:  14.13%, train loss: 2.9803
INFO:root:Round 19300's server test   acc:  14.24%, test  loss: 2.9742
INFO:root:Round 19400's server train  acc:  10.00%, train loss: 3.3897
INFO:root:Round 19400's server test   acc:  10.00%, test  loss: 3.3812
INFO:root:Round 19500's server train  acc:  10.00%, train loss: 4.0645
INFO:root:Round 19500's server test   acc:  10.00%, test  loss: 4.0578
INFO:root:Round 19600's server train  acc:  14.11%, train loss: 2.8414
INFO:root:Round 19600's server test   acc:  13.85%, test  loss: 2.8377
INFO:root:Round 19700's server train  acc:  10.00%, train loss: 3.6164
INFO:root:Round 19700's server test   acc:  10.00%, test  loss: 3.6084
INFO:root:Round 19800's server train  acc:  10.00%, train loss: 3.6597
INFO:root:Round 19800's server test   acc:  10.00%, test  loss: 3.6572
INFO:root:Round 19900's server train  acc:  10.00%, train loss: 3.4171
INFO:root:Round 19900's server test   acc:  10.00%, test  loss: 3.4072
INFO:root:Round 20000's server train  acc:  14.24%, train loss: 2.8002
INFO:root:Round 20000's server test   acc:  14.57%, test  loss: 2.7965
INFO:root:TrainingTime: 11499.458489179611 sec
