INFO:root:Namespace(m='lenet5', d='cifar10', num_workers=0, epochs=100, eval_every=1, start_epoch=0, batch_size=8, grad_accumulation_step=2, optim='sgd', lr=0.001, lr_scheduler='exp', lr_decay=1.0, momentum=0.9, weight_decay=0.01, start_sort=1, seed=0, clip=0, log='info+log', device=0, shuffle_type='RR')
INFO:root:record_name: RR_R100,1_lenet5_cifar10_sgd0.001,0.9,0.01_exp1.0_b8,2_seed0_clip0
INFO:root:Using model: lenet5 with dimension: 62006.
INFO:root:Round 1's server train  acc:  40.33%, train loss: 1.6255
INFO:root:Round 1's server test   acc:  40.50%, test  loss: 1.6265
INFO:root:Round 2's server train  acc:  45.44%, train loss: 1.4954
INFO:root:Round 2's server test   acc:  45.37%, test  loss: 1.5008
INFO:root:Round 3's server train  acc:  49.77%, train loss: 1.3953
INFO:root:Round 3's server test   acc:  49.10%, test  loss: 1.4077
INFO:root:Round 4's server train  acc:  52.38%, train loss: 1.3170
INFO:root:Round 4's server test   acc:  51.52%, test  loss: 1.3363
INFO:root:Round 5's server train  acc:  53.88%, train loss: 1.2914
INFO:root:Round 5's server test   acc:  52.77%, test  loss: 1.3189
INFO:root:Round 6's server train  acc:  58.47%, train loss: 1.1744
INFO:root:Round 6's server test   acc:  56.86%, test  loss: 1.2105
INFO:root:Round 7's server train  acc:  59.65%, train loss: 1.1352
INFO:root:Round 7's server test   acc:  58.15%, test  loss: 1.1807
INFO:root:Round 8's server train  acc:  60.33%, train loss: 1.1247
INFO:root:Round 8's server test   acc:  58.37%, test  loss: 1.1734
INFO:root:Round 9's server train  acc:  61.81%, train loss: 1.0898
INFO:root:Round 9's server test   acc:  59.72%, test  loss: 1.1413
INFO:root:Round 10's server train  acc:  63.18%, train loss: 1.0556
INFO:root:Round 10's server test   acc:  60.70%, test  loss: 1.1180
INFO:root:Round 11's server train  acc:  63.01%, train loss: 1.0691
INFO:root:Round 11's server test   acc:  60.57%, test  loss: 1.1302
INFO:root:Round 12's server train  acc:  63.75%, train loss: 1.0435
INFO:root:Round 12's server test   acc:  61.43%, test  loss: 1.1105
INFO:root:Round 13's server train  acc:  63.93%, train loss: 1.0342
INFO:root:Round 13's server test   acc:  61.46%, test  loss: 1.1096
INFO:root:Round 14's server train  acc:  64.61%, train loss: 1.0157
INFO:root:Round 14's server test   acc:  61.89%, test  loss: 1.0914
INFO:root:Round 15's server train  acc:  66.47%, train loss: 0.9767
INFO:root:Round 15's server test   acc:  63.21%, test  loss: 1.0556
INFO:root:Round 16's server train  acc:  65.97%, train loss: 0.9828
INFO:root:Round 16's server test   acc:  62.89%, test  loss: 1.0624
INFO:root:Round 17's server train  acc:  64.64%, train loss: 1.0135
INFO:root:Round 17's server test   acc:  61.60%, test  loss: 1.1040
INFO:root:Round 18's server train  acc:  66.04%, train loss: 0.9677
INFO:root:Round 18's server test   acc:  63.17%, test  loss: 1.0514
INFO:root:Round 19's server train  acc:  67.11%, train loss: 0.9482
INFO:root:Round 19's server test   acc:  63.88%, test  loss: 1.0326
INFO:root:Round 20's server train  acc:  67.67%, train loss: 0.9443
INFO:root:Round 20's server test   acc:  64.16%, test  loss: 1.0417
INFO:root:Round 21's server train  acc:  67.66%, train loss: 0.9480
INFO:root:Round 21's server test   acc:  63.82%, test  loss: 1.0398
INFO:root:Round 22's server train  acc:  67.67%, train loss: 0.9426
INFO:root:Round 22's server test   acc:  63.84%, test  loss: 1.0400
INFO:root:Round 23's server train  acc:  69.13%, train loss: 0.9041
INFO:root:Round 23's server test   acc:  65.51%, test  loss: 1.0019
INFO:root:Round 24's server train  acc:  68.21%, train loss: 0.9130
INFO:root:Round 24's server test   acc:  65.01%, test  loss: 1.0118
INFO:root:Round 25's server train  acc:  68.27%, train loss: 0.9154
INFO:root:Round 25's server test   acc:  64.72%, test  loss: 1.0156
INFO:root:Round 26's server train  acc:  68.22%, train loss: 0.9154
INFO:root:Round 26's server test   acc:  64.33%, test  loss: 1.0205
INFO:root:Round 27's server train  acc:  65.68%, train loss: 0.9838
INFO:root:Round 27's server test   acc:  62.26%, test  loss: 1.0847
INFO:root:Round 28's server train  acc:  69.22%, train loss: 0.8936
INFO:root:Round 28's server test   acc:  64.92%, test  loss: 1.0021
INFO:root:Round 29's server train  acc:  68.85%, train loss: 0.9125
INFO:root:Round 29's server test   acc:  64.61%, test  loss: 1.0228
INFO:root:Round 30's server train  acc:  68.12%, train loss: 0.9098
INFO:root:Round 30's server test   acc:  64.20%, test  loss: 1.0301
INFO:root:Round 31's server train  acc:  65.61%, train loss: 0.9768
INFO:root:Round 31's server test   acc:  62.23%, test  loss: 1.0886
INFO:root:Round 32's server train  acc:  68.54%, train loss: 0.9079
INFO:root:Round 32's server test   acc:  64.63%, test  loss: 1.0223
INFO:root:Round 33's server train  acc:  68.73%, train loss: 0.9177
INFO:root:Round 33's server test   acc:  64.22%, test  loss: 1.0366
INFO:root:Round 34's server train  acc:  71.51%, train loss: 0.8582
INFO:root:Round 34's server test   acc:  66.64%, test  loss: 0.9685
INFO:root:Round 35's server train  acc:  68.51%, train loss: 0.9051
INFO:root:Round 35's server test   acc:  64.98%, test  loss: 1.0136
INFO:root:Round 36's server train  acc:  70.06%, train loss: 0.8674
INFO:root:Round 36's server test   acc:  66.11%, test  loss: 0.9820
INFO:root:Round 37's server train  acc:  70.00%, train loss: 0.8682
INFO:root:Round 37's server test   acc:  65.85%, test  loss: 0.9869
INFO:root:Round 38's server train  acc:  69.16%, train loss: 0.8968
INFO:root:Round 38's server test   acc:  65.35%, test  loss: 1.0091
INFO:root:Round 39's server train  acc:  70.59%, train loss: 0.8690
INFO:root:Round 39's server test   acc:  66.18%, test  loss: 0.9819
INFO:root:Round 40's server train  acc:  70.12%, train loss: 0.8740
INFO:root:Round 40's server test   acc:  65.53%, test  loss: 1.0023
INFO:root:Round 41's server train  acc:  69.30%, train loss: 0.8871
INFO:root:Round 41's server test   acc:  64.95%, test  loss: 1.0067
INFO:root:Round 42's server train  acc:  70.43%, train loss: 0.8732
INFO:root:Round 42's server test   acc:  66.57%, test  loss: 0.9830
INFO:root:Round 43's server train  acc:  68.90%, train loss: 0.9097
INFO:root:Round 43's server test   acc:  64.48%, test  loss: 1.0206
INFO:root:Round 44's server train  acc:  71.60%, train loss: 0.8468
INFO:root:Round 44's server test   acc:  67.15%, test  loss: 0.9701
INFO:root:Round 45's server train  acc:  71.49%, train loss: 0.8448
INFO:root:Round 45's server test   acc:  67.33%, test  loss: 0.9581
INFO:root:Round 46's server train  acc:  68.09%, train loss: 0.9202
INFO:root:Round 46's server test   acc:  63.84%, test  loss: 1.0436
INFO:root:Round 47's server train  acc:  68.62%, train loss: 0.9129
INFO:root:Round 47's server test   acc:  64.25%, test  loss: 1.0398
INFO:root:Round 48's server train  acc:  69.45%, train loss: 0.8841
INFO:root:Round 48's server test   acc:  65.06%, test  loss: 1.0062
INFO:root:Round 49's server train  acc:  70.66%, train loss: 0.8628
INFO:root:Round 49's server test   acc:  65.77%, test  loss: 0.9925
INFO:root:Round 50's server train  acc:  68.89%, train loss: 0.8972
INFO:root:Round 50's server test   acc:  64.92%, test  loss: 1.0229
INFO:root:Round 51's server train  acc:  68.28%, train loss: 0.9006
INFO:root:Round 51's server test   acc:  64.04%, test  loss: 1.0291
INFO:root:Round 52's server train  acc:  71.15%, train loss: 0.8566
INFO:root:Round 52's server test   acc:  66.29%, test  loss: 0.9819
INFO:root:Round 53's server train  acc:  71.40%, train loss: 0.8402
INFO:root:Round 53's server test   acc:  66.47%, test  loss: 0.9643
INFO:root:Round 54's server train  acc:  71.94%, train loss: 0.8324
INFO:root:Round 54's server test   acc:  67.18%, test  loss: 0.9578
INFO:root:Round 55's server train  acc:  67.52%, train loss: 0.9327
INFO:root:Round 55's server test   acc:  64.02%, test  loss: 1.0437
INFO:root:Round 56's server train  acc:  71.75%, train loss: 0.8326
INFO:root:Round 56's server test   acc:  67.04%, test  loss: 0.9573
INFO:root:Round 57's server train  acc:  70.18%, train loss: 0.8597
INFO:root:Round 57's server test   acc:  65.84%, test  loss: 0.9895
INFO:root:Round 58's server train  acc:  71.82%, train loss: 0.8368
INFO:root:Round 58's server test   acc:  66.32%, test  loss: 0.9701
INFO:root:Round 59's server train  acc:  70.78%, train loss: 0.8446
INFO:root:Round 59's server test   acc:  66.04%, test  loss: 0.9758
INFO:root:Round 60's server train  acc:  71.35%, train loss: 0.8519
INFO:root:Round 60's server test   acc:  66.28%, test  loss: 0.9798
INFO:root:Round 61's server train  acc:  72.32%, train loss: 0.8332
INFO:root:Round 61's server test   acc:  68.04%, test  loss: 0.9563
INFO:root:Round 62's server train  acc:  71.60%, train loss: 0.8327
INFO:root:Round 62's server test   acc:  66.73%, test  loss: 0.9617
INFO:root:Round 63's server train  acc:  72.94%, train loss: 0.8077
INFO:root:Round 63's server test   acc:  68.17%, test  loss: 0.9299
INFO:root:Round 64's server train  acc:  71.72%, train loss: 0.8296
INFO:root:Round 64's server test   acc:  67.28%, test  loss: 0.9606
INFO:root:Round 65's server train  acc:  73.10%, train loss: 0.8132
INFO:root:Round 65's server test   acc:  68.09%, test  loss: 0.9374
INFO:root:Round 66's server train  acc:  70.52%, train loss: 0.8678
INFO:root:Round 66's server test   acc:  65.78%, test  loss: 0.9920
INFO:root:Round 67's server train  acc:  70.39%, train loss: 0.8651
INFO:root:Round 67's server test   acc:  65.30%, test  loss: 0.9950
INFO:root:Round 68's server train  acc:  71.25%, train loss: 0.8404
INFO:root:Round 68's server test   acc:  66.77%, test  loss: 0.9680
INFO:root:Round 69's server train  acc:  71.43%, train loss: 0.8238
INFO:root:Round 69's server test   acc:  66.82%, test  loss: 0.9583
INFO:root:Round 70's server train  acc:  70.28%, train loss: 0.8620
INFO:root:Round 70's server test   acc:  65.56%, test  loss: 0.9859
INFO:root:Round 71's server train  acc:  72.18%, train loss: 0.8158
INFO:root:Round 71's server test   acc:  67.50%, test  loss: 0.9427
INFO:root:Round 72's server train  acc:  70.52%, train loss: 0.8541
INFO:root:Round 72's server test   acc:  64.93%, test  loss: 0.9906
INFO:root:Round 73's server train  acc:  71.17%, train loss: 0.8357
INFO:root:Round 73's server test   acc:  66.40%, test  loss: 0.9684
INFO:root:Round 74's server train  acc:  72.58%, train loss: 0.8014
INFO:root:Round 74's server test   acc:  67.53%, test  loss: 0.9391
INFO:root:Round 75's server train  acc:  72.44%, train loss: 0.8063
INFO:root:Round 75's server test   acc:  67.47%, test  loss: 0.9394
INFO:root:Round 76's server train  acc:  71.50%, train loss: 0.8277
INFO:root:Round 76's server test   acc:  66.47%, test  loss: 0.9548
INFO:root:Round 77's server train  acc:  70.48%, train loss: 0.8572
INFO:root:Round 77's server test   acc:  66.41%, test  loss: 0.9837
INFO:root:Round 78's server train  acc:  72.18%, train loss: 0.8099
INFO:root:Round 78's server test   acc:  67.14%, test  loss: 0.9433
INFO:root:Round 79's server train  acc:  72.66%, train loss: 0.8006
INFO:root:Round 79's server test   acc:  67.79%, test  loss: 0.9351
INFO:root:Round 80's server train  acc:  72.30%, train loss: 0.8206
INFO:root:Round 80's server test   acc:  66.81%, test  loss: 0.9524
INFO:root:Round 81's server train  acc:  73.12%, train loss: 0.8121
INFO:root:Round 81's server test   acc:  67.73%, test  loss: 0.9453
INFO:root:Round 82's server train  acc:  71.92%, train loss: 0.8290
INFO:root:Round 82's server test   acc:  67.52%, test  loss: 0.9531
INFO:root:Round 83's server train  acc:  69.80%, train loss: 0.8733
INFO:root:Round 83's server test   acc:  64.74%, test  loss: 0.9954
INFO:root:Round 84's server train  acc:  70.68%, train loss: 0.8464
INFO:root:Round 84's server test   acc:  65.40%, test  loss: 0.9847
INFO:root:Round 85's server train  acc:  72.26%, train loss: 0.8127
INFO:root:Round 85's server test   acc:  67.03%, test  loss: 0.9480
INFO:root:Round 86's server train  acc:  70.10%, train loss: 0.8712
INFO:root:Round 86's server test   acc:  65.10%, test  loss: 1.0020
INFO:root:Round 87's server train  acc:  72.14%, train loss: 0.8167
INFO:root:Round 87's server test   acc:  67.01%, test  loss: 0.9470
INFO:root:Round 88's server train  acc:  68.56%, train loss: 0.8982
INFO:root:Round 88's server test   acc:  64.84%, test  loss: 1.0249
INFO:root:Round 89's server train  acc:  71.76%, train loss: 0.8288
INFO:root:Round 89's server test   acc:  67.48%, test  loss: 0.9606
INFO:root:Round 90's server train  acc:  73.30%, train loss: 0.7980
INFO:root:Round 90's server test   acc:  68.24%, test  loss: 0.9343
INFO:root:Round 91's server train  acc:  71.58%, train loss: 0.8186
INFO:root:Round 91's server test   acc:  67.13%, test  loss: 0.9592
INFO:root:Round 92's server train  acc:  70.83%, train loss: 0.8404
INFO:root:Round 92's server test   acc:  65.93%, test  loss: 0.9728
INFO:root:Round 93's server train  acc:  72.48%, train loss: 0.8068
INFO:root:Round 93's server test   acc:  67.41%, test  loss: 0.9388
INFO:root:Round 94's server train  acc:  71.75%, train loss: 0.8217
INFO:root:Round 94's server test   acc:  67.12%, test  loss: 0.9560
INFO:root:Round 95's server train  acc:  69.91%, train loss: 0.8633
INFO:root:Round 95's server test   acc:  65.37%, test  loss: 1.0101
INFO:root:Round 96's server train  acc:  72.27%, train loss: 0.8070
INFO:root:Round 96's server test   acc:  67.64%, test  loss: 0.9387
INFO:root:Round 97's server train  acc:  66.99%, train loss: 0.9425
INFO:root:Round 97's server test   acc:  62.95%, test  loss: 1.0769
INFO:root:Round 98's server train  acc:  71.16%, train loss: 0.8477
INFO:root:Round 98's server test   acc:  65.91%, test  loss: 0.9854
INFO:root:Round 99's server train  acc:  72.08%, train loss: 0.8154
INFO:root:Round 99's server test   acc:  67.21%, test  loss: 0.9498
INFO:root:Round 100's server train  acc:  70.74%, train loss: 0.8485
INFO:root:Round 100's server test   acc:  66.54%, test  loss: 0.9761
INFO:root:TrainingTime: 6265.298975944519 sec
