INFO:root:Namespace(m='lenet5', d='cinic10', num_workers=0, epochs=100, eval_every=1, start_epoch=0, batch_size=8, grad_accumulation_step=2, optim='sgd', lr=0.001, lr_scheduler='exp', lr_decay=1.0, momentum=0.9, weight_decay=0.01, start_sort=1, seed=0, clip=0, log='info+log', device=2, shuffle_type='RR')
INFO:root:record_name: RR_R100,1_lenet5_cinic10_sgd0.001,0.9,0.01_exp1.0_b8,2_seed0_clip0
INFO:root:Using model: lenet5 with dimension: 62006.
INFO:root:Round 1's server train  acc:  34.99%, train loss: 1.7501
INFO:root:Round 1's server test   acc:  34.56%, test  loss: 1.7634
INFO:root:Round 2's server train  acc:  40.44%, train loss: 1.6077
INFO:root:Round 2's server test   acc:  39.81%, test  loss: 1.6220
INFO:root:Round 3's server train  acc:  42.71%, train loss: 1.5524
INFO:root:Round 3's server test   acc:  41.90%, test  loss: 1.5729
INFO:root:Round 4's server train  acc:  43.86%, train loss: 1.5216
INFO:root:Round 4's server test   acc:  43.28%, test  loss: 1.5421
INFO:root:Round 5's server train  acc:  45.37%, train loss: 1.4767
INFO:root:Round 5's server test   acc:  44.78%, test  loss: 1.5026
INFO:root:Round 6's server train  acc:  47.58%, train loss: 1.4294
INFO:root:Round 6's server test   acc:  46.73%, test  loss: 1.4568
INFO:root:Round 7's server train  acc:  47.97%, train loss: 1.4262
INFO:root:Round 7's server test   acc:  46.92%, test  loss: 1.4559
INFO:root:Round 8's server train  acc:  49.38%, train loss: 1.3928
INFO:root:Round 8's server test   acc:  48.29%, test  loss: 1.4234
INFO:root:Round 9's server train  acc:  49.90%, train loss: 1.3761
INFO:root:Round 9's server test   acc:  48.65%, test  loss: 1.4090
INFO:root:Round 10's server train  acc:  49.95%, train loss: 1.3716
INFO:root:Round 10's server test   acc:  48.65%, test  loss: 1.4108
INFO:root:Round 11's server train  acc:  45.59%, train loss: 1.4862
INFO:root:Round 11's server test   acc:  44.52%, test  loss: 1.5219
INFO:root:Round 12's server train  acc:  50.84%, train loss: 1.3513
INFO:root:Round 12's server test   acc:  49.50%, test  loss: 1.3887
INFO:root:Round 13's server train  acc:  49.96%, train loss: 1.3615
INFO:root:Round 13's server test   acc:  48.58%, test  loss: 1.4005
INFO:root:Round 14's server train  acc:  51.92%, train loss: 1.3285
INFO:root:Round 14's server test   acc:  50.26%, test  loss: 1.3698
INFO:root:Round 15's server train  acc:  51.04%, train loss: 1.3465
INFO:root:Round 15's server test   acc:  49.46%, test  loss: 1.3852
INFO:root:Round 16's server train  acc:  52.28%, train loss: 1.3173
INFO:root:Round 16's server test   acc:  50.82%, test  loss: 1.3580
INFO:root:Round 17's server train  acc:  49.51%, train loss: 1.3724
INFO:root:Round 17's server test   acc:  48.01%, test  loss: 1.4116
INFO:root:Round 18's server train  acc:  49.04%, train loss: 1.3702
INFO:root:Round 18's server test   acc:  47.44%, test  loss: 1.4112
INFO:root:Round 19's server train  acc:  51.44%, train loss: 1.3344
INFO:root:Round 19's server test   acc:  49.95%, test  loss: 1.3759
INFO:root:Round 20's server train  acc:  52.61%, train loss: 1.3059
INFO:root:Round 20's server test   acc:  51.17%, test  loss: 1.3475
INFO:root:Round 21's server train  acc:  52.64%, train loss: 1.3126
INFO:root:Round 21's server test   acc:  50.88%, test  loss: 1.3545
INFO:root:Round 22's server train  acc:  51.67%, train loss: 1.3255
INFO:root:Round 22's server test   acc:  49.98%, test  loss: 1.3685
INFO:root:Round 23's server train  acc:  52.06%, train loss: 1.3388
INFO:root:Round 23's server test   acc:  50.27%, test  loss: 1.3817
INFO:root:Round 24's server train  acc:  53.11%, train loss: 1.3095
INFO:root:Round 24's server test   acc:  51.36%, test  loss: 1.3506
INFO:root:Round 25's server train  acc:  52.19%, train loss: 1.3194
INFO:root:Round 25's server test   acc:  50.37%, test  loss: 1.3636
INFO:root:Round 26's server train  acc:  52.34%, train loss: 1.3254
INFO:root:Round 26's server test   acc:  50.51%, test  loss: 1.3675
INFO:root:Round 27's server train  acc:  51.79%, train loss: 1.3286
INFO:root:Round 27's server test   acc:  50.33%, test  loss: 1.3711
INFO:root:Round 28's server train  acc:  52.49%, train loss: 1.3199
INFO:root:Round 28's server test   acc:  50.86%, test  loss: 1.3645
INFO:root:Round 29's server train  acc:  53.26%, train loss: 1.2953
INFO:root:Round 29's server test   acc:  51.31%, test  loss: 1.3394
INFO:root:Round 30's server train  acc:  51.63%, train loss: 1.3209
INFO:root:Round 30's server test   acc:  49.89%, test  loss: 1.3645
INFO:root:Round 31's server train  acc:  52.00%, train loss: 1.3281
INFO:root:Round 31's server test   acc:  50.39%, test  loss: 1.3726
INFO:root:Round 32's server train  acc:  53.78%, train loss: 1.2983
INFO:root:Round 32's server test   acc:  51.94%, test  loss: 1.3413
INFO:root:Round 33's server train  acc:  52.81%, train loss: 1.3146
INFO:root:Round 33's server test   acc:  50.94%, test  loss: 1.3603
INFO:root:Round 34's server train  acc:  54.04%, train loss: 1.2759
INFO:root:Round 34's server test   acc:  51.70%, test  loss: 1.3232
INFO:root:Round 35's server train  acc:  52.47%, train loss: 1.3181
INFO:root:Round 35's server test   acc:  50.74%, test  loss: 1.3626
INFO:root:Round 36's server train  acc:  51.42%, train loss: 1.3403
INFO:root:Round 36's server test   acc:  49.81%, test  loss: 1.3843
INFO:root:Round 37's server train  acc:  52.76%, train loss: 1.3057
INFO:root:Round 37's server test   acc:  50.85%, test  loss: 1.3523
INFO:root:Round 38's server train  acc:  51.73%, train loss: 1.3571
INFO:root:Round 38's server test   acc:  49.98%, test  loss: 1.4007
INFO:root:Round 39's server train  acc:  52.46%, train loss: 1.3229
INFO:root:Round 39's server test   acc:  50.69%, test  loss: 1.3669
INFO:root:Round 40's server train  acc:  52.18%, train loss: 1.3234
INFO:root:Round 40's server test   acc:  50.37%, test  loss: 1.3700
INFO:root:Round 41's server train  acc:  52.71%, train loss: 1.3172
INFO:root:Round 41's server test   acc:  50.87%, test  loss: 1.3602
INFO:root:Round 42's server train  acc:  50.39%, train loss: 1.3733
INFO:root:Round 42's server test   acc:  48.96%, test  loss: 1.4156
INFO:root:Round 43's server train  acc:  50.95%, train loss: 1.3539
INFO:root:Round 43's server test   acc:  49.60%, test  loss: 1.3997
INFO:root:Round 44's server train  acc:  52.71%, train loss: 1.2971
INFO:root:Round 44's server test   acc:  50.99%, test  loss: 1.3428
INFO:root:Round 45's server train  acc:  50.97%, train loss: 1.3587
INFO:root:Round 45's server test   acc:  49.35%, test  loss: 1.4009
INFO:root:Round 46's server train  acc:  52.79%, train loss: 1.3023
INFO:root:Round 46's server test   acc:  50.80%, test  loss: 1.3488
INFO:root:Round 47's server train  acc:  54.18%, train loss: 1.2817
INFO:root:Round 47's server test   acc:  52.00%, test  loss: 1.3305
INFO:root:Round 48's server train  acc:  54.14%, train loss: 1.2812
INFO:root:Round 48's server test   acc:  52.24%, test  loss: 1.3275
INFO:root:Round 49's server train  acc:  52.69%, train loss: 1.3086
INFO:root:Round 49's server test   acc:  50.86%, test  loss: 1.3542
INFO:root:Round 50's server train  acc:  51.08%, train loss: 1.3591
INFO:root:Round 50's server test   acc:  49.35%, test  loss: 1.4046
INFO:root:Round 51's server train  acc:  50.69%, train loss: 1.3403
INFO:root:Round 51's server test   acc:  49.09%, test  loss: 1.3862
INFO:root:Round 52's server train  acc:  52.60%, train loss: 1.2980
INFO:root:Round 52's server test   acc:  50.83%, test  loss: 1.3442
INFO:root:Round 53's server train  acc:  50.57%, train loss: 1.3791
INFO:root:Round 53's server test   acc:  49.05%, test  loss: 1.4234
INFO:root:Round 54's server train  acc:  52.46%, train loss: 1.3091
INFO:root:Round 54's server test   acc:  50.77%, test  loss: 1.3553
INFO:root:Round 55's server train  acc:  50.87%, train loss: 1.3361
INFO:root:Round 55's server test   acc:  49.32%, test  loss: 1.3798
INFO:root:Round 56's server train  acc:  51.56%, train loss: 1.3610
INFO:root:Round 56's server test   acc:  49.58%, test  loss: 1.4033
INFO:root:Round 57's server train  acc:  52.41%, train loss: 1.3133
INFO:root:Round 57's server test   acc:  50.76%, test  loss: 1.3573
INFO:root:Round 58's server train  acc:  52.55%, train loss: 1.3114
INFO:root:Round 58's server test   acc:  50.86%, test  loss: 1.3576
INFO:root:Round 59's server train  acc:  52.14%, train loss: 1.3189
INFO:root:Round 59's server test   acc:  50.29%, test  loss: 1.3630
INFO:root:Round 60's server train  acc:  52.73%, train loss: 1.3065
INFO:root:Round 60's server test   acc:  50.93%, test  loss: 1.3547
INFO:root:Round 61's server train  acc:  53.88%, train loss: 1.2774
INFO:root:Round 61's server test   acc:  52.02%, test  loss: 1.3266
INFO:root:Round 62's server train  acc:  51.00%, train loss: 1.3471
INFO:root:Round 62's server test   acc:  49.13%, test  loss: 1.3931
INFO:root:Round 63's server train  acc:  54.21%, train loss: 1.2706
INFO:root:Round 63's server test   acc:  52.20%, test  loss: 1.3209
INFO:root:Round 64's server train  acc:  52.31%, train loss: 1.3047
INFO:root:Round 64's server test   acc:  50.44%, test  loss: 1.3527
INFO:root:Round 65's server train  acc:  53.06%, train loss: 1.3061
INFO:root:Round 65's server test   acc:  50.88%, test  loss: 1.3540
INFO:root:Round 66's server train  acc:  52.09%, train loss: 1.3156
INFO:root:Round 66's server test   acc:  50.24%, test  loss: 1.3628
INFO:root:Round 67's server train  acc:  52.58%, train loss: 1.3064
INFO:root:Round 67's server test   acc:  50.60%, test  loss: 1.3507
INFO:root:Round 68's server train  acc:  51.95%, train loss: 1.3225
INFO:root:Round 68's server test   acc:  50.03%, test  loss: 1.3707
INFO:root:Round 69's server train  acc:  52.61%, train loss: 1.3160
INFO:root:Round 69's server test   acc:  51.11%, test  loss: 1.3602
INFO:root:Round 70's server train  acc:  53.58%, train loss: 1.2910
INFO:root:Round 70's server test   acc:  51.51%, test  loss: 1.3385
INFO:root:Round 71's server train  acc:  54.89%, train loss: 1.2595
INFO:root:Round 71's server test   acc:  52.71%, test  loss: 1.3085
INFO:root:Round 72's server train  acc:  51.08%, train loss: 1.3340
INFO:root:Round 72's server test   acc:  49.24%, test  loss: 1.3795
INFO:root:Round 73's server train  acc:  52.27%, train loss: 1.3257
INFO:root:Round 73's server test   acc:  50.67%, test  loss: 1.3703
INFO:root:Round 74's server train  acc:  52.22%, train loss: 1.3207
INFO:root:Round 74's server test   acc:  50.34%, test  loss: 1.3660
INFO:root:Round 75's server train  acc:  53.06%, train loss: 1.3050
INFO:root:Round 75's server test   acc:  51.13%, test  loss: 1.3495
INFO:root:Round 76's server train  acc:  50.98%, train loss: 1.3513
INFO:root:Round 76's server test   acc:  49.08%, test  loss: 1.3963
INFO:root:Round 77's server train  acc:  52.58%, train loss: 1.3227
INFO:root:Round 77's server test   acc:  50.67%, test  loss: 1.3668
INFO:root:Round 78's server train  acc:  52.18%, train loss: 1.3132
INFO:root:Round 78's server test   acc:  50.27%, test  loss: 1.3578
INFO:root:Round 79's server train  acc:  53.32%, train loss: 1.3231
INFO:root:Round 79's server test   acc:  51.32%, test  loss: 1.3663
INFO:root:Round 80's server train  acc:  54.25%, train loss: 1.2781
INFO:root:Round 80's server test   acc:  52.35%, test  loss: 1.3229
INFO:root:Round 81's server train  acc:  52.53%, train loss: 1.3128
INFO:root:Round 81's server test   acc:  50.59%, test  loss: 1.3607
INFO:root:Round 82's server train  acc:  52.93%, train loss: 1.3096
INFO:root:Round 82's server test   acc:  50.87%, test  loss: 1.3544
INFO:root:Round 83's server train  acc:  53.29%, train loss: 1.3080
INFO:root:Round 83's server test   acc:  51.21%, test  loss: 1.3529
INFO:root:Round 84's server train  acc:  54.03%, train loss: 1.2750
INFO:root:Round 84's server test   acc:  52.09%, test  loss: 1.3224
INFO:root:Round 85's server train  acc:  52.40%, train loss: 1.3271
INFO:root:Round 85's server test   acc:  50.76%, test  loss: 1.3704
INFO:root:Round 86's server train  acc:  53.29%, train loss: 1.3034
INFO:root:Round 86's server test   acc:  51.36%, test  loss: 1.3498
INFO:root:Round 87's server train  acc:  54.62%, train loss: 1.2721
INFO:root:Round 87's server test   acc:  52.57%, test  loss: 1.3183
INFO:root:Round 88's server train  acc:  53.29%, train loss: 1.2958
INFO:root:Round 88's server test   acc:  51.34%, test  loss: 1.3428
INFO:root:Round 89's server train  acc:  53.16%, train loss: 1.3030
INFO:root:Round 89's server test   acc:  51.11%, test  loss: 1.3491
INFO:root:Round 90's server train  acc:  52.09%, train loss: 1.3171
INFO:root:Round 90's server test   acc:  49.95%, test  loss: 1.3653
INFO:root:Round 91's server train  acc:  52.27%, train loss: 1.3177
INFO:root:Round 91's server test   acc:  50.51%, test  loss: 1.3645
INFO:root:Round 92's server train  acc:  52.39%, train loss: 1.3265
INFO:root:Round 92's server test   acc:  50.49%, test  loss: 1.3730
INFO:root:Round 93's server train  acc:  50.74%, train loss: 1.3507
INFO:root:Round 93's server test   acc:  48.83%, test  loss: 1.3982
INFO:root:Round 94's server train  acc:  51.01%, train loss: 1.3478
INFO:root:Round 94's server test   acc:  49.23%, test  loss: 1.3979
INFO:root:Round 95's server train  acc:  53.97%, train loss: 1.2880
INFO:root:Round 95's server test   acc:  52.04%, test  loss: 1.3334
INFO:root:Round 96's server train  acc:  49.73%, train loss: 1.3731
INFO:root:Round 96's server test   acc:  48.37%, test  loss: 1.4138
INFO:root:Round 97's server train  acc:  54.27%, train loss: 1.2816
INFO:root:Round 97's server test   acc:  52.31%, test  loss: 1.3289
INFO:root:Round 98's server train  acc:  54.88%, train loss: 1.2690
INFO:root:Round 98's server test   acc:  52.63%, test  loss: 1.3170
INFO:root:Round 99's server train  acc:  50.32%, train loss: 1.3785
INFO:root:Round 99's server test   acc:  48.84%, test  loss: 1.4249
INFO:root:Round 100's server train  acc:  53.78%, train loss: 1.2852
INFO:root:Round 100's server test   acc:  51.72%, test  loss: 1.3356
INFO:root:TrainingTime: 16029.693446159363 sec
