INFO:root:Namespace(m='lenet5', d='cifar10', num_workers=0, epochs=100, eval_every=1, start_epoch=0, batch_size=8, grad_accumulation_step=2, optim='sgd', lr=0.001, lr_scheduler='exp', lr_decay=1.0, momentum=0.0, weight_decay=0.0, start_sort=1, seed=0, clip=0, log='info+log', device=1, shuffle_type='RR')
INFO:root:record_name: RR_R100,1_lenet5_cifar10_sgd0.001,0.0,0.0_exp1.0_b8,2_seed0_clip0
INFO:root:Using model: lenet5 with dimension: 62006.
INFO:root:Round 1's server train  acc:  11.52%, train loss: 2.2972
INFO:root:Round 1's server test   acc:  11.63%, test  loss: 2.2974
INFO:root:Round 2's server train  acc:  18.39%, train loss: 2.2617
INFO:root:Round 2's server test   acc:  18.40%, test  loss: 2.2618
INFO:root:Round 3's server train  acc:  28.54%, train loss: 1.9992
INFO:root:Round 3's server test   acc:  28.40%, test  loss: 1.9971
INFO:root:Round 4's server train  acc:  31.28%, train loss: 1.8850
INFO:root:Round 4's server test   acc:  31.62%, test  loss: 1.8837
INFO:root:Round 5's server train  acc:  36.23%, train loss: 1.7600
INFO:root:Round 5's server test   acc:  36.39%, test  loss: 1.7572
INFO:root:Round 6's server train  acc:  39.22%, train loss: 1.6651
INFO:root:Round 6's server test   acc:  39.61%, test  loss: 1.6632
INFO:root:Round 7's server train  acc:  41.64%, train loss: 1.6074
INFO:root:Round 7's server test   acc:  41.20%, test  loss: 1.6080
INFO:root:Round 8's server train  acc:  43.05%, train loss: 1.5678
INFO:root:Round 8's server test   acc:  42.61%, test  loss: 1.5709
INFO:root:Round 9's server train  acc:  44.45%, train loss: 1.5296
INFO:root:Round 9's server test   acc:  43.82%, test  loss: 1.5343
INFO:root:Round 10's server train  acc:  45.73%, train loss: 1.5047
INFO:root:Round 10's server test   acc:  45.01%, test  loss: 1.5150
INFO:root:Round 11's server train  acc:  47.54%, train loss: 1.4675
INFO:root:Round 11's server test   acc:  46.63%, test  loss: 1.4780
INFO:root:Round 12's server train  acc:  48.60%, train loss: 1.4319
INFO:root:Round 12's server test   acc:  47.94%, test  loss: 1.4448
INFO:root:Round 13's server train  acc:  48.98%, train loss: 1.4252
INFO:root:Round 13's server test   acc:  47.97%, test  loss: 1.4444
INFO:root:Round 14's server train  acc:  50.12%, train loss: 1.3922
INFO:root:Round 14's server test   acc:  49.38%, test  loss: 1.4138
INFO:root:Round 15's server train  acc:  51.38%, train loss: 1.3661
INFO:root:Round 15's server test   acc:  50.30%, test  loss: 1.3934
INFO:root:Round 16's server train  acc:  52.57%, train loss: 1.3367
INFO:root:Round 16's server test   acc:  51.32%, test  loss: 1.3669
INFO:root:Round 17's server train  acc:  52.19%, train loss: 1.3527
INFO:root:Round 17's server test   acc:  50.46%, test  loss: 1.3910
INFO:root:Round 18's server train  acc:  53.41%, train loss: 1.3033
INFO:root:Round 18's server test   acc:  52.29%, test  loss: 1.3369
INFO:root:Round 19's server train  acc:  54.04%, train loss: 1.2955
INFO:root:Round 19's server test   acc:  52.86%, test  loss: 1.3355
INFO:root:Round 20's server train  acc:  54.64%, train loss: 1.2785
INFO:root:Round 20's server test   acc:  52.49%, test  loss: 1.3249
INFO:root:Round 21's server train  acc:  56.70%, train loss: 1.2225
INFO:root:Round 21's server test   acc:  54.59%, test  loss: 1.2711
INFO:root:Round 22's server train  acc:  57.00%, train loss: 1.2097
INFO:root:Round 22's server test   acc:  54.78%, test  loss: 1.2648
INFO:root:Round 23's server train  acc:  58.70%, train loss: 1.1748
INFO:root:Round 23's server test   acc:  56.35%, test  loss: 1.2327
INFO:root:Round 24's server train  acc:  58.70%, train loss: 1.1779
INFO:root:Round 24's server test   acc:  56.17%, test  loss: 1.2396
INFO:root:Round 25's server train  acc:  58.74%, train loss: 1.1718
INFO:root:Round 25's server test   acc:  56.37%, test  loss: 1.2334
INFO:root:Round 26's server train  acc:  60.26%, train loss: 1.1343
INFO:root:Round 26's server test   acc:  57.47%, test  loss: 1.2031
INFO:root:Round 27's server train  acc:  59.81%, train loss: 1.1351
INFO:root:Round 27's server test   acc:  56.99%, test  loss: 1.2074
INFO:root:Round 28's server train  acc:  61.21%, train loss: 1.1061
INFO:root:Round 28's server test   acc:  58.25%, test  loss: 1.1815
INFO:root:Round 29's server train  acc:  61.34%, train loss: 1.0978
INFO:root:Round 29's server test   acc:  58.28%, test  loss: 1.1789
INFO:root:Round 30's server train  acc:  60.67%, train loss: 1.1076
INFO:root:Round 30's server test   acc:  57.36%, test  loss: 1.1981
INFO:root:Round 31's server train  acc:  62.32%, train loss: 1.0750
INFO:root:Round 31's server test   acc:  58.93%, test  loss: 1.1671
INFO:root:Round 32's server train  acc:  62.45%, train loss: 1.0679
INFO:root:Round 32's server test   acc:  59.37%, test  loss: 1.1632
INFO:root:Round 33's server train  acc:  63.31%, train loss: 1.0504
INFO:root:Round 33's server test   acc:  59.59%, test  loss: 1.1512
INFO:root:Round 34's server train  acc:  64.12%, train loss: 1.0255
INFO:root:Round 34's server test   acc:  60.47%, test  loss: 1.1275
INFO:root:Round 35's server train  acc:  64.30%, train loss: 1.0181
INFO:root:Round 35's server test   acc:  60.89%, test  loss: 1.1300
INFO:root:Round 36's server train  acc:  64.75%, train loss: 1.0149
INFO:root:Round 36's server test   acc:  60.75%, test  loss: 1.1299
INFO:root:Round 37's server train  acc:  65.26%, train loss: 0.9980
INFO:root:Round 37's server test   acc:  61.07%, test  loss: 1.1221
INFO:root:Round 38's server train  acc:  65.69%, train loss: 0.9853
INFO:root:Round 38's server test   acc:  61.41%, test  loss: 1.1117
INFO:root:Round 39's server train  acc:  65.91%, train loss: 0.9767
INFO:root:Round 39's server test   acc:  61.67%, test  loss: 1.1072
INFO:root:Round 40's server train  acc:  66.06%, train loss: 0.9732
INFO:root:Round 40's server test   acc:  61.10%, test  loss: 1.1127
INFO:root:Round 41's server train  acc:  64.72%, train loss: 1.0036
INFO:root:Round 41's server test   acc:  60.10%, test  loss: 1.1457
INFO:root:Round 42's server train  acc:  66.84%, train loss: 0.9509
INFO:root:Round 42's server test   acc:  61.66%, test  loss: 1.0990
INFO:root:Round 43's server train  acc:  66.51%, train loss: 0.9588
INFO:root:Round 43's server test   acc:  61.42%, test  loss: 1.1126
INFO:root:Round 44's server train  acc:  67.84%, train loss: 0.9231
INFO:root:Round 44's server test   acc:  62.41%, test  loss: 1.0815
INFO:root:Round 45's server train  acc:  68.13%, train loss: 0.9139
INFO:root:Round 45's server test   acc:  62.69%, test  loss: 1.0811
INFO:root:Round 46's server train  acc:  67.67%, train loss: 0.9197
INFO:root:Round 46's server test   acc:  62.41%, test  loss: 1.0908
INFO:root:Round 47's server train  acc:  68.23%, train loss: 0.9145
INFO:root:Round 47's server test   acc:  62.08%, test  loss: 1.0903
INFO:root:Round 48's server train  acc:  68.75%, train loss: 0.9032
INFO:root:Round 48's server test   acc:  62.65%, test  loss: 1.0876
INFO:root:Round 49's server train  acc:  68.17%, train loss: 0.9092
INFO:root:Round 49's server test   acc:  61.93%, test  loss: 1.1029
INFO:root:Round 50's server train  acc:  69.12%, train loss: 0.8826
INFO:root:Round 50's server test   acc:  62.87%, test  loss: 1.0787
INFO:root:Round 51's server train  acc:  68.85%, train loss: 0.8962
INFO:root:Round 51's server test   acc:  62.57%, test  loss: 1.0994
INFO:root:Round 52's server train  acc:  69.68%, train loss: 0.8714
INFO:root:Round 52's server test   acc:  62.71%, test  loss: 1.0788
INFO:root:Round 53's server train  acc:  69.91%, train loss: 0.8625
INFO:root:Round 53's server test   acc:  62.54%, test  loss: 1.0802
INFO:root:Round 54's server train  acc:  70.05%, train loss: 0.8539
INFO:root:Round 54's server test   acc:  63.25%, test  loss: 1.0751
INFO:root:Round 55's server train  acc:  70.37%, train loss: 0.8467
INFO:root:Round 55's server test   acc:  63.09%, test  loss: 1.0702
INFO:root:Round 56's server train  acc:  71.04%, train loss: 0.8303
INFO:root:Round 56's server test   acc:  63.47%, test  loss: 1.0573
INFO:root:Round 57's server train  acc:  70.89%, train loss: 0.8330
INFO:root:Round 57's server test   acc:  63.19%, test  loss: 1.0679
INFO:root:Round 58's server train  acc:  71.91%, train loss: 0.8097
INFO:root:Round 58's server test   acc:  63.86%, test  loss: 1.0560
INFO:root:Round 59's server train  acc:  70.71%, train loss: 0.8354
INFO:root:Round 59's server test   acc:  63.05%, test  loss: 1.0850
INFO:root:Round 60's server train  acc:  71.32%, train loss: 0.8203
INFO:root:Round 60's server test   acc:  63.10%, test  loss: 1.0795
INFO:root:Round 61's server train  acc:  72.54%, train loss: 0.7909
INFO:root:Round 61's server test   acc:  63.95%, test  loss: 1.0600
INFO:root:Round 62's server train  acc:  72.12%, train loss: 0.8007
INFO:root:Round 62's server test   acc:  63.82%, test  loss: 1.0727
INFO:root:Round 63's server train  acc:  73.12%, train loss: 0.7762
INFO:root:Round 63's server test   acc:  63.81%, test  loss: 1.0580
INFO:root:Round 64's server train  acc:  73.05%, train loss: 0.7762
INFO:root:Round 64's server test   acc:  63.79%, test  loss: 1.0672
INFO:root:Round 65's server train  acc:  73.36%, train loss: 0.7624
INFO:root:Round 65's server test   acc:  64.43%, test  loss: 1.0538
INFO:root:Round 66's server train  acc:  73.69%, train loss: 0.7592
INFO:root:Round 66's server test   acc:  64.18%, test  loss: 1.0614
INFO:root:Round 67's server train  acc:  73.00%, train loss: 0.7733
INFO:root:Round 67's server test   acc:  64.06%, test  loss: 1.0837
INFO:root:Round 68's server train  acc:  73.36%, train loss: 0.7603
INFO:root:Round 68's server test   acc:  64.19%, test  loss: 1.0794
INFO:root:Round 69's server train  acc:  73.07%, train loss: 0.7629
INFO:root:Round 69's server test   acc:  63.19%, test  loss: 1.0936
INFO:root:Round 70's server train  acc:  74.28%, train loss: 0.7385
INFO:root:Round 70's server test   acc:  64.37%, test  loss: 1.0719
INFO:root:Round 71's server train  acc:  75.04%, train loss: 0.7233
INFO:root:Round 71's server test   acc:  64.56%, test  loss: 1.0662
INFO:root:Round 72's server train  acc:  74.35%, train loss: 0.7362
INFO:root:Round 72's server test   acc:  63.94%, test  loss: 1.0891
INFO:root:Round 73's server train  acc:  75.24%, train loss: 0.7101
INFO:root:Round 73's server test   acc:  64.15%, test  loss: 1.0716
INFO:root:Round 74's server train  acc:  74.66%, train loss: 0.7217
INFO:root:Round 74's server test   acc:  63.96%, test  loss: 1.0952
INFO:root:Round 75's server train  acc:  75.02%, train loss: 0.7108
INFO:root:Round 75's server test   acc:  64.02%, test  loss: 1.0852
INFO:root:Round 76's server train  acc:  75.77%, train loss: 0.6968
INFO:root:Round 76's server test   acc:  64.15%, test  loss: 1.0837
INFO:root:Round 77's server train  acc:  76.75%, train loss: 0.6734
INFO:root:Round 77's server test   acc:  64.68%, test  loss: 1.0776
INFO:root:Round 78's server train  acc:  76.56%, train loss: 0.6744
INFO:root:Round 78's server test   acc:  64.20%, test  loss: 1.0850
INFO:root:Round 79's server train  acc:  76.36%, train loss: 0.6794
INFO:root:Round 79's server test   acc:  63.70%, test  loss: 1.0982
INFO:root:Round 80's server train  acc:  76.99%, train loss: 0.6675
INFO:root:Round 80's server test   acc:  64.07%, test  loss: 1.0856
INFO:root:Round 81's server train  acc:  76.64%, train loss: 0.6740
INFO:root:Round 81's server test   acc:  64.00%, test  loss: 1.1059
INFO:root:Round 82's server train  acc:  76.98%, train loss: 0.6647
INFO:root:Round 82's server test   acc:  63.69%, test  loss: 1.1058
INFO:root:Round 83's server train  acc:  76.54%, train loss: 0.6701
INFO:root:Round 83's server test   acc:  63.53%, test  loss: 1.1261
INFO:root:Round 84's server train  acc:  77.55%, train loss: 0.6433
INFO:root:Round 84's server test   acc:  64.25%, test  loss: 1.1031
INFO:root:Round 85's server train  acc:  77.96%, train loss: 0.6372
INFO:root:Round 85's server test   acc:  64.26%, test  loss: 1.1095
INFO:root:Round 86's server train  acc:  77.97%, train loss: 0.6353
INFO:root:Round 86's server test   acc:  64.13%, test  loss: 1.1111
INFO:root:Round 87's server train  acc:  78.36%, train loss: 0.6206
INFO:root:Round 87's server test   acc:  63.92%, test  loss: 1.1148
INFO:root:Round 88's server train  acc:  77.53%, train loss: 0.6429
INFO:root:Round 88's server test   acc:  63.40%, test  loss: 1.1433
INFO:root:Round 89's server train  acc:  76.34%, train loss: 0.6661
INFO:root:Round 89's server test   acc:  62.75%, test  loss: 1.1764
INFO:root:Round 90's server train  acc:  77.84%, train loss: 0.6317
INFO:root:Round 90's server test   acc:  63.79%, test  loss: 1.1570
INFO:root:Round 91's server train  acc:  79.22%, train loss: 0.6011
INFO:root:Round 91's server test   acc:  64.39%, test  loss: 1.1278
INFO:root:Round 92's server train  acc:  79.68%, train loss: 0.5910
INFO:root:Round 92's server test   acc:  64.26%, test  loss: 1.1384
INFO:root:Round 93's server train  acc:  80.23%, train loss: 0.5747
INFO:root:Round 93's server test   acc:  64.29%, test  loss: 1.1337
INFO:root:Round 94's server train  acc:  79.82%, train loss: 0.5854
INFO:root:Round 94's server test   acc:  63.59%, test  loss: 1.1506
INFO:root:Round 95's server train  acc:  79.62%, train loss: 0.5859
INFO:root:Round 95's server test   acc:  63.96%, test  loss: 1.1746
INFO:root:Round 96's server train  acc:  80.61%, train loss: 0.5647
INFO:root:Round 96's server test   acc:  64.19%, test  loss: 1.1524
INFO:root:Round 97's server train  acc:  79.59%, train loss: 0.5838
INFO:root:Round 97's server test   acc:  63.55%, test  loss: 1.1810
INFO:root:Round 98's server train  acc:  80.86%, train loss: 0.5564
INFO:root:Round 98's server test   acc:  63.93%, test  loss: 1.1741
INFO:root:Round 99's server train  acc:  80.57%, train loss: 0.5593
INFO:root:Round 99's server test   acc:  63.31%, test  loss: 1.1782
INFO:root:Round 100's server train  acc:  81.03%, train loss: 0.5473
INFO:root:Round 100's server test   acc:  64.38%, test  loss: 1.1895
INFO:root:TrainingTime: 5329.39152264595 sec
