INFO:root:Namespace(m='lenet5', d='cifar100', num_workers=0, epochs=100, eval_every=1, start_epoch=0, batch_size=8, grad_accumulation_step=2, optim='sgd', lr=0.001, lr_scheduler='exp', lr_decay=1.0, momentum=0.9, weight_decay=0.01, start_sort=1, seed=0, clip=0, log='info+log', device=1, shuffle_type='RR')
INFO:root:record_name: RR_R100,1_lenet5_cifar100_sgd0.001,0.9,0.01_exp1.0_b8,2_seed0_clip0
INFO:root:Using model: lenet5 with dimension: 69656.
INFO:root:Round 1's server train  acc:   2.12%, train loss: 4.4354
INFO:root:Round 1's server test   acc:   2.29%, test  loss: 4.4339
INFO:root:Round 2's server train  acc:   7.63%, train loss: 4.0327
INFO:root:Round 2's server test   acc:   7.69%, test  loss: 4.0437
INFO:root:Round 3's server train  acc:  11.14%, train loss: 3.8032
INFO:root:Round 3's server test   acc:  10.77%, test  loss: 3.8300
INFO:root:Round 4's server train  acc:  13.14%, train loss: 3.6802
INFO:root:Round 4's server test   acc:  13.37%, test  loss: 3.7013
INFO:root:Round 5's server train  acc:  16.06%, train loss: 3.5152
INFO:root:Round 5's server test   acc:  16.04%, test  loss: 3.5526
INFO:root:Round 6's server train  acc:  17.77%, train loss: 3.4018
INFO:root:Round 6's server test   acc:  17.12%, test  loss: 3.4491
INFO:root:Round 7's server train  acc:  18.29%, train loss: 3.3731
INFO:root:Round 7's server test   acc:  17.58%, test  loss: 3.4329
INFO:root:Round 8's server train  acc:  19.18%, train loss: 3.3216
INFO:root:Round 8's server test   acc:  19.09%, test  loss: 3.3860
INFO:root:Round 9's server train  acc:  20.76%, train loss: 3.2401
INFO:root:Round 9's server test   acc:  20.21%, test  loss: 3.3136
INFO:root:Round 10's server train  acc:  22.29%, train loss: 3.1746
INFO:root:Round 10's server test   acc:  21.35%, test  loss: 3.2527
INFO:root:Round 11's server train  acc:  22.35%, train loss: 3.1719
INFO:root:Round 11's server test   acc:  20.82%, test  loss: 3.2586
INFO:root:Round 12's server train  acc:  23.12%, train loss: 3.1164
INFO:root:Round 12's server test   acc:  21.51%, test  loss: 3.2158
INFO:root:Round 13's server train  acc:  24.18%, train loss: 3.0999
INFO:root:Round 13's server test   acc:  23.06%, test  loss: 3.1958
INFO:root:Round 14's server train  acc:  24.45%, train loss: 3.0570
INFO:root:Round 14's server test   acc:  23.45%, test  loss: 3.1602
INFO:root:Round 15's server train  acc:  26.03%, train loss: 2.9948
INFO:root:Round 15's server test   acc:  24.30%, test  loss: 3.1019
INFO:root:Round 16's server train  acc:  26.23%, train loss: 3.0052
INFO:root:Round 16's server test   acc:  24.82%, test  loss: 3.1167
INFO:root:Round 17's server train  acc:  25.98%, train loss: 3.0076
INFO:root:Round 17's server test   acc:  23.89%, test  loss: 3.1223
INFO:root:Round 18's server train  acc:  25.38%, train loss: 3.0105
INFO:root:Round 18's server test   acc:  23.89%, test  loss: 3.1279
INFO:root:Round 19's server train  acc:  26.73%, train loss: 2.9553
INFO:root:Round 19's server test   acc:  25.06%, test  loss: 3.0761
INFO:root:Round 20's server train  acc:  25.82%, train loss: 3.0000
INFO:root:Round 20's server test   acc:  23.95%, test  loss: 3.1324
INFO:root:Round 21's server train  acc:  27.35%, train loss: 2.9320
INFO:root:Round 21's server test   acc:  25.42%, test  loss: 3.0675
INFO:root:Round 22's server train  acc:  28.24%, train loss: 2.8986
INFO:root:Round 22's server test   acc:  25.51%, test  loss: 3.0436
INFO:root:Round 23's server train  acc:  27.19%, train loss: 2.9175
INFO:root:Round 23's server test   acc:  24.94%, test  loss: 3.0624
INFO:root:Round 24's server train  acc:  28.27%, train loss: 2.8955
INFO:root:Round 24's server test   acc:  25.81%, test  loss: 3.0386
INFO:root:Round 25's server train  acc:  27.31%, train loss: 2.9190
INFO:root:Round 25's server test   acc:  25.55%, test  loss: 3.0642
INFO:root:Round 26's server train  acc:  28.98%, train loss: 2.8598
INFO:root:Round 26's server test   acc:  26.82%, test  loss: 3.0067
INFO:root:Round 27's server train  acc:  28.32%, train loss: 2.8485
INFO:root:Round 27's server test   acc:  26.32%, test  loss: 2.9946
INFO:root:Round 28's server train  acc:  28.74%, train loss: 2.8773
INFO:root:Round 28's server test   acc:  25.92%, test  loss: 3.0260
INFO:root:Round 29's server train  acc:  29.11%, train loss: 2.8398
INFO:root:Round 29's server test   acc:  26.59%, test  loss: 2.9981
INFO:root:Round 30's server train  acc:  28.93%, train loss: 2.8409
INFO:root:Round 30's server test   acc:  26.19%, test  loss: 3.0077
INFO:root:Round 31's server train  acc:  30.29%, train loss: 2.7904
INFO:root:Round 31's server test   acc:  27.09%, test  loss: 2.9647
INFO:root:Round 32's server train  acc:  30.86%, train loss: 2.7721
INFO:root:Round 32's server test   acc:  27.95%, test  loss: 2.9410
INFO:root:Round 33's server train  acc:  29.44%, train loss: 2.8341
INFO:root:Round 33's server test   acc:  26.89%, test  loss: 2.9965
INFO:root:Round 34's server train  acc:  30.00%, train loss: 2.8292
INFO:root:Round 34's server test   acc:  26.96%, test  loss: 2.9882
INFO:root:Round 35's server train  acc:  30.56%, train loss: 2.7907
INFO:root:Round 35's server test   acc:  26.93%, test  loss: 2.9650
INFO:root:Round 36's server train  acc:  30.23%, train loss: 2.7916
INFO:root:Round 36's server test   acc:  27.31%, test  loss: 2.9654
INFO:root:Round 37's server train  acc:  30.09%, train loss: 2.7838
INFO:root:Round 37's server test   acc:  27.32%, test  loss: 2.9543
INFO:root:Round 38's server train  acc:  31.03%, train loss: 2.7614
INFO:root:Round 38's server test   acc:  27.42%, test  loss: 2.9448
INFO:root:Round 39's server train  acc:  30.94%, train loss: 2.7710
INFO:root:Round 39's server test   acc:  28.14%, test  loss: 2.9486
INFO:root:Round 40's server train  acc:  30.30%, train loss: 2.7862
INFO:root:Round 40's server test   acc:  26.94%, test  loss: 2.9722
INFO:root:Round 41's server train  acc:  30.35%, train loss: 2.7671
INFO:root:Round 41's server test   acc:  27.29%, test  loss: 2.9587
INFO:root:Round 42's server train  acc:  29.80%, train loss: 2.8126
INFO:root:Round 42's server test   acc:  26.60%, test  loss: 3.0083
INFO:root:Round 43's server train  acc:  32.10%, train loss: 2.7023
INFO:root:Round 43's server test   acc:  28.86%, test  loss: 2.8896
INFO:root:Round 44's server train  acc:  30.81%, train loss: 2.7481
INFO:root:Round 44's server test   acc:  27.76%, test  loss: 2.9256
INFO:root:Round 45's server train  acc:  31.94%, train loss: 2.7260
INFO:root:Round 45's server test   acc:  28.31%, test  loss: 2.9117
INFO:root:Round 46's server train  acc:  32.10%, train loss: 2.7079
INFO:root:Round 46's server test   acc:  28.73%, test  loss: 2.8984
INFO:root:Round 47's server train  acc:  30.78%, train loss: 2.7475
INFO:root:Round 47's server test   acc:  27.03%, test  loss: 2.9539
INFO:root:Round 48's server train  acc:  32.84%, train loss: 2.6746
INFO:root:Round 48's server test   acc:  28.94%, test  loss: 2.8689
INFO:root:Round 49's server train  acc:  33.03%, train loss: 2.6689
INFO:root:Round 49's server test   acc:  29.22%, test  loss: 2.8730
INFO:root:Round 50's server train  acc:  31.55%, train loss: 2.7147
INFO:root:Round 50's server test   acc:  28.35%, test  loss: 2.9099
INFO:root:Round 51's server train  acc:  32.49%, train loss: 2.6723
INFO:root:Round 51's server test   acc:  28.90%, test  loss: 2.8727
INFO:root:Round 52's server train  acc:  32.54%, train loss: 2.6789
INFO:root:Round 52's server test   acc:  29.07%, test  loss: 2.8854
INFO:root:Round 53's server train  acc:  32.41%, train loss: 2.7027
INFO:root:Round 53's server test   acc:  28.75%, test  loss: 2.9046
INFO:root:Round 54's server train  acc:  32.89%, train loss: 2.6758
INFO:root:Round 54's server test   acc:  29.18%, test  loss: 2.8740
INFO:root:Round 55's server train  acc:  32.66%, train loss: 2.6711
INFO:root:Round 55's server test   acc:  29.29%, test  loss: 2.8846
INFO:root:Round 56's server train  acc:  32.60%, train loss: 2.6872
INFO:root:Round 56's server test   acc:  28.84%, test  loss: 2.8987
INFO:root:Round 57's server train  acc:  32.06%, train loss: 2.6962
INFO:root:Round 57's server test   acc:  28.83%, test  loss: 2.9062
INFO:root:Round 58's server train  acc:  32.45%, train loss: 2.7100
INFO:root:Round 58's server test   acc:  28.62%, test  loss: 2.9175
INFO:root:Round 59's server train  acc:  33.99%, train loss: 2.6385
INFO:root:Round 59's server test   acc:  29.57%, test  loss: 2.8603
INFO:root:Round 60's server train  acc:  32.06%, train loss: 2.6865
INFO:root:Round 60's server test   acc:  28.23%, test  loss: 2.9076
INFO:root:Round 61's server train  acc:  32.29%, train loss: 2.6796
INFO:root:Round 61's server test   acc:  28.76%, test  loss: 2.8935
INFO:root:Round 62's server train  acc:  32.11%, train loss: 2.6887
INFO:root:Round 62's server test   acc:  28.03%, test  loss: 2.9088
INFO:root:Round 63's server train  acc:  34.46%, train loss: 2.6096
INFO:root:Round 63's server test   acc:  30.75%, test  loss: 2.8339
INFO:root:Round 64's server train  acc:  33.14%, train loss: 2.6547
INFO:root:Round 64's server test   acc:  28.93%, test  loss: 2.8742
INFO:root:Round 65's server train  acc:  32.85%, train loss: 2.6583
INFO:root:Round 65's server test   acc:  29.19%, test  loss: 2.8805
INFO:root:Round 66's server train  acc:  33.45%, train loss: 2.6418
INFO:root:Round 66's server test   acc:  29.74%, test  loss: 2.8568
INFO:root:Round 67's server train  acc:  33.67%, train loss: 2.6466
INFO:root:Round 67's server test   acc:  29.91%, test  loss: 2.8671
INFO:root:Round 68's server train  acc:  33.05%, train loss: 2.6534
INFO:root:Round 68's server test   acc:  29.26%, test  loss: 2.8725
INFO:root:Round 69's server train  acc:  31.82%, train loss: 2.7036
INFO:root:Round 69's server test   acc:  27.96%, test  loss: 2.9220
INFO:root:Round 70's server train  acc:  33.16%, train loss: 2.6319
INFO:root:Round 70's server test   acc:  29.46%, test  loss: 2.8687
INFO:root:Round 71's server train  acc:  32.50%, train loss: 2.6617
INFO:root:Round 71's server test   acc:  28.55%, test  loss: 2.8866
INFO:root:Round 72's server train  acc:  32.68%, train loss: 2.6722
INFO:root:Round 72's server test   acc:  29.55%, test  loss: 2.8923
INFO:root:Round 73's server train  acc:  32.43%, train loss: 2.6466
INFO:root:Round 73's server test   acc:  28.33%, test  loss: 2.8861
INFO:root:Round 74's server train  acc:  34.68%, train loss: 2.5996
INFO:root:Round 74's server test   acc:  30.54%, test  loss: 2.8212
INFO:root:Round 75's server train  acc:  33.34%, train loss: 2.6480
INFO:root:Round 75's server test   acc:  29.35%, test  loss: 2.8752
INFO:root:Round 76's server train  acc:  32.32%, train loss: 2.7022
INFO:root:Round 76's server test   acc:  27.96%, test  loss: 2.9412
INFO:root:Round 77's server train  acc:  33.40%, train loss: 2.6362
INFO:root:Round 77's server test   acc:  29.42%, test  loss: 2.8673
INFO:root:Round 78's server train  acc:  32.09%, train loss: 2.6831
INFO:root:Round 78's server test   acc:  27.84%, test  loss: 2.9183
INFO:root:Round 79's server train  acc:  33.85%, train loss: 2.6064
INFO:root:Round 79's server test   acc:  29.60%, test  loss: 2.8518
INFO:root:Round 80's server train  acc:  31.62%, train loss: 2.7104
INFO:root:Round 80's server test   acc:  27.51%, test  loss: 2.9544
INFO:root:Round 81's server train  acc:  33.29%, train loss: 2.6387
INFO:root:Round 81's server test   acc:  29.03%, test  loss: 2.8752
INFO:root:Round 82's server train  acc:  34.38%, train loss: 2.5967
INFO:root:Round 82's server test   acc:  30.16%, test  loss: 2.8317
INFO:root:Round 83's server train  acc:  34.55%, train loss: 2.6003
INFO:root:Round 83's server test   acc:  29.27%, test  loss: 2.8400
INFO:root:Round 84's server train  acc:  32.92%, train loss: 2.6700
INFO:root:Round 84's server test   acc:  28.83%, test  loss: 2.9013
INFO:root:Round 85's server train  acc:  32.52%, train loss: 2.6589
INFO:root:Round 85's server test   acc:  28.75%, test  loss: 2.8991
INFO:root:Round 86's server train  acc:  32.55%, train loss: 2.6656
INFO:root:Round 86's server test   acc:  28.17%, test  loss: 2.9076
INFO:root:Round 87's server train  acc:  33.31%, train loss: 2.6065
INFO:root:Round 87's server test   acc:  29.37%, test  loss: 2.8460
INFO:root:Round 88's server train  acc:  34.58%, train loss: 2.6003
INFO:root:Round 88's server test   acc:  30.19%, test  loss: 2.8353
INFO:root:Round 89's server train  acc:  34.47%, train loss: 2.5931
INFO:root:Round 89's server test   acc:  30.08%, test  loss: 2.8287
INFO:root:Round 90's server train  acc:  35.26%, train loss: 2.5890
INFO:root:Round 90's server test   acc:  29.84%, test  loss: 2.8272
INFO:root:Round 91's server train  acc:  33.99%, train loss: 2.5988
INFO:root:Round 91's server test   acc:  29.85%, test  loss: 2.8448
INFO:root:Round 92's server train  acc:  33.94%, train loss: 2.6002
INFO:root:Round 92's server test   acc:  29.39%, test  loss: 2.8385
INFO:root:Round 93's server train  acc:  33.62%, train loss: 2.6124
INFO:root:Round 93's server test   acc:  29.41%, test  loss: 2.8558
INFO:root:Round 94's server train  acc:  34.20%, train loss: 2.6025
INFO:root:Round 94's server test   acc:  29.44%, test  loss: 2.8508
INFO:root:Round 95's server train  acc:  34.27%, train loss: 2.5917
INFO:root:Round 95's server test   acc:  30.00%, test  loss: 2.8314
INFO:root:Round 96's server train  acc:  33.72%, train loss: 2.6065
INFO:root:Round 96's server test   acc:  28.98%, test  loss: 2.8522
INFO:root:Round 97's server train  acc:  34.29%, train loss: 2.5983
INFO:root:Round 97's server test   acc:  29.94%, test  loss: 2.8362
INFO:root:Round 98's server train  acc:  33.96%, train loss: 2.6131
INFO:root:Round 98's server test   acc:  29.53%, test  loss: 2.8477
INFO:root:Round 99's server train  acc:  34.45%, train loss: 2.5825
INFO:root:Round 99's server test   acc:  29.77%, test  loss: 2.8306
INFO:root:Round 100's server train  acc:  32.67%, train loss: 2.6574
INFO:root:Round 100's server test   acc:  28.41%, test  loss: 2.9057
INFO:root:TrainingTime: 6112.546413660049 sec
